<?xml version="1.0" encoding="UTF-8"?>
<testsuite xmlns:xsi="http://www.w3.org/2001/XMLSchema-instance" xsi:noNamespaceSchemaLocation="https://maven.apache.org/surefire/maven-surefire-plugin/xsd/surefire-test-report.xsd" version="3.0.2" name="com.access.ProyectoAccess1ApplicationTests" time="5.858" tests="1" errors="0" skipped="0" failures="0">
  <properties>
    <property name="java.specification.version" value="21"/>
    <property name="sun.cpu.isalist" value="amd64"/>
    <property name="sun.jnu.encoding" value="Cp1252"/>
    <property name="java.class.path" value="D:\Proyecto Residencias\pruebaMonorepo2\Microservicio_MuebleriaBarsa\apps\access-api\test-classes;D:\Proyecto Residencias\pruebaMonorepo2\Microservicio_MuebleriaBarsa\apps\access-api\classes;C:\Users\Tadeo\.m2\repository\org\springframework\boot\spring-boot-starter-web\3.4.3\spring-boot-starter-web-3.4.3.jar;C:\Users\Tadeo\.m2\repository\org\springframework\boot\spring-boot-starter\3.4.3\spring-boot-starter-3.4.3.jar;C:\Users\Tadeo\.m2\repository\org\springframework\boot\spring-boot\3.4.3\spring-boot-3.4.3.jar;C:\Users\Tadeo\.m2\repository\org\springframework\boot\spring-boot-autoconfigure\3.4.3\spring-boot-autoconfigure-3.4.3.jar;C:\Users\Tadeo\.m2\repository\org\springframework\boot\spring-boot-starter-logging\3.4.3\spring-boot-starter-logging-3.4.3.jar;C:\Users\Tadeo\.m2\repository\ch\qos\logback\logback-classic\1.5.16\logback-classic-1.5.16.jar;C:\Users\Tadeo\.m2\repository\ch\qos\logback\logback-core\1.5.16\logback-core-1.5.16.jar;C:\Users\Tadeo\.m2\repository\org\apache\logging\log4j\log4j-to-slf4j\2.24.3\log4j-to-slf4j-2.24.3.jar;C:\Users\Tadeo\.m2\repository\org\apache\logging\log4j\log4j-api\2.24.3\log4j-api-2.24.3.jar;C:\Users\Tadeo\.m2\repository\org\slf4j\jul-to-slf4j\2.0.16\jul-to-slf4j-2.0.16.jar;C:\Users\Tadeo\.m2\repository\jakarta\annotation\jakarta.annotation-api\2.1.1\jakarta.annotation-api-2.1.1.jar;C:\Users\Tadeo\.m2\repository\org\yaml\snakeyaml\2.3\snakeyaml-2.3.jar;C:\Users\Tadeo\.m2\repository\org\springframework\boot\spring-boot-starter-json\3.4.3\spring-boot-starter-json-3.4.3.jar;C:\Users\Tadeo\.m2\repository\com\fasterxml\jackson\datatype\jackson-datatype-jdk8\2.18.2\jackson-datatype-jdk8-2.18.2.jar;C:\Users\Tadeo\.m2\repository\com\fasterxml\jackson\datatype\jackson-datatype-jsr310\2.18.2\jackson-datatype-jsr310-2.18.2.jar;C:\Users\Tadeo\.m2\repository\com\fasterxml\jackson\module\jackson-module-parameter-names\2.18.2\jackson-module-parameter-names-2.18.2.jar;C:\Users\Tadeo\.m2\repository\org\springframework\boot\spring-boot-starter-tomcat\3.4.3\spring-boot-starter-tomcat-3.4.3.jar;C:\Users\Tadeo\.m2\repository\org\apache\tomcat\embed\tomcat-embed-core\10.1.36\tomcat-embed-core-10.1.36.jar;C:\Users\Tadeo\.m2\repository\org\apache\tomcat\embed\tomcat-embed-el\10.1.36\tomcat-embed-el-10.1.36.jar;C:\Users\Tadeo\.m2\repository\org\apache\tomcat\embed\tomcat-embed-websocket\10.1.36\tomcat-embed-websocket-10.1.36.jar;C:\Users\Tadeo\.m2\repository\org\springframework\spring-web\6.2.3\spring-web-6.2.3.jar;C:\Users\Tadeo\.m2\repository\org\springframework\spring-beans\6.2.3\spring-beans-6.2.3.jar;C:\Users\Tadeo\.m2\repository\org\springframework\spring-webmvc\6.2.3\spring-webmvc-6.2.3.jar;C:\Users\Tadeo\.m2\repository\org\springframework\spring-aop\6.2.3\spring-aop-6.2.3.jar;C:\Users\Tadeo\.m2\repository\org\springframework\spring-expression\6.2.3\spring-expression-6.2.3.jar;C:\Users\Tadeo\.m2\repository\org\springframework\boot\spring-boot-starter-jdbc\3.4.3\spring-boot-starter-jdbc-3.4.3.jar;C:\Users\Tadeo\.m2\repository\org\springframework\spring-jdbc\6.2.3\spring-jdbc-6.2.3.jar;C:\Users\Tadeo\.m2\repository\io\github\spannm\ucanaccess\5.1.0\ucanaccess-5.1.0.jar;C:\Users\Tadeo\.m2\repository\org\hsqldb\hsqldb\2.7.1\hsqldb-2.7.1-debug.jar;C:\Users\Tadeo\.m2\repository\com\zaxxer\HikariCP\5.1.0\HikariCP-5.1.0.jar;C:\Users\Tadeo\.m2\repository\org\slf4j\slf4j-api\2.0.16\slf4j-api-2.0.16.jar;C:\Users\Tadeo\.m2\repository\org\springframework\boot\spring-boot-starter-test\3.4.3\spring-boot-starter-test-3.4.3.jar;C:\Users\Tadeo\.m2\repository\org\springframework\boot\spring-boot-test\3.4.3\spring-boot-test-3.4.3.jar;C:\Users\Tadeo\.m2\repository\org\springframework\boot\spring-boot-test-autoconfigure\3.4.3\spring-boot-test-autoconfigure-3.4.3.jar;C:\Users\Tadeo\.m2\repository\com\jayway\jsonpath\json-path\2.9.0\json-path-2.9.0.jar;C:\Users\Tadeo\.m2\repository\jakarta\xml\bind\jakarta.xml.bind-api\4.0.2\jakarta.xml.bind-api-4.0.2.jar;C:\Users\Tadeo\.m2\repository\jakarta\activation\jakarta.activation-api\2.1.3\jakarta.activation-api-2.1.3.jar;C:\Users\Tadeo\.m2\repository\net\minidev\json-smart\2.5.2\json-smart-2.5.2.jar;C:\Users\Tadeo\.m2\repository\net\minidev\accessors-smart\2.5.2\accessors-smart-2.5.2.jar;C:\Users\Tadeo\.m2\repository\org\ow2\asm\asm\9.7.1\asm-9.7.1.jar;C:\Users\Tadeo\.m2\repository\org\assertj\assertj-core\3.26.3\assertj-core-3.26.3.jar;C:\Users\Tadeo\.m2\repository\net\bytebuddy\byte-buddy\1.15.11\byte-buddy-1.15.11.jar;C:\Users\Tadeo\.m2\repository\org\awaitility\awaitility\4.2.2\awaitility-4.2.2.jar;C:\Users\Tadeo\.m2\repository\org\hamcrest\hamcrest\2.2\hamcrest-2.2.jar;C:\Users\Tadeo\.m2\repository\org\junit\jupiter\junit-jupiter\5.11.4\junit-jupiter-5.11.4.jar;C:\Users\Tadeo\.m2\repository\org\junit\jupiter\junit-jupiter-api\5.11.4\junit-jupiter-api-5.11.4.jar;C:\Users\Tadeo\.m2\repository\org\opentest4j\opentest4j\1.3.0\opentest4j-1.3.0.jar;C:\Users\Tadeo\.m2\repository\org\junit\platform\junit-platform-commons\1.11.4\junit-platform-commons-1.11.4.jar;C:\Users\Tadeo\.m2\repository\org\apiguardian\apiguardian-api\1.1.2\apiguardian-api-1.1.2.jar;C:\Users\Tadeo\.m2\repository\org\junit\jupiter\junit-jupiter-params\5.11.4\junit-jupiter-params-5.11.4.jar;C:\Users\Tadeo\.m2\repository\org\junit\jupiter\junit-jupiter-engine\5.11.4\junit-jupiter-engine-5.11.4.jar;C:\Users\Tadeo\.m2\repository\org\junit\platform\junit-platform-engine\1.11.4\junit-platform-engine-1.11.4.jar;C:\Users\Tadeo\.m2\repository\org\mockito\mockito-core\5.14.2\mockito-core-5.14.2.jar;C:\Users\Tadeo\.m2\repository\net\bytebuddy\byte-buddy-agent\1.15.11\byte-buddy-agent-1.15.11.jar;C:\Users\Tadeo\.m2\repository\org\objenesis\objenesis\3.3\objenesis-3.3.jar;C:\Users\Tadeo\.m2\repository\org\mockito\mockito-junit-jupiter\5.14.2\mockito-junit-jupiter-5.14.2.jar;C:\Users\Tadeo\.m2\repository\org\skyscreamer\jsonassert\1.5.3\jsonassert-1.5.3.jar;C:\Users\Tadeo\.m2\repository\com\vaadin\external\google\android-json\0.0.20131108.vaadin1\android-json-0.0.20131108.vaadin1.jar;C:\Users\Tadeo\.m2\repository\org\springframework\spring-core\6.2.3\spring-core-6.2.3.jar;C:\Users\Tadeo\.m2\repository\org\springframework\spring-jcl\6.2.3\spring-jcl-6.2.3.jar;C:\Users\Tadeo\.m2\repository\org\springframework\spring-test\6.2.3\spring-test-6.2.3.jar;C:\Users\Tadeo\.m2\repository\org\xmlunit\xmlunit-core\2.10.0\xmlunit-core-2.10.0.jar;C:\Users\Tadeo\.m2\repository\com\healthmarketscience\jackcess\jackcess\3.0.1\jackcess-3.0.1.jar;C:\Users\Tadeo\.m2\repository\org\apache\commons\commons-lang3\3.17.0\commons-lang3-3.17.0.jar;C:\Users\Tadeo\.m2\repository\commons-logging\commons-logging\1.2\commons-logging-1.2.jar;C:\Users\Tadeo\.m2\repository\org\hsqldb\hsqldb\2.7.3\hsqldb-2.7.3.jar;C:\Users\Tadeo\.m2\repository\commons-lang\commons-lang\2.6\commons-lang-2.6.jar;C:\Users\Tadeo\.m2\repository\net\sf\jt400\jt400\6.3\jt400-6.3.jar;C:\Users\Tadeo\.m2\repository\org\projectlombok\lombok\1.18.36\lombok-1.18.36.jar;C:\Users\Tadeo\.m2\repository\org\springframework\kafka\spring-kafka\3.3.3\spring-kafka-3.3.3.jar;C:\Users\Tadeo\.m2\repository\org\springframework\spring-context\6.2.3\spring-context-6.2.3.jar;C:\Users\Tadeo\.m2\repository\org\springframework\spring-messaging\6.2.3\spring-messaging-6.2.3.jar;C:\Users\Tadeo\.m2\repository\org\springframework\spring-tx\6.2.3\spring-tx-6.2.3.jar;C:\Users\Tadeo\.m2\repository\org\springframework\retry\spring-retry\2.0.11\spring-retry-2.0.11.jar;C:\Users\Tadeo\.m2\repository\org\apache\kafka\kafka-clients\3.8.1\kafka-clients-3.8.1.jar;C:\Users\Tadeo\.m2\repository\com\github\luben\zstd-jni\1.5.6-4\zstd-jni-1.5.6-4.jar;C:\Users\Tadeo\.m2\repository\org\lz4\lz4-java\1.8.0\lz4-java-1.8.0.jar;C:\Users\Tadeo\.m2\repository\org\xerial\snappy\snappy-java\1.1.10.5\snappy-java-1.1.10.5.jar;C:\Users\Tadeo\.m2\repository\io\micrometer\micrometer-observation\1.14.4\micrometer-observation-1.14.4.jar;C:\Users\Tadeo\.m2\repository\io\micrometer\micrometer-commons\1.14.4\micrometer-commons-1.14.4.jar;C:\Users\Tadeo\.m2\repository\org\hibernate\validator\hibernate-validator\8.0.2.Final\hibernate-validator-8.0.2.Final.jar;C:\Users\Tadeo\.m2\repository\jakarta\validation\jakarta.validation-api\3.0.2\jakarta.validation-api-3.0.2.jar;C:\Users\Tadeo\.m2\repository\org\jboss\logging\jboss-logging\3.6.1.Final\jboss-logging-3.6.1.Final.jar;C:\Users\Tadeo\.m2\repository\com\fasterxml\classmate\1.7.0\classmate-1.7.0.jar;C:\Users\Tadeo\.m2\repository\javax\validation\validation-api\2.0.1.Final\validation-api-2.0.1.Final.jar;C:\Users\Tadeo\.m2\repository\com\cloudinary\cloudinary-http5\2.0.0\cloudinary-http5-2.0.0.jar;C:\Users\Tadeo\.m2\repository\com\cloudinary\cloudinary-core\2.0.0\cloudinary-core-2.0.0.jar;C:\Users\Tadeo\.m2\repository\org\apache\httpcomponents\client5\httpclient5\5.4.2\httpclient5-5.4.2.jar;C:\Users\Tadeo\.m2\repository\org\apache\httpcomponents\core5\httpcore5-h2\5.3.3\httpcore5-h2-5.3.3.jar;C:\Users\Tadeo\.m2\repository\org\apache\httpcomponents\core5\httpcore5\5.3.3\httpcore5-5.3.3.jar;C:\Users\Tadeo\.m2\repository\com\fasterxml\jackson\core\jackson-databind\2.18.2\jackson-databind-2.18.2.jar;C:\Users\Tadeo\.m2\repository\com\fasterxml\jackson\core\jackson-annotations\2.18.2\jackson-annotations-2.18.2.jar;C:\Users\Tadeo\.m2\repository\com\fasterxml\jackson\core\jackson-core\2.18.2\jackson-core-2.18.2.jar;"/>
    <property name="java.vm.vendor" value="Eclipse Adoptium"/>
    <property name="sun.arch.data.model" value="64"/>
    <property name="user.variant" value=""/>
    <property name="java.vendor.url" value="https://adoptium.net/"/>
    <property name="user.timezone" value="America/Mexico_City"/>
    <property name="org.jboss.logging.provider" value="slf4j"/>
    <property name="os.name" value="Windows 11"/>
    <property name="java.vm.specification.version" value="21"/>
    <property name="APPLICATION_NAME" value="proyecto-access-1"/>
    <property name="sun.java.launcher" value="SUN_STANDARD"/>
    <property name="user.country" value="MX"/>
    <property name="sun.boot.library.path" value="C:\Users\Tadeo\Documents\SpringToolSuite\sts-4.28.1.RELEASE\plugins\org.eclipse.justj.openjdk.hotspot.jre.full.win32.x86_64_21.0.6.v20250130-0529\jre\bin"/>
    <property name="sun.java.command" value="C:\Users\Tadeo\AppData\Local\Temp\surefire14992657695419510309\surefirebooter-20250630151601291_3.jar C:\Users\Tadeo\AppData\Local\Temp\surefire14992657695419510309 2025-06-30T15-16-01_123-jvmRun1 surefire-20250630151601291_1tmp surefire_0-20250630151601291_2tmp"/>
    <property name="jdk.debug" value="release"/>
    <property name="surefire.test.class.path" value="D:\Proyecto Residencias\pruebaMonorepo2\Microservicio_MuebleriaBarsa\apps\access-api\test-classes;D:\Proyecto Residencias\pruebaMonorepo2\Microservicio_MuebleriaBarsa\apps\access-api\classes;C:\Users\Tadeo\.m2\repository\org\springframework\boot\spring-boot-starter-web\3.4.3\spring-boot-starter-web-3.4.3.jar;C:\Users\Tadeo\.m2\repository\org\springframework\boot\spring-boot-starter\3.4.3\spring-boot-starter-3.4.3.jar;C:\Users\Tadeo\.m2\repository\org\springframework\boot\spring-boot\3.4.3\spring-boot-3.4.3.jar;C:\Users\Tadeo\.m2\repository\org\springframework\boot\spring-boot-autoconfigure\3.4.3\spring-boot-autoconfigure-3.4.3.jar;C:\Users\Tadeo\.m2\repository\org\springframework\boot\spring-boot-starter-logging\3.4.3\spring-boot-starter-logging-3.4.3.jar;C:\Users\Tadeo\.m2\repository\ch\qos\logback\logback-classic\1.5.16\logback-classic-1.5.16.jar;C:\Users\Tadeo\.m2\repository\ch\qos\logback\logback-core\1.5.16\logback-core-1.5.16.jar;C:\Users\Tadeo\.m2\repository\org\apache\logging\log4j\log4j-to-slf4j\2.24.3\log4j-to-slf4j-2.24.3.jar;C:\Users\Tadeo\.m2\repository\org\apache\logging\log4j\log4j-api\2.24.3\log4j-api-2.24.3.jar;C:\Users\Tadeo\.m2\repository\org\slf4j\jul-to-slf4j\2.0.16\jul-to-slf4j-2.0.16.jar;C:\Users\Tadeo\.m2\repository\jakarta\annotation\jakarta.annotation-api\2.1.1\jakarta.annotation-api-2.1.1.jar;C:\Users\Tadeo\.m2\repository\org\yaml\snakeyaml\2.3\snakeyaml-2.3.jar;C:\Users\Tadeo\.m2\repository\org\springframework\boot\spring-boot-starter-json\3.4.3\spring-boot-starter-json-3.4.3.jar;C:\Users\Tadeo\.m2\repository\com\fasterxml\jackson\datatype\jackson-datatype-jdk8\2.18.2\jackson-datatype-jdk8-2.18.2.jar;C:\Users\Tadeo\.m2\repository\com\fasterxml\jackson\datatype\jackson-datatype-jsr310\2.18.2\jackson-datatype-jsr310-2.18.2.jar;C:\Users\Tadeo\.m2\repository\com\fasterxml\jackson\module\jackson-module-parameter-names\2.18.2\jackson-module-parameter-names-2.18.2.jar;C:\Users\Tadeo\.m2\repository\org\springframework\boot\spring-boot-starter-tomcat\3.4.3\spring-boot-starter-tomcat-3.4.3.jar;C:\Users\Tadeo\.m2\repository\org\apache\tomcat\embed\tomcat-embed-core\10.1.36\tomcat-embed-core-10.1.36.jar;C:\Users\Tadeo\.m2\repository\org\apache\tomcat\embed\tomcat-embed-el\10.1.36\tomcat-embed-el-10.1.36.jar;C:\Users\Tadeo\.m2\repository\org\apache\tomcat\embed\tomcat-embed-websocket\10.1.36\tomcat-embed-websocket-10.1.36.jar;C:\Users\Tadeo\.m2\repository\org\springframework\spring-web\6.2.3\spring-web-6.2.3.jar;C:\Users\Tadeo\.m2\repository\org\springframework\spring-beans\6.2.3\spring-beans-6.2.3.jar;C:\Users\Tadeo\.m2\repository\org\springframework\spring-webmvc\6.2.3\spring-webmvc-6.2.3.jar;C:\Users\Tadeo\.m2\repository\org\springframework\spring-aop\6.2.3\spring-aop-6.2.3.jar;C:\Users\Tadeo\.m2\repository\org\springframework\spring-expression\6.2.3\spring-expression-6.2.3.jar;C:\Users\Tadeo\.m2\repository\org\springframework\boot\spring-boot-starter-jdbc\3.4.3\spring-boot-starter-jdbc-3.4.3.jar;C:\Users\Tadeo\.m2\repository\org\springframework\spring-jdbc\6.2.3\spring-jdbc-6.2.3.jar;C:\Users\Tadeo\.m2\repository\io\github\spannm\ucanaccess\5.1.0\ucanaccess-5.1.0.jar;C:\Users\Tadeo\.m2\repository\org\hsqldb\hsqldb\2.7.1\hsqldb-2.7.1-debug.jar;C:\Users\Tadeo\.m2\repository\com\zaxxer\HikariCP\5.1.0\HikariCP-5.1.0.jar;C:\Users\Tadeo\.m2\repository\org\slf4j\slf4j-api\2.0.16\slf4j-api-2.0.16.jar;C:\Users\Tadeo\.m2\repository\org\springframework\boot\spring-boot-starter-test\3.4.3\spring-boot-starter-test-3.4.3.jar;C:\Users\Tadeo\.m2\repository\org\springframework\boot\spring-boot-test\3.4.3\spring-boot-test-3.4.3.jar;C:\Users\Tadeo\.m2\repository\org\springframework\boot\spring-boot-test-autoconfigure\3.4.3\spring-boot-test-autoconfigure-3.4.3.jar;C:\Users\Tadeo\.m2\repository\com\jayway\jsonpath\json-path\2.9.0\json-path-2.9.0.jar;C:\Users\Tadeo\.m2\repository\jakarta\xml\bind\jakarta.xml.bind-api\4.0.2\jakarta.xml.bind-api-4.0.2.jar;C:\Users\Tadeo\.m2\repository\jakarta\activation\jakarta.activation-api\2.1.3\jakarta.activation-api-2.1.3.jar;C:\Users\Tadeo\.m2\repository\net\minidev\json-smart\2.5.2\json-smart-2.5.2.jar;C:\Users\Tadeo\.m2\repository\net\minidev\accessors-smart\2.5.2\accessors-smart-2.5.2.jar;C:\Users\Tadeo\.m2\repository\org\ow2\asm\asm\9.7.1\asm-9.7.1.jar;C:\Users\Tadeo\.m2\repository\org\assertj\assertj-core\3.26.3\assertj-core-3.26.3.jar;C:\Users\Tadeo\.m2\repository\net\bytebuddy\byte-buddy\1.15.11\byte-buddy-1.15.11.jar;C:\Users\Tadeo\.m2\repository\org\awaitility\awaitility\4.2.2\awaitility-4.2.2.jar;C:\Users\Tadeo\.m2\repository\org\hamcrest\hamcrest\2.2\hamcrest-2.2.jar;C:\Users\Tadeo\.m2\repository\org\junit\jupiter\junit-jupiter\5.11.4\junit-jupiter-5.11.4.jar;C:\Users\Tadeo\.m2\repository\org\junit\jupiter\junit-jupiter-api\5.11.4\junit-jupiter-api-5.11.4.jar;C:\Users\Tadeo\.m2\repository\org\opentest4j\opentest4j\1.3.0\opentest4j-1.3.0.jar;C:\Users\Tadeo\.m2\repository\org\junit\platform\junit-platform-commons\1.11.4\junit-platform-commons-1.11.4.jar;C:\Users\Tadeo\.m2\repository\org\apiguardian\apiguardian-api\1.1.2\apiguardian-api-1.1.2.jar;C:\Users\Tadeo\.m2\repository\org\junit\jupiter\junit-jupiter-params\5.11.4\junit-jupiter-params-5.11.4.jar;C:\Users\Tadeo\.m2\repository\org\junit\jupiter\junit-jupiter-engine\5.11.4\junit-jupiter-engine-5.11.4.jar;C:\Users\Tadeo\.m2\repository\org\junit\platform\junit-platform-engine\1.11.4\junit-platform-engine-1.11.4.jar;C:\Users\Tadeo\.m2\repository\org\mockito\mockito-core\5.14.2\mockito-core-5.14.2.jar;C:\Users\Tadeo\.m2\repository\net\bytebuddy\byte-buddy-agent\1.15.11\byte-buddy-agent-1.15.11.jar;C:\Users\Tadeo\.m2\repository\org\objenesis\objenesis\3.3\objenesis-3.3.jar;C:\Users\Tadeo\.m2\repository\org\mockito\mockito-junit-jupiter\5.14.2\mockito-junit-jupiter-5.14.2.jar;C:\Users\Tadeo\.m2\repository\org\skyscreamer\jsonassert\1.5.3\jsonassert-1.5.3.jar;C:\Users\Tadeo\.m2\repository\com\vaadin\external\google\android-json\0.0.20131108.vaadin1\android-json-0.0.20131108.vaadin1.jar;C:\Users\Tadeo\.m2\repository\org\springframework\spring-core\6.2.3\spring-core-6.2.3.jar;C:\Users\Tadeo\.m2\repository\org\springframework\spring-jcl\6.2.3\spring-jcl-6.2.3.jar;C:\Users\Tadeo\.m2\repository\org\springframework\spring-test\6.2.3\spring-test-6.2.3.jar;C:\Users\Tadeo\.m2\repository\org\xmlunit\xmlunit-core\2.10.0\xmlunit-core-2.10.0.jar;C:\Users\Tadeo\.m2\repository\com\healthmarketscience\jackcess\jackcess\3.0.1\jackcess-3.0.1.jar;C:\Users\Tadeo\.m2\repository\org\apache\commons\commons-lang3\3.17.0\commons-lang3-3.17.0.jar;C:\Users\Tadeo\.m2\repository\commons-logging\commons-logging\1.2\commons-logging-1.2.jar;C:\Users\Tadeo\.m2\repository\org\hsqldb\hsqldb\2.7.3\hsqldb-2.7.3.jar;C:\Users\Tadeo\.m2\repository\commons-lang\commons-lang\2.6\commons-lang-2.6.jar;C:\Users\Tadeo\.m2\repository\net\sf\jt400\jt400\6.3\jt400-6.3.jar;C:\Users\Tadeo\.m2\repository\org\projectlombok\lombok\1.18.36\lombok-1.18.36.jar;C:\Users\Tadeo\.m2\repository\org\springframework\kafka\spring-kafka\3.3.3\spring-kafka-3.3.3.jar;C:\Users\Tadeo\.m2\repository\org\springframework\spring-context\6.2.3\spring-context-6.2.3.jar;C:\Users\Tadeo\.m2\repository\org\springframework\spring-messaging\6.2.3\spring-messaging-6.2.3.jar;C:\Users\Tadeo\.m2\repository\org\springframework\spring-tx\6.2.3\spring-tx-6.2.3.jar;C:\Users\Tadeo\.m2\repository\org\springframework\retry\spring-retry\2.0.11\spring-retry-2.0.11.jar;C:\Users\Tadeo\.m2\repository\org\apache\kafka\kafka-clients\3.8.1\kafka-clients-3.8.1.jar;C:\Users\Tadeo\.m2\repository\com\github\luben\zstd-jni\1.5.6-4\zstd-jni-1.5.6-4.jar;C:\Users\Tadeo\.m2\repository\org\lz4\lz4-java\1.8.0\lz4-java-1.8.0.jar;C:\Users\Tadeo\.m2\repository\org\xerial\snappy\snappy-java\1.1.10.5\snappy-java-1.1.10.5.jar;C:\Users\Tadeo\.m2\repository\io\micrometer\micrometer-observation\1.14.4\micrometer-observation-1.14.4.jar;C:\Users\Tadeo\.m2\repository\io\micrometer\micrometer-commons\1.14.4\micrometer-commons-1.14.4.jar;C:\Users\Tadeo\.m2\repository\org\hibernate\validator\hibernate-validator\8.0.2.Final\hibernate-validator-8.0.2.Final.jar;C:\Users\Tadeo\.m2\repository\jakarta\validation\jakarta.validation-api\3.0.2\jakarta.validation-api-3.0.2.jar;C:\Users\Tadeo\.m2\repository\org\jboss\logging\jboss-logging\3.6.1.Final\jboss-logging-3.6.1.Final.jar;C:\Users\Tadeo\.m2\repository\com\fasterxml\classmate\1.7.0\classmate-1.7.0.jar;C:\Users\Tadeo\.m2\repository\javax\validation\validation-api\2.0.1.Final\validation-api-2.0.1.Final.jar;C:\Users\Tadeo\.m2\repository\com\cloudinary\cloudinary-http5\2.0.0\cloudinary-http5-2.0.0.jar;C:\Users\Tadeo\.m2\repository\com\cloudinary\cloudinary-core\2.0.0\cloudinary-core-2.0.0.jar;C:\Users\Tadeo\.m2\repository\org\apache\httpcomponents\client5\httpclient5\5.4.2\httpclient5-5.4.2.jar;C:\Users\Tadeo\.m2\repository\org\apache\httpcomponents\core5\httpcore5-h2\5.3.3\httpcore5-h2-5.3.3.jar;C:\Users\Tadeo\.m2\repository\org\apache\httpcomponents\core5\httpcore5\5.3.3\httpcore5-5.3.3.jar;C:\Users\Tadeo\.m2\repository\com\fasterxml\jackson\core\jackson-databind\2.18.2\jackson-databind-2.18.2.jar;C:\Users\Tadeo\.m2\repository\com\fasterxml\jackson\core\jackson-annotations\2.18.2\jackson-annotations-2.18.2.jar;C:\Users\Tadeo\.m2\repository\com\fasterxml\jackson\core\jackson-core\2.18.2\jackson-core-2.18.2.jar;"/>
    <property name="sun.cpu.endian" value="little"/>
    <property name="user.home" value="C:\Users\Tadeo"/>
    <property name="user.language" value="es"/>
    <property name="java.specification.vendor" value="Oracle Corporation"/>
    <property name="java.version.date" value="2025-01-21"/>
    <property name="java.home" value="C:\Users\Tadeo\Documents\SpringToolSuite\sts-4.28.1.RELEASE\plugins\org.eclipse.justj.openjdk.hotspot.jre.full.win32.x86_64_21.0.6.v20250130-0529\jre"/>
    <property name="file.separator" value="\"/>
    <property name="basedir" value="C:\Users\Tadeo\git\MicroServicioBarsa-Spring\proyecto-access-1"/>
    <property name="style.color" value="always"/>
    <property name="java.vm.compressedOopsMode" value="Zero based"/>
    <property name="line.separator" value="&#10;"/>
    <property name="java.vm.specification.vendor" value="Oracle Corporation"/>
    <property name="java.specification.name" value="Java Platform API Specification"/>
    <property name="FILE_LOG_CHARSET" value="UTF-8"/>
    <property name="java.awt.headless" value="true"/>
    <property name="surefire.real.class.path" value="C:\Users\Tadeo\AppData\Local\Temp\surefire14992657695419510309\surefirebooter-20250630151601291_3.jar"/>
    <property name="user.script" value=""/>
    <property name="sun.management.compiler" value="HotSpot 64-Bit Tiered Compilers"/>
    <property name="java.runtime.version" value="21.0.6+7-LTS"/>
    <property name="user.name" value="Tadeo"/>
    <property name="stdout.encoding" value="Cp1252"/>
    <property name="path.separator" value=";"/>
    <property name="os.version" value="10.0"/>
    <property name="java.runtime.name" value="OpenJDK Runtime Environment"/>
    <property name="file.encoding" value="UTF-8"/>
    <property name="java.vm.name" value="OpenJDK 64-Bit Server VM"/>
    <property name="java.vendor.version" value="Temurin-21.0.6+7"/>
    <property name="localRepository" value="C:\Users\Tadeo\.m2\repository"/>
    <property name="java.vendor.url.bug" value="https://github.com/adoptium/adoptium-support/issues"/>
    <property name="java.io.tmpdir" value="C:\Users\Tadeo\AppData\Local\Temp\"/>
    <property name="java.version" value="21.0.6"/>
    <property name="user.dir" value="C:\Users\Tadeo\git\MicroServicioBarsa-Spring\proyecto-access-1"/>
    <property name="os.arch" value="amd64"/>
    <property name="java.vm.specification.name" value="Java Virtual Machine Specification"/>
    <property name="PID" value="28984"/>
    <property name="sun.os.patch.level" value=""/>
    <property name="CONSOLE_LOG_CHARSET" value="UTF-8"/>
    <property name="hsqldb.method_class_names" value="net.ucanaccess.converters.*"/>
    <property name="native.encoding" value="Cp1252"/>
    <property name="java.library.path" value="C:\Users\Tadeo\Documents\SpringToolSuite\sts-4.28.1.RELEASE\plugins\org.eclipse.justj.openjdk.hotspot.jre.full.win32.x86_64_21.0.6.v20250130-0529\jre\bin;C:\WINDOWS\Sun\Java\bin;C:\WINDOWS\system32;C:\WINDOWS;C:/Users/Tadeo/Documents/SpringToolSuite/sts-4.28.1.RELEASE//plugins/org.eclipse.justj.openjdk.hotspot.jre.full.win32.x86_64_21.0.6.v20250130-0529/jre/bin/server;C:/Users/Tadeo/Documents/SpringToolSuite/sts-4.28.1.RELEASE//plugins/org.eclipse.justj.openjdk.hotspot.jre.full.win32.x86_64_21.0.6.v20250130-0529/jre/bin;C:\Program Files (x86)\NVIDIA Corporation\PhysX\Common;C:\Program Files\Common Files\Oracle\Java\javapath;C:\Windows\System32\HWAudioDriver;C:\Windows\system32;C:\Windows;C:\Windows\System32\Wbem;C:\Windows\System32\WindowsPowerShell\v1.0\;C:\Windows\System32\OpenSSH\;C:\Users\Administrator\AppData\Local\Microsoft\WindowsApps;C:\Program Files\Microsoft SQL Server\150\Tools\Binn\;C:\Program Files\Microsoft SQL Server\Client SDK\ODBC\170\Tools\Binn\;C:\Program Files\dotnet\;C:\Program Files (x86)\Microsoft SQL Server\160\Tools\Binn\;C:\Program Files\Microsoft SQL Server\160\Tools\Binn\;C:\Program Files\Microsoft SQL Server\160\DTS\Binn\;C:\Program Files\Git\cmd;C:\Program Files\nodejs\;C:\WINDOWS\system32;C:\WINDOWS;C:\WINDOWS\System32\Wbem;C:\WINDOWS\System32\WindowsPowerShell\v1.0\;C:\WINDOWS\System32\OpenSSH\;C:\Program Files\Docker\Docker\resources\bin;C:\Users\Tadeo\AppData\Local\Programs\Python\Python3125\Scripts\;C:\Users\Tadeo\AppData\Local\Programs\Python\Python3125\;C:\Users\Tadeo\AppData\Local\Microsoft\WindowsApps;C:\Users\Tadeo\.dotnet\tools;C:\Users\Tadeo\AppData\Local\Programs\Microsoft VS Code\bin;C:\Program Files\JetBrains\PyCharm 2024.2.0.1\bin;;C:\Program Files\JetBrains\IntelliJ IDEA Community Edition 2024.2.0.2\bin;;C:\Program Files\MongoDB\Server\7.0\bin;C:\Users\Tadeo\AppData\Roaming\npm;;C:\Users\Tadeo\Documents\SpringToolSuite\sts-4.28.1.RELEASE;;."/>
    <property name="java.vm.info" value="mixed mode, sharing"/>
    <property name="stderr.encoding" value="Cp1252"/>
    <property name="java.vendor" value="Eclipse Adoptium"/>
    <property name="java.vm.version" value="21.0.6+7-LTS"/>
    <property name="sun.io.unicode.encoding" value="UnicodeLittle"/>
    <property name="java.class.version" value="65.0"/>
    <property name="LOGGED_APPLICATION_NAME" value="[proyecto-access-1] "/>
  </properties>
  <testcase name="contextLoads" classname="com.access.ProyectoAccess1ApplicationTests" time="0.898">
    <system-out><![CDATA[15:16:02.215 [main] INFO org.springframework.test.context.support.AnnotationConfigContextLoaderUtils -- Could not detect default configuration classes for test class [com.access.ProyectoAccess1ApplicationTests]: ProyectoAccess1ApplicationTests does not declare any static, non-private, non-final, nested classes annotated with @Configuration.
15:16:02.332 [main] INFO org.springframework.boot.test.context.SpringBootTestContextBootstrapper -- Found @SpringBootConfiguration com.access.ProyectoAccess1Application for test class com.access.ProyectoAccess1ApplicationTests

  .   ____          _            __ _ _
 /\\ / ___'_ __ _ _(_)_ __  __ _ \ \ \ \
( ( )\___ | '_ | '_| | '_ \/ _` | \ \ \ \
 \\/  ___)| |_)| | | | | || (_| |  ) ) ) )
  '  |____| .__|_| |_|_| |_\__, | / / / /
 =========|_|==============|___/=/_/_/_/

 :: Spring Boot ::                (v3.4.3)

2025-06-30T15:16:02.772-06:00  INFO 28984 --- [proyecto-access-1] [           main] c.a.ProyectoAccess1ApplicationTests      : Starting ProyectoAccess1ApplicationTests using Java 21.0.6 with PID 28984 (started by Tadeo in C:\Users\Tadeo\git\MicroServicioBarsa-Spring\proyecto-access-1)
2025-06-30T15:16:02.773-06:00  INFO 28984 --- [proyecto-access-1] [           main] c.a.ProyectoAccess1ApplicationTests      : No active profile set, falling back to 1 default profile: "default"
2025-06-30T15:16:04.375-06:00  WARN 28984 --- [proyecto-access-1] [           main] com.zaxxer.hikari.HikariConfig           : HikariCP - idleTimeout has been set but has no effect because the pool is operating as a fixed size pool.
2025-06-30T15:16:04.377-06:00  INFO 28984 --- [proyecto-access-1] [           main] com.zaxxer.hikari.HikariDataSource       : HikariCP - Starting...
2025-06-30T15:16:06.448-06:00  INFO 28984 --- [proyecto-access-1] [           main] o.a.k.clients.consumer.ConsumerConfig    : ConsumerConfig values: 
	allow.auto.create.topics = true
	auto.commit.interval.ms = 5000
	auto.include.jmx.reporter = true
	auto.offset.reset = earliest
	bootstrap.servers = [localhost:9092]
	check.crcs = true
	client.dns.lookup = use_all_dns_ips
	client.id = consumer-materia-service-group-1
	client.rack = 
	connections.max.idle.ms = 540000
	default.api.timeout.ms = 60000
	enable.auto.commit = false
	enable.metrics.push = true
	exclude.internal.topics = true
	fetch.max.bytes = 52428800
	fetch.max.wait.ms = 500
	fetch.min.bytes = 1
	group.id = materia-service-group
	group.instance.id = null
	group.protocol = classic
	group.remote.assignor = null
	heartbeat.interval.ms = 3000
	interceptor.classes = []
	internal.leave.group.on.close = true
	internal.throw.on.fetch.stable.offset.unsupported = false
	isolation.level = read_uncommitted
	key.deserializer = class org.apache.kafka.common.serialization.StringDeserializer
	max.partition.fetch.bytes = 1048576
	max.poll.interval.ms = 300000
	max.poll.records = 500
	metadata.max.age.ms = 300000
	metadata.recovery.strategy = none
	metric.reporters = []
	metrics.num.samples = 2
	metrics.recording.level = INFO
	metrics.sample.window.ms = 30000
	partition.assignment.strategy = [class org.apache.kafka.clients.consumer.RangeAssignor, class org.apache.kafka.clients.consumer.CooperativeStickyAssignor]
	receive.buffer.bytes = 65536
	reconnect.backoff.max.ms = 1000
	reconnect.backoff.ms = 50
	request.timeout.ms = 30000
	retry.backoff.max.ms = 1000
	retry.backoff.ms = 100
	sasl.client.callback.handler.class = null
	sasl.jaas.config = null
	sasl.kerberos.kinit.cmd = /usr/bin/kinit
	sasl.kerberos.min.time.before.relogin = 60000
	sasl.kerberos.service.name = null
	sasl.kerberos.ticket.renew.jitter = 0.05
	sasl.kerberos.ticket.renew.window.factor = 0.8
	sasl.login.callback.handler.class = null
	sasl.login.class = null
	sasl.login.connect.timeout.ms = null
	sasl.login.read.timeout.ms = null
	sasl.login.refresh.buffer.seconds = 300
	sasl.login.refresh.min.period.seconds = 60
	sasl.login.refresh.window.factor = 0.8
	sasl.login.refresh.window.jitter = 0.05
	sasl.login.retry.backoff.max.ms = 10000
	sasl.login.retry.backoff.ms = 100
	sasl.mechanism = GSSAPI
	sasl.oauthbearer.clock.skew.seconds = 30
	sasl.oauthbearer.expected.audience = null
	sasl.oauthbearer.expected.issuer = null
	sasl.oauthbearer.jwks.endpoint.refresh.ms = 3600000
	sasl.oauthbearer.jwks.endpoint.retry.backoff.max.ms = 10000
	sasl.oauthbearer.jwks.endpoint.retry.backoff.ms = 100
	sasl.oauthbearer.jwks.endpoint.url = null
	sasl.oauthbearer.scope.claim.name = scope
	sasl.oauthbearer.sub.claim.name = sub
	sasl.oauthbearer.token.endpoint.url = null
	security.protocol = PLAINTEXT
	security.providers = null
	send.buffer.bytes = 131072
	session.timeout.ms = 45000
	socket.connection.setup.timeout.max.ms = 30000
	socket.connection.setup.timeout.ms = 10000
	ssl.cipher.suites = null
	ssl.enabled.protocols = [TLSv1.2, TLSv1.3]
	ssl.endpoint.identification.algorithm = https
	ssl.engine.factory.class = null
	ssl.key.password = null
	ssl.keymanager.algorithm = SunX509
	ssl.keystore.certificate.chain = null
	ssl.keystore.key = null
	ssl.keystore.location = null
	ssl.keystore.password = null
	ssl.keystore.type = JKS
	ssl.protocol = TLSv1.3
	ssl.provider = null
	ssl.secure.random.implementation = null
	ssl.trustmanager.algorithm = PKIX
	ssl.truststore.certificates = null
	ssl.truststore.location = null
	ssl.truststore.password = null
	ssl.truststore.type = JKS
	value.deserializer = class org.apache.kafka.common.serialization.StringDeserializer

2025-06-30T15:16:06.496-06:00  INFO 28984 --- [proyecto-access-1] [           main] o.a.k.c.t.i.KafkaMetricsCollector        : initializing Kafka metrics collector
2025-06-30T15:16:06.698-06:00  INFO 28984 --- [proyecto-access-1] [           main] o.a.kafka.common.utils.AppInfoParser     : Kafka version: 3.8.1
2025-06-30T15:16:06.698-06:00  INFO 28984 --- [proyecto-access-1] [           main] o.a.kafka.common.utils.AppInfoParser     : Kafka commitId: 70d6ff42debf7e17
2025-06-30T15:16:06.698-06:00  INFO 28984 --- [proyecto-access-1] [           main] o.a.kafka.common.utils.AppInfoParser     : Kafka startTimeMs: 1751318166696
2025-06-30T15:16:06.704-06:00  INFO 28984 --- [proyecto-access-1] [           main] o.a.k.c.c.internals.LegacyKafkaConsumer  : [Consumer clientId=consumer-materia-service-group-1, groupId=materia-service-group] Subscribed to topic(s): post-movimiento-producto
2025-06-30T15:16:06.716-06:00  INFO 28984 --- [proyecto-access-1] [           main] o.a.k.clients.consumer.ConsumerConfig    : ConsumerConfig values: 
	allow.auto.create.topics = true
	auto.commit.interval.ms = 5000
	auto.include.jmx.reporter = true
	auto.offset.reset = earliest
	bootstrap.servers = [localhost:9092]
	check.crcs = true
	client.dns.lookup = use_all_dns_ips
	client.id = consumer-materia-service-group-2
	client.rack = 
	connections.max.idle.ms = 540000
	default.api.timeout.ms = 60000
	enable.auto.commit = false
	enable.metrics.push = true
	exclude.internal.topics = true
	fetch.max.bytes = 52428800
	fetch.max.wait.ms = 500
	fetch.min.bytes = 1
	group.id = materia-service-group
	group.instance.id = null
	group.protocol = classic
	group.remote.assignor = null
	heartbeat.interval.ms = 3000
	interceptor.classes = []
	internal.leave.group.on.close = true
	internal.throw.on.fetch.stable.offset.unsupported = false
	isolation.level = read_uncommitted
	key.deserializer = class org.apache.kafka.common.serialization.StringDeserializer
	max.partition.fetch.bytes = 1048576
	max.poll.interval.ms = 300000
	max.poll.records = 500
	metadata.max.age.ms = 300000
	metadata.recovery.strategy = none
	metric.reporters = []
	metrics.num.samples = 2
	metrics.recording.level = INFO
	metrics.sample.window.ms = 30000
	partition.assignment.strategy = [class org.apache.kafka.clients.consumer.RangeAssignor, class org.apache.kafka.clients.consumer.CooperativeStickyAssignor]
	receive.buffer.bytes = 65536
	reconnect.backoff.max.ms = 1000
	reconnect.backoff.ms = 50
	request.timeout.ms = 30000
	retry.backoff.max.ms = 1000
	retry.backoff.ms = 100
	sasl.client.callback.handler.class = null
	sasl.jaas.config = null
	sasl.kerberos.kinit.cmd = /usr/bin/kinit
	sasl.kerberos.min.time.before.relogin = 60000
	sasl.kerberos.service.name = null
	sasl.kerberos.ticket.renew.jitter = 0.05
	sasl.kerberos.ticket.renew.window.factor = 0.8
	sasl.login.callback.handler.class = null
	sasl.login.class = null
	sasl.login.connect.timeout.ms = null
	sasl.login.read.timeout.ms = null
	sasl.login.refresh.buffer.seconds = 300
	sasl.login.refresh.min.period.seconds = 60
	sasl.login.refresh.window.factor = 0.8
	sasl.login.refresh.window.jitter = 0.05
	sasl.login.retry.backoff.max.ms = 10000
	sasl.login.retry.backoff.ms = 100
	sasl.mechanism = GSSAPI
	sasl.oauthbearer.clock.skew.seconds = 30
	sasl.oauthbearer.expected.audience = null
	sasl.oauthbearer.expected.issuer = null
	sasl.oauthbearer.jwks.endpoint.refresh.ms = 3600000
	sasl.oauthbearer.jwks.endpoint.retry.backoff.max.ms = 10000
	sasl.oauthbearer.jwks.endpoint.retry.backoff.ms = 100
	sasl.oauthbearer.jwks.endpoint.url = null
	sasl.oauthbearer.scope.claim.name = scope
	sasl.oauthbearer.sub.claim.name = sub
	sasl.oauthbearer.token.endpoint.url = null
	security.protocol = PLAINTEXT
	security.providers = null
	send.buffer.bytes = 131072
	session.timeout.ms = 45000
	socket.connection.setup.timeout.max.ms = 30000
	socket.connection.setup.timeout.ms = 10000
	ssl.cipher.suites = null
	ssl.enabled.protocols = [TLSv1.2, TLSv1.3]
	ssl.endpoint.identification.algorithm = https
	ssl.engine.factory.class = null
	ssl.key.password = null
	ssl.keymanager.algorithm = SunX509
	ssl.keystore.certificate.chain = null
	ssl.keystore.key = null
	ssl.keystore.location = null
	ssl.keystore.password = null
	ssl.keystore.type = JKS
	ssl.protocol = TLSv1.3
	ssl.provider = null
	ssl.secure.random.implementation = null
	ssl.trustmanager.algorithm = PKIX
	ssl.truststore.certificates = null
	ssl.truststore.location = null
	ssl.truststore.password = null
	ssl.truststore.type = JKS
	value.deserializer = class org.apache.kafka.common.serialization.StringDeserializer

2025-06-30T15:16:06.716-06:00  INFO 28984 --- [proyecto-access-1] [           main] o.a.k.c.t.i.KafkaMetricsCollector        : initializing Kafka metrics collector
2025-06-30T15:16:06.726-06:00  INFO 28984 --- [proyecto-access-1] [           main] o.a.kafka.common.utils.AppInfoParser     : Kafka version: 3.8.1
2025-06-30T15:16:06.727-06:00  INFO 28984 --- [proyecto-access-1] [           main] o.a.kafka.common.utils.AppInfoParser     : Kafka commitId: 70d6ff42debf7e17
2025-06-30T15:16:06.727-06:00  INFO 28984 --- [proyecto-access-1] [           main] o.a.kafka.common.utils.AppInfoParser     : Kafka startTimeMs: 1751318166726
2025-06-30T15:16:06.727-06:00  INFO 28984 --- [proyecto-access-1] [           main] o.a.k.c.c.internals.LegacyKafkaConsumer  : [Consumer clientId=consumer-materia-service-group-2, groupId=materia-service-group] Subscribed to topic(s): get-movimiento-producto
2025-06-30T15:16:06.729-06:00  INFO 28984 --- [proyecto-access-1] [           main] o.a.k.clients.consumer.ConsumerConfig    : ConsumerConfig values: 
	allow.auto.create.topics = true
	auto.commit.interval.ms = 5000
	auto.include.jmx.reporter = true
	auto.offset.reset = earliest
	bootstrap.servers = [localhost:9092]
	check.crcs = true
	client.dns.lookup = use_all_dns_ips
	client.id = consumer-materia-service-group-3
	client.rack = 
	connections.max.idle.ms = 540000
	default.api.timeout.ms = 60000
	enable.auto.commit = false
	enable.metrics.push = true
	exclude.internal.topics = true
	fetch.max.bytes = 52428800
	fetch.max.wait.ms = 500
	fetch.min.bytes = 1
	group.id = materia-service-group
	group.instance.id = null
	group.protocol = classic
	group.remote.assignor = null
	heartbeat.interval.ms = 3000
	interceptor.classes = []
	internal.leave.group.on.close = true
	internal.throw.on.fetch.stable.offset.unsupported = false
	isolation.level = read_uncommitted
	key.deserializer = class org.apache.kafka.common.serialization.StringDeserializer
	max.partition.fetch.bytes = 1048576
	max.poll.interval.ms = 300000
	max.poll.records = 500
	metadata.max.age.ms = 300000
	metadata.recovery.strategy = none
	metric.reporters = []
	metrics.num.samples = 2
	metrics.recording.level = INFO
	metrics.sample.window.ms = 30000
	partition.assignment.strategy = [class org.apache.kafka.clients.consumer.RangeAssignor, class org.apache.kafka.clients.consumer.CooperativeStickyAssignor]
	receive.buffer.bytes = 65536
	reconnect.backoff.max.ms = 1000
	reconnect.backoff.ms = 50
	request.timeout.ms = 30000
	retry.backoff.max.ms = 1000
	retry.backoff.ms = 100
	sasl.client.callback.handler.class = null
	sasl.jaas.config = null
	sasl.kerberos.kinit.cmd = /usr/bin/kinit
	sasl.kerberos.min.time.before.relogin = 60000
	sasl.kerberos.service.name = null
	sasl.kerberos.ticket.renew.jitter = 0.05
	sasl.kerberos.ticket.renew.window.factor = 0.8
	sasl.login.callback.handler.class = null
	sasl.login.class = null
	sasl.login.connect.timeout.ms = null
	sasl.login.read.timeout.ms = null
	sasl.login.refresh.buffer.seconds = 300
	sasl.login.refresh.min.period.seconds = 60
	sasl.login.refresh.window.factor = 0.8
	sasl.login.refresh.window.jitter = 0.05
	sasl.login.retry.backoff.max.ms = 10000
	sasl.login.retry.backoff.ms = 100
	sasl.mechanism = GSSAPI
	sasl.oauthbearer.clock.skew.seconds = 30
	sasl.oauthbearer.expected.audience = null
	sasl.oauthbearer.expected.issuer = null
	sasl.oauthbearer.jwks.endpoint.refresh.ms = 3600000
	sasl.oauthbearer.jwks.endpoint.retry.backoff.max.ms = 10000
	sasl.oauthbearer.jwks.endpoint.retry.backoff.ms = 100
	sasl.oauthbearer.jwks.endpoint.url = null
	sasl.oauthbearer.scope.claim.name = scope
	sasl.oauthbearer.sub.claim.name = sub
	sasl.oauthbearer.token.endpoint.url = null
	security.protocol = PLAINTEXT
	security.providers = null
	send.buffer.bytes = 131072
	session.timeout.ms = 45000
	socket.connection.setup.timeout.max.ms = 30000
	socket.connection.setup.timeout.ms = 10000
	ssl.cipher.suites = null
	ssl.enabled.protocols = [TLSv1.2, TLSv1.3]
	ssl.endpoint.identification.algorithm = https
	ssl.engine.factory.class = null
	ssl.key.password = null
	ssl.keymanager.algorithm = SunX509
	ssl.keystore.certificate.chain = null
	ssl.keystore.key = null
	ssl.keystore.location = null
	ssl.keystore.password = null
	ssl.keystore.type = JKS
	ssl.protocol = TLSv1.3
	ssl.provider = null
	ssl.secure.random.implementation = null
	ssl.trustmanager.algorithm = PKIX
	ssl.truststore.certificates = null
	ssl.truststore.location = null
	ssl.truststore.password = null
	ssl.truststore.type = JKS
	value.deserializer = class org.apache.kafka.common.serialization.StringDeserializer

2025-06-30T15:16:06.729-06:00  INFO 28984 --- [proyecto-access-1] [           main] o.a.k.c.t.i.KafkaMetricsCollector        : initializing Kafka metrics collector
2025-06-30T15:16:06.738-06:00  INFO 28984 --- [proyecto-access-1] [           main] o.a.kafka.common.utils.AppInfoParser     : Kafka version: 3.8.1
2025-06-30T15:16:06.738-06:00  INFO 28984 --- [proyecto-access-1] [           main] o.a.kafka.common.utils.AppInfoParser     : Kafka commitId: 70d6ff42debf7e17
2025-06-30T15:16:06.738-06:00  INFO 28984 --- [proyecto-access-1] [           main] o.a.kafka.common.utils.AppInfoParser     : Kafka startTimeMs: 1751318166738
2025-06-30T15:16:06.738-06:00  INFO 28984 --- [proyecto-access-1] [           main] o.a.k.c.c.internals.LegacyKafkaConsumer  : [Consumer clientId=consumer-materia-service-group-3, groupId=materia-service-group] Subscribed to topic(s): post-movimiento-materia
2025-06-30T15:16:06.740-06:00  INFO 28984 --- [proyecto-access-1] [           main] o.a.k.clients.consumer.ConsumerConfig    : ConsumerConfig values: 
	allow.auto.create.topics = true
	auto.commit.interval.ms = 5000
	auto.include.jmx.reporter = true
	auto.offset.reset = earliest
	bootstrap.servers = [localhost:9092]
	check.crcs = true
	client.dns.lookup = use_all_dns_ips
	client.id = consumer-materia-service-group-4
	client.rack = 
	connections.max.idle.ms = 540000
	default.api.timeout.ms = 60000
	enable.auto.commit = false
	enable.metrics.push = true
	exclude.internal.topics = true
	fetch.max.bytes = 52428800
	fetch.max.wait.ms = 500
	fetch.min.bytes = 1
	group.id = materia-service-group
	group.instance.id = null
	group.protocol = classic
	group.remote.assignor = null
	heartbeat.interval.ms = 3000
	interceptor.classes = []
	internal.leave.group.on.close = true
	internal.throw.on.fetch.stable.offset.unsupported = false
	isolation.level = read_uncommitted
	key.deserializer = class org.apache.kafka.common.serialization.StringDeserializer
	max.partition.fetch.bytes = 1048576
	max.poll.interval.ms = 300000
	max.poll.records = 500
	metadata.max.age.ms = 300000
	metadata.recovery.strategy = none
	metric.reporters = []
	metrics.num.samples = 2
	metrics.recording.level = INFO
	metrics.sample.window.ms = 30000
	partition.assignment.strategy = [class org.apache.kafka.clients.consumer.RangeAssignor, class org.apache.kafka.clients.consumer.CooperativeStickyAssignor]
	receive.buffer.bytes = 65536
	reconnect.backoff.max.ms = 1000
	reconnect.backoff.ms = 50
	request.timeout.ms = 30000
	retry.backoff.max.ms = 1000
	retry.backoff.ms = 100
	sasl.client.callback.handler.class = null
	sasl.jaas.config = null
	sasl.kerberos.kinit.cmd = /usr/bin/kinit
	sasl.kerberos.min.time.before.relogin = 60000
	sasl.kerberos.service.name = null
	sasl.kerberos.ticket.renew.jitter = 0.05
	sasl.kerberos.ticket.renew.window.factor = 0.8
	sasl.login.callback.handler.class = null
	sasl.login.class = null
	sasl.login.connect.timeout.ms = null
	sasl.login.read.timeout.ms = null
	sasl.login.refresh.buffer.seconds = 300
	sasl.login.refresh.min.period.seconds = 60
	sasl.login.refresh.window.factor = 0.8
	sasl.login.refresh.window.jitter = 0.05
	sasl.login.retry.backoff.max.ms = 10000
	sasl.login.retry.backoff.ms = 100
	sasl.mechanism = GSSAPI
	sasl.oauthbearer.clock.skew.seconds = 30
	sasl.oauthbearer.expected.audience = null
	sasl.oauthbearer.expected.issuer = null
	sasl.oauthbearer.jwks.endpoint.refresh.ms = 3600000
	sasl.oauthbearer.jwks.endpoint.retry.backoff.max.ms = 10000
	sasl.oauthbearer.jwks.endpoint.retry.backoff.ms = 100
	sasl.oauthbearer.jwks.endpoint.url = null
	sasl.oauthbearer.scope.claim.name = scope
	sasl.oauthbearer.sub.claim.name = sub
	sasl.oauthbearer.token.endpoint.url = null
	security.protocol = PLAINTEXT
	security.providers = null
	send.buffer.bytes = 131072
	session.timeout.ms = 45000
	socket.connection.setup.timeout.max.ms = 30000
	socket.connection.setup.timeout.ms = 10000
	ssl.cipher.suites = null
	ssl.enabled.protocols = [TLSv1.2, TLSv1.3]
	ssl.endpoint.identification.algorithm = https
	ssl.engine.factory.class = null
	ssl.key.password = null
	ssl.keymanager.algorithm = SunX509
	ssl.keystore.certificate.chain = null
	ssl.keystore.key = null
	ssl.keystore.location = null
	ssl.keystore.password = null
	ssl.keystore.type = JKS
	ssl.protocol = TLSv1.3
	ssl.provider = null
	ssl.secure.random.implementation = null
	ssl.trustmanager.algorithm = PKIX
	ssl.truststore.certificates = null
	ssl.truststore.location = null
	ssl.truststore.password = null
	ssl.truststore.type = JKS
	value.deserializer = class org.apache.kafka.common.serialization.StringDeserializer

2025-06-30T15:16:06.741-06:00  INFO 28984 --- [proyecto-access-1] [           main] o.a.k.c.t.i.KafkaMetricsCollector        : initializing Kafka metrics collector
2025-06-30T15:16:06.747-06:00  INFO 28984 --- [proyecto-access-1] [           main] o.a.kafka.common.utils.AppInfoParser     : Kafka version: 3.8.1
2025-06-30T15:16:06.747-06:00  INFO 28984 --- [proyecto-access-1] [           main] o.a.kafka.common.utils.AppInfoParser     : Kafka commitId: 70d6ff42debf7e17
2025-06-30T15:16:06.748-06:00  INFO 28984 --- [proyecto-access-1] [           main] o.a.kafka.common.utils.AppInfoParser     : Kafka startTimeMs: 1751318166747
2025-06-30T15:16:06.748-06:00  INFO 28984 --- [proyecto-access-1] [           main] o.a.k.c.c.internals.LegacyKafkaConsumer  : [Consumer clientId=consumer-materia-service-group-4, groupId=materia-service-group] Subscribed to topic(s): get-materia-codigo
2025-06-30T15:16:06.750-06:00  INFO 28984 --- [proyecto-access-1] [           main] o.a.k.clients.consumer.ConsumerConfig    : ConsumerConfig values: 
	allow.auto.create.topics = true
	auto.commit.interval.ms = 5000
	auto.include.jmx.reporter = true
	auto.offset.reset = earliest
	bootstrap.servers = [localhost:9092]
	check.crcs = true
	client.dns.lookup = use_all_dns_ips
	client.id = consumer-materia-service-group-5
	client.rack = 
	connections.max.idle.ms = 540000
	default.api.timeout.ms = 60000
	enable.auto.commit = false
	enable.metrics.push = true
	exclude.internal.topics = true
	fetch.max.bytes = 52428800
	fetch.max.wait.ms = 500
	fetch.min.bytes = 1
	group.id = materia-service-group
	group.instance.id = null
	group.protocol = classic
	group.remote.assignor = null
	heartbeat.interval.ms = 3000
	interceptor.classes = []
	internal.leave.group.on.close = true
	internal.throw.on.fetch.stable.offset.unsupported = false
	isolation.level = read_uncommitted
	key.deserializer = class org.apache.kafka.common.serialization.StringDeserializer
	max.partition.fetch.bytes = 1048576
	max.poll.interval.ms = 300000
	max.poll.records = 500
	metadata.max.age.ms = 300000
	metadata.recovery.strategy = none
	metric.reporters = []
	metrics.num.samples = 2
	metrics.recording.level = INFO
	metrics.sample.window.ms = 30000
	partition.assignment.strategy = [class org.apache.kafka.clients.consumer.RangeAssignor, class org.apache.kafka.clients.consumer.CooperativeStickyAssignor]
	receive.buffer.bytes = 65536
	reconnect.backoff.max.ms = 1000
	reconnect.backoff.ms = 50
	request.timeout.ms = 30000
	retry.backoff.max.ms = 1000
	retry.backoff.ms = 100
	sasl.client.callback.handler.class = null
	sasl.jaas.config = null
	sasl.kerberos.kinit.cmd = /usr/bin/kinit
	sasl.kerberos.min.time.before.relogin = 60000
	sasl.kerberos.service.name = null
	sasl.kerberos.ticket.renew.jitter = 0.05
	sasl.kerberos.ticket.renew.window.factor = 0.8
	sasl.login.callback.handler.class = null
	sasl.login.class = null
	sasl.login.connect.timeout.ms = null
	sasl.login.read.timeout.ms = null
	sasl.login.refresh.buffer.seconds = 300
	sasl.login.refresh.min.period.seconds = 60
	sasl.login.refresh.window.factor = 0.8
	sasl.login.refresh.window.jitter = 0.05
	sasl.login.retry.backoff.max.ms = 10000
	sasl.login.retry.backoff.ms = 100
	sasl.mechanism = GSSAPI
	sasl.oauthbearer.clock.skew.seconds = 30
	sasl.oauthbearer.expected.audience = null
	sasl.oauthbearer.expected.issuer = null
	sasl.oauthbearer.jwks.endpoint.refresh.ms = 3600000
	sasl.oauthbearer.jwks.endpoint.retry.backoff.max.ms = 10000
	sasl.oauthbearer.jwks.endpoint.retry.backoff.ms = 100
	sasl.oauthbearer.jwks.endpoint.url = null
	sasl.oauthbearer.scope.claim.name = scope
	sasl.oauthbearer.sub.claim.name = sub
	sasl.oauthbearer.token.endpoint.url = null
	security.protocol = PLAINTEXT
	security.providers = null
	send.buffer.bytes = 131072
	session.timeout.ms = 45000
	socket.connection.setup.timeout.max.ms = 30000
	socket.connection.setup.timeout.ms = 10000
	ssl.cipher.suites = null
	ssl.enabled.protocols = [TLSv1.2, TLSv1.3]
	ssl.endpoint.identification.algorithm = https
	ssl.engine.factory.class = null
	ssl.key.password = null
	ssl.keymanager.algorithm = SunX509
	ssl.keystore.certificate.chain = null
	ssl.keystore.key = null
	ssl.keystore.location = null
	ssl.keystore.password = null
	ssl.keystore.type = JKS
	ssl.protocol = TLSv1.3
	ssl.provider = null
	ssl.secure.random.implementation = null
	ssl.trustmanager.algorithm = PKIX
	ssl.truststore.certificates = null
	ssl.truststore.location = null
	ssl.truststore.password = null
	ssl.truststore.type = JKS
	value.deserializer = class org.apache.kafka.common.serialization.StringDeserializer

2025-06-30T15:16:06.750-06:00  INFO 28984 --- [proyecto-access-1] [           main] o.a.k.c.t.i.KafkaMetricsCollector        : initializing Kafka metrics collector
2025-06-30T15:16:06.759-06:00  INFO 28984 --- [proyecto-access-1] [           main] o.a.kafka.common.utils.AppInfoParser     : Kafka version: 3.8.1
2025-06-30T15:16:06.759-06:00  INFO 28984 --- [proyecto-access-1] [           main] o.a.kafka.common.utils.AppInfoParser     : Kafka commitId: 70d6ff42debf7e17
2025-06-30T15:16:06.759-06:00  INFO 28984 --- [proyecto-access-1] [           main] o.a.kafka.common.utils.AppInfoParser     : Kafka startTimeMs: 1751318166759
2025-06-30T15:16:06.759-06:00  INFO 28984 --- [proyecto-access-1] [           main] o.a.k.c.c.internals.LegacyKafkaConsumer  : [Consumer clientId=consumer-materia-service-group-5, groupId=materia-service-group] Subscribed to topic(s): post-color-crear
2025-06-30T15:16:06.761-06:00  INFO 28984 --- [proyecto-access-1] [           main] o.a.k.clients.consumer.ConsumerConfig    : ConsumerConfig values: 
	allow.auto.create.topics = true
	auto.commit.interval.ms = 5000
	auto.include.jmx.reporter = true
	auto.offset.reset = earliest
	bootstrap.servers = [localhost:9092]
	check.crcs = true
	client.dns.lookup = use_all_dns_ips
	client.id = consumer-materia-service-group-6
	client.rack = 
	connections.max.idle.ms = 540000
	default.api.timeout.ms = 60000
	enable.auto.commit = false
	enable.metrics.push = true
	exclude.internal.topics = true
	fetch.max.bytes = 52428800
	fetch.max.wait.ms = 500
	fetch.min.bytes = 1
	group.id = materia-service-group
	group.instance.id = null
	group.protocol = classic
	group.remote.assignor = null
	heartbeat.interval.ms = 3000
	interceptor.classes = []
	internal.leave.group.on.close = true
	internal.throw.on.fetch.stable.offset.unsupported = false
	isolation.level = read_uncommitted
	key.deserializer = class org.apache.kafka.common.serialization.StringDeserializer
	max.partition.fetch.bytes = 1048576
	max.poll.interval.ms = 300000
	max.poll.records = 500
	metadata.max.age.ms = 300000
	metadata.recovery.strategy = none
	metric.reporters = []
	metrics.num.samples = 2
	metrics.recording.level = INFO
	metrics.sample.window.ms = 30000
	partition.assignment.strategy = [class org.apache.kafka.clients.consumer.RangeAssignor, class org.apache.kafka.clients.consumer.CooperativeStickyAssignor]
	receive.buffer.bytes = 65536
	reconnect.backoff.max.ms = 1000
	reconnect.backoff.ms = 50
	request.timeout.ms = 30000
	retry.backoff.max.ms = 1000
	retry.backoff.ms = 100
	sasl.client.callback.handler.class = null
	sasl.jaas.config = null
	sasl.kerberos.kinit.cmd = /usr/bin/kinit
	sasl.kerberos.min.time.before.relogin = 60000
	sasl.kerberos.service.name = null
	sasl.kerberos.ticket.renew.jitter = 0.05
	sasl.kerberos.ticket.renew.window.factor = 0.8
	sasl.login.callback.handler.class = null
	sasl.login.class = null
	sasl.login.connect.timeout.ms = null
	sasl.login.read.timeout.ms = null
	sasl.login.refresh.buffer.seconds = 300
	sasl.login.refresh.min.period.seconds = 60
	sasl.login.refresh.window.factor = 0.8
	sasl.login.refresh.window.jitter = 0.05
	sasl.login.retry.backoff.max.ms = 10000
	sasl.login.retry.backoff.ms = 100
	sasl.mechanism = GSSAPI
	sasl.oauthbearer.clock.skew.seconds = 30
	sasl.oauthbearer.expected.audience = null
	sasl.oauthbearer.expected.issuer = null
	sasl.oauthbearer.jwks.endpoint.refresh.ms = 3600000
	sasl.oauthbearer.jwks.endpoint.retry.backoff.max.ms = 10000
	sasl.oauthbearer.jwks.endpoint.retry.backoff.ms = 100
	sasl.oauthbearer.jwks.endpoint.url = null
	sasl.oauthbearer.scope.claim.name = scope
	sasl.oauthbearer.sub.claim.name = sub
	sasl.oauthbearer.token.endpoint.url = null
	security.protocol = PLAINTEXT
	security.providers = null
	send.buffer.bytes = 131072
	session.timeout.ms = 45000
	socket.connection.setup.timeout.max.ms = 30000
	socket.connection.setup.timeout.ms = 10000
	ssl.cipher.suites = null
	ssl.enabled.protocols = [TLSv1.2, TLSv1.3]
	ssl.endpoint.identification.algorithm = https
	ssl.engine.factory.class = null
	ssl.key.password = null
	ssl.keymanager.algorithm = SunX509
	ssl.keystore.certificate.chain = null
	ssl.keystore.key = null
	ssl.keystore.location = null
	ssl.keystore.password = null
	ssl.keystore.type = JKS
	ssl.protocol = TLSv1.3
	ssl.provider = null
	ssl.secure.random.implementation = null
	ssl.trustmanager.algorithm = PKIX
	ssl.truststore.certificates = null
	ssl.truststore.location = null
	ssl.truststore.password = null
	ssl.truststore.type = JKS
	value.deserializer = class org.apache.kafka.common.serialization.StringDeserializer

2025-06-30T15:16:06.762-06:00  INFO 28984 --- [proyecto-access-1] [           main] o.a.k.c.t.i.KafkaMetricsCollector        : initializing Kafka metrics collector
2025-06-30T15:16:06.767-06:00  INFO 28984 --- [proyecto-access-1] [           main] o.a.kafka.common.utils.AppInfoParser     : Kafka version: 3.8.1
2025-06-30T15:16:06.768-06:00  INFO 28984 --- [proyecto-access-1] [           main] o.a.kafka.common.utils.AppInfoParser     : Kafka commitId: 70d6ff42debf7e17
2025-06-30T15:16:06.768-06:00  INFO 28984 --- [proyecto-access-1] [           main] o.a.kafka.common.utils.AppInfoParser     : Kafka startTimeMs: 1751318166767
2025-06-30T15:16:06.769-06:00  INFO 28984 --- [proyecto-access-1] [           main] o.a.k.c.c.internals.LegacyKafkaConsumer  : [Consumer clientId=consumer-materia-service-group-6, groupId=materia-service-group] Subscribed to topic(s): get-colores-listado
2025-06-30T15:16:06.771-06:00  INFO 28984 --- [proyecto-access-1] [           main] o.a.k.clients.consumer.ConsumerConfig    : ConsumerConfig values: 
	allow.auto.create.topics = true
	auto.commit.interval.ms = 5000
	auto.include.jmx.reporter = true
	auto.offset.reset = earliest
	bootstrap.servers = [localhost:9092]
	check.crcs = true
	client.dns.lookup = use_all_dns_ips
	client.id = consumer-materia-service-group-7
	client.rack = 
	connections.max.idle.ms = 540000
	default.api.timeout.ms = 60000
	enable.auto.commit = false
	enable.metrics.push = true
	exclude.internal.topics = true
	fetch.max.bytes = 52428800
	fetch.max.wait.ms = 500
	fetch.min.bytes = 1
	group.id = materia-service-group
	group.instance.id = null
	group.protocol = classic
	group.remote.assignor = null
	heartbeat.interval.ms = 3000
	interceptor.classes = []
	internal.leave.group.on.close = true
	internal.throw.on.fetch.stable.offset.unsupported = false
	isolation.level = read_uncommitted
	key.deserializer = class org.apache.kafka.common.serialization.StringDeserializer
	max.partition.fetch.bytes = 1048576
	max.poll.interval.ms = 300000
	max.poll.records = 500
	metadata.max.age.ms = 300000
	metadata.recovery.strategy = none
	metric.reporters = []
	metrics.num.samples = 2
	metrics.recording.level = INFO
	metrics.sample.window.ms = 30000
	partition.assignment.strategy = [class org.apache.kafka.clients.consumer.RangeAssignor, class org.apache.kafka.clients.consumer.CooperativeStickyAssignor]
	receive.buffer.bytes = 65536
	reconnect.backoff.max.ms = 1000
	reconnect.backoff.ms = 50
	request.timeout.ms = 30000
	retry.backoff.max.ms = 1000
	retry.backoff.ms = 100
	sasl.client.callback.handler.class = null
	sasl.jaas.config = null
	sasl.kerberos.kinit.cmd = /usr/bin/kinit
	sasl.kerberos.min.time.before.relogin = 60000
	sasl.kerberos.service.name = null
	sasl.kerberos.ticket.renew.jitter = 0.05
	sasl.kerberos.ticket.renew.window.factor = 0.8
	sasl.login.callback.handler.class = null
	sasl.login.class = null
	sasl.login.connect.timeout.ms = null
	sasl.login.read.timeout.ms = null
	sasl.login.refresh.buffer.seconds = 300
	sasl.login.refresh.min.period.seconds = 60
	sasl.login.refresh.window.factor = 0.8
	sasl.login.refresh.window.jitter = 0.05
	sasl.login.retry.backoff.max.ms = 10000
	sasl.login.retry.backoff.ms = 100
	sasl.mechanism = GSSAPI
	sasl.oauthbearer.clock.skew.seconds = 30
	sasl.oauthbearer.expected.audience = null
	sasl.oauthbearer.expected.issuer = null
	sasl.oauthbearer.jwks.endpoint.refresh.ms = 3600000
	sasl.oauthbearer.jwks.endpoint.retry.backoff.max.ms = 10000
	sasl.oauthbearer.jwks.endpoint.retry.backoff.ms = 100
	sasl.oauthbearer.jwks.endpoint.url = null
	sasl.oauthbearer.scope.claim.name = scope
	sasl.oauthbearer.sub.claim.name = sub
	sasl.oauthbearer.token.endpoint.url = null
	security.protocol = PLAINTEXT
	security.providers = null
	send.buffer.bytes = 131072
	session.timeout.ms = 45000
	socket.connection.setup.timeout.max.ms = 30000
	socket.connection.setup.timeout.ms = 10000
	ssl.cipher.suites = null
	ssl.enabled.protocols = [TLSv1.2, TLSv1.3]
	ssl.endpoint.identification.algorithm = https
	ssl.engine.factory.class = null
	ssl.key.password = null
	ssl.keymanager.algorithm = SunX509
	ssl.keystore.certificate.chain = null
	ssl.keystore.key = null
	ssl.keystore.location = null
	ssl.keystore.password = null
	ssl.keystore.type = JKS
	ssl.protocol = TLSv1.3
	ssl.provider = null
	ssl.secure.random.implementation = null
	ssl.trustmanager.algorithm = PKIX
	ssl.truststore.certificates = null
	ssl.truststore.location = null
	ssl.truststore.password = null
	ssl.truststore.type = JKS
	value.deserializer = class org.apache.kafka.common.serialization.StringDeserializer

2025-06-30T15:16:06.771-06:00  INFO 28984 --- [proyecto-access-1] [           main] o.a.k.c.t.i.KafkaMetricsCollector        : initializing Kafka metrics collector
2025-06-30T15:16:06.776-06:00  INFO 28984 --- [proyecto-access-1] [           main] o.a.kafka.common.utils.AppInfoParser     : Kafka version: 3.8.1
2025-06-30T15:16:06.776-06:00  INFO 28984 --- [proyecto-access-1] [           main] o.a.kafka.common.utils.AppInfoParser     : Kafka commitId: 70d6ff42debf7e17
2025-06-30T15:16:06.776-06:00  INFO 28984 --- [proyecto-access-1] [           main] o.a.kafka.common.utils.AppInfoParser     : Kafka startTimeMs: 1751318166776
2025-06-30T15:16:06.777-06:00  INFO 28984 --- [proyecto-access-1] [           main] o.a.k.c.c.internals.LegacyKafkaConsumer  : [Consumer clientId=consumer-materia-service-group-7, groupId=materia-service-group] Subscribed to topic(s): get-producto-codigo
2025-06-30T15:16:06.779-06:00  INFO 28984 --- [proyecto-access-1] [           main] o.a.k.clients.consumer.ConsumerConfig    : ConsumerConfig values: 
	allow.auto.create.topics = true
	auto.commit.interval.ms = 5000
	auto.include.jmx.reporter = true
	auto.offset.reset = earliest
	bootstrap.servers = [localhost:9092]
	check.crcs = true
	client.dns.lookup = use_all_dns_ips
	client.id = consumer-materia-service-group-8
	client.rack = 
	connections.max.idle.ms = 540000
	default.api.timeout.ms = 60000
	enable.auto.commit = false
	enable.metrics.push = true
	exclude.internal.topics = true
	fetch.max.bytes = 52428800
	fetch.max.wait.ms = 500
	fetch.min.bytes = 1
	group.id = materia-service-group
	group.instance.id = null
	group.protocol = classic
	group.remote.assignor = null
	heartbeat.interval.ms = 3000
	interceptor.classes = []
	internal.leave.group.on.close = true
	internal.throw.on.fetch.stable.offset.unsupported = false
	isolation.level = read_uncommitted
	key.deserializer = class org.apache.kafka.common.serialization.StringDeserializer
	max.partition.fetch.bytes = 1048576
	max.poll.interval.ms = 300000
	max.poll.records = 500
	metadata.max.age.ms = 300000
	metadata.recovery.strategy = none
	metric.reporters = []
	metrics.num.samples = 2
	metrics.recording.level = INFO
	metrics.sample.window.ms = 30000
	partition.assignment.strategy = [class org.apache.kafka.clients.consumer.RangeAssignor, class org.apache.kafka.clients.consumer.CooperativeStickyAssignor]
	receive.buffer.bytes = 65536
	reconnect.backoff.max.ms = 1000
	reconnect.backoff.ms = 50
	request.timeout.ms = 30000
	retry.backoff.max.ms = 1000
	retry.backoff.ms = 100
	sasl.client.callback.handler.class = null
	sasl.jaas.config = null
	sasl.kerberos.kinit.cmd = /usr/bin/kinit
	sasl.kerberos.min.time.before.relogin = 60000
	sasl.kerberos.service.name = null
	sasl.kerberos.ticket.renew.jitter = 0.05
	sasl.kerberos.ticket.renew.window.factor = 0.8
	sasl.login.callback.handler.class = null
	sasl.login.class = null
	sasl.login.connect.timeout.ms = null
	sasl.login.read.timeout.ms = null
	sasl.login.refresh.buffer.seconds = 300
	sasl.login.refresh.min.period.seconds = 60
	sasl.login.refresh.window.factor = 0.8
	sasl.login.refresh.window.jitter = 0.05
	sasl.login.retry.backoff.max.ms = 10000
	sasl.login.retry.backoff.ms = 100
	sasl.mechanism = GSSAPI
	sasl.oauthbearer.clock.skew.seconds = 30
	sasl.oauthbearer.expected.audience = null
	sasl.oauthbearer.expected.issuer = null
	sasl.oauthbearer.jwks.endpoint.refresh.ms = 3600000
	sasl.oauthbearer.jwks.endpoint.retry.backoff.max.ms = 10000
	sasl.oauthbearer.jwks.endpoint.retry.backoff.ms = 100
	sasl.oauthbearer.jwks.endpoint.url = null
	sasl.oauthbearer.scope.claim.name = scope
	sasl.oauthbearer.sub.claim.name = sub
	sasl.oauthbearer.token.endpoint.url = null
	security.protocol = PLAINTEXT
	security.providers = null
	send.buffer.bytes = 131072
	session.timeout.ms = 45000
	socket.connection.setup.timeout.max.ms = 30000
	socket.connection.setup.timeout.ms = 10000
	ssl.cipher.suites = null
	ssl.enabled.protocols = [TLSv1.2, TLSv1.3]
	ssl.endpoint.identification.algorithm = https
	ssl.engine.factory.class = null
	ssl.key.password = null
	ssl.keymanager.algorithm = SunX509
	ssl.keystore.certificate.chain = null
	ssl.keystore.key = null
	ssl.keystore.location = null
	ssl.keystore.password = null
	ssl.keystore.type = JKS
	ssl.protocol = TLSv1.3
	ssl.provider = null
	ssl.secure.random.implementation = null
	ssl.trustmanager.algorithm = PKIX
	ssl.truststore.certificates = null
	ssl.truststore.location = null
	ssl.truststore.password = null
	ssl.truststore.type = JKS
	value.deserializer = class org.apache.kafka.common.serialization.StringDeserializer

2025-06-30T15:16:06.779-06:00  INFO 28984 --- [proyecto-access-1] [           main] o.a.k.c.t.i.KafkaMetricsCollector        : initializing Kafka metrics collector
2025-06-30T15:16:06.785-06:00  INFO 28984 --- [proyecto-access-1] [           main] o.a.kafka.common.utils.AppInfoParser     : Kafka version: 3.8.1
2025-06-30T15:16:06.785-06:00  INFO 28984 --- [proyecto-access-1] [           main] o.a.kafka.common.utils.AppInfoParser     : Kafka commitId: 70d6ff42debf7e17
2025-06-30T15:16:06.785-06:00  INFO 28984 --- [proyecto-access-1] [           main] o.a.kafka.common.utils.AppInfoParser     : Kafka startTimeMs: 1751318166785
2025-06-30T15:16:06.786-06:00  INFO 28984 --- [proyecto-access-1] [           main] o.a.k.c.c.internals.LegacyKafkaConsumer  : [Consumer clientId=consumer-materia-service-group-8, groupId=materia-service-group] Subscribed to topic(s): get-colorId-codigo
2025-06-30T15:16:06.787-06:00  INFO 28984 --- [proyecto-access-1] [           main] o.a.k.clients.consumer.ConsumerConfig    : ConsumerConfig values: 
	allow.auto.create.topics = true
	auto.commit.interval.ms = 5000
	auto.include.jmx.reporter = true
	auto.offset.reset = earliest
	bootstrap.servers = [localhost:9092]
	check.crcs = true
	client.dns.lookup = use_all_dns_ips
	client.id = consumer-materia-service-group-9
	client.rack = 
	connections.max.idle.ms = 540000
	default.api.timeout.ms = 60000
	enable.auto.commit = false
	enable.metrics.push = true
	exclude.internal.topics = true
	fetch.max.bytes = 52428800
	fetch.max.wait.ms = 500
	fetch.min.bytes = 1
	group.id = materia-service-group
	group.instance.id = null
	group.protocol = classic
	group.remote.assignor = null
	heartbeat.interval.ms = 3000
	interceptor.classes = []
	internal.leave.group.on.close = true
	internal.throw.on.fetch.stable.offset.unsupported = false
	isolation.level = read_uncommitted
	key.deserializer = class org.apache.kafka.common.serialization.StringDeserializer
	max.partition.fetch.bytes = 1048576
	max.poll.interval.ms = 300000
	max.poll.records = 500
	metadata.max.age.ms = 300000
	metadata.recovery.strategy = none
	metric.reporters = []
	metrics.num.samples = 2
	metrics.recording.level = INFO
	metrics.sample.window.ms = 30000
	partition.assignment.strategy = [class org.apache.kafka.clients.consumer.RangeAssignor, class org.apache.kafka.clients.consumer.CooperativeStickyAssignor]
	receive.buffer.bytes = 65536
	reconnect.backoff.max.ms = 1000
	reconnect.backoff.ms = 50
	request.timeout.ms = 30000
	retry.backoff.max.ms = 1000
	retry.backoff.ms = 100
	sasl.client.callback.handler.class = null
	sasl.jaas.config = null
	sasl.kerberos.kinit.cmd = /usr/bin/kinit
	sasl.kerberos.min.time.before.relogin = 60000
	sasl.kerberos.service.name = null
	sasl.kerberos.ticket.renew.jitter = 0.05
	sasl.kerberos.ticket.renew.window.factor = 0.8
	sasl.login.callback.handler.class = null
	sasl.login.class = null
	sasl.login.connect.timeout.ms = null
	sasl.login.read.timeout.ms = null
	sasl.login.refresh.buffer.seconds = 300
	sasl.login.refresh.min.period.seconds = 60
	sasl.login.refresh.window.factor = 0.8
	sasl.login.refresh.window.jitter = 0.05
	sasl.login.retry.backoff.max.ms = 10000
	sasl.login.retry.backoff.ms = 100
	sasl.mechanism = GSSAPI
	sasl.oauthbearer.clock.skew.seconds = 30
	sasl.oauthbearer.expected.audience = null
	sasl.oauthbearer.expected.issuer = null
	sasl.oauthbearer.jwks.endpoint.refresh.ms = 3600000
	sasl.oauthbearer.jwks.endpoint.retry.backoff.max.ms = 10000
	sasl.oauthbearer.jwks.endpoint.retry.backoff.ms = 100
	sasl.oauthbearer.jwks.endpoint.url = null
	sasl.oauthbearer.scope.claim.name = scope
	sasl.oauthbearer.sub.claim.name = sub
	sasl.oauthbearer.token.endpoint.url = null
	security.protocol = PLAINTEXT
	security.providers = null
	send.buffer.bytes = 131072
	session.timeout.ms = 45000
	socket.connection.setup.timeout.max.ms = 30000
	socket.connection.setup.timeout.ms = 10000
	ssl.cipher.suites = null
	ssl.enabled.protocols = [TLSv1.2, TLSv1.3]
	ssl.endpoint.identification.algorithm = https
	ssl.engine.factory.class = null
	ssl.key.password = null
	ssl.keymanager.algorithm = SunX509
	ssl.keystore.certificate.chain = null
	ssl.keystore.key = null
	ssl.keystore.location = null
	ssl.keystore.password = null
	ssl.keystore.type = JKS
	ssl.protocol = TLSv1.3
	ssl.provider = null
	ssl.secure.random.implementation = null
	ssl.trustmanager.algorithm = PKIX
	ssl.truststore.certificates = null
	ssl.truststore.location = null
	ssl.truststore.password = null
	ssl.truststore.type = JKS
	value.deserializer = class org.apache.kafka.common.serialization.StringDeserializer

2025-06-30T15:16:06.788-06:00  INFO 28984 --- [proyecto-access-1] [           main] o.a.k.c.t.i.KafkaMetricsCollector        : initializing Kafka metrics collector
2025-06-30T15:16:06.793-06:00  INFO 28984 --- [proyecto-access-1] [           main] o.a.kafka.common.utils.AppInfoParser     : Kafka version: 3.8.1
2025-06-30T15:16:06.793-06:00  INFO 28984 --- [proyecto-access-1] [           main] o.a.kafka.common.utils.AppInfoParser     : Kafka commitId: 70d6ff42debf7e17
2025-06-30T15:16:06.793-06:00  INFO 28984 --- [proyecto-access-1] [           main] o.a.kafka.common.utils.AppInfoParser     : Kafka startTimeMs: 1751318166793
2025-06-30T15:16:06.793-06:00  INFO 28984 --- [proyecto-access-1] [           main] o.a.k.c.c.internals.LegacyKafkaConsumer  : [Consumer clientId=consumer-materia-service-group-9, groupId=materia-service-group] Subscribed to topic(s): get-movimiento-materia
2025-06-30T15:16:06.795-06:00  INFO 28984 --- [proyecto-access-1] [           main] o.a.k.clients.consumer.ConsumerConfig    : ConsumerConfig values: 
	allow.auto.create.topics = true
	auto.commit.interval.ms = 5000
	auto.include.jmx.reporter = true
	auto.offset.reset = earliest
	bootstrap.servers = [localhost:9092]
	check.crcs = true
	client.dns.lookup = use_all_dns_ips
	client.id = consumer-materia-service-group-10
	client.rack = 
	connections.max.idle.ms = 540000
	default.api.timeout.ms = 60000
	enable.auto.commit = false
	enable.metrics.push = true
	exclude.internal.topics = true
	fetch.max.bytes = 52428800
	fetch.max.wait.ms = 500
	fetch.min.bytes = 1
	group.id = materia-service-group
	group.instance.id = null
	group.protocol = classic
	group.remote.assignor = null
	heartbeat.interval.ms = 3000
	interceptor.classes = []
	internal.leave.group.on.close = true
	internal.throw.on.fetch.stable.offset.unsupported = false
	isolation.level = read_uncommitted
	key.deserializer = class org.apache.kafka.common.serialization.StringDeserializer
	max.partition.fetch.bytes = 1048576
	max.poll.interval.ms = 300000
	max.poll.records = 500
	metadata.max.age.ms = 300000
	metadata.recovery.strategy = none
	metric.reporters = []
	metrics.num.samples = 2
	metrics.recording.level = INFO
	metrics.sample.window.ms = 30000
	partition.assignment.strategy = [class org.apache.kafka.clients.consumer.RangeAssignor, class org.apache.kafka.clients.consumer.CooperativeStickyAssignor]
	receive.buffer.bytes = 65536
	reconnect.backoff.max.ms = 1000
	reconnect.backoff.ms = 50
	request.timeout.ms = 30000
	retry.backoff.max.ms = 1000
	retry.backoff.ms = 100
	sasl.client.callback.handler.class = null
	sasl.jaas.config = null
	sasl.kerberos.kinit.cmd = /usr/bin/kinit
	sasl.kerberos.min.time.before.relogin = 60000
	sasl.kerberos.service.name = null
	sasl.kerberos.ticket.renew.jitter = 0.05
	sasl.kerberos.ticket.renew.window.factor = 0.8
	sasl.login.callback.handler.class = null
	sasl.login.class = null
	sasl.login.connect.timeout.ms = null
	sasl.login.read.timeout.ms = null
	sasl.login.refresh.buffer.seconds = 300
	sasl.login.refresh.min.period.seconds = 60
	sasl.login.refresh.window.factor = 0.8
	sasl.login.refresh.window.jitter = 0.05
	sasl.login.retry.backoff.max.ms = 10000
	sasl.login.retry.backoff.ms = 100
	sasl.mechanism = GSSAPI
	sasl.oauthbearer.clock.skew.seconds = 30
	sasl.oauthbearer.expected.audience = null
	sasl.oauthbearer.expected.issuer = null
	sasl.oauthbearer.jwks.endpoint.refresh.ms = 3600000
	sasl.oauthbearer.jwks.endpoint.retry.backoff.max.ms = 10000
	sasl.oauthbearer.jwks.endpoint.retry.backoff.ms = 100
	sasl.oauthbearer.jwks.endpoint.url = null
	sasl.oauthbearer.scope.claim.name = scope
	sasl.oauthbearer.sub.claim.name = sub
	sasl.oauthbearer.token.endpoint.url = null
	security.protocol = PLAINTEXT
	security.providers = null
	send.buffer.bytes = 131072
	session.timeout.ms = 45000
	socket.connection.setup.timeout.max.ms = 30000
	socket.connection.setup.timeout.ms = 10000
	ssl.cipher.suites = null
	ssl.enabled.protocols = [TLSv1.2, TLSv1.3]
	ssl.endpoint.identification.algorithm = https
	ssl.engine.factory.class = null
	ssl.key.password = null
	ssl.keymanager.algorithm = SunX509
	ssl.keystore.certificate.chain = null
	ssl.keystore.key = null
	ssl.keystore.location = null
	ssl.keystore.password = null
	ssl.keystore.type = JKS
	ssl.protocol = TLSv1.3
	ssl.provider = null
	ssl.secure.random.implementation = null
	ssl.trustmanager.algorithm = PKIX
	ssl.truststore.certificates = null
	ssl.truststore.location = null
	ssl.truststore.password = null
	ssl.truststore.type = JKS
	value.deserializer = class org.apache.kafka.common.serialization.StringDeserializer

2025-06-30T15:16:06.796-06:00  INFO 28984 --- [proyecto-access-1] [           main] o.a.k.c.t.i.KafkaMetricsCollector        : initializing Kafka metrics collector
2025-06-30T15:16:06.800-06:00  INFO 28984 --- [proyecto-access-1] [           main] o.a.kafka.common.utils.AppInfoParser     : Kafka version: 3.8.1
2025-06-30T15:16:06.801-06:00  INFO 28984 --- [proyecto-access-1] [           main] o.a.kafka.common.utils.AppInfoParser     : Kafka commitId: 70d6ff42debf7e17
2025-06-30T15:16:06.801-06:00  INFO 28984 --- [proyecto-access-1] [           main] o.a.kafka.common.utils.AppInfoParser     : Kafka startTimeMs: 1751318166800
2025-06-30T15:16:06.802-06:00  INFO 28984 --- [proyecto-access-1] [           main] o.a.k.c.c.internals.LegacyKafkaConsumer  : [Consumer clientId=consumer-materia-service-group-10, groupId=materia-service-group] Subscribed to topic(s): get-ultima-detencion
2025-06-30T15:16:06.808-06:00  INFO 28984 --- [proyecto-access-1] [           main] o.a.k.clients.consumer.ConsumerConfig    : ConsumerConfig values: 
	allow.auto.create.topics = true
	auto.commit.interval.ms = 5000
	auto.include.jmx.reporter = true
	auto.offset.reset = earliest
	bootstrap.servers = [localhost:9092]
	check.crcs = true
	client.dns.lookup = use_all_dns_ips
	client.id = consumer-materia-service-group-11
	client.rack = 
	connections.max.idle.ms = 540000
	default.api.timeout.ms = 60000
	enable.auto.commit = false
	enable.metrics.push = true
	exclude.internal.topics = true
	fetch.max.bytes = 52428800
	fetch.max.wait.ms = 500
	fetch.min.bytes = 1
	group.id = materia-service-group
	group.instance.id = null
	group.protocol = classic
	group.remote.assignor = null
	heartbeat.interval.ms = 3000
	interceptor.classes = []
	internal.leave.group.on.close = true
	internal.throw.on.fetch.stable.offset.unsupported = false
	isolation.level = read_uncommitted
	key.deserializer = class org.apache.kafka.common.serialization.StringDeserializer
	max.partition.fetch.bytes = 1048576
	max.poll.interval.ms = 300000
	max.poll.records = 500
	metadata.max.age.ms = 300000
	metadata.recovery.strategy = none
	metric.reporters = []
	metrics.num.samples = 2
	metrics.recording.level = INFO
	metrics.sample.window.ms = 30000
	partition.assignment.strategy = [class org.apache.kafka.clients.consumer.RangeAssignor, class org.apache.kafka.clients.consumer.CooperativeStickyAssignor]
	receive.buffer.bytes = 65536
	reconnect.backoff.max.ms = 1000
	reconnect.backoff.ms = 50
	request.timeout.ms = 30000
	retry.backoff.max.ms = 1000
	retry.backoff.ms = 100
	sasl.client.callback.handler.class = null
	sasl.jaas.config = null
	sasl.kerberos.kinit.cmd = /usr/bin/kinit
	sasl.kerberos.min.time.before.relogin = 60000
	sasl.kerberos.service.name = null
	sasl.kerberos.ticket.renew.jitter = 0.05
	sasl.kerberos.ticket.renew.window.factor = 0.8
	sasl.login.callback.handler.class = null
	sasl.login.class = null
	sasl.login.connect.timeout.ms = null
	sasl.login.read.timeout.ms = null
	sasl.login.refresh.buffer.seconds = 300
	sasl.login.refresh.min.period.seconds = 60
	sasl.login.refresh.window.factor = 0.8
	sasl.login.refresh.window.jitter = 0.05
	sasl.login.retry.backoff.max.ms = 10000
	sasl.login.retry.backoff.ms = 100
	sasl.mechanism = GSSAPI
	sasl.oauthbearer.clock.skew.seconds = 30
	sasl.oauthbearer.expected.audience = null
	sasl.oauthbearer.expected.issuer = null
	sasl.oauthbearer.jwks.endpoint.refresh.ms = 3600000
	sasl.oauthbearer.jwks.endpoint.retry.backoff.max.ms = 10000
	sasl.oauthbearer.jwks.endpoint.retry.backoff.ms = 100
	sasl.oauthbearer.jwks.endpoint.url = null
	sasl.oauthbearer.scope.claim.name = scope
	sasl.oauthbearer.sub.claim.name = sub
	sasl.oauthbearer.token.endpoint.url = null
	security.protocol = PLAINTEXT
	security.providers = null
	send.buffer.bytes = 131072
	session.timeout.ms = 45000
	socket.connection.setup.timeout.max.ms = 30000
	socket.connection.setup.timeout.ms = 10000
	ssl.cipher.suites = null
	ssl.enabled.protocols = [TLSv1.2, TLSv1.3]
	ssl.endpoint.identification.algorithm = https
	ssl.engine.factory.class = null
	ssl.key.password = null
	ssl.keymanager.algorithm = SunX509
	ssl.keystore.certificate.chain = null
	ssl.keystore.key = null
	ssl.keystore.location = null
	ssl.keystore.password = null
	ssl.keystore.type = JKS
	ssl.protocol = TLSv1.3
	ssl.provider = null
	ssl.secure.random.implementation = null
	ssl.trustmanager.algorithm = PKIX
	ssl.truststore.certificates = null
	ssl.truststore.location = null
	ssl.truststore.password = null
	ssl.truststore.type = JKS
	value.deserializer = class org.apache.kafka.common.serialization.StringDeserializer

2025-06-30T15:16:06.808-06:00  INFO 28984 --- [proyecto-access-1] [           main] o.a.k.c.t.i.KafkaMetricsCollector        : initializing Kafka metrics collector
2025-06-30T15:16:06.811-06:00  INFO 28984 --- [proyecto-access-1] [           main] o.a.kafka.common.utils.AppInfoParser     : Kafka version: 3.8.1
2025-06-30T15:16:06.812-06:00  INFO 28984 --- [proyecto-access-1] [           main] o.a.kafka.common.utils.AppInfoParser     : Kafka commitId: 70d6ff42debf7e17
2025-06-30T15:16:06.812-06:00  INFO 28984 --- [proyecto-access-1] [           main] o.a.kafka.common.utils.AppInfoParser     : Kafka startTimeMs: 1751318166811
2025-06-30T15:16:06.812-06:00  INFO 28984 --- [proyecto-access-1] [           main] o.a.k.c.c.internals.LegacyKafkaConsumer  : [Consumer clientId=consumer-materia-service-group-11, groupId=materia-service-group] Subscribed to topic(s): get-producto-listado
2025-06-30T15:16:06.814-06:00  INFO 28984 --- [proyecto-access-1] [           main] o.a.k.clients.consumer.ConsumerConfig    : ConsumerConfig values: 
	allow.auto.create.topics = true
	auto.commit.interval.ms = 5000
	auto.include.jmx.reporter = true
	auto.offset.reset = earliest
	bootstrap.servers = [localhost:9092]
	check.crcs = true
	client.dns.lookup = use_all_dns_ips
	client.id = consumer-materia-service-group-12
	client.rack = 
	connections.max.idle.ms = 540000
	default.api.timeout.ms = 60000
	enable.auto.commit = false
	enable.metrics.push = true
	exclude.internal.topics = true
	fetch.max.bytes = 52428800
	fetch.max.wait.ms = 500
	fetch.min.bytes = 1
	group.id = materia-service-group
	group.instance.id = null
	group.protocol = classic
	group.remote.assignor = null
	heartbeat.interval.ms = 3000
	interceptor.classes = []
	internal.leave.group.on.close = true
	internal.throw.on.fetch.stable.offset.unsupported = false
	isolation.level = read_uncommitted
	key.deserializer = class org.apache.kafka.common.serialization.StringDeserializer
	max.partition.fetch.bytes = 1048576
	max.poll.interval.ms = 300000
	max.poll.records = 500
	metadata.max.age.ms = 300000
	metadata.recovery.strategy = none
	metric.reporters = []
	metrics.num.samples = 2
	metrics.recording.level = INFO
	metrics.sample.window.ms = 30000
	partition.assignment.strategy = [class org.apache.kafka.clients.consumer.RangeAssignor, class org.apache.kafka.clients.consumer.CooperativeStickyAssignor]
	receive.buffer.bytes = 65536
	reconnect.backoff.max.ms = 1000
	reconnect.backoff.ms = 50
	request.timeout.ms = 30000
	retry.backoff.max.ms = 1000
	retry.backoff.ms = 100
	sasl.client.callback.handler.class = null
	sasl.jaas.config = null
	sasl.kerberos.kinit.cmd = /usr/bin/kinit
	sasl.kerberos.min.time.before.relogin = 60000
	sasl.kerberos.service.name = null
	sasl.kerberos.ticket.renew.jitter = 0.05
	sasl.kerberos.ticket.renew.window.factor = 0.8
	sasl.login.callback.handler.class = null
	sasl.login.class = null
	sasl.login.connect.timeout.ms = null
	sasl.login.read.timeout.ms = null
	sasl.login.refresh.buffer.seconds = 300
	sasl.login.refresh.min.period.seconds = 60
	sasl.login.refresh.window.factor = 0.8
	sasl.login.refresh.window.jitter = 0.05
	sasl.login.retry.backoff.max.ms = 10000
	sasl.login.retry.backoff.ms = 100
	sasl.mechanism = GSSAPI
	sasl.oauthbearer.clock.skew.seconds = 30
	sasl.oauthbearer.expected.audience = null
	sasl.oauthbearer.expected.issuer = null
	sasl.oauthbearer.jwks.endpoint.refresh.ms = 3600000
	sasl.oauthbearer.jwks.endpoint.retry.backoff.max.ms = 10000
	sasl.oauthbearer.jwks.endpoint.retry.backoff.ms = 100
	sasl.oauthbearer.jwks.endpoint.url = null
	sasl.oauthbearer.scope.claim.name = scope
	sasl.oauthbearer.sub.claim.name = sub
	sasl.oauthbearer.token.endpoint.url = null
	security.protocol = PLAINTEXT
	security.providers = null
	send.buffer.bytes = 131072
	session.timeout.ms = 45000
	socket.connection.setup.timeout.max.ms = 30000
	socket.connection.setup.timeout.ms = 10000
	ssl.cipher.suites = null
	ssl.enabled.protocols = [TLSv1.2, TLSv1.3]
	ssl.endpoint.identification.algorithm = https
	ssl.engine.factory.class = null
	ssl.key.password = null
	ssl.keymanager.algorithm = SunX509
	ssl.keystore.certificate.chain = null
	ssl.keystore.key = null
	ssl.keystore.location = null
	ssl.keystore.password = null
	ssl.keystore.type = JKS
	ssl.protocol = TLSv1.3
	ssl.provider = null
	ssl.secure.random.implementation = null
	ssl.trustmanager.algorithm = PKIX
	ssl.truststore.certificates = null
	ssl.truststore.location = null
	ssl.truststore.password = null
	ssl.truststore.type = JKS
	value.deserializer = class org.apache.kafka.common.serialization.StringDeserializer

2025-06-30T15:16:06.814-06:00  INFO 28984 --- [proyecto-access-1] [           main] o.a.k.c.t.i.KafkaMetricsCollector        : initializing Kafka metrics collector
2025-06-30T15:16:06.819-06:00  INFO 28984 --- [proyecto-access-1] [           main] o.a.kafka.common.utils.AppInfoParser     : Kafka version: 3.8.1
2025-06-30T15:16:06.819-06:00  INFO 28984 --- [proyecto-access-1] [           main] o.a.kafka.common.utils.AppInfoParser     : Kafka commitId: 70d6ff42debf7e17
2025-06-30T15:16:06.819-06:00  INFO 28984 --- [proyecto-access-1] [           main] o.a.kafka.common.utils.AppInfoParser     : Kafka startTimeMs: 1751318166819
2025-06-30T15:16:06.820-06:00  INFO 28984 --- [proyecto-access-1] [           main] o.a.k.c.c.internals.LegacyKafkaConsumer  : [Consumer clientId=consumer-materia-service-group-12, groupId=materia-service-group] Subscribed to topic(s): post-detencion-tiempo
2025-06-30T15:16:06.821-06:00  INFO 28984 --- [proyecto-access-1] [           main] o.a.k.clients.consumer.ConsumerConfig    : ConsumerConfig values: 
	allow.auto.create.topics = true
	auto.commit.interval.ms = 5000
	auto.include.jmx.reporter = true
	auto.offset.reset = earliest
	bootstrap.servers = [localhost:9092]
	check.crcs = true
	client.dns.lookup = use_all_dns_ips
	client.id = consumer-materia-service-group-13
	client.rack = 
	connections.max.idle.ms = 540000
	default.api.timeout.ms = 60000
	enable.auto.commit = false
	enable.metrics.push = true
	exclude.internal.topics = true
	fetch.max.bytes = 52428800
	fetch.max.wait.ms = 500
	fetch.min.bytes = 1
	group.id = materia-service-group
	group.instance.id = null
	group.protocol = classic
	group.remote.assignor = null
	heartbeat.interval.ms = 3000
	interceptor.classes = []
	internal.leave.group.on.close = true
	internal.throw.on.fetch.stable.offset.unsupported = false
	isolation.level = read_uncommitted
	key.deserializer = class org.apache.kafka.common.serialization.StringDeserializer
	max.partition.fetch.bytes = 1048576
	max.poll.interval.ms = 300000
	max.poll.records = 500
	metadata.max.age.ms = 300000
	metadata.recovery.strategy = none
	metric.reporters = []
	metrics.num.samples = 2
	metrics.recording.level = INFO
	metrics.sample.window.ms = 30000
	partition.assignment.strategy = [class org.apache.kafka.clients.consumer.RangeAssignor, class org.apache.kafka.clients.consumer.CooperativeStickyAssignor]
	receive.buffer.bytes = 65536
	reconnect.backoff.max.ms = 1000
	reconnect.backoff.ms = 50
	request.timeout.ms = 30000
	retry.backoff.max.ms = 1000
	retry.backoff.ms = 100
	sasl.client.callback.handler.class = null
	sasl.jaas.config = null
	sasl.kerberos.kinit.cmd = /usr/bin/kinit
	sasl.kerberos.min.time.before.relogin = 60000
	sasl.kerberos.service.name = null
	sasl.kerberos.ticket.renew.jitter = 0.05
	sasl.kerberos.ticket.renew.window.factor = 0.8
	sasl.login.callback.handler.class = null
	sasl.login.class = null
	sasl.login.connect.timeout.ms = null
	sasl.login.read.timeout.ms = null
	sasl.login.refresh.buffer.seconds = 300
	sasl.login.refresh.min.period.seconds = 60
	sasl.login.refresh.window.factor = 0.8
	sasl.login.refresh.window.jitter = 0.05
	sasl.login.retry.backoff.max.ms = 10000
	sasl.login.retry.backoff.ms = 100
	sasl.mechanism = GSSAPI
	sasl.oauthbearer.clock.skew.seconds = 30
	sasl.oauthbearer.expected.audience = null
	sasl.oauthbearer.expected.issuer = null
	sasl.oauthbearer.jwks.endpoint.refresh.ms = 3600000
	sasl.oauthbearer.jwks.endpoint.retry.backoff.max.ms = 10000
	sasl.oauthbearer.jwks.endpoint.retry.backoff.ms = 100
	sasl.oauthbearer.jwks.endpoint.url = null
	sasl.oauthbearer.scope.claim.name = scope
	sasl.oauthbearer.sub.claim.name = sub
	sasl.oauthbearer.token.endpoint.url = null
	security.protocol = PLAINTEXT
	security.providers = null
	send.buffer.bytes = 131072
	session.timeout.ms = 45000
	socket.connection.setup.timeout.max.ms = 30000
	socket.connection.setup.timeout.ms = 10000
	ssl.cipher.suites = null
	ssl.enabled.protocols = [TLSv1.2, TLSv1.3]
	ssl.endpoint.identification.algorithm = https
	ssl.engine.factory.class = null
	ssl.key.password = null
	ssl.keymanager.algorithm = SunX509
	ssl.keystore.certificate.chain = null
	ssl.keystore.key = null
	ssl.keystore.location = null
	ssl.keystore.password = null
	ssl.keystore.type = JKS
	ssl.protocol = TLSv1.3
	ssl.provider = null
	ssl.secure.random.implementation = null
	ssl.trustmanager.algorithm = PKIX
	ssl.truststore.certificates = null
	ssl.truststore.location = null
	ssl.truststore.password = null
	ssl.truststore.type = JKS
	value.deserializer = class org.apache.kafka.common.serialization.StringDeserializer

2025-06-30T15:16:06.822-06:00  INFO 28984 --- [proyecto-access-1] [           main] o.a.k.c.t.i.KafkaMetricsCollector        : initializing Kafka metrics collector
2025-06-30T15:16:06.826-06:00  INFO 28984 --- [proyecto-access-1] [           main] o.a.kafka.common.utils.AppInfoParser     : Kafka version: 3.8.1
2025-06-30T15:16:06.827-06:00  INFO 28984 --- [proyecto-access-1] [           main] o.a.kafka.common.utils.AppInfoParser     : Kafka commitId: 70d6ff42debf7e17
2025-06-30T15:16:06.827-06:00  INFO 28984 --- [proyecto-access-1] [           main] o.a.kafka.common.utils.AppInfoParser     : Kafka startTimeMs: 1751318166826
2025-06-30T15:16:06.827-06:00  INFO 28984 --- [proyecto-access-1] [           main] o.a.k.c.c.internals.LegacyKafkaConsumer  : [Consumer clientId=consumer-materia-service-group-13, groupId=materia-service-group] Subscribed to topic(s): get-registro-tiempo
2025-06-30T15:16:06.829-06:00  INFO 28984 --- [proyecto-access-1] [           main] o.a.k.clients.consumer.ConsumerConfig    : ConsumerConfig values: 
	allow.auto.create.topics = true
	auto.commit.interval.ms = 5000
	auto.include.jmx.reporter = true
	auto.offset.reset = earliest
	bootstrap.servers = [localhost:9092]
	check.crcs = true
	client.dns.lookup = use_all_dns_ips
	client.id = consumer-materia-service-group-14
	client.rack = 
	connections.max.idle.ms = 540000
	default.api.timeout.ms = 60000
	enable.auto.commit = false
	enable.metrics.push = true
	exclude.internal.topics = true
	fetch.max.bytes = 52428800
	fetch.max.wait.ms = 500
	fetch.min.bytes = 1
	group.id = materia-service-group
	group.instance.id = null
	group.protocol = classic
	group.remote.assignor = null
	heartbeat.interval.ms = 3000
	interceptor.classes = []
	internal.leave.group.on.close = true
	internal.throw.on.fetch.stable.offset.unsupported = false
	isolation.level = read_uncommitted
	key.deserializer = class org.apache.kafka.common.serialization.StringDeserializer
	max.partition.fetch.bytes = 1048576
	max.poll.interval.ms = 300000
	max.poll.records = 500
	metadata.max.age.ms = 300000
	metadata.recovery.strategy = none
	metric.reporters = []
	metrics.num.samples = 2
	metrics.recording.level = INFO
	metrics.sample.window.ms = 30000
	partition.assignment.strategy = [class org.apache.kafka.clients.consumer.RangeAssignor, class org.apache.kafka.clients.consumer.CooperativeStickyAssignor]
	receive.buffer.bytes = 65536
	reconnect.backoff.max.ms = 1000
	reconnect.backoff.ms = 50
	request.timeout.ms = 30000
	retry.backoff.max.ms = 1000
	retry.backoff.ms = 100
	sasl.client.callback.handler.class = null
	sasl.jaas.config = null
	sasl.kerberos.kinit.cmd = /usr/bin/kinit
	sasl.kerberos.min.time.before.relogin = 60000
	sasl.kerberos.service.name = null
	sasl.kerberos.ticket.renew.jitter = 0.05
	sasl.kerberos.ticket.renew.window.factor = 0.8
	sasl.login.callback.handler.class = null
	sasl.login.class = null
	sasl.login.connect.timeout.ms = null
	sasl.login.read.timeout.ms = null
	sasl.login.refresh.buffer.seconds = 300
	sasl.login.refresh.min.period.seconds = 60
	sasl.login.refresh.window.factor = 0.8
	sasl.login.refresh.window.jitter = 0.05
	sasl.login.retry.backoff.max.ms = 10000
	sasl.login.retry.backoff.ms = 100
	sasl.mechanism = GSSAPI
	sasl.oauthbearer.clock.skew.seconds = 30
	sasl.oauthbearer.expected.audience = null
	sasl.oauthbearer.expected.issuer = null
	sasl.oauthbearer.jwks.endpoint.refresh.ms = 3600000
	sasl.oauthbearer.jwks.endpoint.retry.backoff.max.ms = 10000
	sasl.oauthbearer.jwks.endpoint.retry.backoff.ms = 100
	sasl.oauthbearer.jwks.endpoint.url = null
	sasl.oauthbearer.scope.claim.name = scope
	sasl.oauthbearer.sub.claim.name = sub
	sasl.oauthbearer.token.endpoint.url = null
	security.protocol = PLAINTEXT
	security.providers = null
	send.buffer.bytes = 131072
	session.timeout.ms = 45000
	socket.connection.setup.timeout.max.ms = 30000
	socket.connection.setup.timeout.ms = 10000
	ssl.cipher.suites = null
	ssl.enabled.protocols = [TLSv1.2, TLSv1.3]
	ssl.endpoint.identification.algorithm = https
	ssl.engine.factory.class = null
	ssl.key.password = null
	ssl.keymanager.algorithm = SunX509
	ssl.keystore.certificate.chain = null
	ssl.keystore.key = null
	ssl.keystore.location = null
	ssl.keystore.password = null
	ssl.keystore.type = JKS
	ssl.protocol = TLSv1.3
	ssl.provider = null
	ssl.secure.random.implementation = null
	ssl.trustmanager.algorithm = PKIX
	ssl.truststore.certificates = null
	ssl.truststore.location = null
	ssl.truststore.password = null
	ssl.truststore.type = JKS
	value.deserializer = class org.apache.kafka.common.serialization.StringDeserializer

2025-06-30T15:16:06.829-06:00  INFO 28984 --- [proyecto-access-1] [           main] o.a.k.c.t.i.KafkaMetricsCollector        : initializing Kafka metrics collector
2025-06-30T15:16:06.833-06:00  INFO 28984 --- [proyecto-access-1] [           main] o.a.kafka.common.utils.AppInfoParser     : Kafka version: 3.8.1
2025-06-30T15:16:06.834-06:00  INFO 28984 --- [proyecto-access-1] [           main] o.a.kafka.common.utils.AppInfoParser     : Kafka commitId: 70d6ff42debf7e17
2025-06-30T15:16:06.834-06:00  INFO 28984 --- [proyecto-access-1] [           main] o.a.kafka.common.utils.AppInfoParser     : Kafka startTimeMs: 1751318166833
2025-06-30T15:16:06.834-06:00  INFO 28984 --- [proyecto-access-1] [           main] o.a.k.c.c.internals.LegacyKafkaConsumer  : [Consumer clientId=consumer-materia-service-group-14, groupId=materia-service-group] Subscribed to topic(s): get-bitacora-inventario
2025-06-30T15:16:06.836-06:00  INFO 28984 --- [proyecto-access-1] [           main] o.a.k.clients.consumer.ConsumerConfig    : ConsumerConfig values: 
	allow.auto.create.topics = true
	auto.commit.interval.ms = 5000
	auto.include.jmx.reporter = true
	auto.offset.reset = earliest
	bootstrap.servers = [localhost:9092]
	check.crcs = true
	client.dns.lookup = use_all_dns_ips
	client.id = consumer-materia-service-group-15
	client.rack = 
	connections.max.idle.ms = 540000
	default.api.timeout.ms = 60000
	enable.auto.commit = false
	enable.metrics.push = true
	exclude.internal.topics = true
	fetch.max.bytes = 52428800
	fetch.max.wait.ms = 500
	fetch.min.bytes = 1
	group.id = materia-service-group
	group.instance.id = null
	group.protocol = classic
	group.remote.assignor = null
	heartbeat.interval.ms = 3000
	interceptor.classes = []
	internal.leave.group.on.close = true
	internal.throw.on.fetch.stable.offset.unsupported = false
	isolation.level = read_uncommitted
	key.deserializer = class org.apache.kafka.common.serialization.StringDeserializer
	max.partition.fetch.bytes = 1048576
	max.poll.interval.ms = 300000
	max.poll.records = 500
	metadata.max.age.ms = 300000
	metadata.recovery.strategy = none
	metric.reporters = []
	metrics.num.samples = 2
	metrics.recording.level = INFO
	metrics.sample.window.ms = 30000
	partition.assignment.strategy = [class org.apache.kafka.clients.consumer.RangeAssignor, class org.apache.kafka.clients.consumer.CooperativeStickyAssignor]
	receive.buffer.bytes = 65536
	reconnect.backoff.max.ms = 1000
	reconnect.backoff.ms = 50
	request.timeout.ms = 30000
	retry.backoff.max.ms = 1000
	retry.backoff.ms = 100
	sasl.client.callback.handler.class = null
	sasl.jaas.config = null
	sasl.kerberos.kinit.cmd = /usr/bin/kinit
	sasl.kerberos.min.time.before.relogin = 60000
	sasl.kerberos.service.name = null
	sasl.kerberos.ticket.renew.jitter = 0.05
	sasl.kerberos.ticket.renew.window.factor = 0.8
	sasl.login.callback.handler.class = null
	sasl.login.class = null
	sasl.login.connect.timeout.ms = null
	sasl.login.read.timeout.ms = null
	sasl.login.refresh.buffer.seconds = 300
	sasl.login.refresh.min.period.seconds = 60
	sasl.login.refresh.window.factor = 0.8
	sasl.login.refresh.window.jitter = 0.05
	sasl.login.retry.backoff.max.ms = 10000
	sasl.login.retry.backoff.ms = 100
	sasl.mechanism = GSSAPI
	sasl.oauthbearer.clock.skew.seconds = 30
	sasl.oauthbearer.expected.audience = null
	sasl.oauthbearer.expected.issuer = null
	sasl.oauthbearer.jwks.endpoint.refresh.ms = 3600000
	sasl.oauthbearer.jwks.endpoint.retry.backoff.max.ms = 10000
	sasl.oauthbearer.jwks.endpoint.retry.backoff.ms = 100
	sasl.oauthbearer.jwks.endpoint.url = null
	sasl.oauthbearer.scope.claim.name = scope
	sasl.oauthbearer.sub.claim.name = sub
	sasl.oauthbearer.token.endpoint.url = null
	security.protocol = PLAINTEXT
	security.providers = null
	send.buffer.bytes = 131072
	session.timeout.ms = 45000
	socket.connection.setup.timeout.max.ms = 30000
	socket.connection.setup.timeout.ms = 10000
	ssl.cipher.suites = null
	ssl.enabled.protocols = [TLSv1.2, TLSv1.3]
	ssl.endpoint.identification.algorithm = https
	ssl.engine.factory.class = null
	ssl.key.password = null
	ssl.keymanager.algorithm = SunX509
	ssl.keystore.certificate.chain = null
	ssl.keystore.key = null
	ssl.keystore.location = null
	ssl.keystore.password = null
	ssl.keystore.type = JKS
	ssl.protocol = TLSv1.3
	ssl.provider = null
	ssl.secure.random.implementation = null
	ssl.trustmanager.algorithm = PKIX
	ssl.truststore.certificates = null
	ssl.truststore.location = null
	ssl.truststore.password = null
	ssl.truststore.type = JKS
	value.deserializer = class org.apache.kafka.common.serialization.StringDeserializer

2025-06-30T15:16:06.837-06:00  INFO 28984 --- [proyecto-access-1] [           main] o.a.k.c.t.i.KafkaMetricsCollector        : initializing Kafka metrics collector
2025-06-30T15:16:06.842-06:00  INFO 28984 --- [proyecto-access-1] [           main] o.a.kafka.common.utils.AppInfoParser     : Kafka version: 3.8.1
2025-06-30T15:16:06.842-06:00  INFO 28984 --- [proyecto-access-1] [           main] o.a.kafka.common.utils.AppInfoParser     : Kafka commitId: 70d6ff42debf7e17
2025-06-30T15:16:06.842-06:00  INFO 28984 --- [proyecto-access-1] [           main] o.a.kafka.common.utils.AppInfoParser     : Kafka startTimeMs: 1751318166842
2025-06-30T15:16:06.843-06:00  INFO 28984 --- [proyecto-access-1] [           main] o.a.k.c.c.internals.LegacyKafkaConsumer  : [Consumer clientId=consumer-materia-service-group-15, groupId=materia-service-group] Subscribed to topic(s): put-pausar-tiempo
2025-06-30T15:16:06.844-06:00  INFO 28984 --- [proyecto-access-1] [           main] o.a.k.clients.consumer.ConsumerConfig    : ConsumerConfig values: 
	allow.auto.create.topics = true
	auto.commit.interval.ms = 5000
	auto.include.jmx.reporter = true
	auto.offset.reset = earliest
	bootstrap.servers = [localhost:9092]
	check.crcs = true
	client.dns.lookup = use_all_dns_ips
	client.id = consumer-materia-service-group-16
	client.rack = 
	connections.max.idle.ms = 540000
	default.api.timeout.ms = 60000
	enable.auto.commit = false
	enable.metrics.push = true
	exclude.internal.topics = true
	fetch.max.bytes = 52428800
	fetch.max.wait.ms = 500
	fetch.min.bytes = 1
	group.id = materia-service-group
	group.instance.id = null
	group.protocol = classic
	group.remote.assignor = null
	heartbeat.interval.ms = 3000
	interceptor.classes = []
	internal.leave.group.on.close = true
	internal.throw.on.fetch.stable.offset.unsupported = false
	isolation.level = read_uncommitted
	key.deserializer = class org.apache.kafka.common.serialization.StringDeserializer
	max.partition.fetch.bytes = 1048576
	max.poll.interval.ms = 300000
	max.poll.records = 500
	metadata.max.age.ms = 300000
	metadata.recovery.strategy = none
	metric.reporters = []
	metrics.num.samples = 2
	metrics.recording.level = INFO
	metrics.sample.window.ms = 30000
	partition.assignment.strategy = [class org.apache.kafka.clients.consumer.RangeAssignor, class org.apache.kafka.clients.consumer.CooperativeStickyAssignor]
	receive.buffer.bytes = 65536
	reconnect.backoff.max.ms = 1000
	reconnect.backoff.ms = 50
	request.timeout.ms = 30000
	retry.backoff.max.ms = 1000
	retry.backoff.ms = 100
	sasl.client.callback.handler.class = null
	sasl.jaas.config = null
	sasl.kerberos.kinit.cmd = /usr/bin/kinit
	sasl.kerberos.min.time.before.relogin = 60000
	sasl.kerberos.service.name = null
	sasl.kerberos.ticket.renew.jitter = 0.05
	sasl.kerberos.ticket.renew.window.factor = 0.8
	sasl.login.callback.handler.class = null
	sasl.login.class = null
	sasl.login.connect.timeout.ms = null
	sasl.login.read.timeout.ms = null
	sasl.login.refresh.buffer.seconds = 300
	sasl.login.refresh.min.period.seconds = 60
	sasl.login.refresh.window.factor = 0.8
	sasl.login.refresh.window.jitter = 0.05
	sasl.login.retry.backoff.max.ms = 10000
	sasl.login.retry.backoff.ms = 100
	sasl.mechanism = GSSAPI
	sasl.oauthbearer.clock.skew.seconds = 30
	sasl.oauthbearer.expected.audience = null
	sasl.oauthbearer.expected.issuer = null
	sasl.oauthbearer.jwks.endpoint.refresh.ms = 3600000
	sasl.oauthbearer.jwks.endpoint.retry.backoff.max.ms = 10000
	sasl.oauthbearer.jwks.endpoint.retry.backoff.ms = 100
	sasl.oauthbearer.jwks.endpoint.url = null
	sasl.oauthbearer.scope.claim.name = scope
	sasl.oauthbearer.sub.claim.name = sub
	sasl.oauthbearer.token.endpoint.url = null
	security.protocol = PLAINTEXT
	security.providers = null
	send.buffer.bytes = 131072
	session.timeout.ms = 45000
	socket.connection.setup.timeout.max.ms = 30000
	socket.connection.setup.timeout.ms = 10000
	ssl.cipher.suites = null
	ssl.enabled.protocols = [TLSv1.2, TLSv1.3]
	ssl.endpoint.identification.algorithm = https
	ssl.engine.factory.class = null
	ssl.key.password = null
	ssl.keymanager.algorithm = SunX509
	ssl.keystore.certificate.chain = null
	ssl.keystore.key = null
	ssl.keystore.location = null
	ssl.keystore.password = null
	ssl.keystore.type = JKS
	ssl.protocol = TLSv1.3
	ssl.provider = null
	ssl.secure.random.implementation = null
	ssl.trustmanager.algorithm = PKIX
	ssl.truststore.certificates = null
	ssl.truststore.location = null
	ssl.truststore.password = null
	ssl.truststore.type = JKS
	value.deserializer = class org.apache.kafka.common.serialization.StringDeserializer

2025-06-30T15:16:06.845-06:00  INFO 28984 --- [proyecto-access-1] [           main] o.a.k.c.t.i.KafkaMetricsCollector        : initializing Kafka metrics collector
2025-06-30T15:16:06.851-06:00  INFO 28984 --- [proyecto-access-1] [           main] o.a.kafka.common.utils.AppInfoParser     : Kafka version: 3.8.1
2025-06-30T15:16:06.851-06:00  INFO 28984 --- [proyecto-access-1] [           main] o.a.kafka.common.utils.AppInfoParser     : Kafka commitId: 70d6ff42debf7e17
2025-06-30T15:16:06.851-06:00  INFO 28984 --- [proyecto-access-1] [           main] o.a.kafka.common.utils.AppInfoParser     : Kafka startTimeMs: 1751318166851
2025-06-30T15:16:06.852-06:00  INFO 28984 --- [proyecto-access-1] [           main] o.a.k.c.c.internals.LegacyKafkaConsumer  : [Consumer clientId=consumer-materia-service-group-16, groupId=materia-service-group] Subscribed to topic(s): get-bitacora-produccion
2025-06-30T15:16:06.853-06:00  INFO 28984 --- [proyecto-access-1] [           main] o.a.k.clients.consumer.ConsumerConfig    : ConsumerConfig values: 
	allow.auto.create.topics = true
	auto.commit.interval.ms = 5000
	auto.include.jmx.reporter = true
	auto.offset.reset = earliest
	bootstrap.servers = [localhost:9092]
	check.crcs = true
	client.dns.lookup = use_all_dns_ips
	client.id = consumer-materia-service-group-17
	client.rack = 
	connections.max.idle.ms = 540000
	default.api.timeout.ms = 60000
	enable.auto.commit = false
	enable.metrics.push = true
	exclude.internal.topics = true
	fetch.max.bytes = 52428800
	fetch.max.wait.ms = 500
	fetch.min.bytes = 1
	group.id = materia-service-group
	group.instance.id = null
	group.protocol = classic
	group.remote.assignor = null
	heartbeat.interval.ms = 3000
	interceptor.classes = []
	internal.leave.group.on.close = true
	internal.throw.on.fetch.stable.offset.unsupported = false
	isolation.level = read_uncommitted
	key.deserializer = class org.apache.kafka.common.serialization.StringDeserializer
	max.partition.fetch.bytes = 1048576
	max.poll.interval.ms = 300000
	max.poll.records = 500
	metadata.max.age.ms = 300000
	metadata.recovery.strategy = none
	metric.reporters = []
	metrics.num.samples = 2
	metrics.recording.level = INFO
	metrics.sample.window.ms = 30000
	partition.assignment.strategy = [class org.apache.kafka.clients.consumer.RangeAssignor, class org.apache.kafka.clients.consumer.CooperativeStickyAssignor]
	receive.buffer.bytes = 65536
	reconnect.backoff.max.ms = 1000
	reconnect.backoff.ms = 50
	request.timeout.ms = 30000
	retry.backoff.max.ms = 1000
	retry.backoff.ms = 100
	sasl.client.callback.handler.class = null
	sasl.jaas.config = null
	sasl.kerberos.kinit.cmd = /usr/bin/kinit
	sasl.kerberos.min.time.before.relogin = 60000
	sasl.kerberos.service.name = null
	sasl.kerberos.ticket.renew.jitter = 0.05
	sasl.kerberos.ticket.renew.window.factor = 0.8
	sasl.login.callback.handler.class = null
	sasl.login.class = null
	sasl.login.connect.timeout.ms = null
	sasl.login.read.timeout.ms = null
	sasl.login.refresh.buffer.seconds = 300
	sasl.login.refresh.min.period.seconds = 60
	sasl.login.refresh.window.factor = 0.8
	sasl.login.refresh.window.jitter = 0.05
	sasl.login.retry.backoff.max.ms = 10000
	sasl.login.retry.backoff.ms = 100
	sasl.mechanism = GSSAPI
	sasl.oauthbearer.clock.skew.seconds = 30
	sasl.oauthbearer.expected.audience = null
	sasl.oauthbearer.expected.issuer = null
	sasl.oauthbearer.jwks.endpoint.refresh.ms = 3600000
	sasl.oauthbearer.jwks.endpoint.retry.backoff.max.ms = 10000
	sasl.oauthbearer.jwks.endpoint.retry.backoff.ms = 100
	sasl.oauthbearer.jwks.endpoint.url = null
	sasl.oauthbearer.scope.claim.name = scope
	sasl.oauthbearer.sub.claim.name = sub
	sasl.oauthbearer.token.endpoint.url = null
	security.protocol = PLAINTEXT
	security.providers = null
	send.buffer.bytes = 131072
	session.timeout.ms = 45000
	socket.connection.setup.timeout.max.ms = 30000
	socket.connection.setup.timeout.ms = 10000
	ssl.cipher.suites = null
	ssl.enabled.protocols = [TLSv1.2, TLSv1.3]
	ssl.endpoint.identification.algorithm = https
	ssl.engine.factory.class = null
	ssl.key.password = null
	ssl.keymanager.algorithm = SunX509
	ssl.keystore.certificate.chain = null
	ssl.keystore.key = null
	ssl.keystore.location = null
	ssl.keystore.password = null
	ssl.keystore.type = JKS
	ssl.protocol = TLSv1.3
	ssl.provider = null
	ssl.secure.random.implementation = null
	ssl.trustmanager.algorithm = PKIX
	ssl.truststore.certificates = null
	ssl.truststore.location = null
	ssl.truststore.password = null
	ssl.truststore.type = JKS
	value.deserializer = class org.apache.kafka.common.serialization.StringDeserializer

2025-06-30T15:16:06.854-06:00  INFO 28984 --- [proyecto-access-1] [           main] o.a.k.c.t.i.KafkaMetricsCollector        : initializing Kafka metrics collector
2025-06-30T15:16:06.857-06:00  INFO 28984 --- [proyecto-access-1] [           main] o.a.kafka.common.utils.AppInfoParser     : Kafka version: 3.8.1
2025-06-30T15:16:06.859-06:00  INFO 28984 --- [proyecto-access-1] [           main] o.a.kafka.common.utils.AppInfoParser     : Kafka commitId: 70d6ff42debf7e17
2025-06-30T15:16:06.859-06:00  INFO 28984 --- [proyecto-access-1] [           main] o.a.kafka.common.utils.AppInfoParser     : Kafka startTimeMs: 1751318166857
2025-06-30T15:16:06.859-06:00  INFO 28984 --- [proyecto-access-1] [           main] o.a.k.c.c.internals.LegacyKafkaConsumer  : [Consumer clientId=consumer-materia-service-group-17, groupId=materia-service-group] Subscribed to topic(s): post-iniciar-tiempo
2025-06-30T15:16:06.859-06:00  INFO 28984 --- [proyecto-access-1] [           main] o.a.k.clients.consumer.ConsumerConfig    : ConsumerConfig values: 
	allow.auto.create.topics = true
	auto.commit.interval.ms = 5000
	auto.include.jmx.reporter = true
	auto.offset.reset = earliest
	bootstrap.servers = [localhost:9092]
	check.crcs = true
	client.dns.lookup = use_all_dns_ips
	client.id = consumer-materia-service-group-18
	client.rack = 
	connections.max.idle.ms = 540000
	default.api.timeout.ms = 60000
	enable.auto.commit = false
	enable.metrics.push = true
	exclude.internal.topics = true
	fetch.max.bytes = 52428800
	fetch.max.wait.ms = 500
	fetch.min.bytes = 1
	group.id = materia-service-group
	group.instance.id = null
	group.protocol = classic
	group.remote.assignor = null
	heartbeat.interval.ms = 3000
	interceptor.classes = []
	internal.leave.group.on.close = true
	internal.throw.on.fetch.stable.offset.unsupported = false
	isolation.level = read_uncommitted
	key.deserializer = class org.apache.kafka.common.serialization.StringDeserializer
	max.partition.fetch.bytes = 1048576
	max.poll.interval.ms = 300000
	max.poll.records = 500
	metadata.max.age.ms = 300000
	metadata.recovery.strategy = none
	metric.reporters = []
	metrics.num.samples = 2
	metrics.recording.level = INFO
	metrics.sample.window.ms = 30000
	partition.assignment.strategy = [class org.apache.kafka.clients.consumer.RangeAssignor, class org.apache.kafka.clients.consumer.CooperativeStickyAssignor]
	receive.buffer.bytes = 65536
	reconnect.backoff.max.ms = 1000
	reconnect.backoff.ms = 50
	request.timeout.ms = 30000
	retry.backoff.max.ms = 1000
	retry.backoff.ms = 100
	sasl.client.callback.handler.class = null
	sasl.jaas.config = null
	sasl.kerberos.kinit.cmd = /usr/bin/kinit
	sasl.kerberos.min.time.before.relogin = 60000
	sasl.kerberos.service.name = null
	sasl.kerberos.ticket.renew.jitter = 0.05
	sasl.kerberos.ticket.renew.window.factor = 0.8
	sasl.login.callback.handler.class = null
	sasl.login.class = null
	sasl.login.connect.timeout.ms = null
	sasl.login.read.timeout.ms = null
	sasl.login.refresh.buffer.seconds = 300
	sasl.login.refresh.min.period.seconds = 60
	sasl.login.refresh.window.factor = 0.8
	sasl.login.refresh.window.jitter = 0.05
	sasl.login.retry.backoff.max.ms = 10000
	sasl.login.retry.backoff.ms = 100
	sasl.mechanism = GSSAPI
	sasl.oauthbearer.clock.skew.seconds = 30
	sasl.oauthbearer.expected.audience = null
	sasl.oauthbearer.expected.issuer = null
	sasl.oauthbearer.jwks.endpoint.refresh.ms = 3600000
	sasl.oauthbearer.jwks.endpoint.retry.backoff.max.ms = 10000
	sasl.oauthbearer.jwks.endpoint.retry.backoff.ms = 100
	sasl.oauthbearer.jwks.endpoint.url = null
	sasl.oauthbearer.scope.claim.name = scope
	sasl.oauthbearer.sub.claim.name = sub
	sasl.oauthbearer.token.endpoint.url = null
	security.protocol = PLAINTEXT
	security.providers = null
	send.buffer.bytes = 131072
	session.timeout.ms = 45000
	socket.connection.setup.timeout.max.ms = 30000
	socket.connection.setup.timeout.ms = 10000
	ssl.cipher.suites = null
	ssl.enabled.protocols = [TLSv1.2, TLSv1.3]
	ssl.endpoint.identification.algorithm = https
	ssl.engine.factory.class = null
	ssl.key.password = null
	ssl.keymanager.algorithm = SunX509
	ssl.keystore.certificate.chain = null
	ssl.keystore.key = null
	ssl.keystore.location = null
	ssl.keystore.password = null
	ssl.keystore.type = JKS
	ssl.protocol = TLSv1.3
	ssl.provider = null
	ssl.secure.random.implementation = null
	ssl.trustmanager.algorithm = PKIX
	ssl.truststore.certificates = null
	ssl.truststore.location = null
	ssl.truststore.password = null
	ssl.truststore.type = JKS
	value.deserializer = class org.apache.kafka.common.serialization.StringDeserializer

2025-06-30T15:16:06.860-06:00  INFO 28984 --- [proyecto-access-1] [           main] o.a.k.c.t.i.KafkaMetricsCollector        : initializing Kafka metrics collector
2025-06-30T15:16:06.865-06:00  INFO 28984 --- [proyecto-access-1] [           main] o.a.kafka.common.utils.AppInfoParser     : Kafka version: 3.8.1
2025-06-30T15:16:06.865-06:00  INFO 28984 --- [proyecto-access-1] [           main] o.a.kafka.common.utils.AppInfoParser     : Kafka commitId: 70d6ff42debf7e17
2025-06-30T15:16:06.865-06:00  INFO 28984 --- [proyecto-access-1] [           main] o.a.kafka.common.utils.AppInfoParser     : Kafka startTimeMs: 1751318166865
2025-06-30T15:16:06.865-06:00  INFO 28984 --- [proyecto-access-1] [           main] o.a.k.c.c.internals.LegacyKafkaConsumer  : [Consumer clientId=consumer-materia-service-group-18, groupId=materia-service-group] Subscribed to topic(s): get-tiempos-periodo
2025-06-30T15:16:06.866-06:00  INFO 28984 --- [proyecto-access-1] [           main] o.a.k.clients.consumer.ConsumerConfig    : ConsumerConfig values: 
	allow.auto.create.topics = true
	auto.commit.interval.ms = 5000
	auto.include.jmx.reporter = true
	auto.offset.reset = earliest
	bootstrap.servers = [localhost:9092]
	check.crcs = true
	client.dns.lookup = use_all_dns_ips
	client.id = consumer-materia-service-group-19
	client.rack = 
	connections.max.idle.ms = 540000
	default.api.timeout.ms = 60000
	enable.auto.commit = false
	enable.metrics.push = true
	exclude.internal.topics = true
	fetch.max.bytes = 52428800
	fetch.max.wait.ms = 500
	fetch.min.bytes = 1
	group.id = materia-service-group
	group.instance.id = null
	group.protocol = classic
	group.remote.assignor = null
	heartbeat.interval.ms = 3000
	interceptor.classes = []
	internal.leave.group.on.close = true
	internal.throw.on.fetch.stable.offset.unsupported = false
	isolation.level = read_uncommitted
	key.deserializer = class org.apache.kafka.common.serialization.StringDeserializer
	max.partition.fetch.bytes = 1048576
	max.poll.interval.ms = 300000
	max.poll.records = 500
	metadata.max.age.ms = 300000
	metadata.recovery.strategy = none
	metric.reporters = []
	metrics.num.samples = 2
	metrics.recording.level = INFO
	metrics.sample.window.ms = 30000
	partition.assignment.strategy = [class org.apache.kafka.clients.consumer.RangeAssignor, class org.apache.kafka.clients.consumer.CooperativeStickyAssignor]
	receive.buffer.bytes = 65536
	reconnect.backoff.max.ms = 1000
	reconnect.backoff.ms = 50
	request.timeout.ms = 30000
	retry.backoff.max.ms = 1000
	retry.backoff.ms = 100
	sasl.client.callback.handler.class = null
	sasl.jaas.config = null
	sasl.kerberos.kinit.cmd = /usr/bin/kinit
	sasl.kerberos.min.time.before.relogin = 60000
	sasl.kerberos.service.name = null
	sasl.kerberos.ticket.renew.jitter = 0.05
	sasl.kerberos.ticket.renew.window.factor = 0.8
	sasl.login.callback.handler.class = null
	sasl.login.class = null
	sasl.login.connect.timeout.ms = null
	sasl.login.read.timeout.ms = null
	sasl.login.refresh.buffer.seconds = 300
	sasl.login.refresh.min.period.seconds = 60
	sasl.login.refresh.window.factor = 0.8
	sasl.login.refresh.window.jitter = 0.05
	sasl.login.retry.backoff.max.ms = 10000
	sasl.login.retry.backoff.ms = 100
	sasl.mechanism = GSSAPI
	sasl.oauthbearer.clock.skew.seconds = 30
	sasl.oauthbearer.expected.audience = null
	sasl.oauthbearer.expected.issuer = null
	sasl.oauthbearer.jwks.endpoint.refresh.ms = 3600000
	sasl.oauthbearer.jwks.endpoint.retry.backoff.max.ms = 10000
	sasl.oauthbearer.jwks.endpoint.retry.backoff.ms = 100
	sasl.oauthbearer.jwks.endpoint.url = null
	sasl.oauthbearer.scope.claim.name = scope
	sasl.oauthbearer.sub.claim.name = sub
	sasl.oauthbearer.token.endpoint.url = null
	security.protocol = PLAINTEXT
	security.providers = null
	send.buffer.bytes = 131072
	session.timeout.ms = 45000
	socket.connection.setup.timeout.max.ms = 30000
	socket.connection.setup.timeout.ms = 10000
	ssl.cipher.suites = null
	ssl.enabled.protocols = [TLSv1.2, TLSv1.3]
	ssl.endpoint.identification.algorithm = https
	ssl.engine.factory.class = null
	ssl.key.password = null
	ssl.keymanager.algorithm = SunX509
	ssl.keystore.certificate.chain = null
	ssl.keystore.key = null
	ssl.keystore.location = null
	ssl.keystore.password = null
	ssl.keystore.type = JKS
	ssl.protocol = TLSv1.3
	ssl.provider = null
	ssl.secure.random.implementation = null
	ssl.trustmanager.algorithm = PKIX
	ssl.truststore.certificates = null
	ssl.truststore.location = null
	ssl.truststore.password = null
	ssl.truststore.type = JKS
	value.deserializer = class org.apache.kafka.common.serialization.StringDeserializer

2025-06-30T15:16:06.866-06:00  INFO 28984 --- [proyecto-access-1] [           main] o.a.k.c.t.i.KafkaMetricsCollector        : initializing Kafka metrics collector
2025-06-30T15:16:06.871-06:00  INFO 28984 --- [proyecto-access-1] [           main] o.a.kafka.common.utils.AppInfoParser     : Kafka version: 3.8.1
2025-06-30T15:16:06.871-06:00  INFO 28984 --- [proyecto-access-1] [           main] o.a.kafka.common.utils.AppInfoParser     : Kafka commitId: 70d6ff42debf7e17
2025-06-30T15:16:06.871-06:00  INFO 28984 --- [proyecto-access-1] [           main] o.a.kafka.common.utils.AppInfoParser     : Kafka startTimeMs: 1751318166871
2025-06-30T15:16:06.871-06:00  INFO 28984 --- [proyecto-access-1] [           main] o.a.k.c.c.internals.LegacyKafkaConsumer  : [Consumer clientId=consumer-materia-service-group-19, groupId=materia-service-group] Subscribed to topic(s): put-desactivar-detencion
2025-06-30T15:16:06.873-06:00  INFO 28984 --- [proyecto-access-1] [           main] o.a.k.clients.consumer.ConsumerConfig    : ConsumerConfig values: 
	allow.auto.create.topics = true
	auto.commit.interval.ms = 5000
	auto.include.jmx.reporter = true
	auto.offset.reset = earliest
	bootstrap.servers = [localhost:9092]
	check.crcs = true
	client.dns.lookup = use_all_dns_ips
	client.id = consumer-materia-service-group-20
	client.rack = 
	connections.max.idle.ms = 540000
	default.api.timeout.ms = 60000
	enable.auto.commit = false
	enable.metrics.push = true
	exclude.internal.topics = true
	fetch.max.bytes = 52428800
	fetch.max.wait.ms = 500
	fetch.min.bytes = 1
	group.id = materia-service-group
	group.instance.id = null
	group.protocol = classic
	group.remote.assignor = null
	heartbeat.interval.ms = 3000
	interceptor.classes = []
	internal.leave.group.on.close = true
	internal.throw.on.fetch.stable.offset.unsupported = false
	isolation.level = read_uncommitted
	key.deserializer = class org.apache.kafka.common.serialization.StringDeserializer
	max.partition.fetch.bytes = 1048576
	max.poll.interval.ms = 300000
	max.poll.records = 500
	metadata.max.age.ms = 300000
	metadata.recovery.strategy = none
	metric.reporters = []
	metrics.num.samples = 2
	metrics.recording.level = INFO
	metrics.sample.window.ms = 30000
	partition.assignment.strategy = [class org.apache.kafka.clients.consumer.RangeAssignor, class org.apache.kafka.clients.consumer.CooperativeStickyAssignor]
	receive.buffer.bytes = 65536
	reconnect.backoff.max.ms = 1000
	reconnect.backoff.ms = 50
	request.timeout.ms = 30000
	retry.backoff.max.ms = 1000
	retry.backoff.ms = 100
	sasl.client.callback.handler.class = null
	sasl.jaas.config = null
	sasl.kerberos.kinit.cmd = /usr/bin/kinit
	sasl.kerberos.min.time.before.relogin = 60000
	sasl.kerberos.service.name = null
	sasl.kerberos.ticket.renew.jitter = 0.05
	sasl.kerberos.ticket.renew.window.factor = 0.8
	sasl.login.callback.handler.class = null
	sasl.login.class = null
	sasl.login.connect.timeout.ms = null
	sasl.login.read.timeout.ms = null
	sasl.login.refresh.buffer.seconds = 300
	sasl.login.refresh.min.period.seconds = 60
	sasl.login.refresh.window.factor = 0.8
	sasl.login.refresh.window.jitter = 0.05
	sasl.login.retry.backoff.max.ms = 10000
	sasl.login.retry.backoff.ms = 100
	sasl.mechanism = GSSAPI
	sasl.oauthbearer.clock.skew.seconds = 30
	sasl.oauthbearer.expected.audience = null
	sasl.oauthbearer.expected.issuer = null
	sasl.oauthbearer.jwks.endpoint.refresh.ms = 3600000
	sasl.oauthbearer.jwks.endpoint.retry.backoff.max.ms = 10000
	sasl.oauthbearer.jwks.endpoint.retry.backoff.ms = 100
	sasl.oauthbearer.jwks.endpoint.url = null
	sasl.oauthbearer.scope.claim.name = scope
	sasl.oauthbearer.sub.claim.name = sub
	sasl.oauthbearer.token.endpoint.url = null
	security.protocol = PLAINTEXT
	security.providers = null
	send.buffer.bytes = 131072
	session.timeout.ms = 45000
	socket.connection.setup.timeout.max.ms = 30000
	socket.connection.setup.timeout.ms = 10000
	ssl.cipher.suites = null
	ssl.enabled.protocols = [TLSv1.2, TLSv1.3]
	ssl.endpoint.identification.algorithm = https
	ssl.engine.factory.class = null
	ssl.key.password = null
	ssl.keymanager.algorithm = SunX509
	ssl.keystore.certificate.chain = null
	ssl.keystore.key = null
	ssl.keystore.location = null
	ssl.keystore.password = null
	ssl.keystore.type = JKS
	ssl.protocol = TLSv1.3
	ssl.provider = null
	ssl.secure.random.implementation = null
	ssl.trustmanager.algorithm = PKIX
	ssl.truststore.certificates = null
	ssl.truststore.location = null
	ssl.truststore.password = null
	ssl.truststore.type = JKS
	value.deserializer = class org.apache.kafka.common.serialization.StringDeserializer

2025-06-30T15:16:06.874-06:00  INFO 28984 --- [proyecto-access-1] [           main] o.a.k.c.t.i.KafkaMetricsCollector        : initializing Kafka metrics collector
2025-06-30T15:16:06.878-06:00  INFO 28984 --- [proyecto-access-1] [           main] o.a.kafka.common.utils.AppInfoParser     : Kafka version: 3.8.1
2025-06-30T15:16:06.879-06:00  INFO 28984 --- [proyecto-access-1] [           main] o.a.kafka.common.utils.AppInfoParser     : Kafka commitId: 70d6ff42debf7e17
2025-06-30T15:16:06.879-06:00  INFO 28984 --- [proyecto-access-1] [           main] o.a.kafka.common.utils.AppInfoParser     : Kafka startTimeMs: 1751318166878
2025-06-30T15:16:06.879-06:00  INFO 28984 --- [proyecto-access-1] [           main] o.a.k.c.c.internals.LegacyKafkaConsumer  : [Consumer clientId=consumer-materia-service-group-20, groupId=materia-service-group] Subscribed to topic(s): get-tiempos-folio
2025-06-30T15:16:06.881-06:00  INFO 28984 --- [proyecto-access-1] [           main] o.a.k.clients.consumer.ConsumerConfig    : ConsumerConfig values: 
	allow.auto.create.topics = true
	auto.commit.interval.ms = 5000
	auto.include.jmx.reporter = true
	auto.offset.reset = earliest
	bootstrap.servers = [localhost:9092]
	check.crcs = true
	client.dns.lookup = use_all_dns_ips
	client.id = consumer-materia-service-group-21
	client.rack = 
	connections.max.idle.ms = 540000
	default.api.timeout.ms = 60000
	enable.auto.commit = false
	enable.metrics.push = true
	exclude.internal.topics = true
	fetch.max.bytes = 52428800
	fetch.max.wait.ms = 500
	fetch.min.bytes = 1
	group.id = materia-service-group
	group.instance.id = null
	group.protocol = classic
	group.remote.assignor = null
	heartbeat.interval.ms = 3000
	interceptor.classes = []
	internal.leave.group.on.close = true
	internal.throw.on.fetch.stable.offset.unsupported = false
	isolation.level = read_uncommitted
	key.deserializer = class org.apache.kafka.common.serialization.StringDeserializer
	max.partition.fetch.bytes = 1048576
	max.poll.interval.ms = 300000
	max.poll.records = 500
	metadata.max.age.ms = 300000
	metadata.recovery.strategy = none
	metric.reporters = []
	metrics.num.samples = 2
	metrics.recording.level = INFO
	metrics.sample.window.ms = 30000
	partition.assignment.strategy = [class org.apache.kafka.clients.consumer.RangeAssignor, class org.apache.kafka.clients.consumer.CooperativeStickyAssignor]
	receive.buffer.bytes = 65536
	reconnect.backoff.max.ms = 1000
	reconnect.backoff.ms = 50
	request.timeout.ms = 30000
	retry.backoff.max.ms = 1000
	retry.backoff.ms = 100
	sasl.client.callback.handler.class = null
	sasl.jaas.config = null
	sasl.kerberos.kinit.cmd = /usr/bin/kinit
	sasl.kerberos.min.time.before.relogin = 60000
	sasl.kerberos.service.name = null
	sasl.kerberos.ticket.renew.jitter = 0.05
	sasl.kerberos.ticket.renew.window.factor = 0.8
	sasl.login.callback.handler.class = null
	sasl.login.class = null
	sasl.login.connect.timeout.ms = null
	sasl.login.read.timeout.ms = null
	sasl.login.refresh.buffer.seconds = 300
	sasl.login.refresh.min.period.seconds = 60
	sasl.login.refresh.window.factor = 0.8
	sasl.login.refresh.window.jitter = 0.05
	sasl.login.retry.backoff.max.ms = 10000
	sasl.login.retry.backoff.ms = 100
	sasl.mechanism = GSSAPI
	sasl.oauthbearer.clock.skew.seconds = 30
	sasl.oauthbearer.expected.audience = null
	sasl.oauthbearer.expected.issuer = null
	sasl.oauthbearer.jwks.endpoint.refresh.ms = 3600000
	sasl.oauthbearer.jwks.endpoint.retry.backoff.max.ms = 10000
	sasl.oauthbearer.jwks.endpoint.retry.backoff.ms = 100
	sasl.oauthbearer.jwks.endpoint.url = null
	sasl.oauthbearer.scope.claim.name = scope
	sasl.oauthbearer.sub.claim.name = sub
	sasl.oauthbearer.token.endpoint.url = null
	security.protocol = PLAINTEXT
	security.providers = null
	send.buffer.bytes = 131072
	session.timeout.ms = 45000
	socket.connection.setup.timeout.max.ms = 30000
	socket.connection.setup.timeout.ms = 10000
	ssl.cipher.suites = null
	ssl.enabled.protocols = [TLSv1.2, TLSv1.3]
	ssl.endpoint.identification.algorithm = https
	ssl.engine.factory.class = null
	ssl.key.password = null
	ssl.keymanager.algorithm = SunX509
	ssl.keystore.certificate.chain = null
	ssl.keystore.key = null
	ssl.keystore.location = null
	ssl.keystore.password = null
	ssl.keystore.type = JKS
	ssl.protocol = TLSv1.3
	ssl.provider = null
	ssl.secure.random.implementation = null
	ssl.trustmanager.algorithm = PKIX
	ssl.truststore.certificates = null
	ssl.truststore.location = null
	ssl.truststore.password = null
	ssl.truststore.type = JKS
	value.deserializer = class org.apache.kafka.common.serialization.StringDeserializer

2025-06-30T15:16:06.881-06:00  INFO 28984 --- [proyecto-access-1] [           main] o.a.k.c.t.i.KafkaMetricsCollector        : initializing Kafka metrics collector
2025-06-30T15:16:06.887-06:00  INFO 28984 --- [proyecto-access-1] [           main] o.a.kafka.common.utils.AppInfoParser     : Kafka version: 3.8.1
2025-06-30T15:16:06.887-06:00  INFO 28984 --- [proyecto-access-1] [           main] o.a.kafka.common.utils.AppInfoParser     : Kafka commitId: 70d6ff42debf7e17
2025-06-30T15:16:06.887-06:00  INFO 28984 --- [proyecto-access-1] [           main] o.a.kafka.common.utils.AppInfoParser     : Kafka startTimeMs: 1751318166887
2025-06-30T15:16:06.888-06:00  INFO 28984 --- [proyecto-access-1] [           main] o.a.k.c.c.internals.LegacyKafkaConsumer  : [Consumer clientId=consumer-materia-service-group-21, groupId=materia-service-group] Subscribed to topic(s): get-detenciones-folio
2025-06-30T15:16:06.889-06:00  INFO 28984 --- [proyecto-access-1] [           main] o.a.k.clients.consumer.ConsumerConfig    : ConsumerConfig values: 
	allow.auto.create.topics = true
	auto.commit.interval.ms = 5000
	auto.include.jmx.reporter = true
	auto.offset.reset = earliest
	bootstrap.servers = [localhost:9092]
	check.crcs = true
	client.dns.lookup = use_all_dns_ips
	client.id = consumer-materia-service-group-22
	client.rack = 
	connections.max.idle.ms = 540000
	default.api.timeout.ms = 60000
	enable.auto.commit = false
	enable.metrics.push = true
	exclude.internal.topics = true
	fetch.max.bytes = 52428800
	fetch.max.wait.ms = 500
	fetch.min.bytes = 1
	group.id = materia-service-group
	group.instance.id = null
	group.protocol = classic
	group.remote.assignor = null
	heartbeat.interval.ms = 3000
	interceptor.classes = []
	internal.leave.group.on.close = true
	internal.throw.on.fetch.stable.offset.unsupported = false
	isolation.level = read_uncommitted
	key.deserializer = class org.apache.kafka.common.serialization.StringDeserializer
	max.partition.fetch.bytes = 1048576
	max.poll.interval.ms = 300000
	max.poll.records = 500
	metadata.max.age.ms = 300000
	metadata.recovery.strategy = none
	metric.reporters = []
	metrics.num.samples = 2
	metrics.recording.level = INFO
	metrics.sample.window.ms = 30000
	partition.assignment.strategy = [class org.apache.kafka.clients.consumer.RangeAssignor, class org.apache.kafka.clients.consumer.CooperativeStickyAssignor]
	receive.buffer.bytes = 65536
	reconnect.backoff.max.ms = 1000
	reconnect.backoff.ms = 50
	request.timeout.ms = 30000
	retry.backoff.max.ms = 1000
	retry.backoff.ms = 100
	sasl.client.callback.handler.class = null
	sasl.jaas.config = null
	sasl.kerberos.kinit.cmd = /usr/bin/kinit
	sasl.kerberos.min.time.before.relogin = 60000
	sasl.kerberos.service.name = null
	sasl.kerberos.ticket.renew.jitter = 0.05
	sasl.kerberos.ticket.renew.window.factor = 0.8
	sasl.login.callback.handler.class = null
	sasl.login.class = null
	sasl.login.connect.timeout.ms = null
	sasl.login.read.timeout.ms = null
	sasl.login.refresh.buffer.seconds = 300
	sasl.login.refresh.min.period.seconds = 60
	sasl.login.refresh.window.factor = 0.8
	sasl.login.refresh.window.jitter = 0.05
	sasl.login.retry.backoff.max.ms = 10000
	sasl.login.retry.backoff.ms = 100
	sasl.mechanism = GSSAPI
	sasl.oauthbearer.clock.skew.seconds = 30
	sasl.oauthbearer.expected.audience = null
	sasl.oauthbearer.expected.issuer = null
	sasl.oauthbearer.jwks.endpoint.refresh.ms = 3600000
	sasl.oauthbearer.jwks.endpoint.retry.backoff.max.ms = 10000
	sasl.oauthbearer.jwks.endpoint.retry.backoff.ms = 100
	sasl.oauthbearer.jwks.endpoint.url = null
	sasl.oauthbearer.scope.claim.name = scope
	sasl.oauthbearer.sub.claim.name = sub
	sasl.oauthbearer.token.endpoint.url = null
	security.protocol = PLAINTEXT
	security.providers = null
	send.buffer.bytes = 131072
	session.timeout.ms = 45000
	socket.connection.setup.timeout.max.ms = 30000
	socket.connection.setup.timeout.ms = 10000
	ssl.cipher.suites = null
	ssl.enabled.protocols = [TLSv1.2, TLSv1.3]
	ssl.endpoint.identification.algorithm = https
	ssl.engine.factory.class = null
	ssl.key.password = null
	ssl.keymanager.algorithm = SunX509
	ssl.keystore.certificate.chain = null
	ssl.keystore.key = null
	ssl.keystore.location = null
	ssl.keystore.password = null
	ssl.keystore.type = JKS
	ssl.protocol = TLSv1.3
	ssl.provider = null
	ssl.secure.random.implementation = null
	ssl.trustmanager.algorithm = PKIX
	ssl.truststore.certificates = null
	ssl.truststore.location = null
	ssl.truststore.password = null
	ssl.truststore.type = JKS
	value.deserializer = class org.apache.kafka.common.serialization.StringDeserializer

2025-06-30T15:16:06.890-06:00  INFO 28984 --- [proyecto-access-1] [           main] o.a.k.c.t.i.KafkaMetricsCollector        : initializing Kafka metrics collector
2025-06-30T15:16:06.895-06:00  INFO 28984 --- [proyecto-access-1] [           main] o.a.kafka.common.utils.AppInfoParser     : Kafka version: 3.8.1
2025-06-30T15:16:06.895-06:00  INFO 28984 --- [proyecto-access-1] [           main] o.a.kafka.common.utils.AppInfoParser     : Kafka commitId: 70d6ff42debf7e17
2025-06-30T15:16:06.895-06:00  INFO 28984 --- [proyecto-access-1] [           main] o.a.kafka.common.utils.AppInfoParser     : Kafka startTimeMs: 1751318166895
2025-06-30T15:16:06.896-06:00  INFO 28984 --- [proyecto-access-1] [           main] o.a.k.c.c.internals.LegacyKafkaConsumer  : [Consumer clientId=consumer-materia-service-group-22, groupId=materia-service-group] Subscribed to topic(s): put-reiniciar-tiempo
2025-06-30T15:16:06.898-06:00  INFO 28984 --- [proyecto-access-1] [           main] o.a.k.clients.consumer.ConsumerConfig    : ConsumerConfig values: 
	allow.auto.create.topics = true
	auto.commit.interval.ms = 5000
	auto.include.jmx.reporter = true
	auto.offset.reset = earliest
	bootstrap.servers = [localhost:9092]
	check.crcs = true
	client.dns.lookup = use_all_dns_ips
	client.id = consumer-materia-service-group-23
	client.rack = 
	connections.max.idle.ms = 540000
	default.api.timeout.ms = 60000
	enable.auto.commit = false
	enable.metrics.push = true
	exclude.internal.topics = true
	fetch.max.bytes = 52428800
	fetch.max.wait.ms = 500
	fetch.min.bytes = 1
	group.id = materia-service-group
	group.instance.id = null
	group.protocol = classic
	group.remote.assignor = null
	heartbeat.interval.ms = 3000
	interceptor.classes = []
	internal.leave.group.on.close = true
	internal.throw.on.fetch.stable.offset.unsupported = false
	isolation.level = read_uncommitted
	key.deserializer = class org.apache.kafka.common.serialization.StringDeserializer
	max.partition.fetch.bytes = 1048576
	max.poll.interval.ms = 300000
	max.poll.records = 500
	metadata.max.age.ms = 300000
	metadata.recovery.strategy = none
	metric.reporters = []
	metrics.num.samples = 2
	metrics.recording.level = INFO
	metrics.sample.window.ms = 30000
	partition.assignment.strategy = [class org.apache.kafka.clients.consumer.RangeAssignor, class org.apache.kafka.clients.consumer.CooperativeStickyAssignor]
	receive.buffer.bytes = 65536
	reconnect.backoff.max.ms = 1000
	reconnect.backoff.ms = 50
	request.timeout.ms = 30000
	retry.backoff.max.ms = 1000
	retry.backoff.ms = 100
	sasl.client.callback.handler.class = null
	sasl.jaas.config = null
	sasl.kerberos.kinit.cmd = /usr/bin/kinit
	sasl.kerberos.min.time.before.relogin = 60000
	sasl.kerberos.service.name = null
	sasl.kerberos.ticket.renew.jitter = 0.05
	sasl.kerberos.ticket.renew.window.factor = 0.8
	sasl.login.callback.handler.class = null
	sasl.login.class = null
	sasl.login.connect.timeout.ms = null
	sasl.login.read.timeout.ms = null
	sasl.login.refresh.buffer.seconds = 300
	sasl.login.refresh.min.period.seconds = 60
	sasl.login.refresh.window.factor = 0.8
	sasl.login.refresh.window.jitter = 0.05
	sasl.login.retry.backoff.max.ms = 10000
	sasl.login.retry.backoff.ms = 100
	sasl.mechanism = GSSAPI
	sasl.oauthbearer.clock.skew.seconds = 30
	sasl.oauthbearer.expected.audience = null
	sasl.oauthbearer.expected.issuer = null
	sasl.oauthbearer.jwks.endpoint.refresh.ms = 3600000
	sasl.oauthbearer.jwks.endpoint.retry.backoff.max.ms = 10000
	sasl.oauthbearer.jwks.endpoint.retry.backoff.ms = 100
	sasl.oauthbearer.jwks.endpoint.url = null
	sasl.oauthbearer.scope.claim.name = scope
	sasl.oauthbearer.sub.claim.name = sub
	sasl.oauthbearer.token.endpoint.url = null
	security.protocol = PLAINTEXT
	security.providers = null
	send.buffer.bytes = 131072
	session.timeout.ms = 45000
	socket.connection.setup.timeout.max.ms = 30000
	socket.connection.setup.timeout.ms = 10000
	ssl.cipher.suites = null
	ssl.enabled.protocols = [TLSv1.2, TLSv1.3]
	ssl.endpoint.identification.algorithm = https
	ssl.engine.factory.class = null
	ssl.key.password = null
	ssl.keymanager.algorithm = SunX509
	ssl.keystore.certificate.chain = null
	ssl.keystore.key = null
	ssl.keystore.location = null
	ssl.keystore.password = null
	ssl.keystore.type = JKS
	ssl.protocol = TLSv1.3
	ssl.provider = null
	ssl.secure.random.implementation = null
	ssl.trustmanager.algorithm = PKIX
	ssl.truststore.certificates = null
	ssl.truststore.location = null
	ssl.truststore.password = null
	ssl.truststore.type = JKS
	value.deserializer = class org.apache.kafka.common.serialization.StringDeserializer

2025-06-30T15:16:06.899-06:00  INFO 28984 --- [proyecto-access-1] [           main] o.a.k.c.t.i.KafkaMetricsCollector        : initializing Kafka metrics collector
2025-06-30T15:16:06.906-06:00  INFO 28984 --- [proyecto-access-1] [           main] o.a.kafka.common.utils.AppInfoParser     : Kafka version: 3.8.1
2025-06-30T15:16:06.906-06:00  INFO 28984 --- [proyecto-access-1] [           main] o.a.kafka.common.utils.AppInfoParser     : Kafka commitId: 70d6ff42debf7e17
2025-06-30T15:16:06.906-06:00  INFO 28984 --- [proyecto-access-1] [           main] o.a.kafka.common.utils.AppInfoParser     : Kafka startTimeMs: 1751318166906
2025-06-30T15:16:06.906-06:00  INFO 28984 --- [proyecto-access-1] [           main] o.a.k.c.c.internals.LegacyKafkaConsumer  : [Consumer clientId=consumer-materia-service-group-23, groupId=materia-service-group] Subscribed to topic(s): get-registro-detencion
2025-06-30T15:16:06.908-06:00  INFO 28984 --- [proyecto-access-1] [           main] o.a.k.clients.consumer.ConsumerConfig    : ConsumerConfig values: 
	allow.auto.create.topics = true
	auto.commit.interval.ms = 5000
	auto.include.jmx.reporter = true
	auto.offset.reset = earliest
	bootstrap.servers = [localhost:9092]
	check.crcs = true
	client.dns.lookup = use_all_dns_ips
	client.id = consumer-materia-service-group-24
	client.rack = 
	connections.max.idle.ms = 540000
	default.api.timeout.ms = 60000
	enable.auto.commit = false
	enable.metrics.push = true
	exclude.internal.topics = true
	fetch.max.bytes = 52428800
	fetch.max.wait.ms = 500
	fetch.min.bytes = 1
	group.id = materia-service-group
	group.instance.id = null
	group.protocol = classic
	group.remote.assignor = null
	heartbeat.interval.ms = 3000
	interceptor.classes = []
	internal.leave.group.on.close = true
	internal.throw.on.fetch.stable.offset.unsupported = false
	isolation.level = read_uncommitted
	key.deserializer = class org.apache.kafka.common.serialization.StringDeserializer
	max.partition.fetch.bytes = 1048576
	max.poll.interval.ms = 300000
	max.poll.records = 500
	metadata.max.age.ms = 300000
	metadata.recovery.strategy = none
	metric.reporters = []
	metrics.num.samples = 2
	metrics.recording.level = INFO
	metrics.sample.window.ms = 30000
	partition.assignment.strategy = [class org.apache.kafka.clients.consumer.RangeAssignor, class org.apache.kafka.clients.consumer.CooperativeStickyAssignor]
	receive.buffer.bytes = 65536
	reconnect.backoff.max.ms = 1000
	reconnect.backoff.ms = 50
	request.timeout.ms = 30000
	retry.backoff.max.ms = 1000
	retry.backoff.ms = 100
	sasl.client.callback.handler.class = null
	sasl.jaas.config = null
	sasl.kerberos.kinit.cmd = /usr/bin/kinit
	sasl.kerberos.min.time.before.relogin = 60000
	sasl.kerberos.service.name = null
	sasl.kerberos.ticket.renew.jitter = 0.05
	sasl.kerberos.ticket.renew.window.factor = 0.8
	sasl.login.callback.handler.class = null
	sasl.login.class = null
	sasl.login.connect.timeout.ms = null
	sasl.login.read.timeout.ms = null
	sasl.login.refresh.buffer.seconds = 300
	sasl.login.refresh.min.period.seconds = 60
	sasl.login.refresh.window.factor = 0.8
	sasl.login.refresh.window.jitter = 0.05
	sasl.login.retry.backoff.max.ms = 10000
	sasl.login.retry.backoff.ms = 100
	sasl.mechanism = GSSAPI
	sasl.oauthbearer.clock.skew.seconds = 30
	sasl.oauthbearer.expected.audience = null
	sasl.oauthbearer.expected.issuer = null
	sasl.oauthbearer.jwks.endpoint.refresh.ms = 3600000
	sasl.oauthbearer.jwks.endpoint.retry.backoff.max.ms = 10000
	sasl.oauthbearer.jwks.endpoint.retry.backoff.ms = 100
	sasl.oauthbearer.jwks.endpoint.url = null
	sasl.oauthbearer.scope.claim.name = scope
	sasl.oauthbearer.sub.claim.name = sub
	sasl.oauthbearer.token.endpoint.url = null
	security.protocol = PLAINTEXT
	security.providers = null
	send.buffer.bytes = 131072
	session.timeout.ms = 45000
	socket.connection.setup.timeout.max.ms = 30000
	socket.connection.setup.timeout.ms = 10000
	ssl.cipher.suites = null
	ssl.enabled.protocols = [TLSv1.2, TLSv1.3]
	ssl.endpoint.identification.algorithm = https
	ssl.engine.factory.class = null
	ssl.key.password = null
	ssl.keymanager.algorithm = SunX509
	ssl.keystore.certificate.chain = null
	ssl.keystore.key = null
	ssl.keystore.location = null
	ssl.keystore.password = null
	ssl.keystore.type = JKS
	ssl.protocol = TLSv1.3
	ssl.provider = null
	ssl.secure.random.implementation = null
	ssl.trustmanager.algorithm = PKIX
	ssl.truststore.certificates = null
	ssl.truststore.location = null
	ssl.truststore.password = null
	ssl.truststore.type = JKS
	value.deserializer = class org.apache.kafka.common.serialization.StringDeserializer

2025-06-30T15:16:06.909-06:00  INFO 28984 --- [proyecto-access-1] [           main] o.a.k.c.t.i.KafkaMetricsCollector        : initializing Kafka metrics collector
2025-06-30T15:16:06.914-06:00  INFO 28984 --- [proyecto-access-1] [           main] o.a.kafka.common.utils.AppInfoParser     : Kafka version: 3.8.1
2025-06-30T15:16:06.914-06:00  INFO 28984 --- [proyecto-access-1] [           main] o.a.kafka.common.utils.AppInfoParser     : Kafka commitId: 70d6ff42debf7e17
2025-06-30T15:16:06.914-06:00  INFO 28984 --- [proyecto-access-1] [           main] o.a.kafka.common.utils.AppInfoParser     : Kafka startTimeMs: 1751318166914
2025-06-30T15:16:06.914-06:00  INFO 28984 --- [proyecto-access-1] [           main] o.a.k.c.c.internals.LegacyKafkaConsumer  : [Consumer clientId=consumer-materia-service-group-24, groupId=materia-service-group] Subscribed to topic(s): put-finalizar-tiempo
2025-06-30T15:16:06.916-06:00  INFO 28984 --- [proyecto-access-1] [           main] o.a.k.clients.consumer.ConsumerConfig    : ConsumerConfig values: 
	allow.auto.create.topics = true
	auto.commit.interval.ms = 5000
	auto.include.jmx.reporter = true
	auto.offset.reset = earliest
	bootstrap.servers = [localhost:9092]
	check.crcs = true
	client.dns.lookup = use_all_dns_ips
	client.id = consumer-materia-service-group-25
	client.rack = 
	connections.max.idle.ms = 540000
	default.api.timeout.ms = 60000
	enable.auto.commit = false
	enable.metrics.push = true
	exclude.internal.topics = true
	fetch.max.bytes = 52428800
	fetch.max.wait.ms = 500
	fetch.min.bytes = 1
	group.id = materia-service-group
	group.instance.id = null
	group.protocol = classic
	group.remote.assignor = null
	heartbeat.interval.ms = 3000
	interceptor.classes = []
	internal.leave.group.on.close = true
	internal.throw.on.fetch.stable.offset.unsupported = false
	isolation.level = read_uncommitted
	key.deserializer = class org.apache.kafka.common.serialization.StringDeserializer
	max.partition.fetch.bytes = 1048576
	max.poll.interval.ms = 300000
	max.poll.records = 500
	metadata.max.age.ms = 300000
	metadata.recovery.strategy = none
	metric.reporters = []
	metrics.num.samples = 2
	metrics.recording.level = INFO
	metrics.sample.window.ms = 30000
	partition.assignment.strategy = [class org.apache.kafka.clients.consumer.RangeAssignor, class org.apache.kafka.clients.consumer.CooperativeStickyAssignor]
	receive.buffer.bytes = 65536
	reconnect.backoff.max.ms = 1000
	reconnect.backoff.ms = 50
	request.timeout.ms = 30000
	retry.backoff.max.ms = 1000
	retry.backoff.ms = 100
	sasl.client.callback.handler.class = null
	sasl.jaas.config = null
	sasl.kerberos.kinit.cmd = /usr/bin/kinit
	sasl.kerberos.min.time.before.relogin = 60000
	sasl.kerberos.service.name = null
	sasl.kerberos.ticket.renew.jitter = 0.05
	sasl.kerberos.ticket.renew.window.factor = 0.8
	sasl.login.callback.handler.class = null
	sasl.login.class = null
	sasl.login.connect.timeout.ms = null
	sasl.login.read.timeout.ms = null
	sasl.login.refresh.buffer.seconds = 300
	sasl.login.refresh.min.period.seconds = 60
	sasl.login.refresh.window.factor = 0.8
	sasl.login.refresh.window.jitter = 0.05
	sasl.login.retry.backoff.max.ms = 10000
	sasl.login.retry.backoff.ms = 100
	sasl.mechanism = GSSAPI
	sasl.oauthbearer.clock.skew.seconds = 30
	sasl.oauthbearer.expected.audience = null
	sasl.oauthbearer.expected.issuer = null
	sasl.oauthbearer.jwks.endpoint.refresh.ms = 3600000
	sasl.oauthbearer.jwks.endpoint.retry.backoff.max.ms = 10000
	sasl.oauthbearer.jwks.endpoint.retry.backoff.ms = 100
	sasl.oauthbearer.jwks.endpoint.url = null
	sasl.oauthbearer.scope.claim.name = scope
	sasl.oauthbearer.sub.claim.name = sub
	sasl.oauthbearer.token.endpoint.url = null
	security.protocol = PLAINTEXT
	security.providers = null
	send.buffer.bytes = 131072
	session.timeout.ms = 45000
	socket.connection.setup.timeout.max.ms = 30000
	socket.connection.setup.timeout.ms = 10000
	ssl.cipher.suites = null
	ssl.enabled.protocols = [TLSv1.2, TLSv1.3]
	ssl.endpoint.identification.algorithm = https
	ssl.engine.factory.class = null
	ssl.key.password = null
	ssl.keymanager.algorithm = SunX509
	ssl.keystore.certificate.chain = null
	ssl.keystore.key = null
	ssl.keystore.location = null
	ssl.keystore.password = null
	ssl.keystore.type = JKS
	ssl.protocol = TLSv1.3
	ssl.provider = null
	ssl.secure.random.implementation = null
	ssl.trustmanager.algorithm = PKIX
	ssl.truststore.certificates = null
	ssl.truststore.location = null
	ssl.truststore.password = null
	ssl.truststore.type = JKS
	value.deserializer = class org.apache.kafka.common.serialization.StringDeserializer

2025-06-30T15:16:06.916-06:00  INFO 28984 --- [proyecto-access-1] [           main] o.a.k.c.t.i.KafkaMetricsCollector        : initializing Kafka metrics collector
2025-06-30T15:16:06.922-06:00  INFO 28984 --- [proyecto-access-1] [           main] o.a.kafka.common.utils.AppInfoParser     : Kafka version: 3.8.1
2025-06-30T15:16:06.922-06:00  INFO 28984 --- [proyecto-access-1] [           main] o.a.kafka.common.utils.AppInfoParser     : Kafka commitId: 70d6ff42debf7e17
2025-06-30T15:16:06.922-06:00  INFO 28984 --- [proyecto-access-1] [           main] o.a.kafka.common.utils.AppInfoParser     : Kafka startTimeMs: 1751318166922
2025-06-30T15:16:06.922-06:00  INFO 28984 --- [proyecto-access-1] [           main] o.a.k.c.c.internals.LegacyKafkaConsumer  : [Consumer clientId=consumer-materia-service-group-25, groupId=materia-service-group] Subscribed to topic(s): delete-materia-borrar
2025-06-30T15:16:06.923-06:00  INFO 28984 --- [proyecto-access-1] [           main] o.a.k.clients.consumer.ConsumerConfig    : ConsumerConfig values: 
	allow.auto.create.topics = true
	auto.commit.interval.ms = 5000
	auto.include.jmx.reporter = true
	auto.offset.reset = earliest
	bootstrap.servers = [localhost:9092]
	check.crcs = true
	client.dns.lookup = use_all_dns_ips
	client.id = consumer-materia-service-group-26
	client.rack = 
	connections.max.idle.ms = 540000
	default.api.timeout.ms = 60000
	enable.auto.commit = false
	enable.metrics.push = true
	exclude.internal.topics = true
	fetch.max.bytes = 52428800
	fetch.max.wait.ms = 500
	fetch.min.bytes = 1
	group.id = materia-service-group
	group.instance.id = null
	group.protocol = classic
	group.remote.assignor = null
	heartbeat.interval.ms = 3000
	interceptor.classes = []
	internal.leave.group.on.close = true
	internal.throw.on.fetch.stable.offset.unsupported = false
	isolation.level = read_uncommitted
	key.deserializer = class org.apache.kafka.common.serialization.StringDeserializer
	max.partition.fetch.bytes = 1048576
	max.poll.interval.ms = 300000
	max.poll.records = 500
	metadata.max.age.ms = 300000
	metadata.recovery.strategy = none
	metric.reporters = []
	metrics.num.samples = 2
	metrics.recording.level = INFO
	metrics.sample.window.ms = 30000
	partition.assignment.strategy = [class org.apache.kafka.clients.consumer.RangeAssignor, class org.apache.kafka.clients.consumer.CooperativeStickyAssignor]
	receive.buffer.bytes = 65536
	reconnect.backoff.max.ms = 1000
	reconnect.backoff.ms = 50
	request.timeout.ms = 30000
	retry.backoff.max.ms = 1000
	retry.backoff.ms = 100
	sasl.client.callback.handler.class = null
	sasl.jaas.config = null
	sasl.kerberos.kinit.cmd = /usr/bin/kinit
	sasl.kerberos.min.time.before.relogin = 60000
	sasl.kerberos.service.name = null
	sasl.kerberos.ticket.renew.jitter = 0.05
	sasl.kerberos.ticket.renew.window.factor = 0.8
	sasl.login.callback.handler.class = null
	sasl.login.class = null
	sasl.login.connect.timeout.ms = null
	sasl.login.read.timeout.ms = null
	sasl.login.refresh.buffer.seconds = 300
	sasl.login.refresh.min.period.seconds = 60
	sasl.login.refresh.window.factor = 0.8
	sasl.login.refresh.window.jitter = 0.05
	sasl.login.retry.backoff.max.ms = 10000
	sasl.login.retry.backoff.ms = 100
	sasl.mechanism = GSSAPI
	sasl.oauthbearer.clock.skew.seconds = 30
	sasl.oauthbearer.expected.audience = null
	sasl.oauthbearer.expected.issuer = null
	sasl.oauthbearer.jwks.endpoint.refresh.ms = 3600000
	sasl.oauthbearer.jwks.endpoint.retry.backoff.max.ms = 10000
	sasl.oauthbearer.jwks.endpoint.retry.backoff.ms = 100
	sasl.oauthbearer.jwks.endpoint.url = null
	sasl.oauthbearer.scope.claim.name = scope
	sasl.oauthbearer.sub.claim.name = sub
	sasl.oauthbearer.token.endpoint.url = null
	security.protocol = PLAINTEXT
	security.providers = null
	send.buffer.bytes = 131072
	session.timeout.ms = 45000
	socket.connection.setup.timeout.max.ms = 30000
	socket.connection.setup.timeout.ms = 10000
	ssl.cipher.suites = null
	ssl.enabled.protocols = [TLSv1.2, TLSv1.3]
	ssl.endpoint.identification.algorithm = https
	ssl.engine.factory.class = null
	ssl.key.password = null
	ssl.keymanager.algorithm = SunX509
	ssl.keystore.certificate.chain = null
	ssl.keystore.key = null
	ssl.keystore.location = null
	ssl.keystore.password = null
	ssl.keystore.type = JKS
	ssl.protocol = TLSv1.3
	ssl.provider = null
	ssl.secure.random.implementation = null
	ssl.trustmanager.algorithm = PKIX
	ssl.truststore.certificates = null
	ssl.truststore.location = null
	ssl.truststore.password = null
	ssl.truststore.type = JKS
	value.deserializer = class org.apache.kafka.common.serialization.StringDeserializer

2025-06-30T15:16:06.923-06:00  INFO 28984 --- [proyecto-access-1] [           main] o.a.k.c.t.i.KafkaMetricsCollector        : initializing Kafka metrics collector
2025-06-30T15:16:06.931-06:00  INFO 28984 --- [proyecto-access-1] [           main] o.a.kafka.common.utils.AppInfoParser     : Kafka version: 3.8.1
2025-06-30T15:16:06.931-06:00  INFO 28984 --- [proyecto-access-1] [           main] o.a.kafka.common.utils.AppInfoParser     : Kafka commitId: 70d6ff42debf7e17
2025-06-30T15:16:06.931-06:00  INFO 28984 --- [proyecto-access-1] [           main] o.a.kafka.common.utils.AppInfoParser     : Kafka startTimeMs: 1751318166931
2025-06-30T15:16:06.933-06:00  INFO 28984 --- [proyecto-access-1] [           main] o.a.k.c.c.internals.LegacyKafkaConsumer  : [Consumer clientId=consumer-materia-service-group-26, groupId=materia-service-group] Subscribed to topic(s): put-materia-update
2025-06-30T15:16:06.934-06:00  INFO 28984 --- [proyecto-access-1] [           main] o.a.k.clients.consumer.ConsumerConfig    : ConsumerConfig values: 
	allow.auto.create.topics = true
	auto.commit.interval.ms = 5000
	auto.include.jmx.reporter = true
	auto.offset.reset = earliest
	bootstrap.servers = [localhost:9092]
	check.crcs = true
	client.dns.lookup = use_all_dns_ips
	client.id = consumer-materia-service-group-27
	client.rack = 
	connections.max.idle.ms = 540000
	default.api.timeout.ms = 60000
	enable.auto.commit = false
	enable.metrics.push = true
	exclude.internal.topics = true
	fetch.max.bytes = 52428800
	fetch.max.wait.ms = 500
	fetch.min.bytes = 1
	group.id = materia-service-group
	group.instance.id = null
	group.protocol = classic
	group.remote.assignor = null
	heartbeat.interval.ms = 3000
	interceptor.classes = []
	internal.leave.group.on.close = true
	internal.throw.on.fetch.stable.offset.unsupported = false
	isolation.level = read_uncommitted
	key.deserializer = class org.apache.kafka.common.serialization.StringDeserializer
	max.partition.fetch.bytes = 1048576
	max.poll.interval.ms = 300000
	max.poll.records = 500
	metadata.max.age.ms = 300000
	metadata.recovery.strategy = none
	metric.reporters = []
	metrics.num.samples = 2
	metrics.recording.level = INFO
	metrics.sample.window.ms = 30000
	partition.assignment.strategy = [class org.apache.kafka.clients.consumer.RangeAssignor, class org.apache.kafka.clients.consumer.CooperativeStickyAssignor]
	receive.buffer.bytes = 65536
	reconnect.backoff.max.ms = 1000
	reconnect.backoff.ms = 50
	request.timeout.ms = 30000
	retry.backoff.max.ms = 1000
	retry.backoff.ms = 100
	sasl.client.callback.handler.class = null
	sasl.jaas.config = null
	sasl.kerberos.kinit.cmd = /usr/bin/kinit
	sasl.kerberos.min.time.before.relogin = 60000
	sasl.kerberos.service.name = null
	sasl.kerberos.ticket.renew.jitter = 0.05
	sasl.kerberos.ticket.renew.window.factor = 0.8
	sasl.login.callback.handler.class = null
	sasl.login.class = null
	sasl.login.connect.timeout.ms = null
	sasl.login.read.timeout.ms = null
	sasl.login.refresh.buffer.seconds = 300
	sasl.login.refresh.min.period.seconds = 60
	sasl.login.refresh.window.factor = 0.8
	sasl.login.refresh.window.jitter = 0.05
	sasl.login.retry.backoff.max.ms = 10000
	sasl.login.retry.backoff.ms = 100
	sasl.mechanism = GSSAPI
	sasl.oauthbearer.clock.skew.seconds = 30
	sasl.oauthbearer.expected.audience = null
	sasl.oauthbearer.expected.issuer = null
	sasl.oauthbearer.jwks.endpoint.refresh.ms = 3600000
	sasl.oauthbearer.jwks.endpoint.retry.backoff.max.ms = 10000
	sasl.oauthbearer.jwks.endpoint.retry.backoff.ms = 100
	sasl.oauthbearer.jwks.endpoint.url = null
	sasl.oauthbearer.scope.claim.name = scope
	sasl.oauthbearer.sub.claim.name = sub
	sasl.oauthbearer.token.endpoint.url = null
	security.protocol = PLAINTEXT
	security.providers = null
	send.buffer.bytes = 131072
	session.timeout.ms = 45000
	socket.connection.setup.timeout.max.ms = 30000
	socket.connection.setup.timeout.ms = 10000
	ssl.cipher.suites = null
	ssl.enabled.protocols = [TLSv1.2, TLSv1.3]
	ssl.endpoint.identification.algorithm = https
	ssl.engine.factory.class = null
	ssl.key.password = null
	ssl.keymanager.algorithm = SunX509
	ssl.keystore.certificate.chain = null
	ssl.keystore.key = null
	ssl.keystore.location = null
	ssl.keystore.password = null
	ssl.keystore.type = JKS
	ssl.protocol = TLSv1.3
	ssl.provider = null
	ssl.secure.random.implementation = null
	ssl.trustmanager.algorithm = PKIX
	ssl.truststore.certificates = null
	ssl.truststore.location = null
	ssl.truststore.password = null
	ssl.truststore.type = JKS
	value.deserializer = class org.apache.kafka.common.serialization.StringDeserializer

2025-06-30T15:16:06.934-06:00  INFO 28984 --- [proyecto-access-1] [           main] o.a.k.c.t.i.KafkaMetricsCollector        : initializing Kafka metrics collector
2025-06-30T15:16:06.941-06:00  INFO 28984 --- [proyecto-access-1] [           main] o.a.kafka.common.utils.AppInfoParser     : Kafka version: 3.8.1
2025-06-30T15:16:06.941-06:00  INFO 28984 --- [proyecto-access-1] [           main] o.a.kafka.common.utils.AppInfoParser     : Kafka commitId: 70d6ff42debf7e17
2025-06-30T15:16:06.942-06:00  INFO 28984 --- [proyecto-access-1] [           main] o.a.kafka.common.utils.AppInfoParser     : Kafka startTimeMs: 1751318166941
2025-06-30T15:16:06.942-06:00  INFO 28984 --- [proyecto-access-1] [           main] o.a.k.c.c.internals.LegacyKafkaConsumer  : [Consumer clientId=consumer-materia-service-group-27, groupId=materia-service-group] Subscribed to topic(s): get-prodXcolor-listado
2025-06-30T15:16:06.944-06:00  INFO 28984 --- [proyecto-access-1] [           main] o.a.k.clients.consumer.ConsumerConfig    : ConsumerConfig values: 
	allow.auto.create.topics = true
	auto.commit.interval.ms = 5000
	auto.include.jmx.reporter = true
	auto.offset.reset = earliest
	bootstrap.servers = [localhost:9092]
	check.crcs = true
	client.dns.lookup = use_all_dns_ips
	client.id = consumer-materia-service-group-28
	client.rack = 
	connections.max.idle.ms = 540000
	default.api.timeout.ms = 60000
	enable.auto.commit = false
	enable.metrics.push = true
	exclude.internal.topics = true
	fetch.max.bytes = 52428800
	fetch.max.wait.ms = 500
	fetch.min.bytes = 1
	group.id = materia-service-group
	group.instance.id = null
	group.protocol = classic
	group.remote.assignor = null
	heartbeat.interval.ms = 3000
	interceptor.classes = []
	internal.leave.group.on.close = true
	internal.throw.on.fetch.stable.offset.unsupported = false
	isolation.level = read_uncommitted
	key.deserializer = class org.apache.kafka.common.serialization.StringDeserializer
	max.partition.fetch.bytes = 1048576
	max.poll.interval.ms = 300000
	max.poll.records = 500
	metadata.max.age.ms = 300000
	metadata.recovery.strategy = none
	metric.reporters = []
	metrics.num.samples = 2
	metrics.recording.level = INFO
	metrics.sample.window.ms = 30000
	partition.assignment.strategy = [class org.apache.kafka.clients.consumer.RangeAssignor, class org.apache.kafka.clients.consumer.CooperativeStickyAssignor]
	receive.buffer.bytes = 65536
	reconnect.backoff.max.ms = 1000
	reconnect.backoff.ms = 50
	request.timeout.ms = 30000
	retry.backoff.max.ms = 1000
	retry.backoff.ms = 100
	sasl.client.callback.handler.class = null
	sasl.jaas.config = null
	sasl.kerberos.kinit.cmd = /usr/bin/kinit
	sasl.kerberos.min.time.before.relogin = 60000
	sasl.kerberos.service.name = null
	sasl.kerberos.ticket.renew.jitter = 0.05
	sasl.kerberos.ticket.renew.window.factor = 0.8
	sasl.login.callback.handler.class = null
	sasl.login.class = null
	sasl.login.connect.timeout.ms = null
	sasl.login.read.timeout.ms = null
	sasl.login.refresh.buffer.seconds = 300
	sasl.login.refresh.min.period.seconds = 60
	sasl.login.refresh.window.factor = 0.8
	sasl.login.refresh.window.jitter = 0.05
	sasl.login.retry.backoff.max.ms = 10000
	sasl.login.retry.backoff.ms = 100
	sasl.mechanism = GSSAPI
	sasl.oauthbearer.clock.skew.seconds = 30
	sasl.oauthbearer.expected.audience = null
	sasl.oauthbearer.expected.issuer = null
	sasl.oauthbearer.jwks.endpoint.refresh.ms = 3600000
	sasl.oauthbearer.jwks.endpoint.retry.backoff.max.ms = 10000
	sasl.oauthbearer.jwks.endpoint.retry.backoff.ms = 100
	sasl.oauthbearer.jwks.endpoint.url = null
	sasl.oauthbearer.scope.claim.name = scope
	sasl.oauthbearer.sub.claim.name = sub
	sasl.oauthbearer.token.endpoint.url = null
	security.protocol = PLAINTEXT
	security.providers = null
	send.buffer.bytes = 131072
	session.timeout.ms = 45000
	socket.connection.setup.timeout.max.ms = 30000
	socket.connection.setup.timeout.ms = 10000
	ssl.cipher.suites = null
	ssl.enabled.protocols = [TLSv1.2, TLSv1.3]
	ssl.endpoint.identification.algorithm = https
	ssl.engine.factory.class = null
	ssl.key.password = null
	ssl.keymanager.algorithm = SunX509
	ssl.keystore.certificate.chain = null
	ssl.keystore.key = null
	ssl.keystore.location = null
	ssl.keystore.password = null
	ssl.keystore.type = JKS
	ssl.protocol = TLSv1.3
	ssl.provider = null
	ssl.secure.random.implementation = null
	ssl.trustmanager.algorithm = PKIX
	ssl.truststore.certificates = null
	ssl.truststore.location = null
	ssl.truststore.password = null
	ssl.truststore.type = JKS
	value.deserializer = class org.apache.kafka.common.serialization.StringDeserializer

2025-06-30T15:16:06.944-06:00  INFO 28984 --- [proyecto-access-1] [           main] o.a.k.c.t.i.KafkaMetricsCollector        : initializing Kafka metrics collector
2025-06-30T15:16:06.950-06:00  INFO 28984 --- [proyecto-access-1] [           main] o.a.kafka.common.utils.AppInfoParser     : Kafka version: 3.8.1
2025-06-30T15:16:06.950-06:00  INFO 28984 --- [proyecto-access-1] [           main] o.a.kafka.common.utils.AppInfoParser     : Kafka commitId: 70d6ff42debf7e17
2025-06-30T15:16:06.950-06:00  INFO 28984 --- [proyecto-access-1] [           main] o.a.kafka.common.utils.AppInfoParser     : Kafka startTimeMs: 1751318166950
2025-06-30T15:16:06.950-06:00  INFO 28984 --- [proyecto-access-1] [           main] o.a.k.c.c.internals.LegacyKafkaConsumer  : [Consumer clientId=consumer-materia-service-group-28, groupId=materia-service-group] Subscribed to topic(s): post-materia-crear
2025-06-30T15:16:06.951-06:00  INFO 28984 --- [proyecto-access-1] [           main] o.a.k.clients.consumer.ConsumerConfig    : ConsumerConfig values: 
	allow.auto.create.topics = true
	auto.commit.interval.ms = 5000
	auto.include.jmx.reporter = true
	auto.offset.reset = earliest
	bootstrap.servers = [localhost:9092]
	check.crcs = true
	client.dns.lookup = use_all_dns_ips
	client.id = consumer-materia-service-group-29
	client.rack = 
	connections.max.idle.ms = 540000
	default.api.timeout.ms = 60000
	enable.auto.commit = false
	enable.metrics.push = true
	exclude.internal.topics = true
	fetch.max.bytes = 52428800
	fetch.max.wait.ms = 500
	fetch.min.bytes = 1
	group.id = materia-service-group
	group.instance.id = null
	group.protocol = classic
	group.remote.assignor = null
	heartbeat.interval.ms = 3000
	interceptor.classes = []
	internal.leave.group.on.close = true
	internal.throw.on.fetch.stable.offset.unsupported = false
	isolation.level = read_uncommitted
	key.deserializer = class org.apache.kafka.common.serialization.StringDeserializer
	max.partition.fetch.bytes = 1048576
	max.poll.interval.ms = 300000
	max.poll.records = 500
	metadata.max.age.ms = 300000
	metadata.recovery.strategy = none
	metric.reporters = []
	metrics.num.samples = 2
	metrics.recording.level = INFO
	metrics.sample.window.ms = 30000
	partition.assignment.strategy = [class org.apache.kafka.clients.consumer.RangeAssignor, class org.apache.kafka.clients.consumer.CooperativeStickyAssignor]
	receive.buffer.bytes = 65536
	reconnect.backoff.max.ms = 1000
	reconnect.backoff.ms = 50
	request.timeout.ms = 30000
	retry.backoff.max.ms = 1000
	retry.backoff.ms = 100
	sasl.client.callback.handler.class = null
	sasl.jaas.config = null
	sasl.kerberos.kinit.cmd = /usr/bin/kinit
	sasl.kerberos.min.time.before.relogin = 60000
	sasl.kerberos.service.name = null
	sasl.kerberos.ticket.renew.jitter = 0.05
	sasl.kerberos.ticket.renew.window.factor = 0.8
	sasl.login.callback.handler.class = null
	sasl.login.class = null
	sasl.login.connect.timeout.ms = null
	sasl.login.read.timeout.ms = null
	sasl.login.refresh.buffer.seconds = 300
	sasl.login.refresh.min.period.seconds = 60
	sasl.login.refresh.window.factor = 0.8
	sasl.login.refresh.window.jitter = 0.05
	sasl.login.retry.backoff.max.ms = 10000
	sasl.login.retry.backoff.ms = 100
	sasl.mechanism = GSSAPI
	sasl.oauthbearer.clock.skew.seconds = 30
	sasl.oauthbearer.expected.audience = null
	sasl.oauthbearer.expected.issuer = null
	sasl.oauthbearer.jwks.endpoint.refresh.ms = 3600000
	sasl.oauthbearer.jwks.endpoint.retry.backoff.max.ms = 10000
	sasl.oauthbearer.jwks.endpoint.retry.backoff.ms = 100
	sasl.oauthbearer.jwks.endpoint.url = null
	sasl.oauthbearer.scope.claim.name = scope
	sasl.oauthbearer.sub.claim.name = sub
	sasl.oauthbearer.token.endpoint.url = null
	security.protocol = PLAINTEXT
	security.providers = null
	send.buffer.bytes = 131072
	session.timeout.ms = 45000
	socket.connection.setup.timeout.max.ms = 30000
	socket.connection.setup.timeout.ms = 10000
	ssl.cipher.suites = null
	ssl.enabled.protocols = [TLSv1.2, TLSv1.3]
	ssl.endpoint.identification.algorithm = https
	ssl.engine.factory.class = null
	ssl.key.password = null
	ssl.keymanager.algorithm = SunX509
	ssl.keystore.certificate.chain = null
	ssl.keystore.key = null
	ssl.keystore.location = null
	ssl.keystore.password = null
	ssl.keystore.type = JKS
	ssl.protocol = TLSv1.3
	ssl.provider = null
	ssl.secure.random.implementation = null
	ssl.trustmanager.algorithm = PKIX
	ssl.truststore.certificates = null
	ssl.truststore.location = null
	ssl.truststore.password = null
	ssl.truststore.type = JKS
	value.deserializer = class org.apache.kafka.common.serialization.StringDeserializer

2025-06-30T15:16:06.952-06:00  INFO 28984 --- [proyecto-access-1] [           main] o.a.k.c.t.i.KafkaMetricsCollector        : initializing Kafka metrics collector
2025-06-30T15:16:06.956-06:00  INFO 28984 --- [proyecto-access-1] [           main] o.a.kafka.common.utils.AppInfoParser     : Kafka version: 3.8.1
2025-06-30T15:16:06.957-06:00  INFO 28984 --- [proyecto-access-1] [           main] o.a.kafka.common.utils.AppInfoParser     : Kafka commitId: 70d6ff42debf7e17
2025-06-30T15:16:06.957-06:00  INFO 28984 --- [proyecto-access-1] [           main] o.a.kafka.common.utils.AppInfoParser     : Kafka startTimeMs: 1751318166956
2025-06-30T15:16:06.957-06:00  INFO 28984 --- [proyecto-access-1] [           main] o.a.k.c.c.internals.LegacyKafkaConsumer  : [Consumer clientId=consumer-materia-service-group-29, groupId=materia-service-group] Subscribed to topic(s): get-papeleta-folio
2025-06-30T15:16:06.959-06:00  INFO 28984 --- [proyecto-access-1] [           main] o.a.k.clients.consumer.ConsumerConfig    : ConsumerConfig values: 
	allow.auto.create.topics = true
	auto.commit.interval.ms = 5000
	auto.include.jmx.reporter = true
	auto.offset.reset = earliest
	bootstrap.servers = [localhost:9092]
	check.crcs = true
	client.dns.lookup = use_all_dns_ips
	client.id = consumer-materia-service-group-30
	client.rack = 
	connections.max.idle.ms = 540000
	default.api.timeout.ms = 60000
	enable.auto.commit = false
	enable.metrics.push = true
	exclude.internal.topics = true
	fetch.max.bytes = 52428800
	fetch.max.wait.ms = 500
	fetch.min.bytes = 1
	group.id = materia-service-group
	group.instance.id = null
	group.protocol = classic
	group.remote.assignor = null
	heartbeat.interval.ms = 3000
	interceptor.classes = []
	internal.leave.group.on.close = true
	internal.throw.on.fetch.stable.offset.unsupported = false
	isolation.level = read_uncommitted
	key.deserializer = class org.apache.kafka.common.serialization.StringDeserializer
	max.partition.fetch.bytes = 1048576
	max.poll.interval.ms = 300000
	max.poll.records = 500
	metadata.max.age.ms = 300000
	metadata.recovery.strategy = none
	metric.reporters = []
	metrics.num.samples = 2
	metrics.recording.level = INFO
	metrics.sample.window.ms = 30000
	partition.assignment.strategy = [class org.apache.kafka.clients.consumer.RangeAssignor, class org.apache.kafka.clients.consumer.CooperativeStickyAssignor]
	receive.buffer.bytes = 65536
	reconnect.backoff.max.ms = 1000
	reconnect.backoff.ms = 50
	request.timeout.ms = 30000
	retry.backoff.max.ms = 1000
	retry.backoff.ms = 100
	sasl.client.callback.handler.class = null
	sasl.jaas.config = null
	sasl.kerberos.kinit.cmd = /usr/bin/kinit
	sasl.kerberos.min.time.before.relogin = 60000
	sasl.kerberos.service.name = null
	sasl.kerberos.ticket.renew.jitter = 0.05
	sasl.kerberos.ticket.renew.window.factor = 0.8
	sasl.login.callback.handler.class = null
	sasl.login.class = null
	sasl.login.connect.timeout.ms = null
	sasl.login.read.timeout.ms = null
	sasl.login.refresh.buffer.seconds = 300
	sasl.login.refresh.min.period.seconds = 60
	sasl.login.refresh.window.factor = 0.8
	sasl.login.refresh.window.jitter = 0.05
	sasl.login.retry.backoff.max.ms = 10000
	sasl.login.retry.backoff.ms = 100
	sasl.mechanism = GSSAPI
	sasl.oauthbearer.clock.skew.seconds = 30
	sasl.oauthbearer.expected.audience = null
	sasl.oauthbearer.expected.issuer = null
	sasl.oauthbearer.jwks.endpoint.refresh.ms = 3600000
	sasl.oauthbearer.jwks.endpoint.retry.backoff.max.ms = 10000
	sasl.oauthbearer.jwks.endpoint.retry.backoff.ms = 100
	sasl.oauthbearer.jwks.endpoint.url = null
	sasl.oauthbearer.scope.claim.name = scope
	sasl.oauthbearer.sub.claim.name = sub
	sasl.oauthbearer.token.endpoint.url = null
	security.protocol = PLAINTEXT
	security.providers = null
	send.buffer.bytes = 131072
	session.timeout.ms = 45000
	socket.connection.setup.timeout.max.ms = 30000
	socket.connection.setup.timeout.ms = 10000
	ssl.cipher.suites = null
	ssl.enabled.protocols = [TLSv1.2, TLSv1.3]
	ssl.endpoint.identification.algorithm = https
	ssl.engine.factory.class = null
	ssl.key.password = null
	ssl.keymanager.algorithm = SunX509
	ssl.keystore.certificate.chain = null
	ssl.keystore.key = null
	ssl.keystore.location = null
	ssl.keystore.password = null
	ssl.keystore.type = JKS
	ssl.protocol = TLSv1.3
	ssl.provider = null
	ssl.secure.random.implementation = null
	ssl.trustmanager.algorithm = PKIX
	ssl.truststore.certificates = null
	ssl.truststore.location = null
	ssl.truststore.password = null
	ssl.truststore.type = JKS
	value.deserializer = class org.apache.kafka.common.serialization.StringDeserializer

2025-06-30T15:16:06.959-06:00  INFO 28984 --- [proyecto-access-1] [           main] o.a.k.c.t.i.KafkaMetricsCollector        : initializing Kafka metrics collector
2025-06-30T15:16:06.962-06:00  INFO 28984 --- [proyecto-access-1] [           main] o.a.kafka.common.utils.AppInfoParser     : Kafka version: 3.8.1
2025-06-30T15:16:06.962-06:00  INFO 28984 --- [proyecto-access-1] [           main] o.a.kafka.common.utils.AppInfoParser     : Kafka commitId: 70d6ff42debf7e17
2025-06-30T15:16:06.962-06:00  INFO 28984 --- [proyecto-access-1] [           main] o.a.kafka.common.utils.AppInfoParser     : Kafka startTimeMs: 1751318166962
2025-06-30T15:16:06.962-06:00  INFO 28984 --- [proyecto-access-1] [           main] o.a.k.c.c.internals.LegacyKafkaConsumer  : [Consumer clientId=consumer-materia-service-group-30, groupId=materia-service-group] Subscribed to topic(s): get-papeleta-listado
2025-06-30T15:16:06.964-06:00  INFO 28984 --- [proyecto-access-1] [           main] o.a.k.clients.consumer.ConsumerConfig    : ConsumerConfig values: 
	allow.auto.create.topics = true
	auto.commit.interval.ms = 5000
	auto.include.jmx.reporter = true
	auto.offset.reset = earliest
	bootstrap.servers = [localhost:9092]
	check.crcs = true
	client.dns.lookup = use_all_dns_ips
	client.id = consumer-materia-service-group-31
	client.rack = 
	connections.max.idle.ms = 540000
	default.api.timeout.ms = 60000
	enable.auto.commit = false
	enable.metrics.push = true
	exclude.internal.topics = true
	fetch.max.bytes = 52428800
	fetch.max.wait.ms = 500
	fetch.min.bytes = 1
	group.id = materia-service-group
	group.instance.id = null
	group.protocol = classic
	group.remote.assignor = null
	heartbeat.interval.ms = 3000
	interceptor.classes = []
	internal.leave.group.on.close = true
	internal.throw.on.fetch.stable.offset.unsupported = false
	isolation.level = read_uncommitted
	key.deserializer = class org.apache.kafka.common.serialization.StringDeserializer
	max.partition.fetch.bytes = 1048576
	max.poll.interval.ms = 300000
	max.poll.records = 500
	metadata.max.age.ms = 300000
	metadata.recovery.strategy = none
	metric.reporters = []
	metrics.num.samples = 2
	metrics.recording.level = INFO
	metrics.sample.window.ms = 30000
	partition.assignment.strategy = [class org.apache.kafka.clients.consumer.RangeAssignor, class org.apache.kafka.clients.consumer.CooperativeStickyAssignor]
	receive.buffer.bytes = 65536
	reconnect.backoff.max.ms = 1000
	reconnect.backoff.ms = 50
	request.timeout.ms = 30000
	retry.backoff.max.ms = 1000
	retry.backoff.ms = 100
	sasl.client.callback.handler.class = null
	sasl.jaas.config = null
	sasl.kerberos.kinit.cmd = /usr/bin/kinit
	sasl.kerberos.min.time.before.relogin = 60000
	sasl.kerberos.service.name = null
	sasl.kerberos.ticket.renew.jitter = 0.05
	sasl.kerberos.ticket.renew.window.factor = 0.8
	sasl.login.callback.handler.class = null
	sasl.login.class = null
	sasl.login.connect.timeout.ms = null
	sasl.login.read.timeout.ms = null
	sasl.login.refresh.buffer.seconds = 300
	sasl.login.refresh.min.period.seconds = 60
	sasl.login.refresh.window.factor = 0.8
	sasl.login.refresh.window.jitter = 0.05
	sasl.login.retry.backoff.max.ms = 10000
	sasl.login.retry.backoff.ms = 100
	sasl.mechanism = GSSAPI
	sasl.oauthbearer.clock.skew.seconds = 30
	sasl.oauthbearer.expected.audience = null
	sasl.oauthbearer.expected.issuer = null
	sasl.oauthbearer.jwks.endpoint.refresh.ms = 3600000
	sasl.oauthbearer.jwks.endpoint.retry.backoff.max.ms = 10000
	sasl.oauthbearer.jwks.endpoint.retry.backoff.ms = 100
	sasl.oauthbearer.jwks.endpoint.url = null
	sasl.oauthbearer.scope.claim.name = scope
	sasl.oauthbearer.sub.claim.name = sub
	sasl.oauthbearer.token.endpoint.url = null
	security.protocol = PLAINTEXT
	security.providers = null
	send.buffer.bytes = 131072
	session.timeout.ms = 45000
	socket.connection.setup.timeout.max.ms = 30000
	socket.connection.setup.timeout.ms = 10000
	ssl.cipher.suites = null
	ssl.enabled.protocols = [TLSv1.2, TLSv1.3]
	ssl.endpoint.identification.algorithm = https
	ssl.engine.factory.class = null
	ssl.key.password = null
	ssl.keymanager.algorithm = SunX509
	ssl.keystore.certificate.chain = null
	ssl.keystore.key = null
	ssl.keystore.location = null
	ssl.keystore.password = null
	ssl.keystore.type = JKS
	ssl.protocol = TLSv1.3
	ssl.provider = null
	ssl.secure.random.implementation = null
	ssl.trustmanager.algorithm = PKIX
	ssl.truststore.certificates = null
	ssl.truststore.location = null
	ssl.truststore.password = null
	ssl.truststore.type = JKS
	value.deserializer = class org.apache.kafka.common.serialization.StringDeserializer

2025-06-30T15:16:06.964-06:00  INFO 28984 --- [proyecto-access-1] [           main] o.a.k.c.t.i.KafkaMetricsCollector        : initializing Kafka metrics collector
2025-06-30T15:16:06.970-06:00  INFO 28984 --- [proyecto-access-1] [           main] o.a.kafka.common.utils.AppInfoParser     : Kafka version: 3.8.1
2025-06-30T15:16:06.971-06:00  INFO 28984 --- [proyecto-access-1] [           main] o.a.kafka.common.utils.AppInfoParser     : Kafka commitId: 70d6ff42debf7e17
2025-06-30T15:16:06.971-06:00  INFO 28984 --- [proyecto-access-1] [           main] o.a.kafka.common.utils.AppInfoParser     : Kafka startTimeMs: 1751318166970
2025-06-30T15:16:06.971-06:00  INFO 28984 --- [proyecto-access-1] [           main] o.a.k.c.c.internals.LegacyKafkaConsumer  : [Consumer clientId=consumer-materia-service-group-31, groupId=materia-service-group] Subscribed to topic(s): get-materia-listado-filtro
2025-06-30T15:16:06.972-06:00  INFO 28984 --- [proyecto-access-1] [           main] o.a.k.clients.consumer.ConsumerConfig    : ConsumerConfig values: 
	allow.auto.create.topics = true
	auto.commit.interval.ms = 5000
	auto.include.jmx.reporter = true
	auto.offset.reset = earliest
	bootstrap.servers = [localhost:9092]
	check.crcs = true
	client.dns.lookup = use_all_dns_ips
	client.id = consumer-materia-service-group-32
	client.rack = 
	connections.max.idle.ms = 540000
	default.api.timeout.ms = 60000
	enable.auto.commit = false
	enable.metrics.push = true
	exclude.internal.topics = true
	fetch.max.bytes = 52428800
	fetch.max.wait.ms = 500
	fetch.min.bytes = 1
	group.id = materia-service-group
	group.instance.id = null
	group.protocol = classic
	group.remote.assignor = null
	heartbeat.interval.ms = 3000
	interceptor.classes = []
	internal.leave.group.on.close = true
	internal.throw.on.fetch.stable.offset.unsupported = false
	isolation.level = read_uncommitted
	key.deserializer = class org.apache.kafka.common.serialization.StringDeserializer
	max.partition.fetch.bytes = 1048576
	max.poll.interval.ms = 300000
	max.poll.records = 500
	metadata.max.age.ms = 300000
	metadata.recovery.strategy = none
	metric.reporters = []
	metrics.num.samples = 2
	metrics.recording.level = INFO
	metrics.sample.window.ms = 30000
	partition.assignment.strategy = [class org.apache.kafka.clients.consumer.RangeAssignor, class org.apache.kafka.clients.consumer.CooperativeStickyAssignor]
	receive.buffer.bytes = 65536
	reconnect.backoff.max.ms = 1000
	reconnect.backoff.ms = 50
	request.timeout.ms = 30000
	retry.backoff.max.ms = 1000
	retry.backoff.ms = 100
	sasl.client.callback.handler.class = null
	sasl.jaas.config = null
	sasl.kerberos.kinit.cmd = /usr/bin/kinit
	sasl.kerberos.min.time.before.relogin = 60000
	sasl.kerberos.service.name = null
	sasl.kerberos.ticket.renew.jitter = 0.05
	sasl.kerberos.ticket.renew.window.factor = 0.8
	sasl.login.callback.handler.class = null
	sasl.login.class = null
	sasl.login.connect.timeout.ms = null
	sasl.login.read.timeout.ms = null
	sasl.login.refresh.buffer.seconds = 300
	sasl.login.refresh.min.period.seconds = 60
	sasl.login.refresh.window.factor = 0.8
	sasl.login.refresh.window.jitter = 0.05
	sasl.login.retry.backoff.max.ms = 10000
	sasl.login.retry.backoff.ms = 100
	sasl.mechanism = GSSAPI
	sasl.oauthbearer.clock.skew.seconds = 30
	sasl.oauthbearer.expected.audience = null
	sasl.oauthbearer.expected.issuer = null
	sasl.oauthbearer.jwks.endpoint.refresh.ms = 3600000
	sasl.oauthbearer.jwks.endpoint.retry.backoff.max.ms = 10000
	sasl.oauthbearer.jwks.endpoint.retry.backoff.ms = 100
	sasl.oauthbearer.jwks.endpoint.url = null
	sasl.oauthbearer.scope.claim.name = scope
	sasl.oauthbearer.sub.claim.name = sub
	sasl.oauthbearer.token.endpoint.url = null
	security.protocol = PLAINTEXT
	security.providers = null
	send.buffer.bytes = 131072
	session.timeout.ms = 45000
	socket.connection.setup.timeout.max.ms = 30000
	socket.connection.setup.timeout.ms = 10000
	ssl.cipher.suites = null
	ssl.enabled.protocols = [TLSv1.2, TLSv1.3]
	ssl.endpoint.identification.algorithm = https
	ssl.engine.factory.class = null
	ssl.key.password = null
	ssl.keymanager.algorithm = SunX509
	ssl.keystore.certificate.chain = null
	ssl.keystore.key = null
	ssl.keystore.location = null
	ssl.keystore.password = null
	ssl.keystore.type = JKS
	ssl.protocol = TLSv1.3
	ssl.provider = null
	ssl.secure.random.implementation = null
	ssl.trustmanager.algorithm = PKIX
	ssl.truststore.certificates = null
	ssl.truststore.location = null
	ssl.truststore.password = null
	ssl.truststore.type = JKS
	value.deserializer = class org.apache.kafka.common.serialization.StringDeserializer

2025-06-30T15:16:06.974-06:00  INFO 28984 --- [proyecto-access-1] [           main] o.a.k.c.t.i.KafkaMetricsCollector        : initializing Kafka metrics collector
2025-06-30T15:16:06.976-06:00  INFO 28984 --- [proyecto-access-1] [           main] o.a.kafka.common.utils.AppInfoParser     : Kafka version: 3.8.1
2025-06-30T15:16:06.977-06:00  INFO 28984 --- [proyecto-access-1] [           main] o.a.kafka.common.utils.AppInfoParser     : Kafka commitId: 70d6ff42debf7e17
2025-06-30T15:16:06.977-06:00  INFO 28984 --- [proyecto-access-1] [           main] o.a.kafka.common.utils.AppInfoParser     : Kafka startTimeMs: 1751318166976
2025-06-30T15:16:06.977-06:00  INFO 28984 --- [proyecto-access-1] [           main] o.a.k.c.c.internals.LegacyKafkaConsumer  : [Consumer clientId=consumer-materia-service-group-32, groupId=materia-service-group] Subscribed to topic(s): get-notificaciones
2025-06-30T15:16:06.986-06:00  INFO 28984 --- [proyecto-access-1] [           main] c.a.ProyectoAccess1ApplicationTests      : Started ProyectoAccess1ApplicationTests in 4.511 seconds (process running for 5.487)
2025-06-30T15:16:07.159-06:00  INFO 28984 --- [proyecto-access-1] [tainer#29-0-C-1] org.apache.kafka.clients.NetworkClient   : [Consumer clientId=consumer-materia-service-group-11, groupId=materia-service-group] Node -1 disconnected.
2025-06-30T15:16:07.159-06:00  INFO 28984 --- [proyecto-access-1] [tainer#24-0-C-1] org.apache.kafka.clients.NetworkClient   : [Consumer clientId=consumer-materia-service-group-20, groupId=materia-service-group] Node -1 disconnected.
2025-06-30T15:16:07.159-06:00  INFO 28984 --- [proyecto-access-1] [ntainer#2-0-C-1] org.apache.kafka.clients.NetworkClient   : [Consumer clientId=consumer-materia-service-group-5, groupId=materia-service-group] Node -1 disconnected.
2025-06-30T15:16:07.159-06:00  INFO 28984 --- [proyecto-access-1] [tainer#27-0-C-1] org.apache.kafka.clients.NetworkClient   : [Consumer clientId=consumer-materia-service-group-19, groupId=materia-service-group] Node -1 disconnected.
2025-06-30T15:16:07.159-06:00  INFO 28984 --- [proyecto-access-1] [tainer#13-0-C-1] org.apache.kafka.clients.NetworkClient   : [Consumer clientId=consumer-materia-service-group-31, groupId=materia-service-group] Node -1 disconnected.
2025-06-30T15:16:07.159-06:00  INFO 28984 --- [proyecto-access-1] [tainer#30-0-C-1] org.apache.kafka.clients.NetworkClient   : [Consumer clientId=consumer-materia-service-group-7, groupId=materia-service-group] Node -1 disconnected.
2025-06-30T15:16:07.160-06:00  INFO 28984 --- [proyecto-access-1] [tainer#26-0-C-1] org.apache.kafka.clients.NetworkClient   : [Consumer clientId=consumer-materia-service-group-18, groupId=materia-service-group] Node -1 disconnected.
2025-06-30T15:16:07.160-06:00  INFO 28984 --- [proyecto-access-1] [ntainer#4-0-C-1] org.apache.kafka.clients.NetworkClient   : [Consumer clientId=consumer-materia-service-group-8, groupId=materia-service-group] Node -1 disconnected.
2025-06-30T15:16:07.160-06:00  INFO 28984 --- [proyecto-access-1] [ntainer#9-0-C-1] org.apache.kafka.clients.NetworkClient   : [Consumer clientId=consumer-materia-service-group-4, groupId=materia-service-group] Node -1 disconnected.
2025-06-30T15:16:07.160-06:00  INFO 28984 --- [proyecto-access-1] [tainer#20-0-C-1] org.apache.kafka.clients.NetworkClient   : [Consumer clientId=consumer-materia-service-group-15, groupId=materia-service-group] Node -1 disconnected.
2025-06-30T15:16:07.160-06:00  INFO 28984 --- [proyecto-access-1] [tainer#25-0-C-1] org.apache.kafka.clients.NetworkClient   : [Consumer clientId=consumer-materia-service-group-21, groupId=materia-service-group] Node -1 disconnected.
2025-06-30T15:16:07.160-06:00  INFO 28984 --- [proyecto-access-1] [ntainer#0-0-C-1] org.apache.kafka.clients.NetworkClient   : [Consumer clientId=consumer-materia-service-group-14, groupId=materia-service-group] Node -1 disconnected.
2025-06-30T15:16:07.160-06:00  INFO 28984 --- [proyecto-access-1] [ntainer#6-0-C-1] org.apache.kafka.clients.NetworkClient   : [Consumer clientId=consumer-materia-service-group-1, groupId=materia-service-group] Node -1 disconnected.
2025-06-30T15:16:07.160-06:00  INFO 28984 --- [proyecto-access-1] [ntainer#3-0-C-1] org.apache.kafka.clients.NetworkClient   : [Consumer clientId=consumer-materia-service-group-6, groupId=materia-service-group] Node -1 disconnected.
2025-06-30T15:16:07.161-06:00  INFO 28984 --- [proyecto-access-1] [tainer#31-0-C-1] org.apache.kafka.clients.NetworkClient   : [Consumer clientId=consumer-materia-service-group-27, groupId=materia-service-group] Node -1 disconnected.
2025-06-30T15:16:07.161-06:00  INFO 28984 --- [proyecto-access-1] [tainer#11-0-C-1] org.apache.kafka.clients.NetworkClient   : [Consumer clientId=consumer-materia-service-group-25, groupId=materia-service-group] Node -1 disconnected.
2025-06-30T15:16:07.161-06:00  INFO 28984 --- [proyecto-access-1] [tainer#22-0-C-1] org.apache.kafka.clients.NetworkClient   : [Consumer clientId=consumer-materia-service-group-12, groupId=materia-service-group] Node -1 disconnected.
2025-06-30T15:16:07.161-06:00  INFO 28984 --- [proyecto-access-1] [tainer#17-0-C-1] org.apache.kafka.clients.NetworkClient   : [Consumer clientId=consumer-materia-service-group-23, groupId=materia-service-group] Node -1 disconnected.
2025-06-30T15:16:07.161-06:00  INFO 28984 --- [proyecto-access-1] [tainer#18-0-C-1] org.apache.kafka.clients.NetworkClient   : [Consumer clientId=consumer-materia-service-group-24, groupId=materia-service-group] Node -1 disconnected.
2025-06-30T15:16:07.161-06:00  INFO 28984 --- [proyecto-access-1] [ntainer#5-0-C-1] org.apache.kafka.clients.NetworkClient   : [Consumer clientId=consumer-materia-service-group-9, groupId=materia-service-group] Node -1 disconnected.
2025-06-30T15:16:07.161-06:00  INFO 28984 --- [proyecto-access-1] [tainer#28-0-C-1] org.apache.kafka.clients.NetworkClient   : [Consumer clientId=consumer-materia-service-group-10, groupId=materia-service-group] Node -1 disconnected.
2025-06-30T15:16:07.161-06:00  INFO 28984 --- [proyecto-access-1] [tainer#15-0-C-1] org.apache.kafka.clients.NetworkClient   : [Consumer clientId=consumer-materia-service-group-29, groupId=materia-service-group] Node -1 disconnected.
2025-06-30T15:16:07.161-06:00  INFO 28984 --- [proyecto-access-1] [ntainer#7-0-C-1] org.apache.kafka.clients.NetworkClient   : [Consumer clientId=consumer-materia-service-group-2, groupId=materia-service-group] Node -1 disconnected.
2025-06-30T15:16:07.162-06:00  INFO 28984 --- [proyecto-access-1] [tainer#14-0-C-1] org.apache.kafka.clients.NetworkClient   : [Consumer clientId=consumer-materia-service-group-32, groupId=materia-service-group] Node -1 disconnected.
2025-06-30T15:16:07.162-06:00  INFO 28984 --- [proyecto-access-1] [tainer#19-0-C-1] org.apache.kafka.clients.NetworkClient   : [Consumer clientId=consumer-materia-service-group-22, groupId=materia-service-group] Node -1 disconnected.
2025-06-30T15:16:07.162-06:00  INFO 28984 --- [proyecto-access-1] [tainer#23-0-C-1] org.apache.kafka.clients.NetworkClient   : [Consumer clientId=consumer-materia-service-group-13, groupId=materia-service-group] Node -1 disconnected.
2025-06-30T15:16:07.162-06:00  INFO 28984 --- [proyecto-access-1] [tainer#12-0-C-1] org.apache.kafka.clients.NetworkClient   : [Consumer clientId=consumer-materia-service-group-26, groupId=materia-service-group] Node -1 disconnected.
2025-06-30T15:16:07.162-06:00  INFO 28984 --- [proyecto-access-1] [tainer#16-0-C-1] org.apache.kafka.clients.NetworkClient   : [Consumer clientId=consumer-materia-service-group-30, groupId=materia-service-group] Node -1 disconnected.
2025-06-30T15:16:07.162-06:00  INFO 28984 --- [proyecto-access-1] [ntainer#1-0-C-1] org.apache.kafka.clients.NetworkClient   : [Consumer clientId=consumer-materia-service-group-16, groupId=materia-service-group] Node -1 disconnected.
2025-06-30T15:16:07.162-06:00  INFO 28984 --- [proyecto-access-1] [ntainer#8-0-C-1] org.apache.kafka.clients.NetworkClient   : [Consumer clientId=consumer-materia-service-group-3, groupId=materia-service-group] Node -1 disconnected.
2025-06-30T15:16:07.162-06:00  INFO 28984 --- [proyecto-access-1] [tainer#10-0-C-1] org.apache.kafka.clients.NetworkClient   : [Consumer clientId=consumer-materia-service-group-28, groupId=materia-service-group] Node -1 disconnected.
2025-06-30T15:16:07.162-06:00  INFO 28984 --- [proyecto-access-1] [tainer#21-0-C-1] org.apache.kafka.clients.NetworkClient   : [Consumer clientId=consumer-materia-service-group-17, groupId=materia-service-group] Node -1 disconnected.
2025-06-30T15:16:07.167-06:00  WARN 28984 --- [proyecto-access-1] [tainer#16-0-C-1] org.apache.kafka.clients.NetworkClient   : [Consumer clientId=consumer-materia-service-group-30, groupId=materia-service-group] Connection to node -1 (localhost/127.0.0.1:9092) could not be established. Node may not be available.
2025-06-30T15:16:07.167-06:00  WARN 28984 --- [proyecto-access-1] [tainer#11-0-C-1] org.apache.kafka.clients.NetworkClient   : [Consumer clientId=consumer-materia-service-group-25, groupId=materia-service-group] Connection to node -1 (localhost/127.0.0.1:9092) could not be established. Node may not be available.
2025-06-30T15:16:07.167-06:00  WARN 28984 --- [proyecto-access-1] [tainer#31-0-C-1] org.apache.kafka.clients.NetworkClient   : [Consumer clientId=consumer-materia-service-group-27, groupId=materia-service-group] Connection to node -1 (localhost/127.0.0.1:9092) could not be established. Node may not be available.
2025-06-30T15:16:07.167-06:00  WARN 28984 --- [proyecto-access-1] [ntainer#6-0-C-1] org.apache.kafka.clients.NetworkClient   : [Consumer clientId=consumer-materia-service-group-1, groupId=materia-service-group] Connection to node -1 (localhost/127.0.0.1:9092) could not be established. Node may not be available.
2025-06-30T15:16:07.167-06:00  WARN 28984 --- [proyecto-access-1] [tainer#21-0-C-1] org.apache.kafka.clients.NetworkClient   : [Consumer clientId=consumer-materia-service-group-17, groupId=materia-service-group] Connection to node -1 (localhost/127.0.0.1:9092) could not be established. Node may not be available.
2025-06-30T15:16:07.167-06:00  WARN 28984 --- [proyecto-access-1] [tainer#19-0-C-1] org.apache.kafka.clients.NetworkClient   : [Consumer clientId=consumer-materia-service-group-22, groupId=materia-service-group] Connection to node -1 (localhost/127.0.0.1:9092) could not be established. Node may not be available.
2025-06-30T15:16:07.167-06:00  WARN 28984 --- [proyecto-access-1] [tainer#17-0-C-1] org.apache.kafka.clients.NetworkClient   : [Consumer clientId=consumer-materia-service-group-23, groupId=materia-service-group] Connection to node -1 (localhost/127.0.0.1:9092) could not be established. Node may not be available.
2025-06-30T15:16:07.167-06:00  WARN 28984 --- [proyecto-access-1] [ntainer#4-0-C-1] org.apache.kafka.clients.NetworkClient   : [Consumer clientId=consumer-materia-service-group-8, groupId=materia-service-group] Connection to node -1 (localhost/127.0.0.1:9092) could not be established. Node may not be available.
2025-06-30T15:16:07.167-06:00  WARN 28984 --- [proyecto-access-1] [tainer#26-0-C-1] org.apache.kafka.clients.NetworkClient   : [Consumer clientId=consumer-materia-service-group-18, groupId=materia-service-group] Connection to node -1 (localhost/127.0.0.1:9092) could not be established. Node may not be available.
2025-06-30T15:16:07.167-06:00  WARN 28984 --- [proyecto-access-1] [ntainer#1-0-C-1] org.apache.kafka.clients.NetworkClient   : [Consumer clientId=consumer-materia-service-group-16, groupId=materia-service-group] Connection to node -1 (localhost/127.0.0.1:9092) could not be established. Node may not be available.
2025-06-30T15:16:07.167-06:00  WARN 28984 --- [proyecto-access-1] [tainer#26-0-C-1] org.apache.kafka.clients.NetworkClient   : [Consumer clientId=consumer-materia-service-group-18, groupId=materia-service-group] Bootstrap broker localhost:9092 (id: -1 rack: null) disconnected
2025-06-30T15:16:07.167-06:00  WARN 28984 --- [proyecto-access-1] [tainer#21-0-C-1] org.apache.kafka.clients.NetworkClient   : [Consumer clientId=consumer-materia-service-group-17, groupId=materia-service-group] Bootstrap broker localhost:9092 (id: -1 rack: null) disconnected
2025-06-30T15:16:07.167-06:00  WARN 28984 --- [proyecto-access-1] [tainer#15-0-C-1] org.apache.kafka.clients.NetworkClient   : [Consumer clientId=consumer-materia-service-group-29, groupId=materia-service-group] Connection to node -1 (localhost/127.0.0.1:9092) could not be established. Node may not be available.
2025-06-30T15:16:07.167-06:00  WARN 28984 --- [proyecto-access-1] [tainer#22-0-C-1] org.apache.kafka.clients.NetworkClient   : [Consumer clientId=consumer-materia-service-group-12, groupId=materia-service-group] Connection to node -1 (localhost/127.0.0.1:9092) could not be established. Node may not be available.
2025-06-30T15:16:07.167-06:00  WARN 28984 --- [proyecto-access-1] [ntainer#7-0-C-1] org.apache.kafka.clients.NetworkClient   : [Consumer clientId=consumer-materia-service-group-2, groupId=materia-service-group] Connection to node -1 (localhost/127.0.0.1:9092) could not be established. Node may not be available.
2025-06-30T15:16:07.167-06:00  WARN 28984 --- [proyecto-access-1] [ntainer#8-0-C-1] org.apache.kafka.clients.NetworkClient   : [Consumer clientId=consumer-materia-service-group-3, groupId=materia-service-group] Connection to node -1 (localhost/127.0.0.1:9092) could not be established. Node may not be available.
2025-06-30T15:16:07.167-06:00  WARN 28984 --- [proyecto-access-1] [tainer#10-0-C-1] org.apache.kafka.clients.NetworkClient   : [Consumer clientId=consumer-materia-service-group-28, groupId=materia-service-group] Connection to node -1 (localhost/127.0.0.1:9092) could not be established. Node may not be available.
2025-06-30T15:16:07.168-06:00  WARN 28984 --- [proyecto-access-1] [ntainer#8-0-C-1] org.apache.kafka.clients.NetworkClient   : [Consumer clientId=consumer-materia-service-group-3, groupId=materia-service-group] Bootstrap broker localhost:9092 (id: -1 rack: null) disconnected
2025-06-30T15:16:07.167-06:00  WARN 28984 --- [proyecto-access-1] [tainer#20-0-C-1] org.apache.kafka.clients.NetworkClient   : [Consumer clientId=consumer-materia-service-group-15, groupId=materia-service-group] Connection to node -1 (localhost/127.0.0.1:9092) could not be established. Node may not be available.
2025-06-30T15:16:07.167-06:00  WARN 28984 --- [proyecto-access-1] [tainer#28-0-C-1] org.apache.kafka.clients.NetworkClient   : [Consumer clientId=consumer-materia-service-group-10, groupId=materia-service-group] Connection to node -1 (localhost/127.0.0.1:9092) could not be established. Node may not be available.
2025-06-30T15:16:07.167-06:00  WARN 28984 --- [proyecto-access-1] [tainer#29-0-C-1] org.apache.kafka.clients.NetworkClient   : [Consumer clientId=consumer-materia-service-group-11, groupId=materia-service-group] Connection to node -1 (localhost/127.0.0.1:9092) could not be established. Node may not be available.
2025-06-30T15:16:07.168-06:00  WARN 28984 --- [proyecto-access-1] [tainer#28-0-C-1] org.apache.kafka.clients.NetworkClient   : [Consumer clientId=consumer-materia-service-group-10, groupId=materia-service-group] Bootstrap broker localhost:9092 (id: -1 rack: null) disconnected
2025-06-30T15:16:07.167-06:00  WARN 28984 --- [proyecto-access-1] [tainer#13-0-C-1] org.apache.kafka.clients.NetworkClient   : [Consumer clientId=consumer-materia-service-group-31, groupId=materia-service-group] Connection to node -1 (localhost/127.0.0.1:9092) could not be established. Node may not be available.
2025-06-30T15:16:07.167-06:00  WARN 28984 --- [proyecto-access-1] [tainer#14-0-C-1] org.apache.kafka.clients.NetworkClient   : [Consumer clientId=consumer-materia-service-group-32, groupId=materia-service-group] Connection to node -1 (localhost/127.0.0.1:9092) could not be established. Node may not be available.
2025-06-30T15:16:07.167-06:00  WARN 28984 --- [proyecto-access-1] [tainer#24-0-C-1] org.apache.kafka.clients.NetworkClient   : [Consumer clientId=consumer-materia-service-group-20, groupId=materia-service-group] Connection to node -1 (localhost/127.0.0.1:9092) could not be established. Node may not be available.
2025-06-30T15:16:07.168-06:00  WARN 28984 --- [proyecto-access-1] [tainer#14-0-C-1] org.apache.kafka.clients.NetworkClient   : [Consumer clientId=consumer-materia-service-group-32, groupId=materia-service-group] Bootstrap broker localhost:9092 (id: -1 rack: null) disconnected
2025-06-30T15:16:07.168-06:00  WARN 28984 --- [proyecto-access-1] [tainer#24-0-C-1] org.apache.kafka.clients.NetworkClient   : [Consumer clientId=consumer-materia-service-group-20, groupId=materia-service-group] Bootstrap broker localhost:9092 (id: -1 rack: null) disconnected
2025-06-30T15:16:07.167-06:00  WARN 28984 --- [proyecto-access-1] [tainer#30-0-C-1] org.apache.kafka.clients.NetworkClient   : [Consumer clientId=consumer-materia-service-group-7, groupId=materia-service-group] Connection to node -1 (localhost/127.0.0.1:9092) could not be established. Node may not be available.
2025-06-30T15:16:07.167-06:00  WARN 28984 --- [proyecto-access-1] [tainer#25-0-C-1] org.apache.kafka.clients.NetworkClient   : [Consumer clientId=consumer-materia-service-group-21, groupId=materia-service-group] Connection to node -1 (localhost/127.0.0.1:9092) could not be established. Node may not be available.
2025-06-30T15:16:07.168-06:00  WARN 28984 --- [proyecto-access-1] [tainer#30-0-C-1] org.apache.kafka.clients.NetworkClient   : [Consumer clientId=consumer-materia-service-group-7, groupId=materia-service-group] Bootstrap broker localhost:9092 (id: -1 rack: null) disconnected
2025-06-30T15:16:07.168-06:00  WARN 28984 --- [proyecto-access-1] [tainer#25-0-C-1] org.apache.kafka.clients.NetworkClient   : [Consumer clientId=consumer-materia-service-group-21, groupId=materia-service-group] Bootstrap broker localhost:9092 (id: -1 rack: null) disconnected
2025-06-30T15:16:07.167-06:00  WARN 28984 --- [proyecto-access-1] [ntainer#5-0-C-1] org.apache.kafka.clients.NetworkClient   : [Consumer clientId=consumer-materia-service-group-9, groupId=materia-service-group] Connection to node -1 (localhost/127.0.0.1:9092) could not be established. Node may not be available.
2025-06-30T15:16:07.167-06:00  WARN 28984 --- [proyecto-access-1] [ntainer#2-0-C-1] org.apache.kafka.clients.NetworkClient   : [Consumer clientId=consumer-materia-service-group-5, groupId=materia-service-group] Connection to node -1 (localhost/127.0.0.1:9092) could not be established. Node may not be available.
2025-06-30T15:16:07.167-06:00  WARN 28984 --- [proyecto-access-1] [tainer#27-0-C-1] org.apache.kafka.clients.NetworkClient   : [Consumer clientId=consumer-materia-service-group-19, groupId=materia-service-group] Connection to node -1 (localhost/127.0.0.1:9092) could not be established. Node may not be available.
2025-06-30T15:16:07.168-06:00  WARN 28984 --- [proyecto-access-1] [ntainer#2-0-C-1] org.apache.kafka.clients.NetworkClient   : [Consumer clientId=consumer-materia-service-group-5, groupId=materia-service-group] Bootstrap broker localhost:9092 (id: -1 rack: null) disconnected
2025-06-30T15:16:07.167-06:00  WARN 28984 --- [proyecto-access-1] [ntainer#0-0-C-1] org.apache.kafka.clients.NetworkClient   : [Consumer clientId=consumer-materia-service-group-14, groupId=materia-service-group] Connection to node -1 (localhost/127.0.0.1:9092) could not be established. Node may not be available.
2025-06-30T15:16:07.167-06:00  WARN 28984 --- [proyecto-access-1] [tainer#18-0-C-1] org.apache.kafka.clients.NetworkClient   : [Consumer clientId=consumer-materia-service-group-24, groupId=materia-service-group] Connection to node -1 (localhost/127.0.0.1:9092) could not be established. Node may not be available.
2025-06-30T15:16:07.169-06:00  WARN 28984 --- [proyecto-access-1] [ntainer#0-0-C-1] org.apache.kafka.clients.NetworkClient   : [Consumer clientId=consumer-materia-service-group-14, groupId=materia-service-group] Bootstrap broker localhost:9092 (id: -1 rack: null) disconnected
2025-06-30T15:16:07.169-06:00  WARN 28984 --- [proyecto-access-1] [tainer#18-0-C-1] org.apache.kafka.clients.NetworkClient   : [Consumer clientId=consumer-materia-service-group-24, groupId=materia-service-group] Bootstrap broker localhost:9092 (id: -1 rack: null) disconnected
2025-06-30T15:16:07.167-06:00  WARN 28984 --- [proyecto-access-1] [tainer#23-0-C-1] org.apache.kafka.clients.NetworkClient   : [Consumer clientId=consumer-materia-service-group-13, groupId=materia-service-group] Connection to node -1 (localhost/127.0.0.1:9092) could not be established. Node may not be available.
2025-06-30T15:16:07.167-06:00  WARN 28984 --- [proyecto-access-1] [tainer#12-0-C-1] org.apache.kafka.clients.NetworkClient   : [Consumer clientId=consumer-materia-service-group-26, groupId=materia-service-group] Connection to node -1 (localhost/127.0.0.1:9092) could not be established. Node may not be available.
2025-06-30T15:16:07.169-06:00  WARN 28984 --- [proyecto-access-1] [tainer#23-0-C-1] org.apache.kafka.clients.NetworkClient   : [Consumer clientId=consumer-materia-service-group-13, groupId=materia-service-group] Bootstrap broker localhost:9092 (id: -1 rack: null) disconnected
2025-06-30T15:16:07.167-06:00  WARN 28984 --- [proyecto-access-1] [ntainer#9-0-C-1] org.apache.kafka.clients.NetworkClient   : [Consumer clientId=consumer-materia-service-group-4, groupId=materia-service-group] Connection to node -1 (localhost/127.0.0.1:9092) could not be established. Node may not be available.
2025-06-30T15:16:07.167-06:00  WARN 28984 --- [proyecto-access-1] [ntainer#6-0-C-1] org.apache.kafka.clients.NetworkClient   : [Consumer clientId=consumer-materia-service-group-1, groupId=materia-service-group] Bootstrap broker localhost:9092 (id: -1 rack: null) disconnected
2025-06-30T15:16:07.169-06:00  WARN 28984 --- [proyecto-access-1] [ntainer#9-0-C-1] org.apache.kafka.clients.NetworkClient   : [Consumer clientId=consumer-materia-service-group-4, groupId=materia-service-group] Bootstrap broker localhost:9092 (id: -1 rack: null) disconnected
2025-06-30T15:16:07.167-06:00  WARN 28984 --- [proyecto-access-1] [ntainer#3-0-C-1] org.apache.kafka.clients.NetworkClient   : [Consumer clientId=consumer-materia-service-group-6, groupId=materia-service-group] Connection to node -1 (localhost/127.0.0.1:9092) could not be established. Node may not be available.
2025-06-30T15:16:07.167-06:00  WARN 28984 --- [proyecto-access-1] [tainer#16-0-C-1] org.apache.kafka.clients.NetworkClient   : [Consumer clientId=consumer-materia-service-group-30, groupId=materia-service-group] Bootstrap broker localhost:9092 (id: -1 rack: null) disconnected
2025-06-30T15:16:07.169-06:00  WARN 28984 --- [proyecto-access-1] [ntainer#3-0-C-1] org.apache.kafka.clients.NetworkClient   : [Consumer clientId=consumer-materia-service-group-6, groupId=materia-service-group] Bootstrap broker localhost:9092 (id: -1 rack: null) disconnected
2025-06-30T15:16:07.167-06:00  WARN 28984 --- [proyecto-access-1] [tainer#17-0-C-1] org.apache.kafka.clients.NetworkClient   : [Consumer clientId=consumer-materia-service-group-23, groupId=materia-service-group] Bootstrap broker localhost:9092 (id: -1 rack: null) disconnected
2025-06-30T15:16:07.167-06:00  WARN 28984 --- [proyecto-access-1] [ntainer#4-0-C-1] org.apache.kafka.clients.NetworkClient   : [Consumer clientId=consumer-materia-service-group-8, groupId=materia-service-group] Bootstrap broker localhost:9092 (id: -1 rack: null) disconnected
2025-06-30T15:16:07.167-06:00  WARN 28984 --- [proyecto-access-1] [tainer#11-0-C-1] org.apache.kafka.clients.NetworkClient   : [Consumer clientId=consumer-materia-service-group-25, groupId=materia-service-group] Bootstrap broker localhost:9092 (id: -1 rack: null) disconnected
2025-06-30T15:16:07.167-06:00  WARN 28984 --- [proyecto-access-1] [tainer#31-0-C-1] org.apache.kafka.clients.NetworkClient   : [Consumer clientId=consumer-materia-service-group-27, groupId=materia-service-group] Bootstrap broker localhost:9092 (id: -1 rack: null) disconnected
2025-06-30T15:16:07.167-06:00  WARN 28984 --- [proyecto-access-1] [tainer#19-0-C-1] org.apache.kafka.clients.NetworkClient   : [Consumer clientId=consumer-materia-service-group-22, groupId=materia-service-group] Bootstrap broker localhost:9092 (id: -1 rack: null) disconnected
2025-06-30T15:16:07.167-06:00  WARN 28984 --- [proyecto-access-1] [ntainer#1-0-C-1] org.apache.kafka.clients.NetworkClient   : [Consumer clientId=consumer-materia-service-group-16, groupId=materia-service-group] Bootstrap broker localhost:9092 (id: -1 rack: null) disconnected
2025-06-30T15:16:07.168-06:00  WARN 28984 --- [proyecto-access-1] [tainer#22-0-C-1] org.apache.kafka.clients.NetworkClient   : [Consumer clientId=consumer-materia-service-group-12, groupId=materia-service-group] Bootstrap broker localhost:9092 (id: -1 rack: null) disconnected
2025-06-30T15:16:07.168-06:00  WARN 28984 --- [proyecto-access-1] [tainer#15-0-C-1] org.apache.kafka.clients.NetworkClient   : [Consumer clientId=consumer-materia-service-group-29, groupId=materia-service-group] Bootstrap broker localhost:9092 (id: -1 rack: null) disconnected
2025-06-30T15:16:07.168-06:00  WARN 28984 --- [proyecto-access-1] [ntainer#7-0-C-1] org.apache.kafka.clients.NetworkClient   : [Consumer clientId=consumer-materia-service-group-2, groupId=materia-service-group] Bootstrap broker localhost:9092 (id: -1 rack: null) disconnected
2025-06-30T15:16:07.168-06:00  WARN 28984 --- [proyecto-access-1] [tainer#10-0-C-1] org.apache.kafka.clients.NetworkClient   : [Consumer clientId=consumer-materia-service-group-28, groupId=materia-service-group] Bootstrap broker localhost:9092 (id: -1 rack: null) disconnected
2025-06-30T15:16:07.168-06:00  WARN 28984 --- [proyecto-access-1] [tainer#20-0-C-1] org.apache.kafka.clients.NetworkClient   : [Consumer clientId=consumer-materia-service-group-15, groupId=materia-service-group] Bootstrap broker localhost:9092 (id: -1 rack: null) disconnected
2025-06-30T15:16:07.168-06:00  WARN 28984 --- [proyecto-access-1] [tainer#29-0-C-1] org.apache.kafka.clients.NetworkClient   : [Consumer clientId=consumer-materia-service-group-11, groupId=materia-service-group] Bootstrap broker localhost:9092 (id: -1 rack: null) disconnected
2025-06-30T15:16:07.168-06:00  WARN 28984 --- [proyecto-access-1] [tainer#13-0-C-1] org.apache.kafka.clients.NetworkClient   : [Consumer clientId=consumer-materia-service-group-31, groupId=materia-service-group] Bootstrap broker localhost:9092 (id: -1 rack: null) disconnected
2025-06-30T15:16:07.168-06:00  WARN 28984 --- [proyecto-access-1] [ntainer#5-0-C-1] org.apache.kafka.clients.NetworkClient   : [Consumer clientId=consumer-materia-service-group-9, groupId=materia-service-group] Bootstrap broker localhost:9092 (id: -1 rack: null) disconnected
2025-06-30T15:16:07.169-06:00  WARN 28984 --- [proyecto-access-1] [tainer#27-0-C-1] org.apache.kafka.clients.NetworkClient   : [Consumer clientId=consumer-materia-service-group-19, groupId=materia-service-group] Bootstrap broker localhost:9092 (id: -1 rack: null) disconnected
2025-06-30T15:16:07.169-06:00  WARN 28984 --- [proyecto-access-1] [tainer#12-0-C-1] org.apache.kafka.clients.NetworkClient   : [Consumer clientId=consumer-materia-service-group-26, groupId=materia-service-group] Bootstrap broker localhost:9092 (id: -1 rack: null) disconnected
2025-06-30T15:16:07.267-06:00  INFO 28984 --- [proyecto-access-1] [tainer#20-0-C-1] org.apache.kafka.clients.NetworkClient   : [Consumer clientId=consumer-materia-service-group-15, groupId=materia-service-group] Node -1 disconnected.
2025-06-30T15:16:07.268-06:00  WARN 28984 --- [proyecto-access-1] [tainer#20-0-C-1] org.apache.kafka.clients.NetworkClient   : [Consumer clientId=consumer-materia-service-group-15, groupId=materia-service-group] Connection to node -1 (localhost/127.0.0.1:9092) could not be established. Node may not be available.
2025-06-30T15:16:07.268-06:00  WARN 28984 --- [proyecto-access-1] [tainer#20-0-C-1] org.apache.kafka.clients.NetworkClient   : [Consumer clientId=consumer-materia-service-group-15, groupId=materia-service-group] Bootstrap broker localhost:9092 (id: -1 rack: null) disconnected
2025-06-30T15:16:07.268-06:00  INFO 28984 --- [proyecto-access-1] [ntainer#3-0-C-1] org.apache.kafka.clients.NetworkClient   : [Consumer clientId=consumer-materia-service-group-6, groupId=materia-service-group] Node -1 disconnected.
2025-06-30T15:16:07.268-06:00  WARN 28984 --- [proyecto-access-1] [ntainer#3-0-C-1] org.apache.kafka.clients.NetworkClient   : [Consumer clientId=consumer-materia-service-group-6, groupId=materia-service-group] Connection to node -1 (localhost/127.0.0.1:9092) could not be established. Node may not be available.
2025-06-30T15:16:07.270-06:00  WARN 28984 --- [proyecto-access-1] [ntainer#3-0-C-1] org.apache.kafka.clients.NetworkClient   : [Consumer clientId=consumer-materia-service-group-6, groupId=materia-service-group] Bootstrap broker localhost:9092 (id: -1 rack: null) disconnected
2025-06-30T15:16:07.271-06:00  INFO 28984 --- [proyecto-access-1] [tainer#12-0-C-1] org.apache.kafka.clients.NetworkClient   : [Consumer clientId=consumer-materia-service-group-26, groupId=materia-service-group] Node -1 disconnected.
2025-06-30T15:16:07.271-06:00  INFO 28984 --- [proyecto-access-1] [tainer#26-0-C-1] org.apache.kafka.clients.NetworkClient   : [Consumer clientId=consumer-materia-service-group-18, groupId=materia-service-group] Node -1 disconnected.
2025-06-30T15:16:07.271-06:00  WARN 28984 --- [proyecto-access-1] [tainer#12-0-C-1] org.apache.kafka.clients.NetworkClient   : [Consumer clientId=consumer-materia-service-group-26, groupId=materia-service-group] Connection to node -1 (localhost/127.0.0.1:9092) could not be established. Node may not be available.
2025-06-30T15:16:07.271-06:00  WARN 28984 --- [proyecto-access-1] [tainer#12-0-C-1] org.apache.kafka.clients.NetworkClient   : [Consumer clientId=consumer-materia-service-group-26, groupId=materia-service-group] Bootstrap broker localhost:9092 (id: -1 rack: null) disconnected
2025-06-30T15:16:07.271-06:00  WARN 28984 --- [proyecto-access-1] [tainer#26-0-C-1] org.apache.kafka.clients.NetworkClient   : [Consumer clientId=consumer-materia-service-group-18, groupId=materia-service-group] Connection to node -1 (localhost/127.0.0.1:9092) could not be established. Node may not be available.
2025-06-30T15:16:07.271-06:00  WARN 28984 --- [proyecto-access-1] [tainer#26-0-C-1] org.apache.kafka.clients.NetworkClient   : [Consumer clientId=consumer-materia-service-group-18, groupId=materia-service-group] Bootstrap broker localhost:9092 (id: -1 rack: null) disconnected
2025-06-30T15:16:07.276-06:00  INFO 28984 --- [proyecto-access-1] [tainer#19-0-C-1] org.apache.kafka.clients.NetworkClient   : [Consumer clientId=consumer-materia-service-group-22, groupId=materia-service-group] Node -1 disconnected.
2025-06-30T15:16:07.276-06:00  INFO 28984 --- [proyecto-access-1] [ntainer#4-0-C-1] org.apache.kafka.clients.NetworkClient   : [Consumer clientId=consumer-materia-service-group-8, groupId=materia-service-group] Node -1 disconnected.
2025-06-30T15:16:07.277-06:00  WARN 28984 --- [proyecto-access-1] [tainer#19-0-C-1] org.apache.kafka.clients.NetworkClient   : [Consumer clientId=consumer-materia-service-group-22, groupId=materia-service-group] Connection to node -1 (localhost/127.0.0.1:9092) could not be established. Node may not be available.
2025-06-30T15:16:07.277-06:00  WARN 28984 --- [proyecto-access-1] [tainer#19-0-C-1] org.apache.kafka.clients.NetworkClient   : [Consumer clientId=consumer-materia-service-group-22, groupId=materia-service-group] Bootstrap broker localhost:9092 (id: -1 rack: null) disconnected
2025-06-30T15:16:07.277-06:00  WARN 28984 --- [proyecto-access-1] [ntainer#4-0-C-1] org.apache.kafka.clients.NetworkClient   : [Consumer clientId=consumer-materia-service-group-8, groupId=materia-service-group] Connection to node -1 (localhost/127.0.0.1:9092) could not be established. Node may not be available.
2025-06-30T15:16:07.277-06:00  WARN 28984 --- [proyecto-access-1] [ntainer#4-0-C-1] org.apache.kafka.clients.NetworkClient   : [Consumer clientId=consumer-materia-service-group-8, groupId=materia-service-group] Bootstrap broker localhost:9092 (id: -1 rack: null) disconnected
2025-06-30T15:16:07.277-06:00  INFO 28984 --- [proyecto-access-1] [tainer#22-0-C-1] org.apache.kafka.clients.NetworkClient   : [Consumer clientId=consumer-materia-service-group-12, groupId=materia-service-group] Node -1 disconnected.
2025-06-30T15:16:07.277-06:00  INFO 28984 --- [proyecto-access-1] [tainer#23-0-C-1] org.apache.kafka.clients.NetworkClient   : [Consumer clientId=consumer-materia-service-group-13, groupId=materia-service-group] Node -1 disconnected.
2025-06-30T15:16:07.277-06:00  WARN 28984 --- [proyecto-access-1] [tainer#22-0-C-1] org.apache.kafka.clients.NetworkClient   : [Consumer clientId=consumer-materia-service-group-12, groupId=materia-service-group] Connection to node -1 (localhost/127.0.0.1:9092) could not be established. Node may not be available.
2025-06-30T15:16:07.277-06:00  WARN 28984 --- [proyecto-access-1] [tainer#22-0-C-1] org.apache.kafka.clients.NetworkClient   : [Consumer clientId=consumer-materia-service-group-12, groupId=materia-service-group] Bootstrap broker localhost:9092 (id: -1 rack: null) disconnected
2025-06-30T15:16:07.277-06:00  WARN 28984 --- [proyecto-access-1] [tainer#23-0-C-1] org.apache.kafka.clients.NetworkClient   : [Consumer clientId=consumer-materia-service-group-13, groupId=materia-service-group] Connection to node -1 (localhost/127.0.0.1:9092) could not be established. Node may not be available.
2025-06-30T15:16:07.277-06:00  WARN 28984 --- [proyecto-access-1] [tainer#23-0-C-1] org.apache.kafka.clients.NetworkClient   : [Consumer clientId=consumer-materia-service-group-13, groupId=materia-service-group] Bootstrap broker localhost:9092 (id: -1 rack: null) disconnected
2025-06-30T15:16:07.278-06:00  INFO 28984 --- [proyecto-access-1] [ntainer#7-0-C-1] org.apache.kafka.clients.NetworkClient   : [Consumer clientId=consumer-materia-service-group-2, groupId=materia-service-group] Node -1 disconnected.
2025-06-30T15:16:07.278-06:00  WARN 28984 --- [proyecto-access-1] [ntainer#7-0-C-1] org.apache.kafka.clients.NetworkClient   : [Consumer clientId=consumer-materia-service-group-2, groupId=materia-service-group] Connection to node -1 (localhost/127.0.0.1:9092) could not be established. Node may not be available.
2025-06-30T15:16:07.278-06:00  WARN 28984 --- [proyecto-access-1] [ntainer#7-0-C-1] org.apache.kafka.clients.NetworkClient   : [Consumer clientId=consumer-materia-service-group-2, groupId=materia-service-group] Bootstrap broker localhost:9092 (id: -1 rack: null) disconnected
2025-06-30T15:16:07.279-06:00  INFO 28984 --- [proyecto-access-1] [ntainer#1-0-C-1] org.apache.kafka.clients.NetworkClient   : [Consumer clientId=consumer-materia-service-group-16, groupId=materia-service-group] Node -1 disconnected.
2025-06-30T15:16:07.279-06:00  WARN 28984 --- [proyecto-access-1] [ntainer#1-0-C-1] org.apache.kafka.clients.NetworkClient   : [Consumer clientId=consumer-materia-service-group-16, groupId=materia-service-group] Connection to node -1 (localhost/127.0.0.1:9092) could not be established. Node may not be available.
2025-06-30T15:16:07.279-06:00  WARN 28984 --- [proyecto-access-1] [ntainer#1-0-C-1] org.apache.kafka.clients.NetworkClient   : [Consumer clientId=consumer-materia-service-group-16, groupId=materia-service-group] Bootstrap broker localhost:9092 (id: -1 rack: null) disconnected
2025-06-30T15:16:07.284-06:00  INFO 28984 --- [proyecto-access-1] [ntainer#9-0-C-1] org.apache.kafka.clients.NetworkClient   : [Consumer clientId=consumer-materia-service-group-4, groupId=materia-service-group] Node -1 disconnected.
2025-06-30T15:16:07.284-06:00  INFO 28984 --- [proyecto-access-1] [ntainer#5-0-C-1] org.apache.kafka.clients.NetworkClient   : [Consumer clientId=consumer-materia-service-group-9, groupId=materia-service-group] Node -1 disconnected.
2025-06-30T15:16:07.284-06:00  WARN 28984 --- [proyecto-access-1] [ntainer#9-0-C-1] org.apache.kafka.clients.NetworkClient   : [Consumer clientId=consumer-materia-service-group-4, groupId=materia-service-group] Connection to node -1 (localhost/127.0.0.1:9092) could not be established. Node may not be available.
2025-06-30T15:16:07.284-06:00  WARN 28984 --- [proyecto-access-1] [ntainer#5-0-C-1] org.apache.kafka.clients.NetworkClient   : [Consumer clientId=consumer-materia-service-group-9, groupId=materia-service-group] Connection to node -1 (localhost/127.0.0.1:9092) could not be established. Node may not be available.
2025-06-30T15:16:07.284-06:00  WARN 28984 --- [proyecto-access-1] [ntainer#9-0-C-1] org.apache.kafka.clients.NetworkClient   : [Consumer clientId=consumer-materia-service-group-4, groupId=materia-service-group] Bootstrap broker localhost:9092 (id: -1 rack: null) disconnected
2025-06-30T15:16:07.284-06:00  WARN 28984 --- [proyecto-access-1] [ntainer#5-0-C-1] org.apache.kafka.clients.NetworkClient   : [Consumer clientId=consumer-materia-service-group-9, groupId=materia-service-group] Bootstrap broker localhost:9092 (id: -1 rack: null) disconnected
2025-06-30T15:16:07.286-06:00  INFO 28984 --- [proyecto-access-1] [tainer#15-0-C-1] org.apache.kafka.clients.NetworkClient   : [Consumer clientId=consumer-materia-service-group-29, groupId=materia-service-group] Node -1 disconnected.
2025-06-30T15:16:07.286-06:00  INFO 28984 --- [proyecto-access-1] [tainer#21-0-C-1] org.apache.kafka.clients.NetworkClient   : [Consumer clientId=consumer-materia-service-group-17, groupId=materia-service-group] Node -1 disconnected.
2025-06-30T15:16:07.287-06:00  WARN 28984 --- [proyecto-access-1] [tainer#15-0-C-1] org.apache.kafka.clients.NetworkClient   : [Consumer clientId=consumer-materia-service-group-29, groupId=materia-service-group] Connection to node -1 (localhost/127.0.0.1:9092) could not be established. Node may not be available.
2025-06-30T15:16:07.287-06:00  WARN 28984 --- [proyecto-access-1] [tainer#21-0-C-1] org.apache.kafka.clients.NetworkClient   : [Consumer clientId=consumer-materia-service-group-17, groupId=materia-service-group] Connection to node -1 (localhost/127.0.0.1:9092) could not be established. Node may not be available.
2025-06-30T15:16:07.287-06:00  WARN 28984 --- [proyecto-access-1] [tainer#15-0-C-1] org.apache.kafka.clients.NetworkClient   : [Consumer clientId=consumer-materia-service-group-29, groupId=materia-service-group] Bootstrap broker localhost:9092 (id: -1 rack: null) disconnected
2025-06-30T15:16:07.287-06:00  WARN 28984 --- [proyecto-access-1] [tainer#21-0-C-1] org.apache.kafka.clients.NetworkClient   : [Consumer clientId=consumer-materia-service-group-17, groupId=materia-service-group] Bootstrap broker localhost:9092 (id: -1 rack: null) disconnected
2025-06-30T15:16:07.291-06:00  INFO 28984 --- [proyecto-access-1] [tainer#28-0-C-1] org.apache.kafka.clients.NetworkClient   : [Consumer clientId=consumer-materia-service-group-10, groupId=materia-service-group] Node -1 disconnected.
2025-06-30T15:16:07.291-06:00  INFO 28984 --- [proyecto-access-1] [ntainer#6-0-C-1] org.apache.kafka.clients.NetworkClient   : [Consumer clientId=consumer-materia-service-group-1, groupId=materia-service-group] Node -1 disconnected.
2025-06-30T15:16:07.291-06:00  WARN 28984 --- [proyecto-access-1] [tainer#28-0-C-1] org.apache.kafka.clients.NetworkClient   : [Consumer clientId=consumer-materia-service-group-10, groupId=materia-service-group] Connection to node -1 (localhost/127.0.0.1:9092) could not be established. Node may not be available.
2025-06-30T15:16:07.291-06:00  WARN 28984 --- [proyecto-access-1] [ntainer#6-0-C-1] org.apache.kafka.clients.NetworkClient   : [Consumer clientId=consumer-materia-service-group-1, groupId=materia-service-group] Connection to node -1 (localhost/127.0.0.1:9092) could not be established. Node may not be available.
2025-06-30T15:16:07.291-06:00  WARN 28984 --- [proyecto-access-1] [tainer#28-0-C-1] org.apache.kafka.clients.NetworkClient   : [Consumer clientId=consumer-materia-service-group-10, groupId=materia-service-group] Bootstrap broker localhost:9092 (id: -1 rack: null) disconnected
2025-06-30T15:16:07.291-06:00  WARN 28984 --- [proyecto-access-1] [ntainer#6-0-C-1] org.apache.kafka.clients.NetworkClient   : [Consumer clientId=consumer-materia-service-group-1, groupId=materia-service-group] Bootstrap broker localhost:9092 (id: -1 rack: null) disconnected
2025-06-30T15:16:07.291-06:00  INFO 28984 --- [proyecto-access-1] [ntainer#0-0-C-1] org.apache.kafka.clients.NetworkClient   : [Consumer clientId=consumer-materia-service-group-14, groupId=materia-service-group] Node -1 disconnected.
2025-06-30T15:16:07.291-06:00  INFO 28984 --- [proyecto-access-1] [ntainer#2-0-C-1] org.apache.kafka.clients.NetworkClient   : [Consumer clientId=consumer-materia-service-group-5, groupId=materia-service-group] Node -1 disconnected.
2025-06-30T15:16:07.291-06:00  WARN 28984 --- [proyecto-access-1] [ntainer#0-0-C-1] org.apache.kafka.clients.NetworkClient   : [Consumer clientId=consumer-materia-service-group-14, groupId=materia-service-group] Connection to node -1 (localhost/127.0.0.1:9092) could not be established. Node may not be available.
2025-06-30T15:16:07.291-06:00  INFO 28984 --- [proyecto-access-1] [tainer#13-0-C-1] org.apache.kafka.clients.NetworkClient   : [Consumer clientId=consumer-materia-service-group-31, groupId=materia-service-group] Node -1 disconnected.
2025-06-30T15:16:07.291-06:00  WARN 28984 --- [proyecto-access-1] [ntainer#0-0-C-1] org.apache.kafka.clients.NetworkClient   : [Consumer clientId=consumer-materia-service-group-14, groupId=materia-service-group] Bootstrap broker localhost:9092 (id: -1 rack: null) disconnected
2025-06-30T15:16:07.291-06:00  WARN 28984 --- [proyecto-access-1] [tainer#13-0-C-1] org.apache.kafka.clients.NetworkClient   : [Consumer clientId=consumer-materia-service-group-31, groupId=materia-service-group] Connection to node -1 (localhost/127.0.0.1:9092) could not be established. Node may not be available.
2025-06-30T15:16:07.291-06:00  WARN 28984 --- [proyecto-access-1] [ntainer#2-0-C-1] org.apache.kafka.clients.NetworkClient   : [Consumer clientId=consumer-materia-service-group-5, groupId=materia-service-group] Connection to node -1 (localhost/127.0.0.1:9092) could not be established. Node may not be available.
2025-06-30T15:16:07.291-06:00  WARN 28984 --- [proyecto-access-1] [tainer#13-0-C-1] org.apache.kafka.clients.NetworkClient   : [Consumer clientId=consumer-materia-service-group-31, groupId=materia-service-group] Bootstrap broker localhost:9092 (id: -1 rack: null) disconnected
2025-06-30T15:16:07.291-06:00  WARN 28984 --- [proyecto-access-1] [ntainer#2-0-C-1] org.apache.kafka.clients.NetworkClient   : [Consumer clientId=consumer-materia-service-group-5, groupId=materia-service-group] Bootstrap broker localhost:9092 (id: -1 rack: null) disconnected
2025-06-30T15:16:07.292-06:00  INFO 28984 --- [proyecto-access-1] [tainer#16-0-C-1] org.apache.kafka.clients.NetworkClient   : [Consumer clientId=consumer-materia-service-group-30, groupId=materia-service-group] Node -1 disconnected.
2025-06-30T15:16:07.292-06:00  INFO 28984 --- [proyecto-access-1] [tainer#17-0-C-1] org.apache.kafka.clients.NetworkClient   : [Consumer clientId=consumer-materia-service-group-23, groupId=materia-service-group] Node -1 disconnected.
2025-06-30T15:16:07.292-06:00  WARN 28984 --- [proyecto-access-1] [tainer#16-0-C-1] org.apache.kafka.clients.NetworkClient   : [Consumer clientId=consumer-materia-service-group-30, groupId=materia-service-group] Connection to node -1 (localhost/127.0.0.1:9092) could not be established. Node may not be available.
2025-06-30T15:16:07.292-06:00  WARN 28984 --- [proyecto-access-1] [tainer#16-0-C-1] org.apache.kafka.clients.NetworkClient   : [Consumer clientId=consumer-materia-service-group-30, groupId=materia-service-group] Bootstrap broker localhost:9092 (id: -1 rack: null) disconnected
2025-06-30T15:16:07.292-06:00  WARN 28984 --- [proyecto-access-1] [tainer#17-0-C-1] org.apache.kafka.clients.NetworkClient   : [Consumer clientId=consumer-materia-service-group-23, groupId=materia-service-group] Connection to node -1 (localhost/127.0.0.1:9092) could not be established. Node may not be available.
2025-06-30T15:16:07.292-06:00  WARN 28984 --- [proyecto-access-1] [tainer#17-0-C-1] org.apache.kafka.clients.NetworkClient   : [Consumer clientId=consumer-materia-service-group-23, groupId=materia-service-group] Bootstrap broker localhost:9092 (id: -1 rack: null) disconnected
2025-06-30T15:16:07.293-06:00  INFO 28984 --- [proyecto-access-1] [tainer#29-0-C-1] org.apache.kafka.clients.NetworkClient   : [Consumer clientId=consumer-materia-service-group-11, groupId=materia-service-group] Node -1 disconnected.
2025-06-30T15:16:07.294-06:00  WARN 28984 --- [proyecto-access-1] [tainer#29-0-C-1] org.apache.kafka.clients.NetworkClient   : [Consumer clientId=consumer-materia-service-group-11, groupId=materia-service-group] Connection to node -1 (localhost/127.0.0.1:9092) could not be established. Node may not be available.
2025-06-30T15:16:07.294-06:00  WARN 28984 --- [proyecto-access-1] [tainer#29-0-C-1] org.apache.kafka.clients.NetworkClient   : [Consumer clientId=consumer-materia-service-group-11, groupId=materia-service-group] Bootstrap broker localhost:9092 (id: -1 rack: null) disconnected
2025-06-30T15:16:07.295-06:00  INFO 28984 --- [proyecto-access-1] [ntainer#8-0-C-1] org.apache.kafka.clients.NetworkClient   : [Consumer clientId=consumer-materia-service-group-3, groupId=materia-service-group] Node -1 disconnected.
2025-06-30T15:16:07.295-06:00  WARN 28984 --- [proyecto-access-1] [ntainer#8-0-C-1] org.apache.kafka.clients.NetworkClient   : [Consumer clientId=consumer-materia-service-group-3, groupId=materia-service-group] Connection to node -1 (localhost/127.0.0.1:9092) could not be established. Node may not be available.
2025-06-30T15:16:07.295-06:00  WARN 28984 --- [proyecto-access-1] [ntainer#8-0-C-1] org.apache.kafka.clients.NetworkClient   : [Consumer clientId=consumer-materia-service-group-3, groupId=materia-service-group] Bootstrap broker localhost:9092 (id: -1 rack: null) disconnected
2025-06-30T15:16:07.296-06:00  INFO 28984 --- [proyecto-access-1] [tainer#30-0-C-1] org.apache.kafka.clients.NetworkClient   : [Consumer clientId=consumer-materia-service-group-7, groupId=materia-service-group] Node -1 disconnected.
2025-06-30T15:16:07.296-06:00  WARN 28984 --- [proyecto-access-1] [tainer#30-0-C-1] org.apache.kafka.clients.NetworkClient   : [Consumer clientId=consumer-materia-service-group-7, groupId=materia-service-group] Connection to node -1 (localhost/127.0.0.1:9092) could not be established. Node may not be available.
2025-06-30T15:16:07.296-06:00  WARN 28984 --- [proyecto-access-1] [tainer#30-0-C-1] org.apache.kafka.clients.NetworkClient   : [Consumer clientId=consumer-materia-service-group-7, groupId=materia-service-group] Bootstrap broker localhost:9092 (id: -1 rack: null) disconnected
2025-06-30T15:16:07.297-06:00  INFO 28984 --- [proyecto-access-1] [tainer#25-0-C-1] org.apache.kafka.clients.NetworkClient   : [Consumer clientId=consumer-materia-service-group-21, groupId=materia-service-group] Node -1 disconnected.
2025-06-30T15:16:07.297-06:00  WARN 28984 --- [proyecto-access-1] [tainer#25-0-C-1] org.apache.kafka.clients.NetworkClient   : [Consumer clientId=consumer-materia-service-group-21, groupId=materia-service-group] Connection to node -1 (localhost/127.0.0.1:9092) could not be established. Node may not be available.
2025-06-30T15:16:07.297-06:00  WARN 28984 --- [proyecto-access-1] [tainer#25-0-C-1] org.apache.kafka.clients.NetworkClient   : [Consumer clientId=consumer-materia-service-group-21, groupId=materia-service-group] Bootstrap broker localhost:9092 (id: -1 rack: null) disconnected
2025-06-30T15:16:07.299-06:00  INFO 28984 --- [proyecto-access-1] [tainer#31-0-C-1] org.apache.kafka.clients.NetworkClient   : [Consumer clientId=consumer-materia-service-group-27, groupId=materia-service-group] Node -1 disconnected.
2025-06-30T15:16:07.299-06:00  INFO 28984 --- [proyecto-access-1] [tainer#14-0-C-1] org.apache.kafka.clients.NetworkClient   : [Consumer clientId=consumer-materia-service-group-32, groupId=materia-service-group] Node -1 disconnected.
2025-06-30T15:16:07.299-06:00  WARN 28984 --- [proyecto-access-1] [tainer#31-0-C-1] org.apache.kafka.clients.NetworkClient   : [Consumer clientId=consumer-materia-service-group-27, groupId=materia-service-group] Connection to node -1 (localhost/127.0.0.1:9092) could not be established. Node may not be available.
2025-06-30T15:16:07.299-06:00  WARN 28984 --- [proyecto-access-1] [tainer#14-0-C-1] org.apache.kafka.clients.NetworkClient   : [Consumer clientId=consumer-materia-service-group-32, groupId=materia-service-group] Connection to node -1 (localhost/127.0.0.1:9092) could not be established. Node may not be available.
2025-06-30T15:16:07.299-06:00  WARN 28984 --- [proyecto-access-1] [tainer#31-0-C-1] org.apache.kafka.clients.NetworkClient   : [Consumer clientId=consumer-materia-service-group-27, groupId=materia-service-group] Bootstrap broker localhost:9092 (id: -1 rack: null) disconnected
2025-06-30T15:16:07.299-06:00  WARN 28984 --- [proyecto-access-1] [tainer#14-0-C-1] org.apache.kafka.clients.NetworkClient   : [Consumer clientId=consumer-materia-service-group-32, groupId=materia-service-group] Bootstrap broker localhost:9092 (id: -1 rack: null) disconnected
2025-06-30T15:16:07.303-06:00  INFO 28984 --- [proyecto-access-1] [tainer#11-0-C-1] org.apache.kafka.clients.NetworkClient   : [Consumer clientId=consumer-materia-service-group-25, groupId=materia-service-group] Node -1 disconnected.
2025-06-30T15:16:07.303-06:00  INFO 28984 --- [proyecto-access-1] [tainer#10-0-C-1] org.apache.kafka.clients.NetworkClient   : [Consumer clientId=consumer-materia-service-group-28, groupId=materia-service-group] Node -1 disconnected.
2025-06-30T15:16:07.303-06:00  WARN 28984 --- [proyecto-access-1] [tainer#11-0-C-1] org.apache.kafka.clients.NetworkClient   : [Consumer clientId=consumer-materia-service-group-25, groupId=materia-service-group] Connection to node -1 (localhost/127.0.0.1:9092) could not be established. Node may not be available.
2025-06-30T15:16:07.303-06:00  WARN 28984 --- [proyecto-access-1] [tainer#10-0-C-1] org.apache.kafka.clients.NetworkClient   : [Consumer clientId=consumer-materia-service-group-28, groupId=materia-service-group] Connection to node -1 (localhost/127.0.0.1:9092) could not be established. Node may not be available.
2025-06-30T15:16:07.303-06:00  WARN 28984 --- [proyecto-access-1] [tainer#10-0-C-1] org.apache.kafka.clients.NetworkClient   : [Consumer clientId=consumer-materia-service-group-28, groupId=materia-service-group] Bootstrap broker localhost:9092 (id: -1 rack: null) disconnected
2025-06-30T15:16:07.303-06:00  WARN 28984 --- [proyecto-access-1] [tainer#11-0-C-1] org.apache.kafka.clients.NetworkClient   : [Consumer clientId=consumer-materia-service-group-25, groupId=materia-service-group] Bootstrap broker localhost:9092 (id: -1 rack: null) disconnected
2025-06-30T15:16:07.305-06:00  INFO 28984 --- [proyecto-access-1] [tainer#27-0-C-1] org.apache.kafka.clients.NetworkClient   : [Consumer clientId=consumer-materia-service-group-19, groupId=materia-service-group] Node -1 disconnected.
2025-06-30T15:16:07.305-06:00  INFO 28984 --- [proyecto-access-1] [tainer#24-0-C-1] org.apache.kafka.clients.NetworkClient   : [Consumer clientId=consumer-materia-service-group-20, groupId=materia-service-group] Node -1 disconnected.
2025-06-30T15:16:07.305-06:00  INFO 28984 --- [proyecto-access-1] [tainer#18-0-C-1] org.apache.kafka.clients.NetworkClient   : [Consumer clientId=consumer-materia-service-group-24, groupId=materia-service-group] Node -1 disconnected.
2025-06-30T15:16:07.305-06:00  WARN 28984 --- [proyecto-access-1] [tainer#27-0-C-1] org.apache.kafka.clients.NetworkClient   : [Consumer clientId=consumer-materia-service-group-19, groupId=materia-service-group] Connection to node -1 (localhost/127.0.0.1:9092) could not be established. Node may not be available.
2025-06-30T15:16:07.305-06:00  WARN 28984 --- [proyecto-access-1] [tainer#24-0-C-1] org.apache.kafka.clients.NetworkClient   : [Consumer clientId=consumer-materia-service-group-20, groupId=materia-service-group] Connection to node -1 (localhost/127.0.0.1:9092) could not be established. Node may not be available.
2025-06-30T15:16:07.305-06:00  WARN 28984 --- [proyecto-access-1] [tainer#18-0-C-1] org.apache.kafka.clients.NetworkClient   : [Consumer clientId=consumer-materia-service-group-24, groupId=materia-service-group] Connection to node -1 (localhost/127.0.0.1:9092) could not be established. Node may not be available.
2025-06-30T15:16:07.305-06:00  WARN 28984 --- [proyecto-access-1] [tainer#27-0-C-1] org.apache.kafka.clients.NetworkClient   : [Consumer clientId=consumer-materia-service-group-19, groupId=materia-service-group] Bootstrap broker localhost:9092 (id: -1 rack: null) disconnected
2025-06-30T15:16:07.305-06:00  WARN 28984 --- [proyecto-access-1] [tainer#24-0-C-1] org.apache.kafka.clients.NetworkClient   : [Consumer clientId=consumer-materia-service-group-20, groupId=materia-service-group] Bootstrap broker localhost:9092 (id: -1 rack: null) disconnected
2025-06-30T15:16:07.305-06:00  WARN 28984 --- [proyecto-access-1] [tainer#18-0-C-1] org.apache.kafka.clients.NetworkClient   : [Consumer clientId=consumer-materia-service-group-24, groupId=materia-service-group] Bootstrap broker localhost:9092 (id: -1 rack: null) disconnected
2025-06-30T15:16:07.382-06:00  INFO 28984 --- [proyecto-access-1] [tainer#19-0-C-1] org.apache.kafka.clients.NetworkClient   : [Consumer clientId=consumer-materia-service-group-22, groupId=materia-service-group] Node -1 disconnected.
2025-06-30T15:16:07.382-06:00  INFO 28984 --- [proyecto-access-1] [tainer#22-0-C-1] org.apache.kafka.clients.NetworkClient   : [Consumer clientId=consumer-materia-service-group-12, groupId=materia-service-group] Node -1 disconnected.
2025-06-30T15:16:07.382-06:00  INFO 28984 --- [proyecto-access-1] [ntainer#1-0-C-1] org.apache.kafka.clients.NetworkClient   : [Consumer clientId=consumer-materia-service-group-16, groupId=materia-service-group] Node -1 disconnected.
2025-06-30T15:16:07.382-06:00  INFO 28984 --- [proyecto-access-1] [tainer#12-0-C-1] org.apache.kafka.clients.NetworkClient   : [Consumer clientId=consumer-materia-service-group-26, groupId=materia-service-group] Node -1 disconnected.
2025-06-30T15:16:07.382-06:00  INFO 28984 --- [proyecto-access-1] [tainer#26-0-C-1] org.apache.kafka.clients.NetworkClient   : [Consumer clientId=consumer-materia-service-group-18, groupId=materia-service-group] Node -1 disconnected.
2025-06-30T15:16:07.382-06:00  INFO 28984 --- [proyecto-access-1] [tainer#23-0-C-1] org.apache.kafka.clients.NetworkClient   : [Consumer clientId=consumer-materia-service-group-13, groupId=materia-service-group] Node -1 disconnected.
2025-06-30T15:16:07.382-06:00  INFO 28984 --- [proyecto-access-1] [tainer#20-0-C-1] org.apache.kafka.clients.NetworkClient   : [Consumer clientId=consumer-materia-service-group-15, groupId=materia-service-group] Node -1 disconnected.
2025-06-30T15:16:07.382-06:00  WARN 28984 --- [proyecto-access-1] [tainer#19-0-C-1] org.apache.kafka.clients.NetworkClient   : [Consumer clientId=consumer-materia-service-group-22, groupId=materia-service-group] Connection to node -1 (localhost/127.0.0.1:9092) could not be established. Node may not be available.
2025-06-30T15:16:07.382-06:00  WARN 28984 --- [proyecto-access-1] [tainer#23-0-C-1] org.apache.kafka.clients.NetworkClient   : [Consumer clientId=consumer-materia-service-group-13, groupId=materia-service-group] Connection to node -1 (localhost/127.0.0.1:9092) could not be established. Node may not be available.
2025-06-30T15:16:07.382-06:00  WARN 28984 --- [proyecto-access-1] [tainer#22-0-C-1] org.apache.kafka.clients.NetworkClient   : [Consumer clientId=consumer-materia-service-group-12, groupId=materia-service-group] Connection to node -1 (localhost/127.0.0.1:9092) could not be established. Node may not be available.
2025-06-30T15:16:07.382-06:00  WARN 28984 --- [proyecto-access-1] [ntainer#1-0-C-1] org.apache.kafka.clients.NetworkClient   : [Consumer clientId=consumer-materia-service-group-16, groupId=materia-service-group] Connection to node -1 (localhost/127.0.0.1:9092) could not be established. Node may not be available.
2025-06-30T15:16:07.382-06:00  WARN 28984 --- [proyecto-access-1] [ntainer#1-0-C-1] org.apache.kafka.clients.NetworkClient   : [Consumer clientId=consumer-materia-service-group-16, groupId=materia-service-group] Bootstrap broker localhost:9092 (id: -1 rack: null) disconnected
2025-06-30T15:16:07.382-06:00  WARN 28984 --- [proyecto-access-1] [tainer#22-0-C-1] org.apache.kafka.clients.NetworkClient   : [Consumer clientId=consumer-materia-service-group-12, groupId=materia-service-group] Bootstrap broker localhost:9092 (id: -1 rack: null) disconnected
2025-06-30T15:16:07.382-06:00  WARN 28984 --- [proyecto-access-1] [tainer#12-0-C-1] org.apache.kafka.clients.NetworkClient   : [Consumer clientId=consumer-materia-service-group-26, groupId=materia-service-group] Connection to node -1 (localhost/127.0.0.1:9092) could not be established. Node may not be available.
2025-06-30T15:16:07.382-06:00  WARN 28984 --- [proyecto-access-1] [tainer#26-0-C-1] org.apache.kafka.clients.NetworkClient   : [Consumer clientId=consumer-materia-service-group-18, groupId=materia-service-group] Connection to node -1 (localhost/127.0.0.1:9092) could not be established. Node may not be available.
2025-06-30T15:16:07.382-06:00  WARN 28984 --- [proyecto-access-1] [tainer#20-0-C-1] org.apache.kafka.clients.NetworkClient   : [Consumer clientId=consumer-materia-service-group-15, groupId=materia-service-group] Connection to node -1 (localhost/127.0.0.1:9092) could not be established. Node may not be available.
2025-06-30T15:16:07.383-06:00  WARN 28984 --- [proyecto-access-1] [tainer#26-0-C-1] org.apache.kafka.clients.NetworkClient   : [Consumer clientId=consumer-materia-service-group-18, groupId=materia-service-group] Bootstrap broker localhost:9092 (id: -1 rack: null) disconnected
2025-06-30T15:16:07.383-06:00  WARN 28984 --- [proyecto-access-1] [tainer#20-0-C-1] org.apache.kafka.clients.NetworkClient   : [Consumer clientId=consumer-materia-service-group-15, groupId=materia-service-group] Bootstrap broker localhost:9092 (id: -1 rack: null) disconnected
2025-06-30T15:16:07.382-06:00  WARN 28984 --- [proyecto-access-1] [tainer#23-0-C-1] org.apache.kafka.clients.NetworkClient   : [Consumer clientId=consumer-materia-service-group-13, groupId=materia-service-group] Bootstrap broker localhost:9092 (id: -1 rack: null) disconnected
2025-06-30T15:16:07.382-06:00  WARN 28984 --- [proyecto-access-1] [tainer#19-0-C-1] org.apache.kafka.clients.NetworkClient   : [Consumer clientId=consumer-materia-service-group-22, groupId=materia-service-group] Bootstrap broker localhost:9092 (id: -1 rack: null) disconnected
2025-06-30T15:16:07.382-06:00  WARN 28984 --- [proyecto-access-1] [tainer#12-0-C-1] org.apache.kafka.clients.NetworkClient   : [Consumer clientId=consumer-materia-service-group-26, groupId=materia-service-group] Bootstrap broker localhost:9092 (id: -1 rack: null) disconnected
2025-06-30T15:16:07.398-06:00  INFO 28984 --- [proyecto-access-1] [tainer#21-0-C-1] org.apache.kafka.clients.NetworkClient   : [Consumer clientId=consumer-materia-service-group-17, groupId=materia-service-group] Node -1 disconnected.
2025-06-30T15:16:07.398-06:00  INFO 28984 --- [proyecto-access-1] [ntainer#5-0-C-1] org.apache.kafka.clients.NetworkClient   : [Consumer clientId=consumer-materia-service-group-9, groupId=materia-service-group] Node -1 disconnected.
2025-06-30T15:16:07.398-06:00  INFO 28984 --- [proyecto-access-1] [tainer#29-0-C-1] org.apache.kafka.clients.NetworkClient   : [Consumer clientId=consumer-materia-service-group-11, groupId=materia-service-group] Node -1 disconnected.
2025-06-30T15:16:07.398-06:00  INFO 28984 --- [proyecto-access-1] [tainer#15-0-C-1] org.apache.kafka.clients.NetworkClient   : [Consumer clientId=consumer-materia-service-group-29, groupId=materia-service-group] Node -1 disconnected.
2025-06-30T15:16:07.398-06:00  INFO 28984 --- [proyecto-access-1] [ntainer#9-0-C-1] org.apache.kafka.clients.NetworkClient   : [Consumer clientId=consumer-materia-service-group-4, groupId=materia-service-group] Node -1 disconnected.
2025-06-30T15:16:07.398-06:00  WARN 28984 --- [proyecto-access-1] [tainer#15-0-C-1] org.apache.kafka.clients.NetworkClient   : [Consumer clientId=consumer-materia-service-group-29, groupId=materia-service-group] Connection to node -1 (localhost/127.0.0.1:9092) could not be established. Node may not be available.
2025-06-30T15:16:07.398-06:00  WARN 28984 --- [proyecto-access-1] [ntainer#9-0-C-1] org.apache.kafka.clients.NetworkClient   : [Consumer clientId=consumer-materia-service-group-4, groupId=materia-service-group] Connection to node -1 (localhost/127.0.0.1:9092) could not be established. Node may not be available.
2025-06-30T15:16:07.398-06:00  WARN 28984 --- [proyecto-access-1] [tainer#29-0-C-1] org.apache.kafka.clients.NetworkClient   : [Consumer clientId=consumer-materia-service-group-11, groupId=materia-service-group] Connection to node -1 (localhost/127.0.0.1:9092) could not be established. Node may not be available.
2025-06-30T15:16:07.398-06:00  WARN 28984 --- [proyecto-access-1] [tainer#15-0-C-1] org.apache.kafka.clients.NetworkClient   : [Consumer clientId=consumer-materia-service-group-29, groupId=materia-service-group] Bootstrap broker localhost:9092 (id: -1 rack: null) disconnected
2025-06-30T15:16:07.398-06:00  INFO 28984 --- [proyecto-access-1] [tainer#17-0-C-1] org.apache.kafka.clients.NetworkClient   : [Consumer clientId=consumer-materia-service-group-23, groupId=materia-service-group] Node -1 disconnected.
2025-06-30T15:16:07.398-06:00  INFO 28984 --- [proyecto-access-1] [tainer#13-0-C-1] org.apache.kafka.clients.NetworkClient   : [Consumer clientId=consumer-materia-service-group-31, groupId=materia-service-group] Node -1 disconnected.
2025-06-30T15:16:07.398-06:00  WARN 28984 --- [proyecto-access-1] [tainer#29-0-C-1] org.apache.kafka.clients.NetworkClient   : [Consumer clientId=consumer-materia-service-group-11, groupId=materia-service-group] Bootstrap broker localhost:9092 (id: -1 rack: null) disconnected
2025-06-30T15:16:07.398-06:00  INFO 28984 --- [proyecto-access-1] [tainer#30-0-C-1] org.apache.kafka.clients.NetworkClient   : [Consumer clientId=consumer-materia-service-group-7, groupId=materia-service-group] Node -1 disconnected.
2025-06-30T15:16:07.398-06:00  INFO 28984 --- [proyecto-access-1] [ntainer#2-0-C-1] org.apache.kafka.clients.NetworkClient   : [Consumer clientId=consumer-materia-service-group-5, groupId=materia-service-group] Node -1 disconnected.
2025-06-30T15:16:07.398-06:00  WARN 28984 --- [proyecto-access-1] [ntainer#5-0-C-1] org.apache.kafka.clients.NetworkClient   : [Consumer clientId=consumer-materia-service-group-9, groupId=materia-service-group] Connection to node -1 (localhost/127.0.0.1:9092) could not be established. Node may not be available.
2025-06-30T15:16:07.398-06:00  WARN 28984 --- [proyecto-access-1] [tainer#30-0-C-1] org.apache.kafka.clients.NetworkClient   : [Consumer clientId=consumer-materia-service-group-7, groupId=materia-service-group] Connection to node -1 (localhost/127.0.0.1:9092) could not be established. Node may not be available.
2025-06-30T15:16:07.398-06:00  WARN 28984 --- [proyecto-access-1] [ntainer#5-0-C-1] org.apache.kafka.clients.NetworkClient   : [Consumer clientId=consumer-materia-service-group-9, groupId=materia-service-group] Bootstrap broker localhost:9092 (id: -1 rack: null) disconnected
2025-06-30T15:16:07.398-06:00  INFO 28984 --- [proyecto-access-1] [tainer#16-0-C-1] org.apache.kafka.clients.NetworkClient   : [Consumer clientId=consumer-materia-service-group-30, groupId=materia-service-group] Node -1 disconnected.
2025-06-30T15:16:07.398-06:00  WARN 28984 --- [proyecto-access-1] [tainer#30-0-C-1] org.apache.kafka.clients.NetworkClient   : [Consumer clientId=consumer-materia-service-group-7, groupId=materia-service-group] Bootstrap broker localhost:9092 (id: -1 rack: null) disconnected
2025-06-30T15:16:07.398-06:00  WARN 28984 --- [proyecto-access-1] [tainer#21-0-C-1] org.apache.kafka.clients.NetworkClient   : [Consumer clientId=consumer-materia-service-group-17, groupId=materia-service-group] Connection to node -1 (localhost/127.0.0.1:9092) could not be established. Node may not be available.
2025-06-30T15:16:07.398-06:00  WARN 28984 --- [proyecto-access-1] [ntainer#9-0-C-1] org.apache.kafka.clients.NetworkClient   : [Consumer clientId=consumer-materia-service-group-4, groupId=materia-service-group] Bootstrap broker localhost:9092 (id: -1 rack: null) disconnected
2025-06-30T15:16:07.398-06:00  WARN 28984 --- [proyecto-access-1] [tainer#17-0-C-1] org.apache.kafka.clients.NetworkClient   : [Consumer clientId=consumer-materia-service-group-23, groupId=materia-service-group] Connection to node -1 (localhost/127.0.0.1:9092) could not be established. Node may not be available.
2025-06-30T15:16:07.398-06:00  WARN 28984 --- [proyecto-access-1] [tainer#13-0-C-1] org.apache.kafka.clients.NetworkClient   : [Consumer clientId=consumer-materia-service-group-31, groupId=materia-service-group] Connection to node -1 (localhost/127.0.0.1:9092) could not be established. Node may not be available.
2025-06-30T15:16:07.398-06:00  WARN 28984 --- [proyecto-access-1] [tainer#17-0-C-1] org.apache.kafka.clients.NetworkClient   : [Consumer clientId=consumer-materia-service-group-23, groupId=materia-service-group] Bootstrap broker localhost:9092 (id: -1 rack: null) disconnected
2025-06-30T15:16:07.398-06:00  INFO 28984 --- [proyecto-access-1] [tainer#28-0-C-1] org.apache.kafka.clients.NetworkClient   : [Consumer clientId=consumer-materia-service-group-10, groupId=materia-service-group] Node -1 disconnected.
2025-06-30T15:16:07.398-06:00  WARN 28984 --- [proyecto-access-1] [tainer#13-0-C-1] org.apache.kafka.clients.NetworkClient   : [Consumer clientId=consumer-materia-service-group-31, groupId=materia-service-group] Bootstrap broker localhost:9092 (id: -1 rack: null) disconnected
2025-06-30T15:16:07.398-06:00  WARN 28984 --- [proyecto-access-1] [tainer#28-0-C-1] org.apache.kafka.clients.NetworkClient   : [Consumer clientId=consumer-materia-service-group-10, groupId=materia-service-group] Connection to node -1 (localhost/127.0.0.1:9092) could not be established. Node may not be available.
2025-06-30T15:16:07.398-06:00  WARN 28984 --- [proyecto-access-1] [ntainer#2-0-C-1] org.apache.kafka.clients.NetworkClient   : [Consumer clientId=consumer-materia-service-group-5, groupId=materia-service-group] Connection to node -1 (localhost/127.0.0.1:9092) could not be established. Node may not be available.
2025-06-30T15:16:07.398-06:00  WARN 28984 --- [proyecto-access-1] [tainer#16-0-C-1] org.apache.kafka.clients.NetworkClient   : [Consumer clientId=consumer-materia-service-group-30, groupId=materia-service-group] Connection to node -1 (localhost/127.0.0.1:9092) could not be established. Node may not be available.
2025-06-30T15:16:07.399-06:00  WARN 28984 --- [proyecto-access-1] [tainer#28-0-C-1] org.apache.kafka.clients.NetworkClient   : [Consumer clientId=consumer-materia-service-group-10, groupId=materia-service-group] Bootstrap broker localhost:9092 (id: -1 rack: null) disconnected
2025-06-30T15:16:07.399-06:00  WARN 28984 --- [proyecto-access-1] [ntainer#2-0-C-1] org.apache.kafka.clients.NetworkClient   : [Consumer clientId=consumer-materia-service-group-5, groupId=materia-service-group] Bootstrap broker localhost:9092 (id: -1 rack: null) disconnected
2025-06-30T15:16:07.398-06:00  WARN 28984 --- [proyecto-access-1] [tainer#21-0-C-1] org.apache.kafka.clients.NetworkClient   : [Consumer clientId=consumer-materia-service-group-17, groupId=materia-service-group] Bootstrap broker localhost:9092 (id: -1 rack: null) disconnected
2025-06-30T15:16:07.398-06:00  INFO 28984 --- [proyecto-access-1] [ntainer#0-0-C-1] org.apache.kafka.clients.NetworkClient   : [Consumer clientId=consumer-materia-service-group-14, groupId=materia-service-group] Node -1 disconnected.
2025-06-30T15:16:07.399-06:00  WARN 28984 --- [proyecto-access-1] [tainer#16-0-C-1] org.apache.kafka.clients.NetworkClient   : [Consumer clientId=consumer-materia-service-group-30, groupId=materia-service-group] Bootstrap broker localhost:9092 (id: -1 rack: null) disconnected
2025-06-30T15:16:07.399-06:00  WARN 28984 --- [proyecto-access-1] [ntainer#0-0-C-1] org.apache.kafka.clients.NetworkClient   : [Consumer clientId=consumer-materia-service-group-14, groupId=materia-service-group] Connection to node -1 (localhost/127.0.0.1:9092) could not be established. Node may not be available.
2025-06-30T15:16:07.399-06:00  WARN 28984 --- [proyecto-access-1] [ntainer#0-0-C-1] org.apache.kafka.clients.NetworkClient   : [Consumer clientId=consumer-materia-service-group-14, groupId=materia-service-group] Bootstrap broker localhost:9092 (id: -1 rack: null) disconnected
2025-06-30T15:16:07.413-06:00  INFO 28984 --- [proyecto-access-1] [tainer#10-0-C-1] org.apache.kafka.clients.NetworkClient   : [Consumer clientId=consumer-materia-service-group-28, groupId=materia-service-group] Node -1 disconnected.
2025-06-30T15:16:07.413-06:00  INFO 28984 --- [proyecto-access-1] [tainer#31-0-C-1] org.apache.kafka.clients.NetworkClient   : [Consumer clientId=consumer-materia-service-group-27, groupId=materia-service-group] Node -1 disconnected.
2025-06-30T15:16:07.413-06:00  INFO 28984 --- [proyecto-access-1] [tainer#11-0-C-1] org.apache.kafka.clients.NetworkClient   : [Consumer clientId=consumer-materia-service-group-25, groupId=materia-service-group] Node -1 disconnected.
2025-06-30T15:16:07.413-06:00  INFO 28984 --- [proyecto-access-1] [tainer#25-0-C-1] org.apache.kafka.clients.NetworkClient   : [Consumer clientId=consumer-materia-service-group-21, groupId=materia-service-group] Node -1 disconnected.
2025-06-30T15:16:07.413-06:00  WARN 28984 --- [proyecto-access-1] [tainer#11-0-C-1] org.apache.kafka.clients.NetworkClient   : [Consumer clientId=consumer-materia-service-group-25, groupId=materia-service-group] Connection to node -1 (localhost/127.0.0.1:9092) could not be established. Node may not be available.
2025-06-30T15:16:07.413-06:00  INFO 28984 --- [proyecto-access-1] [tainer#14-0-C-1] org.apache.kafka.clients.NetworkClient   : [Consumer clientId=consumer-materia-service-group-32, groupId=materia-service-group] Node -1 disconnected.
2025-06-30T15:16:07.413-06:00  WARN 28984 --- [proyecto-access-1] [tainer#10-0-C-1] org.apache.kafka.clients.NetworkClient   : [Consumer clientId=consumer-materia-service-group-28, groupId=materia-service-group] Connection to node -1 (localhost/127.0.0.1:9092) could not be established. Node may not be available.
2025-06-30T15:16:07.413-06:00  WARN 28984 --- [proyecto-access-1] [tainer#25-0-C-1] org.apache.kafka.clients.NetworkClient   : [Consumer clientId=consumer-materia-service-group-21, groupId=materia-service-group] Connection to node -1 (localhost/127.0.0.1:9092) could not be established. Node may not be available.
2025-06-30T15:16:07.413-06:00  WARN 28984 --- [proyecto-access-1] [tainer#11-0-C-1] org.apache.kafka.clients.NetworkClient   : [Consumer clientId=consumer-materia-service-group-25, groupId=materia-service-group] Bootstrap broker localhost:9092 (id: -1 rack: null) disconnected
2025-06-30T15:16:07.413-06:00  WARN 28984 --- [proyecto-access-1] [tainer#25-0-C-1] org.apache.kafka.clients.NetworkClient   : [Consumer clientId=consumer-materia-service-group-21, groupId=materia-service-group] Bootstrap broker localhost:9092 (id: -1 rack: null) disconnected
2025-06-30T15:16:07.413-06:00  WARN 28984 --- [proyecto-access-1] [tainer#31-0-C-1] org.apache.kafka.clients.NetworkClient   : [Consumer clientId=consumer-materia-service-group-27, groupId=materia-service-group] Connection to node -1 (localhost/127.0.0.1:9092) could not be established. Node may not be available.
2025-06-30T15:16:07.413-06:00  WARN 28984 --- [proyecto-access-1] [tainer#10-0-C-1] org.apache.kafka.clients.NetworkClient   : [Consumer clientId=consumer-materia-service-group-28, groupId=materia-service-group] Bootstrap broker localhost:9092 (id: -1 rack: null) disconnected
2025-06-30T15:16:07.413-06:00  WARN 28984 --- [proyecto-access-1] [tainer#14-0-C-1] org.apache.kafka.clients.NetworkClient   : [Consumer clientId=consumer-materia-service-group-32, groupId=materia-service-group] Connection to node -1 (localhost/127.0.0.1:9092) could not be established. Node may not be available.
2025-06-30T15:16:07.414-06:00  WARN 28984 --- [proyecto-access-1] [tainer#31-0-C-1] org.apache.kafka.clients.NetworkClient   : [Consumer clientId=consumer-materia-service-group-27, groupId=materia-service-group] Bootstrap broker localhost:9092 (id: -1 rack: null) disconnected
2025-06-30T15:16:07.414-06:00  WARN 28984 --- [proyecto-access-1] [tainer#14-0-C-1] org.apache.kafka.clients.NetworkClient   : [Consumer clientId=consumer-materia-service-group-32, groupId=materia-service-group] Bootstrap broker localhost:9092 (id: -1 rack: null) disconnected
2025-06-30T15:16:07.429-06:00  INFO 28984 --- [proyecto-access-1] [tainer#27-0-C-1] org.apache.kafka.clients.NetworkClient   : [Consumer clientId=consumer-materia-service-group-19, groupId=materia-service-group] Node -1 disconnected.
2025-06-30T15:16:07.429-06:00  INFO 28984 --- [proyecto-access-1] [tainer#18-0-C-1] org.apache.kafka.clients.NetworkClient   : [Consumer clientId=consumer-materia-service-group-24, groupId=materia-service-group] Node -1 disconnected.
2025-06-30T15:16:07.429-06:00  WARN 28984 --- [proyecto-access-1] [tainer#27-0-C-1] org.apache.kafka.clients.NetworkClient   : [Consumer clientId=consumer-materia-service-group-19, groupId=materia-service-group] Connection to node -1 (localhost/127.0.0.1:9092) could not be established. Node may not be available.
2025-06-30T15:16:07.429-06:00  INFO 28984 --- [proyecto-access-1] [tainer#24-0-C-1] org.apache.kafka.clients.NetworkClient   : [Consumer clientId=consumer-materia-service-group-20, groupId=materia-service-group] Node -1 disconnected.
2025-06-30T15:16:07.429-06:00  WARN 28984 --- [proyecto-access-1] [tainer#18-0-C-1] org.apache.kafka.clients.NetworkClient   : [Consumer clientId=consumer-materia-service-group-24, groupId=materia-service-group] Connection to node -1 (localhost/127.0.0.1:9092) could not be established. Node may not be available.
2025-06-30T15:16:07.429-06:00  WARN 28984 --- [proyecto-access-1] [tainer#27-0-C-1] org.apache.kafka.clients.NetworkClient   : [Consumer clientId=consumer-materia-service-group-19, groupId=materia-service-group] Bootstrap broker localhost:9092 (id: -1 rack: null) disconnected
2025-06-30T15:16:07.429-06:00  WARN 28984 --- [proyecto-access-1] [tainer#18-0-C-1] org.apache.kafka.clients.NetworkClient   : [Consumer clientId=consumer-materia-service-group-24, groupId=materia-service-group] Bootstrap broker localhost:9092 (id: -1 rack: null) disconnected
2025-06-30T15:16:07.429-06:00  WARN 28984 --- [proyecto-access-1] [tainer#24-0-C-1] org.apache.kafka.clients.NetworkClient   : [Consumer clientId=consumer-materia-service-group-20, groupId=materia-service-group] Connection to node -1 (localhost/127.0.0.1:9092) could not be established. Node may not be available.
2025-06-30T15:16:07.429-06:00  WARN 28984 --- [proyecto-access-1] [tainer#24-0-C-1] org.apache.kafka.clients.NetworkClient   : [Consumer clientId=consumer-materia-service-group-20, groupId=materia-service-group] Bootstrap broker localhost:9092 (id: -1 rack: null) disconnected
2025-06-30T15:16:07.444-06:00  INFO 28984 --- [proyecto-access-1] [ntainer#7-0-C-1] org.apache.kafka.clients.NetworkClient   : [Consumer clientId=consumer-materia-service-group-2, groupId=materia-service-group] Node -1 disconnected.
2025-06-30T15:16:07.444-06:00  INFO 28984 --- [proyecto-access-1] [ntainer#4-0-C-1] org.apache.kafka.clients.NetworkClient   : [Consumer clientId=consumer-materia-service-group-8, groupId=materia-service-group] Node -1 disconnected.
2025-06-30T15:16:07.444-06:00  INFO 28984 --- [proyecto-access-1] [ntainer#3-0-C-1] org.apache.kafka.clients.NetworkClient   : [Consumer clientId=consumer-materia-service-group-6, groupId=materia-service-group] Node -1 disconnected.
2025-06-30T15:16:07.444-06:00  WARN 28984 --- [proyecto-access-1] [ntainer#7-0-C-1] org.apache.kafka.clients.NetworkClient   : [Consumer clientId=consumer-materia-service-group-2, groupId=materia-service-group] Connection to node -1 (localhost/127.0.0.1:9092) could not be established. Node may not be available.
2025-06-30T15:16:07.444-06:00  WARN 28984 --- [proyecto-access-1] [ntainer#4-0-C-1] org.apache.kafka.clients.NetworkClient   : [Consumer clientId=consumer-materia-service-group-8, groupId=materia-service-group] Connection to node -1 (localhost/127.0.0.1:9092) could not be established. Node may not be available.
2025-06-30T15:16:07.445-06:00  WARN 28984 --- [proyecto-access-1] [ntainer#7-0-C-1] org.apache.kafka.clients.NetworkClient   : [Consumer clientId=consumer-materia-service-group-2, groupId=materia-service-group] Bootstrap broker localhost:9092 (id: -1 rack: null) disconnected
2025-06-30T15:16:07.445-06:00  WARN 28984 --- [proyecto-access-1] [ntainer#4-0-C-1] org.apache.kafka.clients.NetworkClient   : [Consumer clientId=consumer-materia-service-group-8, groupId=materia-service-group] Bootstrap broker localhost:9092 (id: -1 rack: null) disconnected
2025-06-30T15:16:07.445-06:00  WARN 28984 --- [proyecto-access-1] [ntainer#3-0-C-1] org.apache.kafka.clients.NetworkClient   : [Consumer clientId=consumer-materia-service-group-6, groupId=materia-service-group] Connection to node -1 (localhost/127.0.0.1:9092) could not be established. Node may not be available.
2025-06-30T15:16:07.445-06:00  WARN 28984 --- [proyecto-access-1] [ntainer#3-0-C-1] org.apache.kafka.clients.NetworkClient   : [Consumer clientId=consumer-materia-service-group-6, groupId=materia-service-group] Bootstrap broker localhost:9092 (id: -1 rack: null) disconnected
2025-06-30T15:16:07.460-06:00  INFO 28984 --- [proyecto-access-1] [ntainer#8-0-C-1] org.apache.kafka.clients.NetworkClient   : [Consumer clientId=consumer-materia-service-group-3, groupId=materia-service-group] Node -1 disconnected.
2025-06-30T15:16:07.460-06:00  INFO 28984 --- [proyecto-access-1] [ntainer#6-0-C-1] org.apache.kafka.clients.NetworkClient   : [Consumer clientId=consumer-materia-service-group-1, groupId=materia-service-group] Node -1 disconnected.
2025-06-30T15:16:07.460-06:00  WARN 28984 --- [proyecto-access-1] [ntainer#8-0-C-1] org.apache.kafka.clients.NetworkClient   : [Consumer clientId=consumer-materia-service-group-3, groupId=materia-service-group] Connection to node -1 (localhost/127.0.0.1:9092) could not be established. Node may not be available.
2025-06-30T15:16:07.460-06:00  WARN 28984 --- [proyecto-access-1] [ntainer#6-0-C-1] org.apache.kafka.clients.NetworkClient   : [Consumer clientId=consumer-materia-service-group-1, groupId=materia-service-group] Connection to node -1 (localhost/127.0.0.1:9092) could not be established. Node may not be available.
2025-06-30T15:16:07.460-06:00  WARN 28984 --- [proyecto-access-1] [ntainer#6-0-C-1] org.apache.kafka.clients.NetworkClient   : [Consumer clientId=consumer-materia-service-group-1, groupId=materia-service-group] Bootstrap broker localhost:9092 (id: -1 rack: null) disconnected
2025-06-30T15:16:07.460-06:00  WARN 28984 --- [proyecto-access-1] [ntainer#8-0-C-1] org.apache.kafka.clients.NetworkClient   : [Consumer clientId=consumer-materia-service-group-3, groupId=materia-service-group] Bootstrap broker localhost:9092 (id: -1 rack: null) disconnected
2025-06-30T15:16:07.567-06:00  INFO 28984 --- [proyecto-access-1] [tainer#23-0-C-1] org.apache.kafka.clients.NetworkClient   : [Consumer clientId=consumer-materia-service-group-13, groupId=materia-service-group] Node -1 disconnected.
2025-06-30T15:16:07.567-06:00  INFO 28984 --- [proyecto-access-1] [ntainer#1-0-C-1] org.apache.kafka.clients.NetworkClient   : [Consumer clientId=consumer-materia-service-group-16, groupId=materia-service-group] Node -1 disconnected.
2025-06-30T15:16:07.567-06:00  INFO 28984 --- [proyecto-access-1] [tainer#13-0-C-1] org.apache.kafka.clients.NetworkClient   : [Consumer clientId=consumer-materia-service-group-31, groupId=materia-service-group] Node -1 disconnected.
2025-06-30T15:16:07.568-06:00  WARN 28984 --- [proyecto-access-1] [tainer#23-0-C-1] org.apache.kafka.clients.NetworkClient   : [Consumer clientId=consumer-materia-service-group-13, groupId=materia-service-group] Connection to node -1 (localhost/127.0.0.1:9092) could not be established. Node may not be available.
2025-06-30T15:16:07.568-06:00  WARN 28984 --- [proyecto-access-1] [ntainer#1-0-C-1] org.apache.kafka.clients.NetworkClient   : [Consumer clientId=consumer-materia-service-group-16, groupId=materia-service-group] Connection to node -1 (localhost/127.0.0.1:9092) could not be established. Node may not be available.
2025-06-30T15:16:07.568-06:00  WARN 28984 --- [proyecto-access-1] [tainer#13-0-C-1] org.apache.kafka.clients.NetworkClient   : [Consumer clientId=consumer-materia-service-group-31, groupId=materia-service-group] Connection to node -1 (localhost/127.0.0.1:9092) could not be established. Node may not be available.
2025-06-30T15:16:07.568-06:00  WARN 28984 --- [proyecto-access-1] [tainer#23-0-C-1] org.apache.kafka.clients.NetworkClient   : [Consumer clientId=consumer-materia-service-group-13, groupId=materia-service-group] Bootstrap broker localhost:9092 (id: -1 rack: null) disconnected
2025-06-30T15:16:07.568-06:00  WARN 28984 --- [proyecto-access-1] [tainer#13-0-C-1] org.apache.kafka.clients.NetworkClient   : [Consumer clientId=consumer-materia-service-group-31, groupId=materia-service-group] Bootstrap broker localhost:9092 (id: -1 rack: null) disconnected
2025-06-30T15:16:07.568-06:00  WARN 28984 --- [proyecto-access-1] [ntainer#1-0-C-1] org.apache.kafka.clients.NetworkClient   : [Consumer clientId=consumer-materia-service-group-16, groupId=materia-service-group] Bootstrap broker localhost:9092 (id: -1 rack: null) disconnected
2025-06-30T15:16:07.583-06:00  INFO 28984 --- [proyecto-access-1] [ntainer#9-0-C-1] org.apache.kafka.clients.NetworkClient   : [Consumer clientId=consumer-materia-service-group-4, groupId=materia-service-group] Node -1 disconnected.
2025-06-30T15:16:07.583-06:00  INFO 28984 --- [proyecto-access-1] [tainer#26-0-C-1] org.apache.kafka.clients.NetworkClient   : [Consumer clientId=consumer-materia-service-group-18, groupId=materia-service-group] Node -1 disconnected.
2025-06-30T15:16:07.583-06:00  WARN 28984 --- [proyecto-access-1] [ntainer#9-0-C-1] org.apache.kafka.clients.NetworkClient   : [Consumer clientId=consumer-materia-service-group-4, groupId=materia-service-group] Connection to node -1 (localhost/127.0.0.1:9092) could not be established. Node may not be available.
2025-06-30T15:16:07.583-06:00  WARN 28984 --- [proyecto-access-1] [tainer#26-0-C-1] org.apache.kafka.clients.NetworkClient   : [Consumer clientId=consumer-materia-service-group-18, groupId=materia-service-group] Connection to node -1 (localhost/127.0.0.1:9092) could not be established. Node may not be available.
2025-06-30T15:16:07.583-06:00  WARN 28984 --- [proyecto-access-1] [ntainer#9-0-C-1] org.apache.kafka.clients.NetworkClient   : [Consumer clientId=consumer-materia-service-group-4, groupId=materia-service-group] Bootstrap broker localhost:9092 (id: -1 rack: null) disconnected
2025-06-30T15:16:07.583-06:00  WARN 28984 --- [proyecto-access-1] [tainer#26-0-C-1] org.apache.kafka.clients.NetworkClient   : [Consumer clientId=consumer-materia-service-group-18, groupId=materia-service-group] Bootstrap broker localhost:9092 (id: -1 rack: null) disconnected
2025-06-30T15:16:07.599-06:00  INFO 28984 --- [proyecto-access-1] [tainer#16-0-C-1] org.apache.kafka.clients.NetworkClient   : [Consumer clientId=consumer-materia-service-group-30, groupId=materia-service-group] Node -1 disconnected.
2025-06-30T15:16:07.599-06:00  INFO 28984 --- [proyecto-access-1] [tainer#15-0-C-1] org.apache.kafka.clients.NetworkClient   : [Consumer clientId=consumer-materia-service-group-29, groupId=materia-service-group] Node -1 disconnected.
2025-06-30T15:16:07.599-06:00  WARN 28984 --- [proyecto-access-1] [tainer#16-0-C-1] org.apache.kafka.clients.NetworkClient   : [Consumer clientId=consumer-materia-service-group-30, groupId=materia-service-group] Connection to node -1 (localhost/127.0.0.1:9092) could not be established. Node may not be available.
2025-06-30T15:16:07.599-06:00  WARN 28984 --- [proyecto-access-1] [tainer#15-0-C-1] org.apache.kafka.clients.NetworkClient   : [Consumer clientId=consumer-materia-service-group-29, groupId=materia-service-group] Connection to node -1 (localhost/127.0.0.1:9092) could not be established. Node may not be available.
2025-06-30T15:16:07.599-06:00  WARN 28984 --- [proyecto-access-1] [tainer#15-0-C-1] org.apache.kafka.clients.NetworkClient   : [Consumer clientId=consumer-materia-service-group-29, groupId=materia-service-group] Bootstrap broker localhost:9092 (id: -1 rack: null) disconnected
2025-06-30T15:16:07.599-06:00  WARN 28984 --- [proyecto-access-1] [tainer#16-0-C-1] org.apache.kafka.clients.NetworkClient   : [Consumer clientId=consumer-materia-service-group-30, groupId=materia-service-group] Bootstrap broker localhost:9092 (id: -1 rack: null) disconnected
2025-06-30T15:16:07.615-06:00  INFO 28984 --- [proyecto-access-1] [tainer#10-0-C-1] org.apache.kafka.clients.NetworkClient   : [Consumer clientId=consumer-materia-service-group-28, groupId=materia-service-group] Node -1 disconnected.
2025-06-30T15:16:07.615-06:00  INFO 28984 --- [proyecto-access-1] [tainer#20-0-C-1] org.apache.kafka.clients.NetworkClient   : [Consumer clientId=consumer-materia-service-group-15, groupId=materia-service-group] Node -1 disconnected.
2025-06-30T15:16:07.615-06:00  INFO 28984 --- [proyecto-access-1] [ntainer#5-0-C-1] org.apache.kafka.clients.NetworkClient   : [Consumer clientId=consumer-materia-service-group-9, groupId=materia-service-group] Node -1 disconnected.
2025-06-30T15:16:07.615-06:00  WARN 28984 --- [proyecto-access-1] [tainer#20-0-C-1] org.apache.kafka.clients.NetworkClient   : [Consumer clientId=consumer-materia-service-group-15, groupId=materia-service-group] Connection to node -1 (localhost/127.0.0.1:9092) could not be established. Node may not be available.
2025-06-30T15:16:07.615-06:00  INFO 28984 --- [proyecto-access-1] [tainer#27-0-C-1] org.apache.kafka.clients.NetworkClient   : [Consumer clientId=consumer-materia-service-group-19, groupId=materia-service-group] Node -1 disconnected.
2025-06-30T15:16:07.615-06:00  WARN 28984 --- [proyecto-access-1] [tainer#20-0-C-1] org.apache.kafka.clients.NetworkClient   : [Consumer clientId=consumer-materia-service-group-15, groupId=materia-service-group] Bootstrap broker localhost:9092 (id: -1 rack: null) disconnected
2025-06-30T15:16:07.615-06:00  WARN 28984 --- [proyecto-access-1] [ntainer#5-0-C-1] org.apache.kafka.clients.NetworkClient   : [Consumer clientId=consumer-materia-service-group-9, groupId=materia-service-group] Connection to node -1 (localhost/127.0.0.1:9092) could not be established. Node may not be available.
2025-06-30T15:16:07.615-06:00  WARN 28984 --- [proyecto-access-1] [tainer#10-0-C-1] org.apache.kafka.clients.NetworkClient   : [Consumer clientId=consumer-materia-service-group-28, groupId=materia-service-group] Connection to node -1 (localhost/127.0.0.1:9092) could not be established. Node may not be available.
2025-06-30T15:16:07.615-06:00  WARN 28984 --- [proyecto-access-1] [ntainer#5-0-C-1] org.apache.kafka.clients.NetworkClient   : [Consumer clientId=consumer-materia-service-group-9, groupId=materia-service-group] Bootstrap broker localhost:9092 (id: -1 rack: null) disconnected
2025-06-30T15:16:07.615-06:00  WARN 28984 --- [proyecto-access-1] [tainer#27-0-C-1] org.apache.kafka.clients.NetworkClient   : [Consumer clientId=consumer-materia-service-group-19, groupId=materia-service-group] Connection to node -1 (localhost/127.0.0.1:9092) could not be established. Node may not be available.
2025-06-30T15:16:07.615-06:00  WARN 28984 --- [proyecto-access-1] [tainer#27-0-C-1] org.apache.kafka.clients.NetworkClient   : [Consumer clientId=consumer-materia-service-group-19, groupId=materia-service-group] Bootstrap broker localhost:9092 (id: -1 rack: null) disconnected
2025-06-30T15:16:07.615-06:00  WARN 28984 --- [proyecto-access-1] [tainer#10-0-C-1] org.apache.kafka.clients.NetworkClient   : [Consumer clientId=consumer-materia-service-group-28, groupId=materia-service-group] Bootstrap broker localhost:9092 (id: -1 rack: null) disconnected
2025-06-30T15:16:07.630-06:00  INFO 28984 --- [proyecto-access-1] [tainer#29-0-C-1] org.apache.kafka.clients.NetworkClient   : [Consumer clientId=consumer-materia-service-group-11, groupId=materia-service-group] Node -1 disconnected.
2025-06-30T15:16:07.630-06:00  INFO 28984 --- [proyecto-access-1] [tainer#21-0-C-1] org.apache.kafka.clients.NetworkClient   : [Consumer clientId=consumer-materia-service-group-17, groupId=materia-service-group] Node -1 disconnected.
2025-06-30T15:16:07.630-06:00  INFO 28984 --- [proyecto-access-1] [tainer#12-0-C-1] org.apache.kafka.clients.NetworkClient   : [Consumer clientId=consumer-materia-service-group-26, groupId=materia-service-group] Node -1 disconnected.
2025-06-30T15:16:07.630-06:00  INFO 28984 --- [proyecto-access-1] [tainer#22-0-C-1] org.apache.kafka.clients.NetworkClient   : [Consumer clientId=consumer-materia-service-group-12, groupId=materia-service-group] Node -1 disconnected.
2025-06-30T15:16:07.630-06:00  INFO 28984 --- [proyecto-access-1] [ntainer#0-0-C-1] org.apache.kafka.clients.NetworkClient   : [Consumer clientId=consumer-materia-service-group-14, groupId=materia-service-group] Node -1 disconnected.
2025-06-30T15:16:07.630-06:00  WARN 28984 --- [proyecto-access-1] [tainer#29-0-C-1] org.apache.kafka.clients.NetworkClient   : [Consumer clientId=consumer-materia-service-group-11, groupId=materia-service-group] Connection to node -1 (localhost/127.0.0.1:9092) could not be established. Node may not be available.
2025-06-30T15:16:07.630-06:00  WARN 28984 --- [proyecto-access-1] [tainer#21-0-C-1] org.apache.kafka.clients.NetworkClient   : [Consumer clientId=consumer-materia-service-group-17, groupId=materia-service-group] Connection to node -1 (localhost/127.0.0.1:9092) could not be established. Node may not be available.
2025-06-30T15:16:07.630-06:00  WARN 28984 --- [proyecto-access-1] [tainer#22-0-C-1] org.apache.kafka.clients.NetworkClient   : [Consumer clientId=consumer-materia-service-group-12, groupId=materia-service-group] Connection to node -1 (localhost/127.0.0.1:9092) could not be established. Node may not be available.
2025-06-30T15:16:07.630-06:00  WARN 28984 --- [proyecto-access-1] [tainer#12-0-C-1] org.apache.kafka.clients.NetworkClient   : [Consumer clientId=consumer-materia-service-group-26, groupId=materia-service-group] Connection to node -1 (localhost/127.0.0.1:9092) could not be established. Node may not be available.
2025-06-30T15:16:07.630-06:00  WARN 28984 --- [proyecto-access-1] [ntainer#0-0-C-1] org.apache.kafka.clients.NetworkClient   : [Consumer clientId=consumer-materia-service-group-14, groupId=materia-service-group] Connection to node -1 (localhost/127.0.0.1:9092) could not be established. Node may not be available.
2025-06-30T15:16:07.630-06:00  WARN 28984 --- [proyecto-access-1] [tainer#22-0-C-1] org.apache.kafka.clients.NetworkClient   : [Consumer clientId=consumer-materia-service-group-12, groupId=materia-service-group] Bootstrap broker localhost:9092 (id: -1 rack: null) disconnected
2025-06-30T15:16:07.630-06:00  WARN 28984 --- [proyecto-access-1] [tainer#12-0-C-1] org.apache.kafka.clients.NetworkClient   : [Consumer clientId=consumer-materia-service-group-26, groupId=materia-service-group] Bootstrap broker localhost:9092 (id: -1 rack: null) disconnected
2025-06-30T15:16:07.630-06:00  WARN 28984 --- [proyecto-access-1] [tainer#29-0-C-1] org.apache.kafka.clients.NetworkClient   : [Consumer clientId=consumer-materia-service-group-11, groupId=materia-service-group] Bootstrap broker localhost:9092 (id: -1 rack: null) disconnected
2025-06-30T15:16:07.630-06:00  WARN 28984 --- [proyecto-access-1] [tainer#21-0-C-1] org.apache.kafka.clients.NetworkClient   : [Consumer clientId=consumer-materia-service-group-17, groupId=materia-service-group] Bootstrap broker localhost:9092 (id: -1 rack: null) disconnected
2025-06-30T15:16:07.630-06:00  WARN 28984 --- [proyecto-access-1] [ntainer#0-0-C-1] org.apache.kafka.clients.NetworkClient   : [Consumer clientId=consumer-materia-service-group-14, groupId=materia-service-group] Bootstrap broker localhost:9092 (id: -1 rack: null) disconnected
2025-06-30T15:16:07.630-06:00  INFO 28984 --- [proyecto-access-1] [ntainer#7-0-C-1] org.apache.kafka.clients.NetworkClient   : [Consumer clientId=consumer-materia-service-group-2, groupId=materia-service-group] Node -1 disconnected.
2025-06-30T15:16:07.630-06:00  WARN 28984 --- [proyecto-access-1] [ntainer#7-0-C-1] org.apache.kafka.clients.NetworkClient   : [Consumer clientId=consumer-materia-service-group-2, groupId=materia-service-group] Connection to node -1 (localhost/127.0.0.1:9092) could not be established. Node may not be available.
2025-06-30T15:16:07.630-06:00  WARN 28984 --- [proyecto-access-1] [ntainer#7-0-C-1] org.apache.kafka.clients.NetworkClient   : [Consumer clientId=consumer-materia-service-group-2, groupId=materia-service-group] Bootstrap broker localhost:9092 (id: -1 rack: null) disconnected
2025-06-30T15:16:07.645-06:00  INFO 28984 --- [proyecto-access-1] [tainer#19-0-C-1] org.apache.kafka.clients.NetworkClient   : [Consumer clientId=consumer-materia-service-group-22, groupId=materia-service-group] Node -1 disconnected.
2025-06-30T15:16:07.645-06:00  INFO 28984 --- [proyecto-access-1] [ntainer#3-0-C-1] org.apache.kafka.clients.NetworkClient   : [Consumer clientId=consumer-materia-service-group-6, groupId=materia-service-group] Node -1 disconnected.
2025-06-30T15:16:07.645-06:00  INFO 28984 --- [proyecto-access-1] [tainer#17-0-C-1] org.apache.kafka.clients.NetworkClient   : [Consumer clientId=consumer-materia-service-group-23, groupId=materia-service-group] Node -1 disconnected.
2025-06-30T15:16:07.645-06:00  WARN 28984 --- [proyecto-access-1] [ntainer#3-0-C-1] org.apache.kafka.clients.NetworkClient   : [Consumer clientId=consumer-materia-service-group-6, groupId=materia-service-group] Connection to node -1 (localhost/127.0.0.1:9092) could not be established. Node may not be available.
2025-06-30T15:16:07.645-06:00  INFO 28984 --- [proyecto-access-1] [ntainer#2-0-C-1] org.apache.kafka.clients.NetworkClient   : [Consumer clientId=consumer-materia-service-group-5, groupId=materia-service-group] Node -1 disconnected.
2025-06-30T15:16:07.645-06:00  WARN 28984 --- [proyecto-access-1] [ntainer#3-0-C-1] org.apache.kafka.clients.NetworkClient   : [Consumer clientId=consumer-materia-service-group-6, groupId=materia-service-group] Bootstrap broker localhost:9092 (id: -1 rack: null) disconnected
2025-06-30T15:16:07.645-06:00  INFO 28984 --- [proyecto-access-1] [tainer#28-0-C-1] org.apache.kafka.clients.NetworkClient   : [Consumer clientId=consumer-materia-service-group-10, groupId=materia-service-group] Node -1 disconnected.
2025-06-30T15:16:07.645-06:00  WARN 28984 --- [proyecto-access-1] [tainer#17-0-C-1] org.apache.kafka.clients.NetworkClient   : [Consumer clientId=consumer-materia-service-group-23, groupId=materia-service-group] Connection to node -1 (localhost/127.0.0.1:9092) could not be established. Node may not be available.
2025-06-30T15:16:07.645-06:00  WARN 28984 --- [proyecto-access-1] [tainer#19-0-C-1] org.apache.kafka.clients.NetworkClient   : [Consumer clientId=consumer-materia-service-group-22, groupId=materia-service-group] Connection to node -1 (localhost/127.0.0.1:9092) could not be established. Node may not be available.
2025-06-30T15:16:07.645-06:00  WARN 28984 --- [proyecto-access-1] [tainer#17-0-C-1] org.apache.kafka.clients.NetworkClient   : [Consumer clientId=consumer-materia-service-group-23, groupId=materia-service-group] Bootstrap broker localhost:9092 (id: -1 rack: null) disconnected
2025-06-30T15:16:07.645-06:00  WARN 28984 --- [proyecto-access-1] [tainer#28-0-C-1] org.apache.kafka.clients.NetworkClient   : [Consumer clientId=consumer-materia-service-group-10, groupId=materia-service-group] Connection to node -1 (localhost/127.0.0.1:9092) could not be established. Node may not be available.
2025-06-30T15:16:07.645-06:00  WARN 28984 --- [proyecto-access-1] [ntainer#2-0-C-1] org.apache.kafka.clients.NetworkClient   : [Consumer clientId=consumer-materia-service-group-5, groupId=materia-service-group] Connection to node -1 (localhost/127.0.0.1:9092) could not be established. Node may not be available.
2025-06-30T15:16:07.645-06:00  WARN 28984 --- [proyecto-access-1] [tainer#28-0-C-1] org.apache.kafka.clients.NetworkClient   : [Consumer clientId=consumer-materia-service-group-10, groupId=materia-service-group] Bootstrap broker localhost:9092 (id: -1 rack: null) disconnected
2025-06-30T15:16:07.645-06:00  WARN 28984 --- [proyecto-access-1] [tainer#19-0-C-1] org.apache.kafka.clients.NetworkClient   : [Consumer clientId=consumer-materia-service-group-22, groupId=materia-service-group] Bootstrap broker localhost:9092 (id: -1 rack: null) disconnected
2025-06-30T15:16:07.645-06:00  WARN 28984 --- [proyecto-access-1] [ntainer#2-0-C-1] org.apache.kafka.clients.NetworkClient   : [Consumer clientId=consumer-materia-service-group-5, groupId=materia-service-group] Bootstrap broker localhost:9092 (id: -1 rack: null) disconnected
2025-06-30T15:16:07.660-06:00  INFO 28984 --- [proyecto-access-1] [tainer#11-0-C-1] org.apache.kafka.clients.NetworkClient   : [Consumer clientId=consumer-materia-service-group-25, groupId=materia-service-group] Node -1 disconnected.
2025-06-30T15:16:07.660-06:00  INFO 28984 --- [proyecto-access-1] [tainer#31-0-C-1] org.apache.kafka.clients.NetworkClient   : [Consumer clientId=consumer-materia-service-group-27, groupId=materia-service-group] Node -1 disconnected.
2025-06-30T15:16:07.660-06:00  INFO 28984 --- [proyecto-access-1] [tainer#24-0-C-1] org.apache.kafka.clients.NetworkClient   : [Consumer clientId=consumer-materia-service-group-20, groupId=materia-service-group] Node -1 disconnected.
2025-06-30T15:16:07.660-06:00  INFO 28984 --- [proyecto-access-1] [tainer#14-0-C-1] org.apache.kafka.clients.NetworkClient   : [Consumer clientId=consumer-materia-service-group-32, groupId=materia-service-group] Node -1 disconnected.
2025-06-30T15:16:07.661-06:00  WARN 28984 --- [proyecto-access-1] [tainer#11-0-C-1] org.apache.kafka.clients.NetworkClient   : [Consumer clientId=consumer-materia-service-group-25, groupId=materia-service-group] Connection to node -1 (localhost/127.0.0.1:9092) could not be established. Node may not be available.
2025-06-30T15:16:07.661-06:00  WARN 28984 --- [proyecto-access-1] [tainer#31-0-C-1] org.apache.kafka.clients.NetworkClient   : [Consumer clientId=consumer-materia-service-group-27, groupId=materia-service-group] Connection to node -1 (localhost/127.0.0.1:9092) could not be established. Node may not be available.
2025-06-30T15:16:07.661-06:00  WARN 28984 --- [proyecto-access-1] [tainer#11-0-C-1] org.apache.kafka.clients.NetworkClient   : [Consumer clientId=consumer-materia-service-group-25, groupId=materia-service-group] Bootstrap broker localhost:9092 (id: -1 rack: null) disconnected
2025-06-30T15:16:07.661-06:00  WARN 28984 --- [proyecto-access-1] [tainer#31-0-C-1] org.apache.kafka.clients.NetworkClient   : [Consumer clientId=consumer-materia-service-group-27, groupId=materia-service-group] Bootstrap broker localhost:9092 (id: -1 rack: null) disconnected
2025-06-30T15:16:07.661-06:00  WARN 28984 --- [proyecto-access-1] [tainer#24-0-C-1] org.apache.kafka.clients.NetworkClient   : [Consumer clientId=consumer-materia-service-group-20, groupId=materia-service-group] Connection to node -1 (localhost/127.0.0.1:9092) could not be established. Node may not be available.
2025-06-30T15:16:07.661-06:00  INFO 28984 --- [proyecto-access-1] [tainer#30-0-C-1] org.apache.kafka.clients.NetworkClient   : [Consumer clientId=consumer-materia-service-group-7, groupId=materia-service-group] Node -1 disconnected.
2025-06-30T15:16:07.661-06:00  WARN 28984 --- [proyecto-access-1] [tainer#24-0-C-1] org.apache.kafka.clients.NetworkClient   : [Consumer clientId=consumer-materia-service-group-20, groupId=materia-service-group] Bootstrap broker localhost:9092 (id: -1 rack: null) disconnected
2025-06-30T15:16:07.661-06:00  WARN 28984 --- [proyecto-access-1] [tainer#14-0-C-1] org.apache.kafka.clients.NetworkClient   : [Consumer clientId=consumer-materia-service-group-32, groupId=materia-service-group] Connection to node -1 (localhost/127.0.0.1:9092) could not be established. Node may not be available.
2025-06-30T15:16:07.661-06:00  WARN 28984 --- [proyecto-access-1] [tainer#30-0-C-1] org.apache.kafka.clients.NetworkClient   : [Consumer clientId=consumer-materia-service-group-7, groupId=materia-service-group] Connection to node -1 (localhost/127.0.0.1:9092) could not be established. Node may not be available.
2025-06-30T15:16:07.661-06:00  INFO 28984 --- [proyecto-access-1] [tainer#25-0-C-1] org.apache.kafka.clients.NetworkClient   : [Consumer clientId=consumer-materia-service-group-21, groupId=materia-service-group] Node -1 disconnected.
2025-06-30T15:16:07.661-06:00  WARN 28984 --- [proyecto-access-1] [tainer#14-0-C-1] org.apache.kafka.clients.NetworkClient   : [Consumer clientId=consumer-materia-service-group-32, groupId=materia-service-group] Bootstrap broker localhost:9092 (id: -1 rack: null) disconnected
2025-06-30T15:16:07.661-06:00  WARN 28984 --- [proyecto-access-1] [tainer#30-0-C-1] org.apache.kafka.clients.NetworkClient   : [Consumer clientId=consumer-materia-service-group-7, groupId=materia-service-group] Bootstrap broker localhost:9092 (id: -1 rack: null) disconnected
2025-06-30T15:16:07.661-06:00  WARN 28984 --- [proyecto-access-1] [tainer#25-0-C-1] org.apache.kafka.clients.NetworkClient   : [Consumer clientId=consumer-materia-service-group-21, groupId=materia-service-group] Connection to node -1 (localhost/127.0.0.1:9092) could not be established. Node may not be available.
2025-06-30T15:16:07.661-06:00  WARN 28984 --- [proyecto-access-1] [tainer#25-0-C-1] org.apache.kafka.clients.NetworkClient   : [Consumer clientId=consumer-materia-service-group-21, groupId=materia-service-group] Bootstrap broker localhost:9092 (id: -1 rack: null) disconnected
2025-06-30T15:16:07.676-06:00  INFO 28984 --- [proyecto-access-1] [ntainer#4-0-C-1] org.apache.kafka.clients.NetworkClient   : [Consumer clientId=consumer-materia-service-group-8, groupId=materia-service-group] Node -1 disconnected.
2025-06-30T15:16:07.676-06:00  WARN 28984 --- [proyecto-access-1] [ntainer#4-0-C-1] org.apache.kafka.clients.NetworkClient   : [Consumer clientId=consumer-materia-service-group-8, groupId=materia-service-group] Connection to node -1 (localhost/127.0.0.1:9092) could not be established. Node may not be available.
2025-06-30T15:16:07.676-06:00  WARN 28984 --- [proyecto-access-1] [ntainer#4-0-C-1] org.apache.kafka.clients.NetworkClient   : [Consumer clientId=consumer-materia-service-group-8, groupId=materia-service-group] Bootstrap broker localhost:9092 (id: -1 rack: null) disconnected
2025-06-30T15:16:07.706-06:00  INFO 28984 --- [proyecto-access-1] [ntainer#8-0-C-1] org.apache.kafka.clients.NetworkClient   : [Consumer clientId=consumer-materia-service-group-3, groupId=materia-service-group] Node -1 disconnected.
2025-06-30T15:16:07.707-06:00  WARN 28984 --- [proyecto-access-1] [ntainer#8-0-C-1] org.apache.kafka.clients.NetworkClient   : [Consumer clientId=consumer-materia-service-group-3, groupId=materia-service-group] Connection to node -1 (localhost/127.0.0.1:9092) could not be established. Node may not be available.
2025-06-30T15:16:07.707-06:00  WARN 28984 --- [proyecto-access-1] [ntainer#8-0-C-1] org.apache.kafka.clients.NetworkClient   : [Consumer clientId=consumer-materia-service-group-3, groupId=materia-service-group] Bootstrap broker localhost:9092 (id: -1 rack: null) disconnected
2025-06-30T15:16:07.722-06:00  INFO 28984 --- [proyecto-access-1] [tainer#18-0-C-1] org.apache.kafka.clients.NetworkClient   : [Consumer clientId=consumer-materia-service-group-24, groupId=materia-service-group] Node -1 disconnected.
2025-06-30T15:16:07.722-06:00  WARN 28984 --- [proyecto-access-1] [tainer#18-0-C-1] org.apache.kafka.clients.NetworkClient   : [Consumer clientId=consumer-materia-service-group-24, groupId=materia-service-group] Connection to node -1 (localhost/127.0.0.1:9092) could not be established. Node may not be available.
2025-06-30T15:16:07.722-06:00  WARN 28984 --- [proyecto-access-1] [tainer#18-0-C-1] org.apache.kafka.clients.NetworkClient   : [Consumer clientId=consumer-materia-service-group-24, groupId=materia-service-group] Bootstrap broker localhost:9092 (id: -1 rack: null) disconnected
2025-06-30T15:16:07.753-06:00  INFO 28984 --- [proyecto-access-1] [ntainer#6-0-C-1] org.apache.kafka.clients.NetworkClient   : [Consumer clientId=consumer-materia-service-group-1, groupId=materia-service-group] Node -1 disconnected.
2025-06-30T15:16:07.754-06:00  WARN 28984 --- [proyecto-access-1] [ntainer#6-0-C-1] org.apache.kafka.clients.NetworkClient   : [Consumer clientId=consumer-materia-service-group-1, groupId=materia-service-group] Connection to node -1 (localhost/127.0.0.1:9092) could not be established. Node may not be available.
2025-06-30T15:16:07.754-06:00  WARN 28984 --- [proyecto-access-1] [ntainer#6-0-C-1] org.apache.kafka.clients.NetworkClient   : [Consumer clientId=consumer-materia-service-group-1, groupId=materia-service-group] Bootstrap broker localhost:9092 (id: -1 rack: null) disconnected
]]></system-out>
    <system-err><![CDATA[WARNING: Unknown driver property functionsHsqldb with value false
Mockito is currently self-attaching to enable the inline-mock-maker. This will no longer work in future releases of the JDK. Please add Mockito as an agent to your build what is described in Mockito's documentation: https://javadoc.io/doc/org.mockito/mockito-core/latest/org/mockito/Mockito.html#0.3
WARNING: A Java agent has been loaded dynamically (C:\Users\Tadeo\.m2\repository\net\bytebuddy\byte-buddy-agent\1.15.11\byte-buddy-agent-1.15.11.jar)
WARNING: If a serviceability tool is in use, please run with -XX:+EnableDynamicAgentLoading to hide this warning
WARNING: If a serviceability tool is not in use, please run with -Djdk.instrument.traceUsage for more information
WARNING: Dynamic loading of agents will be disallowed by default in a future release
]]></system-err>
  </testcase>
</testsuite>