<?xml version="1.0" encoding="UTF-8"?>
<testsuite xmlns:xsi="http://www.w3.org/2001/XMLSchema-instance" xsi:noNamespaceSchemaLocation="https://maven.apache.org/surefire/maven-surefire-plugin/xsd/surefire-test-report.xsd" version="3.0.2" name="com.access.ProyectoAccess1ApplicationTests" time="9.743" tests="1" errors="0" skipped="0" failures="0">
  <properties>
    <property name="java.specification.version" value="21"/>
    <property name="sun.cpu.isalist" value="amd64"/>
    <property name="sun.jnu.encoding" value="Cp1252"/>
    <property name="java.class.path" value="D:\Proyecto Residencias\pruebaMonorepo2\Microservicio_MuebleriaBarsa\apps\access-api\test-classes;D:\Proyecto Residencias\pruebaMonorepo2\Microservicio_MuebleriaBarsa\apps\access-api\classes;C:\Users\Tadeo\.m2\repository\org\springframework\boot\spring-boot-starter-web\3.4.3\spring-boot-starter-web-3.4.3.jar;C:\Users\Tadeo\.m2\repository\org\springframework\boot\spring-boot-starter\3.4.3\spring-boot-starter-3.4.3.jar;C:\Users\Tadeo\.m2\repository\org\springframework\boot\spring-boot\3.4.3\spring-boot-3.4.3.jar;C:\Users\Tadeo\.m2\repository\org\springframework\boot\spring-boot-autoconfigure\3.4.3\spring-boot-autoconfigure-3.4.3.jar;C:\Users\Tadeo\.m2\repository\org\springframework\boot\spring-boot-starter-logging\3.4.3\spring-boot-starter-logging-3.4.3.jar;C:\Users\Tadeo\.m2\repository\ch\qos\logback\logback-classic\1.5.16\logback-classic-1.5.16.jar;C:\Users\Tadeo\.m2\repository\ch\qos\logback\logback-core\1.5.16\logback-core-1.5.16.jar;C:\Users\Tadeo\.m2\repository\org\apache\logging\log4j\log4j-to-slf4j\2.24.3\log4j-to-slf4j-2.24.3.jar;C:\Users\Tadeo\.m2\repository\org\apache\logging\log4j\log4j-api\2.24.3\log4j-api-2.24.3.jar;C:\Users\Tadeo\.m2\repository\org\slf4j\jul-to-slf4j\2.0.16\jul-to-slf4j-2.0.16.jar;C:\Users\Tadeo\.m2\repository\jakarta\annotation\jakarta.annotation-api\2.1.1\jakarta.annotation-api-2.1.1.jar;C:\Users\Tadeo\.m2\repository\org\yaml\snakeyaml\2.3\snakeyaml-2.3.jar;C:\Users\Tadeo\.m2\repository\org\springframework\boot\spring-boot-starter-json\3.4.3\spring-boot-starter-json-3.4.3.jar;C:\Users\Tadeo\.m2\repository\com\fasterxml\jackson\datatype\jackson-datatype-jdk8\2.18.2\jackson-datatype-jdk8-2.18.2.jar;C:\Users\Tadeo\.m2\repository\com\fasterxml\jackson\datatype\jackson-datatype-jsr310\2.18.2\jackson-datatype-jsr310-2.18.2.jar;C:\Users\Tadeo\.m2\repository\com\fasterxml\jackson\module\jackson-module-parameter-names\2.18.2\jackson-module-parameter-names-2.18.2.jar;C:\Users\Tadeo\.m2\repository\org\springframework\boot\spring-boot-starter-tomcat\3.4.3\spring-boot-starter-tomcat-3.4.3.jar;C:\Users\Tadeo\.m2\repository\org\apache\tomcat\embed\tomcat-embed-core\10.1.36\tomcat-embed-core-10.1.36.jar;C:\Users\Tadeo\.m2\repository\org\apache\tomcat\embed\tomcat-embed-el\10.1.36\tomcat-embed-el-10.1.36.jar;C:\Users\Tadeo\.m2\repository\org\apache\tomcat\embed\tomcat-embed-websocket\10.1.36\tomcat-embed-websocket-10.1.36.jar;C:\Users\Tadeo\.m2\repository\org\springframework\spring-web\6.2.3\spring-web-6.2.3.jar;C:\Users\Tadeo\.m2\repository\org\springframework\spring-beans\6.2.3\spring-beans-6.2.3.jar;C:\Users\Tadeo\.m2\repository\org\springframework\spring-webmvc\6.2.3\spring-webmvc-6.2.3.jar;C:\Users\Tadeo\.m2\repository\org\springframework\spring-aop\6.2.3\spring-aop-6.2.3.jar;C:\Users\Tadeo\.m2\repository\org\springframework\spring-expression\6.2.3\spring-expression-6.2.3.jar;C:\Users\Tadeo\.m2\repository\org\springframework\boot\spring-boot-starter-jdbc\3.4.3\spring-boot-starter-jdbc-3.4.3.jar;C:\Users\Tadeo\.m2\repository\org\springframework\spring-jdbc\6.2.3\spring-jdbc-6.2.3.jar;C:\Users\Tadeo\.m2\repository\io\github\spannm\ucanaccess\5.1.0\ucanaccess-5.1.0.jar;C:\Users\Tadeo\.m2\repository\org\hsqldb\hsqldb\2.7.1\hsqldb-2.7.1-debug.jar;C:\Users\Tadeo\.m2\repository\com\zaxxer\HikariCP\5.1.0\HikariCP-5.1.0.jar;C:\Users\Tadeo\.m2\repository\org\slf4j\slf4j-api\2.0.16\slf4j-api-2.0.16.jar;C:\Users\Tadeo\.m2\repository\org\springframework\boot\spring-boot-starter-test\3.4.3\spring-boot-starter-test-3.4.3.jar;C:\Users\Tadeo\.m2\repository\org\springframework\boot\spring-boot-test\3.4.3\spring-boot-test-3.4.3.jar;C:\Users\Tadeo\.m2\repository\org\springframework\boot\spring-boot-test-autoconfigure\3.4.3\spring-boot-test-autoconfigure-3.4.3.jar;C:\Users\Tadeo\.m2\repository\com\jayway\jsonpath\json-path\2.9.0\json-path-2.9.0.jar;C:\Users\Tadeo\.m2\repository\jakarta\xml\bind\jakarta.xml.bind-api\4.0.2\jakarta.xml.bind-api-4.0.2.jar;C:\Users\Tadeo\.m2\repository\jakarta\activation\jakarta.activation-api\2.1.3\jakarta.activation-api-2.1.3.jar;C:\Users\Tadeo\.m2\repository\net\minidev\json-smart\2.5.2\json-smart-2.5.2.jar;C:\Users\Tadeo\.m2\repository\net\minidev\accessors-smart\2.5.2\accessors-smart-2.5.2.jar;C:\Users\Tadeo\.m2\repository\org\ow2\asm\asm\9.7.1\asm-9.7.1.jar;C:\Users\Tadeo\.m2\repository\org\assertj\assertj-core\3.26.3\assertj-core-3.26.3.jar;C:\Users\Tadeo\.m2\repository\net\bytebuddy\byte-buddy\1.15.11\byte-buddy-1.15.11.jar;C:\Users\Tadeo\.m2\repository\org\awaitility\awaitility\4.2.2\awaitility-4.2.2.jar;C:\Users\Tadeo\.m2\repository\org\hamcrest\hamcrest\2.2\hamcrest-2.2.jar;C:\Users\Tadeo\.m2\repository\org\junit\jupiter\junit-jupiter\5.11.4\junit-jupiter-5.11.4.jar;C:\Users\Tadeo\.m2\repository\org\junit\jupiter\junit-jupiter-api\5.11.4\junit-jupiter-api-5.11.4.jar;C:\Users\Tadeo\.m2\repository\org\opentest4j\opentest4j\1.3.0\opentest4j-1.3.0.jar;C:\Users\Tadeo\.m2\repository\org\junit\platform\junit-platform-commons\1.11.4\junit-platform-commons-1.11.4.jar;C:\Users\Tadeo\.m2\repository\org\apiguardian\apiguardian-api\1.1.2\apiguardian-api-1.1.2.jar;C:\Users\Tadeo\.m2\repository\org\junit\jupiter\junit-jupiter-params\5.11.4\junit-jupiter-params-5.11.4.jar;C:\Users\Tadeo\.m2\repository\org\junit\jupiter\junit-jupiter-engine\5.11.4\junit-jupiter-engine-5.11.4.jar;C:\Users\Tadeo\.m2\repository\org\junit\platform\junit-platform-engine\1.11.4\junit-platform-engine-1.11.4.jar;C:\Users\Tadeo\.m2\repository\org\mockito\mockito-core\5.14.2\mockito-core-5.14.2.jar;C:\Users\Tadeo\.m2\repository\net\bytebuddy\byte-buddy-agent\1.15.11\byte-buddy-agent-1.15.11.jar;C:\Users\Tadeo\.m2\repository\org\objenesis\objenesis\3.3\objenesis-3.3.jar;C:\Users\Tadeo\.m2\repository\org\mockito\mockito-junit-jupiter\5.14.2\mockito-junit-jupiter-5.14.2.jar;C:\Users\Tadeo\.m2\repository\org\skyscreamer\jsonassert\1.5.3\jsonassert-1.5.3.jar;C:\Users\Tadeo\.m2\repository\com\vaadin\external\google\android-json\0.0.20131108.vaadin1\android-json-0.0.20131108.vaadin1.jar;C:\Users\Tadeo\.m2\repository\org\springframework\spring-core\6.2.3\spring-core-6.2.3.jar;C:\Users\Tadeo\.m2\repository\org\springframework\spring-jcl\6.2.3\spring-jcl-6.2.3.jar;C:\Users\Tadeo\.m2\repository\org\springframework\spring-test\6.2.3\spring-test-6.2.3.jar;C:\Users\Tadeo\.m2\repository\org\xmlunit\xmlunit-core\2.10.0\xmlunit-core-2.10.0.jar;C:\Users\Tadeo\.m2\repository\com\healthmarketscience\jackcess\jackcess\3.0.1\jackcess-3.0.1.jar;C:\Users\Tadeo\.m2\repository\org\apache\commons\commons-lang3\3.17.0\commons-lang3-3.17.0.jar;C:\Users\Tadeo\.m2\repository\commons-logging\commons-logging\1.2\commons-logging-1.2.jar;C:\Users\Tadeo\.m2\repository\org\hsqldb\hsqldb\2.7.3\hsqldb-2.7.3.jar;C:\Users\Tadeo\.m2\repository\commons-lang\commons-lang\2.6\commons-lang-2.6.jar;C:\Users\Tadeo\.m2\repository\net\sf\jt400\jt400\6.3\jt400-6.3.jar;C:\Users\Tadeo\.m2\repository\org\projectlombok\lombok\1.18.36\lombok-1.18.36.jar;C:\Users\Tadeo\.m2\repository\org\springframework\kafka\spring-kafka\3.3.3\spring-kafka-3.3.3.jar;C:\Users\Tadeo\.m2\repository\org\springframework\spring-context\6.2.3\spring-context-6.2.3.jar;C:\Users\Tadeo\.m2\repository\org\springframework\spring-messaging\6.2.3\spring-messaging-6.2.3.jar;C:\Users\Tadeo\.m2\repository\org\springframework\spring-tx\6.2.3\spring-tx-6.2.3.jar;C:\Users\Tadeo\.m2\repository\org\springframework\retry\spring-retry\2.0.11\spring-retry-2.0.11.jar;C:\Users\Tadeo\.m2\repository\org\apache\kafka\kafka-clients\3.8.1\kafka-clients-3.8.1.jar;C:\Users\Tadeo\.m2\repository\com\github\luben\zstd-jni\1.5.6-4\zstd-jni-1.5.6-4.jar;C:\Users\Tadeo\.m2\repository\org\lz4\lz4-java\1.8.0\lz4-java-1.8.0.jar;C:\Users\Tadeo\.m2\repository\org\xerial\snappy\snappy-java\1.1.10.5\snappy-java-1.1.10.5.jar;C:\Users\Tadeo\.m2\repository\io\micrometer\micrometer-observation\1.14.4\micrometer-observation-1.14.4.jar;C:\Users\Tadeo\.m2\repository\io\micrometer\micrometer-commons\1.14.4\micrometer-commons-1.14.4.jar;C:\Users\Tadeo\.m2\repository\org\hibernate\validator\hibernate-validator\8.0.2.Final\hibernate-validator-8.0.2.Final.jar;C:\Users\Tadeo\.m2\repository\jakarta\validation\jakarta.validation-api\3.0.2\jakarta.validation-api-3.0.2.jar;C:\Users\Tadeo\.m2\repository\org\jboss\logging\jboss-logging\3.6.1.Final\jboss-logging-3.6.1.Final.jar;C:\Users\Tadeo\.m2\repository\com\fasterxml\classmate\1.7.0\classmate-1.7.0.jar;C:\Users\Tadeo\.m2\repository\javax\validation\validation-api\2.0.1.Final\validation-api-2.0.1.Final.jar;C:\Users\Tadeo\.m2\repository\com\cloudinary\cloudinary-http5\2.0.0\cloudinary-http5-2.0.0.jar;C:\Users\Tadeo\.m2\repository\com\cloudinary\cloudinary-core\2.0.0\cloudinary-core-2.0.0.jar;C:\Users\Tadeo\.m2\repository\org\apache\httpcomponents\client5\httpclient5\5.4.2\httpclient5-5.4.2.jar;C:\Users\Tadeo\.m2\repository\org\apache\httpcomponents\core5\httpcore5-h2\5.3.3\httpcore5-h2-5.3.3.jar;C:\Users\Tadeo\.m2\repository\org\apache\httpcomponents\core5\httpcore5\5.3.3\httpcore5-5.3.3.jar;C:\Users\Tadeo\.m2\repository\com\fasterxml\jackson\core\jackson-databind\2.18.2\jackson-databind-2.18.2.jar;C:\Users\Tadeo\.m2\repository\com\fasterxml\jackson\core\jackson-annotations\2.18.2\jackson-annotations-2.18.2.jar;C:\Users\Tadeo\.m2\repository\com\fasterxml\jackson\core\jackson-core\2.18.2\jackson-core-2.18.2.jar;"/>
    <property name="java.vm.vendor" value="Eclipse Adoptium"/>
    <property name="sun.arch.data.model" value="64"/>
    <property name="user.variant" value=""/>
    <property name="java.vendor.url" value="https://adoptium.net/"/>
    <property name="user.timezone" value="America/Mexico_City"/>
    <property name="org.jboss.logging.provider" value="slf4j"/>
    <property name="os.name" value="Windows 11"/>
    <property name="java.vm.specification.version" value="21"/>
    <property name="APPLICATION_NAME" value="proyecto-access-1"/>
    <property name="sun.java.launcher" value="SUN_STANDARD"/>
    <property name="user.country" value="MX"/>
    <property name="sun.boot.library.path" value="C:\Users\Tadeo\Documents\SpringToolSuite\sts-4.28.1.RELEASE\plugins\org.eclipse.justj.openjdk.hotspot.jre.full.win32.x86_64_21.0.6.v20250130-0529\jre\bin"/>
    <property name="sun.java.command" value="C:\Users\Tadeo\AppData\Local\Temp\surefire2689991890403738948\surefirebooter-20250517135621562_3.jar C:\Users\Tadeo\AppData\Local\Temp\surefire2689991890403738948 2025-05-17T13-56-21_395-jvmRun1 surefire-20250517135621562_1tmp surefire_0-20250517135621562_2tmp"/>
    <property name="jdk.debug" value="release"/>
    <property name="surefire.test.class.path" value="D:\Proyecto Residencias\pruebaMonorepo2\Microservicio_MuebleriaBarsa\apps\access-api\test-classes;D:\Proyecto Residencias\pruebaMonorepo2\Microservicio_MuebleriaBarsa\apps\access-api\classes;C:\Users\Tadeo\.m2\repository\org\springframework\boot\spring-boot-starter-web\3.4.3\spring-boot-starter-web-3.4.3.jar;C:\Users\Tadeo\.m2\repository\org\springframework\boot\spring-boot-starter\3.4.3\spring-boot-starter-3.4.3.jar;C:\Users\Tadeo\.m2\repository\org\springframework\boot\spring-boot\3.4.3\spring-boot-3.4.3.jar;C:\Users\Tadeo\.m2\repository\org\springframework\boot\spring-boot-autoconfigure\3.4.3\spring-boot-autoconfigure-3.4.3.jar;C:\Users\Tadeo\.m2\repository\org\springframework\boot\spring-boot-starter-logging\3.4.3\spring-boot-starter-logging-3.4.3.jar;C:\Users\Tadeo\.m2\repository\ch\qos\logback\logback-classic\1.5.16\logback-classic-1.5.16.jar;C:\Users\Tadeo\.m2\repository\ch\qos\logback\logback-core\1.5.16\logback-core-1.5.16.jar;C:\Users\Tadeo\.m2\repository\org\apache\logging\log4j\log4j-to-slf4j\2.24.3\log4j-to-slf4j-2.24.3.jar;C:\Users\Tadeo\.m2\repository\org\apache\logging\log4j\log4j-api\2.24.3\log4j-api-2.24.3.jar;C:\Users\Tadeo\.m2\repository\org\slf4j\jul-to-slf4j\2.0.16\jul-to-slf4j-2.0.16.jar;C:\Users\Tadeo\.m2\repository\jakarta\annotation\jakarta.annotation-api\2.1.1\jakarta.annotation-api-2.1.1.jar;C:\Users\Tadeo\.m2\repository\org\yaml\snakeyaml\2.3\snakeyaml-2.3.jar;C:\Users\Tadeo\.m2\repository\org\springframework\boot\spring-boot-starter-json\3.4.3\spring-boot-starter-json-3.4.3.jar;C:\Users\Tadeo\.m2\repository\com\fasterxml\jackson\datatype\jackson-datatype-jdk8\2.18.2\jackson-datatype-jdk8-2.18.2.jar;C:\Users\Tadeo\.m2\repository\com\fasterxml\jackson\datatype\jackson-datatype-jsr310\2.18.2\jackson-datatype-jsr310-2.18.2.jar;C:\Users\Tadeo\.m2\repository\com\fasterxml\jackson\module\jackson-module-parameter-names\2.18.2\jackson-module-parameter-names-2.18.2.jar;C:\Users\Tadeo\.m2\repository\org\springframework\boot\spring-boot-starter-tomcat\3.4.3\spring-boot-starter-tomcat-3.4.3.jar;C:\Users\Tadeo\.m2\repository\org\apache\tomcat\embed\tomcat-embed-core\10.1.36\tomcat-embed-core-10.1.36.jar;C:\Users\Tadeo\.m2\repository\org\apache\tomcat\embed\tomcat-embed-el\10.1.36\tomcat-embed-el-10.1.36.jar;C:\Users\Tadeo\.m2\repository\org\apache\tomcat\embed\tomcat-embed-websocket\10.1.36\tomcat-embed-websocket-10.1.36.jar;C:\Users\Tadeo\.m2\repository\org\springframework\spring-web\6.2.3\spring-web-6.2.3.jar;C:\Users\Tadeo\.m2\repository\org\springframework\spring-beans\6.2.3\spring-beans-6.2.3.jar;C:\Users\Tadeo\.m2\repository\org\springframework\spring-webmvc\6.2.3\spring-webmvc-6.2.3.jar;C:\Users\Tadeo\.m2\repository\org\springframework\spring-aop\6.2.3\spring-aop-6.2.3.jar;C:\Users\Tadeo\.m2\repository\org\springframework\spring-expression\6.2.3\spring-expression-6.2.3.jar;C:\Users\Tadeo\.m2\repository\org\springframework\boot\spring-boot-starter-jdbc\3.4.3\spring-boot-starter-jdbc-3.4.3.jar;C:\Users\Tadeo\.m2\repository\org\springframework\spring-jdbc\6.2.3\spring-jdbc-6.2.3.jar;C:\Users\Tadeo\.m2\repository\io\github\spannm\ucanaccess\5.1.0\ucanaccess-5.1.0.jar;C:\Users\Tadeo\.m2\repository\org\hsqldb\hsqldb\2.7.1\hsqldb-2.7.1-debug.jar;C:\Users\Tadeo\.m2\repository\com\zaxxer\HikariCP\5.1.0\HikariCP-5.1.0.jar;C:\Users\Tadeo\.m2\repository\org\slf4j\slf4j-api\2.0.16\slf4j-api-2.0.16.jar;C:\Users\Tadeo\.m2\repository\org\springframework\boot\spring-boot-starter-test\3.4.3\spring-boot-starter-test-3.4.3.jar;C:\Users\Tadeo\.m2\repository\org\springframework\boot\spring-boot-test\3.4.3\spring-boot-test-3.4.3.jar;C:\Users\Tadeo\.m2\repository\org\springframework\boot\spring-boot-test-autoconfigure\3.4.3\spring-boot-test-autoconfigure-3.4.3.jar;C:\Users\Tadeo\.m2\repository\com\jayway\jsonpath\json-path\2.9.0\json-path-2.9.0.jar;C:\Users\Tadeo\.m2\repository\jakarta\xml\bind\jakarta.xml.bind-api\4.0.2\jakarta.xml.bind-api-4.0.2.jar;C:\Users\Tadeo\.m2\repository\jakarta\activation\jakarta.activation-api\2.1.3\jakarta.activation-api-2.1.3.jar;C:\Users\Tadeo\.m2\repository\net\minidev\json-smart\2.5.2\json-smart-2.5.2.jar;C:\Users\Tadeo\.m2\repository\net\minidev\accessors-smart\2.5.2\accessors-smart-2.5.2.jar;C:\Users\Tadeo\.m2\repository\org\ow2\asm\asm\9.7.1\asm-9.7.1.jar;C:\Users\Tadeo\.m2\repository\org\assertj\assertj-core\3.26.3\assertj-core-3.26.3.jar;C:\Users\Tadeo\.m2\repository\net\bytebuddy\byte-buddy\1.15.11\byte-buddy-1.15.11.jar;C:\Users\Tadeo\.m2\repository\org\awaitility\awaitility\4.2.2\awaitility-4.2.2.jar;C:\Users\Tadeo\.m2\repository\org\hamcrest\hamcrest\2.2\hamcrest-2.2.jar;C:\Users\Tadeo\.m2\repository\org\junit\jupiter\junit-jupiter\5.11.4\junit-jupiter-5.11.4.jar;C:\Users\Tadeo\.m2\repository\org\junit\jupiter\junit-jupiter-api\5.11.4\junit-jupiter-api-5.11.4.jar;C:\Users\Tadeo\.m2\repository\org\opentest4j\opentest4j\1.3.0\opentest4j-1.3.0.jar;C:\Users\Tadeo\.m2\repository\org\junit\platform\junit-platform-commons\1.11.4\junit-platform-commons-1.11.4.jar;C:\Users\Tadeo\.m2\repository\org\apiguardian\apiguardian-api\1.1.2\apiguardian-api-1.1.2.jar;C:\Users\Tadeo\.m2\repository\org\junit\jupiter\junit-jupiter-params\5.11.4\junit-jupiter-params-5.11.4.jar;C:\Users\Tadeo\.m2\repository\org\junit\jupiter\junit-jupiter-engine\5.11.4\junit-jupiter-engine-5.11.4.jar;C:\Users\Tadeo\.m2\repository\org\junit\platform\junit-platform-engine\1.11.4\junit-platform-engine-1.11.4.jar;C:\Users\Tadeo\.m2\repository\org\mockito\mockito-core\5.14.2\mockito-core-5.14.2.jar;C:\Users\Tadeo\.m2\repository\net\bytebuddy\byte-buddy-agent\1.15.11\byte-buddy-agent-1.15.11.jar;C:\Users\Tadeo\.m2\repository\org\objenesis\objenesis\3.3\objenesis-3.3.jar;C:\Users\Tadeo\.m2\repository\org\mockito\mockito-junit-jupiter\5.14.2\mockito-junit-jupiter-5.14.2.jar;C:\Users\Tadeo\.m2\repository\org\skyscreamer\jsonassert\1.5.3\jsonassert-1.5.3.jar;C:\Users\Tadeo\.m2\repository\com\vaadin\external\google\android-json\0.0.20131108.vaadin1\android-json-0.0.20131108.vaadin1.jar;C:\Users\Tadeo\.m2\repository\org\springframework\spring-core\6.2.3\spring-core-6.2.3.jar;C:\Users\Tadeo\.m2\repository\org\springframework\spring-jcl\6.2.3\spring-jcl-6.2.3.jar;C:\Users\Tadeo\.m2\repository\org\springframework\spring-test\6.2.3\spring-test-6.2.3.jar;C:\Users\Tadeo\.m2\repository\org\xmlunit\xmlunit-core\2.10.0\xmlunit-core-2.10.0.jar;C:\Users\Tadeo\.m2\repository\com\healthmarketscience\jackcess\jackcess\3.0.1\jackcess-3.0.1.jar;C:\Users\Tadeo\.m2\repository\org\apache\commons\commons-lang3\3.17.0\commons-lang3-3.17.0.jar;C:\Users\Tadeo\.m2\repository\commons-logging\commons-logging\1.2\commons-logging-1.2.jar;C:\Users\Tadeo\.m2\repository\org\hsqldb\hsqldb\2.7.3\hsqldb-2.7.3.jar;C:\Users\Tadeo\.m2\repository\commons-lang\commons-lang\2.6\commons-lang-2.6.jar;C:\Users\Tadeo\.m2\repository\net\sf\jt400\jt400\6.3\jt400-6.3.jar;C:\Users\Tadeo\.m2\repository\org\projectlombok\lombok\1.18.36\lombok-1.18.36.jar;C:\Users\Tadeo\.m2\repository\org\springframework\kafka\spring-kafka\3.3.3\spring-kafka-3.3.3.jar;C:\Users\Tadeo\.m2\repository\org\springframework\spring-context\6.2.3\spring-context-6.2.3.jar;C:\Users\Tadeo\.m2\repository\org\springframework\spring-messaging\6.2.3\spring-messaging-6.2.3.jar;C:\Users\Tadeo\.m2\repository\org\springframework\spring-tx\6.2.3\spring-tx-6.2.3.jar;C:\Users\Tadeo\.m2\repository\org\springframework\retry\spring-retry\2.0.11\spring-retry-2.0.11.jar;C:\Users\Tadeo\.m2\repository\org\apache\kafka\kafka-clients\3.8.1\kafka-clients-3.8.1.jar;C:\Users\Tadeo\.m2\repository\com\github\luben\zstd-jni\1.5.6-4\zstd-jni-1.5.6-4.jar;C:\Users\Tadeo\.m2\repository\org\lz4\lz4-java\1.8.0\lz4-java-1.8.0.jar;C:\Users\Tadeo\.m2\repository\org\xerial\snappy\snappy-java\1.1.10.5\snappy-java-1.1.10.5.jar;C:\Users\Tadeo\.m2\repository\io\micrometer\micrometer-observation\1.14.4\micrometer-observation-1.14.4.jar;C:\Users\Tadeo\.m2\repository\io\micrometer\micrometer-commons\1.14.4\micrometer-commons-1.14.4.jar;C:\Users\Tadeo\.m2\repository\org\hibernate\validator\hibernate-validator\8.0.2.Final\hibernate-validator-8.0.2.Final.jar;C:\Users\Tadeo\.m2\repository\jakarta\validation\jakarta.validation-api\3.0.2\jakarta.validation-api-3.0.2.jar;C:\Users\Tadeo\.m2\repository\org\jboss\logging\jboss-logging\3.6.1.Final\jboss-logging-3.6.1.Final.jar;C:\Users\Tadeo\.m2\repository\com\fasterxml\classmate\1.7.0\classmate-1.7.0.jar;C:\Users\Tadeo\.m2\repository\javax\validation\validation-api\2.0.1.Final\validation-api-2.0.1.Final.jar;C:\Users\Tadeo\.m2\repository\com\cloudinary\cloudinary-http5\2.0.0\cloudinary-http5-2.0.0.jar;C:\Users\Tadeo\.m2\repository\com\cloudinary\cloudinary-core\2.0.0\cloudinary-core-2.0.0.jar;C:\Users\Tadeo\.m2\repository\org\apache\httpcomponents\client5\httpclient5\5.4.2\httpclient5-5.4.2.jar;C:\Users\Tadeo\.m2\repository\org\apache\httpcomponents\core5\httpcore5-h2\5.3.3\httpcore5-h2-5.3.3.jar;C:\Users\Tadeo\.m2\repository\org\apache\httpcomponents\core5\httpcore5\5.3.3\httpcore5-5.3.3.jar;C:\Users\Tadeo\.m2\repository\com\fasterxml\jackson\core\jackson-databind\2.18.2\jackson-databind-2.18.2.jar;C:\Users\Tadeo\.m2\repository\com\fasterxml\jackson\core\jackson-annotations\2.18.2\jackson-annotations-2.18.2.jar;C:\Users\Tadeo\.m2\repository\com\fasterxml\jackson\core\jackson-core\2.18.2\jackson-core-2.18.2.jar;"/>
    <property name="sun.cpu.endian" value="little"/>
    <property name="user.home" value="C:\Users\Tadeo"/>
    <property name="user.language" value="es"/>
    <property name="java.specification.vendor" value="Oracle Corporation"/>
    <property name="java.version.date" value="2025-01-21"/>
    <property name="java.home" value="C:\Users\Tadeo\Documents\SpringToolSuite\sts-4.28.1.RELEASE\plugins\org.eclipse.justj.openjdk.hotspot.jre.full.win32.x86_64_21.0.6.v20250130-0529\jre"/>
    <property name="file.separator" value="\"/>
    <property name="basedir" value="C:\Users\Tadeo\git\MicroServicioBarsa-Spring\proyecto-access-1"/>
    <property name="style.color" value="always"/>
    <property name="java.vm.compressedOopsMode" value="Zero based"/>
    <property name="line.separator" value="&#10;"/>
    <property name="java.vm.specification.vendor" value="Oracle Corporation"/>
    <property name="java.specification.name" value="Java Platform API Specification"/>
    <property name="FILE_LOG_CHARSET" value="UTF-8"/>
    <property name="java.awt.headless" value="true"/>
    <property name="surefire.real.class.path" value="C:\Users\Tadeo\AppData\Local\Temp\surefire2689991890403738948\surefirebooter-20250517135621562_3.jar"/>
    <property name="user.script" value=""/>
    <property name="sun.management.compiler" value="HotSpot 64-Bit Tiered Compilers"/>
    <property name="java.runtime.version" value="21.0.6+7-LTS"/>
    <property name="user.name" value="Tadeo"/>
    <property name="stdout.encoding" value="Cp1252"/>
    <property name="path.separator" value=";"/>
    <property name="os.version" value="10.0"/>
    <property name="java.runtime.name" value="OpenJDK Runtime Environment"/>
    <property name="file.encoding" value="UTF-8"/>
    <property name="java.vm.name" value="OpenJDK 64-Bit Server VM"/>
    <property name="java.vendor.version" value="Temurin-21.0.6+7"/>
    <property name="localRepository" value="C:\Users\Tadeo\.m2\repository"/>
    <property name="java.vendor.url.bug" value="https://github.com/adoptium/adoptium-support/issues"/>
    <property name="java.io.tmpdir" value="C:\Users\Tadeo\AppData\Local\Temp\"/>
    <property name="java.version" value="21.0.6"/>
    <property name="user.dir" value="C:\Users\Tadeo\git\MicroServicioBarsa-Spring\proyecto-access-1"/>
    <property name="os.arch" value="amd64"/>
    <property name="java.vm.specification.name" value="Java Virtual Machine Specification"/>
    <property name="PID" value="19000"/>
    <property name="sun.os.patch.level" value=""/>
    <property name="CONSOLE_LOG_CHARSET" value="UTF-8"/>
    <property name="hsqldb.method_class_names" value="net.ucanaccess.converters.*"/>
    <property name="native.encoding" value="Cp1252"/>
    <property name="java.library.path" value="C:\Users\Tadeo\Documents\SpringToolSuite\sts-4.28.1.RELEASE\plugins\org.eclipse.justj.openjdk.hotspot.jre.full.win32.x86_64_21.0.6.v20250130-0529\jre\bin;C:\Windows\Sun\Java\bin;C:\Windows\system32;C:\Windows;C:/Users/Tadeo/Documents/SpringToolSuite/sts-4.28.1.RELEASE//plugins/org.eclipse.justj.openjdk.hotspot.jre.full.win32.x86_64_21.0.6.v20250130-0529/jre/bin/server;C:/Users/Tadeo/Documents/SpringToolSuite/sts-4.28.1.RELEASE//plugins/org.eclipse.justj.openjdk.hotspot.jre.full.win32.x86_64_21.0.6.v20250130-0529/jre/bin;C:\Program Files (x86)\NVIDIA Corporation\PhysX\Common;C:\Program Files\Common Files\Oracle\Java\javapath;C:\Windows\System32\HWAudioDriver;C:\Windows\system32;C:\Windows;C:\Windows\System32\Wbem;C:\Windows\System32\WindowsPowerShell\v1.0\;C:\Windows\System32\OpenSSH\;C:\Users\Administrator\AppData\Local\Microsoft\WindowsApps;C:\Program Files\Microsoft SQL Server\150\Tools\Binn\;C:\Program Files\Microsoft SQL Server\Client SDK\ODBC\170\Tools\Binn\;C:\Program Files\dotnet\;C:\Program Files (x86)\Microsoft SQL Server\160\Tools\Binn\;C:\Program Files\Microsoft SQL Server\160\Tools\Binn\;C:\Program Files\Microsoft SQL Server\160\DTS\Binn\;C:\Program Files\Git\cmd;C:\Program Files\nodejs\;C:\Program Files\Docker\Docker\resources\bin;C:\Users\Tadeo\AppData\Local\Programs\Python\Python3125\Scripts\;C:\Users\Tadeo\AppData\Local\Programs\Python\Python3125\;C:\Users\Tadeo\AppData\Local\Microsoft\WindowsApps;C:\Users\Tadeo\.dotnet\tools;C:\Users\Tadeo\AppData\Local\Programs\Microsoft VS Code\bin;C:\Program Files\JetBrains\PyCharm 2024.2.0.1\bin;;C:\Program Files\JetBrains\IntelliJ IDEA Community Edition 2024.2.0.2\bin;;C:\Program Files\MongoDB\Server\7.0\bin;C:\Users\Tadeo\AppData\Roaming\npm;C:\Users\Tadeo\Documents\SpringToolSuite\sts-4.28.1.RELEASE;;."/>
    <property name="java.vm.info" value="mixed mode, sharing"/>
    <property name="stderr.encoding" value="Cp1252"/>
    <property name="java.vendor" value="Eclipse Adoptium"/>
    <property name="java.vm.version" value="21.0.6+7-LTS"/>
    <property name="sun.io.unicode.encoding" value="UnicodeLittle"/>
    <property name="java.class.version" value="65.0"/>
    <property name="LOGGED_APPLICATION_NAME" value="[proyecto-access-1] "/>
  </properties>
  <testcase name="contextLoads" classname="com.access.ProyectoAccess1ApplicationTests" time="1.932">
    <system-out><![CDATA[13:56:22.955 [main] INFO org.springframework.test.context.support.AnnotationConfigContextLoaderUtils -- Could not detect default configuration classes for test class [com.access.ProyectoAccess1ApplicationTests]: ProyectoAccess1ApplicationTests does not declare any static, non-private, non-final, nested classes annotated with @Configuration.
13:56:23.198 [main] INFO org.springframework.boot.test.context.SpringBootTestContextBootstrapper -- Found @SpringBootConfiguration com.access.ProyectoAccess1Application for test class com.access.ProyectoAccess1ApplicationTests

  .   ____          _            __ _ _
 /\\ / ___'_ __ _ _(_)_ __  __ _ \ \ \ \
( ( )\___ | '_ | '_| | '_ \/ _` | \ \ \ \
 \\/  ___)| |_)| | | | | || (_| |  ) ) ) )
  '  |____| .__|_| |_|_| |_\__, | / / / /
 =========|_|==============|___/=/_/_/_/

 :: Spring Boot ::                (v3.4.3)

2025-05-17T13:56:24.057-06:00  INFO 19000 --- [proyecto-access-1] [           main] c.a.ProyectoAccess1ApplicationTests      : Starting ProyectoAccess1ApplicationTests using Java 21.0.6 with PID 19000 (started by Tadeo in C:\Users\Tadeo\git\MicroServicioBarsa-Spring\proyecto-access-1)
2025-05-17T13:56:24.061-06:00  INFO 19000 --- [proyecto-access-1] [           main] c.a.ProyectoAccess1ApplicationTests      : No active profile set, falling back to 1 default profile: "default"
2025-05-17T13:56:26.128-06:00  WARN 19000 --- [proyecto-access-1] [           main] com.zaxxer.hikari.HikariConfig           : HikariCP - idleTimeout has been set but has no effect because the pool is operating as a fixed size pool.
2025-05-17T13:56:26.135-06:00  INFO 19000 --- [proyecto-access-1] [           main] com.zaxxer.hikari.HikariDataSource       : HikariCP - Starting...
2025-05-17T13:56:29.251-06:00  INFO 19000 --- [proyecto-access-1] [           main] o.a.k.clients.consumer.ConsumerConfig    : ConsumerConfig values: 
	allow.auto.create.topics = true
	auto.commit.interval.ms = 5000
	auto.include.jmx.reporter = true
	auto.offset.reset = earliest
	bootstrap.servers = [localhost:9092]
	check.crcs = true
	client.dns.lookup = use_all_dns_ips
	client.id = consumer-materia-service-group-1
	client.rack = 
	connections.max.idle.ms = 540000
	default.api.timeout.ms = 60000
	enable.auto.commit = false
	enable.metrics.push = true
	exclude.internal.topics = true
	fetch.max.bytes = 52428800
	fetch.max.wait.ms = 500
	fetch.min.bytes = 1
	group.id = materia-service-group
	group.instance.id = null
	group.protocol = classic
	group.remote.assignor = null
	heartbeat.interval.ms = 3000
	interceptor.classes = []
	internal.leave.group.on.close = true
	internal.throw.on.fetch.stable.offset.unsupported = false
	isolation.level = read_uncommitted
	key.deserializer = class org.apache.kafka.common.serialization.StringDeserializer
	max.partition.fetch.bytes = 1048576
	max.poll.interval.ms = 300000
	max.poll.records = 500
	metadata.max.age.ms = 300000
	metadata.recovery.strategy = none
	metric.reporters = []
	metrics.num.samples = 2
	metrics.recording.level = INFO
	metrics.sample.window.ms = 30000
	partition.assignment.strategy = [class org.apache.kafka.clients.consumer.RangeAssignor, class org.apache.kafka.clients.consumer.CooperativeStickyAssignor]
	receive.buffer.bytes = 65536
	reconnect.backoff.max.ms = 1000
	reconnect.backoff.ms = 50
	request.timeout.ms = 30000
	retry.backoff.max.ms = 1000
	retry.backoff.ms = 100
	sasl.client.callback.handler.class = null
	sasl.jaas.config = null
	sasl.kerberos.kinit.cmd = /usr/bin/kinit
	sasl.kerberos.min.time.before.relogin = 60000
	sasl.kerberos.service.name = null
	sasl.kerberos.ticket.renew.jitter = 0.05
	sasl.kerberos.ticket.renew.window.factor = 0.8
	sasl.login.callback.handler.class = null
	sasl.login.class = null
	sasl.login.connect.timeout.ms = null
	sasl.login.read.timeout.ms = null
	sasl.login.refresh.buffer.seconds = 300
	sasl.login.refresh.min.period.seconds = 60
	sasl.login.refresh.window.factor = 0.8
	sasl.login.refresh.window.jitter = 0.05
	sasl.login.retry.backoff.max.ms = 10000
	sasl.login.retry.backoff.ms = 100
	sasl.mechanism = GSSAPI
	sasl.oauthbearer.clock.skew.seconds = 30
	sasl.oauthbearer.expected.audience = null
	sasl.oauthbearer.expected.issuer = null
	sasl.oauthbearer.jwks.endpoint.refresh.ms = 3600000
	sasl.oauthbearer.jwks.endpoint.retry.backoff.max.ms = 10000
	sasl.oauthbearer.jwks.endpoint.retry.backoff.ms = 100
	sasl.oauthbearer.jwks.endpoint.url = null
	sasl.oauthbearer.scope.claim.name = scope
	sasl.oauthbearer.sub.claim.name = sub
	sasl.oauthbearer.token.endpoint.url = null
	security.protocol = PLAINTEXT
	security.providers = null
	send.buffer.bytes = 131072
	session.timeout.ms = 45000
	socket.connection.setup.timeout.max.ms = 30000
	socket.connection.setup.timeout.ms = 10000
	ssl.cipher.suites = null
	ssl.enabled.protocols = [TLSv1.2, TLSv1.3]
	ssl.endpoint.identification.algorithm = https
	ssl.engine.factory.class = null
	ssl.key.password = null
	ssl.keymanager.algorithm = SunX509
	ssl.keystore.certificate.chain = null
	ssl.keystore.key = null
	ssl.keystore.location = null
	ssl.keystore.password = null
	ssl.keystore.type = JKS
	ssl.protocol = TLSv1.3
	ssl.provider = null
	ssl.secure.random.implementation = null
	ssl.trustmanager.algorithm = PKIX
	ssl.truststore.certificates = null
	ssl.truststore.location = null
	ssl.truststore.password = null
	ssl.truststore.type = JKS
	value.deserializer = class org.apache.kafka.common.serialization.StringDeserializer

2025-05-17T13:56:29.361-06:00  INFO 19000 --- [proyecto-access-1] [           main] o.a.k.c.t.i.KafkaMetricsCollector        : initializing Kafka metrics collector
2025-05-17T13:56:29.913-06:00  INFO 19000 --- [proyecto-access-1] [           main] o.a.kafka.common.utils.AppInfoParser     : Kafka version: 3.8.1
2025-05-17T13:56:29.914-06:00  INFO 19000 --- [proyecto-access-1] [           main] o.a.kafka.common.utils.AppInfoParser     : Kafka commitId: 70d6ff42debf7e17
2025-05-17T13:56:29.914-06:00  INFO 19000 --- [proyecto-access-1] [           main] o.a.kafka.common.utils.AppInfoParser     : Kafka startTimeMs: 1747511789907
2025-05-17T13:56:29.925-06:00  INFO 19000 --- [proyecto-access-1] [           main] o.a.k.c.c.internals.LegacyKafkaConsumer  : [Consumer clientId=consumer-materia-service-group-1, groupId=materia-service-group] Subscribed to topic(s): post-salida-crear
2025-05-17T13:56:29.952-06:00  INFO 19000 --- [proyecto-access-1] [           main] o.a.k.clients.consumer.ConsumerConfig    : ConsumerConfig values: 
	allow.auto.create.topics = true
	auto.commit.interval.ms = 5000
	auto.include.jmx.reporter = true
	auto.offset.reset = earliest
	bootstrap.servers = [localhost:9092]
	check.crcs = true
	client.dns.lookup = use_all_dns_ips
	client.id = consumer-materia-service-group-2
	client.rack = 
	connections.max.idle.ms = 540000
	default.api.timeout.ms = 60000
	enable.auto.commit = false
	enable.metrics.push = true
	exclude.internal.topics = true
	fetch.max.bytes = 52428800
	fetch.max.wait.ms = 500
	fetch.min.bytes = 1
	group.id = materia-service-group
	group.instance.id = null
	group.protocol = classic
	group.remote.assignor = null
	heartbeat.interval.ms = 3000
	interceptor.classes = []
	internal.leave.group.on.close = true
	internal.throw.on.fetch.stable.offset.unsupported = false
	isolation.level = read_uncommitted
	key.deserializer = class org.apache.kafka.common.serialization.StringDeserializer
	max.partition.fetch.bytes = 1048576
	max.poll.interval.ms = 300000
	max.poll.records = 500
	metadata.max.age.ms = 300000
	metadata.recovery.strategy = none
	metric.reporters = []
	metrics.num.samples = 2
	metrics.recording.level = INFO
	metrics.sample.window.ms = 30000
	partition.assignment.strategy = [class org.apache.kafka.clients.consumer.RangeAssignor, class org.apache.kafka.clients.consumer.CooperativeStickyAssignor]
	receive.buffer.bytes = 65536
	reconnect.backoff.max.ms = 1000
	reconnect.backoff.ms = 50
	request.timeout.ms = 30000
	retry.backoff.max.ms = 1000
	retry.backoff.ms = 100
	sasl.client.callback.handler.class = null
	sasl.jaas.config = null
	sasl.kerberos.kinit.cmd = /usr/bin/kinit
	sasl.kerberos.min.time.before.relogin = 60000
	sasl.kerberos.service.name = null
	sasl.kerberos.ticket.renew.jitter = 0.05
	sasl.kerberos.ticket.renew.window.factor = 0.8
	sasl.login.callback.handler.class = null
	sasl.login.class = null
	sasl.login.connect.timeout.ms = null
	sasl.login.read.timeout.ms = null
	sasl.login.refresh.buffer.seconds = 300
	sasl.login.refresh.min.period.seconds = 60
	sasl.login.refresh.window.factor = 0.8
	sasl.login.refresh.window.jitter = 0.05
	sasl.login.retry.backoff.max.ms = 10000
	sasl.login.retry.backoff.ms = 100
	sasl.mechanism = GSSAPI
	sasl.oauthbearer.clock.skew.seconds = 30
	sasl.oauthbearer.expected.audience = null
	sasl.oauthbearer.expected.issuer = null
	sasl.oauthbearer.jwks.endpoint.refresh.ms = 3600000
	sasl.oauthbearer.jwks.endpoint.retry.backoff.max.ms = 10000
	sasl.oauthbearer.jwks.endpoint.retry.backoff.ms = 100
	sasl.oauthbearer.jwks.endpoint.url = null
	sasl.oauthbearer.scope.claim.name = scope
	sasl.oauthbearer.sub.claim.name = sub
	sasl.oauthbearer.token.endpoint.url = null
	security.protocol = PLAINTEXT
	security.providers = null
	send.buffer.bytes = 131072
	session.timeout.ms = 45000
	socket.connection.setup.timeout.max.ms = 30000
	socket.connection.setup.timeout.ms = 10000
	ssl.cipher.suites = null
	ssl.enabled.protocols = [TLSv1.2, TLSv1.3]
	ssl.endpoint.identification.algorithm = https
	ssl.engine.factory.class = null
	ssl.key.password = null
	ssl.keymanager.algorithm = SunX509
	ssl.keystore.certificate.chain = null
	ssl.keystore.key = null
	ssl.keystore.location = null
	ssl.keystore.password = null
	ssl.keystore.type = JKS
	ssl.protocol = TLSv1.3
	ssl.provider = null
	ssl.secure.random.implementation = null
	ssl.trustmanager.algorithm = PKIX
	ssl.truststore.certificates = null
	ssl.truststore.location = null
	ssl.truststore.password = null
	ssl.truststore.type = JKS
	value.deserializer = class org.apache.kafka.common.serialization.StringDeserializer

2025-05-17T13:56:29.954-06:00  INFO 19000 --- [proyecto-access-1] [           main] o.a.k.c.t.i.KafkaMetricsCollector        : initializing Kafka metrics collector
2025-05-17T13:56:29.982-06:00  INFO 19000 --- [proyecto-access-1] [           main] o.a.kafka.common.utils.AppInfoParser     : Kafka version: 3.8.1
2025-05-17T13:56:29.983-06:00  INFO 19000 --- [proyecto-access-1] [           main] o.a.kafka.common.utils.AppInfoParser     : Kafka commitId: 70d6ff42debf7e17
2025-05-17T13:56:29.983-06:00  INFO 19000 --- [proyecto-access-1] [           main] o.a.kafka.common.utils.AppInfoParser     : Kafka startTimeMs: 1747511789982
2025-05-17T13:56:29.983-06:00  INFO 19000 --- [proyecto-access-1] [           main] o.a.k.c.c.internals.LegacyKafkaConsumer  : [Consumer clientId=consumer-materia-service-group-2, groupId=materia-service-group] Subscribed to topic(s): get-materia-codigo
2025-05-17T13:56:30.001-06:00  INFO 19000 --- [proyecto-access-1] [           main] o.a.k.clients.consumer.ConsumerConfig    : ConsumerConfig values: 
	allow.auto.create.topics = true
	auto.commit.interval.ms = 5000
	auto.include.jmx.reporter = true
	auto.offset.reset = earliest
	bootstrap.servers = [localhost:9092]
	check.crcs = true
	client.dns.lookup = use_all_dns_ips
	client.id = consumer-materia-service-group-3
	client.rack = 
	connections.max.idle.ms = 540000
	default.api.timeout.ms = 60000
	enable.auto.commit = false
	enable.metrics.push = true
	exclude.internal.topics = true
	fetch.max.bytes = 52428800
	fetch.max.wait.ms = 500
	fetch.min.bytes = 1
	group.id = materia-service-group
	group.instance.id = null
	group.protocol = classic
	group.remote.assignor = null
	heartbeat.interval.ms = 3000
	interceptor.classes = []
	internal.leave.group.on.close = true
	internal.throw.on.fetch.stable.offset.unsupported = false
	isolation.level = read_uncommitted
	key.deserializer = class org.apache.kafka.common.serialization.StringDeserializer
	max.partition.fetch.bytes = 1048576
	max.poll.interval.ms = 300000
	max.poll.records = 500
	metadata.max.age.ms = 300000
	metadata.recovery.strategy = none
	metric.reporters = []
	metrics.num.samples = 2
	metrics.recording.level = INFO
	metrics.sample.window.ms = 30000
	partition.assignment.strategy = [class org.apache.kafka.clients.consumer.RangeAssignor, class org.apache.kafka.clients.consumer.CooperativeStickyAssignor]
	receive.buffer.bytes = 65536
	reconnect.backoff.max.ms = 1000
	reconnect.backoff.ms = 50
	request.timeout.ms = 30000
	retry.backoff.max.ms = 1000
	retry.backoff.ms = 100
	sasl.client.callback.handler.class = null
	sasl.jaas.config = null
	sasl.kerberos.kinit.cmd = /usr/bin/kinit
	sasl.kerberos.min.time.before.relogin = 60000
	sasl.kerberos.service.name = null
	sasl.kerberos.ticket.renew.jitter = 0.05
	sasl.kerberos.ticket.renew.window.factor = 0.8
	sasl.login.callback.handler.class = null
	sasl.login.class = null
	sasl.login.connect.timeout.ms = null
	sasl.login.read.timeout.ms = null
	sasl.login.refresh.buffer.seconds = 300
	sasl.login.refresh.min.period.seconds = 60
	sasl.login.refresh.window.factor = 0.8
	sasl.login.refresh.window.jitter = 0.05
	sasl.login.retry.backoff.max.ms = 10000
	sasl.login.retry.backoff.ms = 100
	sasl.mechanism = GSSAPI
	sasl.oauthbearer.clock.skew.seconds = 30
	sasl.oauthbearer.expected.audience = null
	sasl.oauthbearer.expected.issuer = null
	sasl.oauthbearer.jwks.endpoint.refresh.ms = 3600000
	sasl.oauthbearer.jwks.endpoint.retry.backoff.max.ms = 10000
	sasl.oauthbearer.jwks.endpoint.retry.backoff.ms = 100
	sasl.oauthbearer.jwks.endpoint.url = null
	sasl.oauthbearer.scope.claim.name = scope
	sasl.oauthbearer.sub.claim.name = sub
	sasl.oauthbearer.token.endpoint.url = null
	security.protocol = PLAINTEXT
	security.providers = null
	send.buffer.bytes = 131072
	session.timeout.ms = 45000
	socket.connection.setup.timeout.max.ms = 30000
	socket.connection.setup.timeout.ms = 10000
	ssl.cipher.suites = null
	ssl.enabled.protocols = [TLSv1.2, TLSv1.3]
	ssl.endpoint.identification.algorithm = https
	ssl.engine.factory.class = null
	ssl.key.password = null
	ssl.keymanager.algorithm = SunX509
	ssl.keystore.certificate.chain = null
	ssl.keystore.key = null
	ssl.keystore.location = null
	ssl.keystore.password = null
	ssl.keystore.type = JKS
	ssl.protocol = TLSv1.3
	ssl.provider = null
	ssl.secure.random.implementation = null
	ssl.trustmanager.algorithm = PKIX
	ssl.truststore.certificates = null
	ssl.truststore.location = null
	ssl.truststore.password = null
	ssl.truststore.type = JKS
	value.deserializer = class org.apache.kafka.common.serialization.StringDeserializer

2025-05-17T13:56:30.002-06:00  INFO 19000 --- [proyecto-access-1] [           main] o.a.k.c.t.i.KafkaMetricsCollector        : initializing Kafka metrics collector
2025-05-17T13:56:30.021-06:00  INFO 19000 --- [proyecto-access-1] [           main] o.a.kafka.common.utils.AppInfoParser     : Kafka version: 3.8.1
2025-05-17T13:56:30.022-06:00  INFO 19000 --- [proyecto-access-1] [           main] o.a.kafka.common.utils.AppInfoParser     : Kafka commitId: 70d6ff42debf7e17
2025-05-17T13:56:30.022-06:00  INFO 19000 --- [proyecto-access-1] [           main] o.a.kafka.common.utils.AppInfoParser     : Kafka startTimeMs: 1747511790021
2025-05-17T13:56:30.025-06:00  INFO 19000 --- [proyecto-access-1] [           main] o.a.k.c.c.internals.LegacyKafkaConsumer  : [Consumer clientId=consumer-materia-service-group-3, groupId=materia-service-group] Subscribed to topic(s): delete-materia-borrar
2025-05-17T13:56:30.034-06:00  INFO 19000 --- [proyecto-access-1] [           main] o.a.k.clients.consumer.ConsumerConfig    : ConsumerConfig values: 
	allow.auto.create.topics = true
	auto.commit.interval.ms = 5000
	auto.include.jmx.reporter = true
	auto.offset.reset = earliest
	bootstrap.servers = [localhost:9092]
	check.crcs = true
	client.dns.lookup = use_all_dns_ips
	client.id = consumer-materia-service-group-4
	client.rack = 
	connections.max.idle.ms = 540000
	default.api.timeout.ms = 60000
	enable.auto.commit = false
	enable.metrics.push = true
	exclude.internal.topics = true
	fetch.max.bytes = 52428800
	fetch.max.wait.ms = 500
	fetch.min.bytes = 1
	group.id = materia-service-group
	group.instance.id = null
	group.protocol = classic
	group.remote.assignor = null
	heartbeat.interval.ms = 3000
	interceptor.classes = []
	internal.leave.group.on.close = true
	internal.throw.on.fetch.stable.offset.unsupported = false
	isolation.level = read_uncommitted
	key.deserializer = class org.apache.kafka.common.serialization.StringDeserializer
	max.partition.fetch.bytes = 1048576
	max.poll.interval.ms = 300000
	max.poll.records = 500
	metadata.max.age.ms = 300000
	metadata.recovery.strategy = none
	metric.reporters = []
	metrics.num.samples = 2
	metrics.recording.level = INFO
	metrics.sample.window.ms = 30000
	partition.assignment.strategy = [class org.apache.kafka.clients.consumer.RangeAssignor, class org.apache.kafka.clients.consumer.CooperativeStickyAssignor]
	receive.buffer.bytes = 65536
	reconnect.backoff.max.ms = 1000
	reconnect.backoff.ms = 50
	request.timeout.ms = 30000
	retry.backoff.max.ms = 1000
	retry.backoff.ms = 100
	sasl.client.callback.handler.class = null
	sasl.jaas.config = null
	sasl.kerberos.kinit.cmd = /usr/bin/kinit
	sasl.kerberos.min.time.before.relogin = 60000
	sasl.kerberos.service.name = null
	sasl.kerberos.ticket.renew.jitter = 0.05
	sasl.kerberos.ticket.renew.window.factor = 0.8
	sasl.login.callback.handler.class = null
	sasl.login.class = null
	sasl.login.connect.timeout.ms = null
	sasl.login.read.timeout.ms = null
	sasl.login.refresh.buffer.seconds = 300
	sasl.login.refresh.min.period.seconds = 60
	sasl.login.refresh.window.factor = 0.8
	sasl.login.refresh.window.jitter = 0.05
	sasl.login.retry.backoff.max.ms = 10000
	sasl.login.retry.backoff.ms = 100
	sasl.mechanism = GSSAPI
	sasl.oauthbearer.clock.skew.seconds = 30
	sasl.oauthbearer.expected.audience = null
	sasl.oauthbearer.expected.issuer = null
	sasl.oauthbearer.jwks.endpoint.refresh.ms = 3600000
	sasl.oauthbearer.jwks.endpoint.retry.backoff.max.ms = 10000
	sasl.oauthbearer.jwks.endpoint.retry.backoff.ms = 100
	sasl.oauthbearer.jwks.endpoint.url = null
	sasl.oauthbearer.scope.claim.name = scope
	sasl.oauthbearer.sub.claim.name = sub
	sasl.oauthbearer.token.endpoint.url = null
	security.protocol = PLAINTEXT
	security.providers = null
	send.buffer.bytes = 131072
	session.timeout.ms = 45000
	socket.connection.setup.timeout.max.ms = 30000
	socket.connection.setup.timeout.ms = 10000
	ssl.cipher.suites = null
	ssl.enabled.protocols = [TLSv1.2, TLSv1.3]
	ssl.endpoint.identification.algorithm = https
	ssl.engine.factory.class = null
	ssl.key.password = null
	ssl.keymanager.algorithm = SunX509
	ssl.keystore.certificate.chain = null
	ssl.keystore.key = null
	ssl.keystore.location = null
	ssl.keystore.password = null
	ssl.keystore.type = JKS
	ssl.protocol = TLSv1.3
	ssl.provider = null
	ssl.secure.random.implementation = null
	ssl.trustmanager.algorithm = PKIX
	ssl.truststore.certificates = null
	ssl.truststore.location = null
	ssl.truststore.password = null
	ssl.truststore.type = JKS
	value.deserializer = class org.apache.kafka.common.serialization.StringDeserializer

2025-05-17T13:56:30.035-06:00  INFO 19000 --- [proyecto-access-1] [           main] o.a.k.c.t.i.KafkaMetricsCollector        : initializing Kafka metrics collector
2025-05-17T13:56:30.064-06:00  INFO 19000 --- [proyecto-access-1] [           main] o.a.kafka.common.utils.AppInfoParser     : Kafka version: 3.8.1
2025-05-17T13:56:30.064-06:00  INFO 19000 --- [proyecto-access-1] [           main] o.a.kafka.common.utils.AppInfoParser     : Kafka commitId: 70d6ff42debf7e17
2025-05-17T13:56:30.064-06:00  INFO 19000 --- [proyecto-access-1] [           main] o.a.kafka.common.utils.AppInfoParser     : Kafka startTimeMs: 1747511790064
2025-05-17T13:56:30.065-06:00  INFO 19000 --- [proyecto-access-1] [           main] o.a.k.c.c.internals.LegacyKafkaConsumer  : [Consumer clientId=consumer-materia-service-group-4, groupId=materia-service-group] Subscribed to topic(s): put-materia-update
2025-05-17T13:56:30.072-06:00  INFO 19000 --- [proyecto-access-1] [           main] o.a.k.clients.consumer.ConsumerConfig    : ConsumerConfig values: 
	allow.auto.create.topics = true
	auto.commit.interval.ms = 5000
	auto.include.jmx.reporter = true
	auto.offset.reset = earliest
	bootstrap.servers = [localhost:9092]
	check.crcs = true
	client.dns.lookup = use_all_dns_ips
	client.id = consumer-materia-service-group-5
	client.rack = 
	connections.max.idle.ms = 540000
	default.api.timeout.ms = 60000
	enable.auto.commit = false
	enable.metrics.push = true
	exclude.internal.topics = true
	fetch.max.bytes = 52428800
	fetch.max.wait.ms = 500
	fetch.min.bytes = 1
	group.id = materia-service-group
	group.instance.id = null
	group.protocol = classic
	group.remote.assignor = null
	heartbeat.interval.ms = 3000
	interceptor.classes = []
	internal.leave.group.on.close = true
	internal.throw.on.fetch.stable.offset.unsupported = false
	isolation.level = read_uncommitted
	key.deserializer = class org.apache.kafka.common.serialization.StringDeserializer
	max.partition.fetch.bytes = 1048576
	max.poll.interval.ms = 300000
	max.poll.records = 500
	metadata.max.age.ms = 300000
	metadata.recovery.strategy = none
	metric.reporters = []
	metrics.num.samples = 2
	metrics.recording.level = INFO
	metrics.sample.window.ms = 30000
	partition.assignment.strategy = [class org.apache.kafka.clients.consumer.RangeAssignor, class org.apache.kafka.clients.consumer.CooperativeStickyAssignor]
	receive.buffer.bytes = 65536
	reconnect.backoff.max.ms = 1000
	reconnect.backoff.ms = 50
	request.timeout.ms = 30000
	retry.backoff.max.ms = 1000
	retry.backoff.ms = 100
	sasl.client.callback.handler.class = null
	sasl.jaas.config = null
	sasl.kerberos.kinit.cmd = /usr/bin/kinit
	sasl.kerberos.min.time.before.relogin = 60000
	sasl.kerberos.service.name = null
	sasl.kerberos.ticket.renew.jitter = 0.05
	sasl.kerberos.ticket.renew.window.factor = 0.8
	sasl.login.callback.handler.class = null
	sasl.login.class = null
	sasl.login.connect.timeout.ms = null
	sasl.login.read.timeout.ms = null
	sasl.login.refresh.buffer.seconds = 300
	sasl.login.refresh.min.period.seconds = 60
	sasl.login.refresh.window.factor = 0.8
	sasl.login.refresh.window.jitter = 0.05
	sasl.login.retry.backoff.max.ms = 10000
	sasl.login.retry.backoff.ms = 100
	sasl.mechanism = GSSAPI
	sasl.oauthbearer.clock.skew.seconds = 30
	sasl.oauthbearer.expected.audience = null
	sasl.oauthbearer.expected.issuer = null
	sasl.oauthbearer.jwks.endpoint.refresh.ms = 3600000
	sasl.oauthbearer.jwks.endpoint.retry.backoff.max.ms = 10000
	sasl.oauthbearer.jwks.endpoint.retry.backoff.ms = 100
	sasl.oauthbearer.jwks.endpoint.url = null
	sasl.oauthbearer.scope.claim.name = scope
	sasl.oauthbearer.sub.claim.name = sub
	sasl.oauthbearer.token.endpoint.url = null
	security.protocol = PLAINTEXT
	security.providers = null
	send.buffer.bytes = 131072
	session.timeout.ms = 45000
	socket.connection.setup.timeout.max.ms = 30000
	socket.connection.setup.timeout.ms = 10000
	ssl.cipher.suites = null
	ssl.enabled.protocols = [TLSv1.2, TLSv1.3]
	ssl.endpoint.identification.algorithm = https
	ssl.engine.factory.class = null
	ssl.key.password = null
	ssl.keymanager.algorithm = SunX509
	ssl.keystore.certificate.chain = null
	ssl.keystore.key = null
	ssl.keystore.location = null
	ssl.keystore.password = null
	ssl.keystore.type = JKS
	ssl.protocol = TLSv1.3
	ssl.provider = null
	ssl.secure.random.implementation = null
	ssl.trustmanager.algorithm = PKIX
	ssl.truststore.certificates = null
	ssl.truststore.location = null
	ssl.truststore.password = null
	ssl.truststore.type = JKS
	value.deserializer = class org.apache.kafka.common.serialization.StringDeserializer

2025-05-17T13:56:30.073-06:00  INFO 19000 --- [proyecto-access-1] [           main] o.a.k.c.t.i.KafkaMetricsCollector        : initializing Kafka metrics collector
2025-05-17T13:56:30.091-06:00  INFO 19000 --- [proyecto-access-1] [           main] o.a.kafka.common.utils.AppInfoParser     : Kafka version: 3.8.1
2025-05-17T13:56:30.091-06:00  INFO 19000 --- [proyecto-access-1] [           main] o.a.kafka.common.utils.AppInfoParser     : Kafka commitId: 70d6ff42debf7e17
2025-05-17T13:56:30.092-06:00  INFO 19000 --- [proyecto-access-1] [           main] o.a.kafka.common.utils.AppInfoParser     : Kafka startTimeMs: 1747511790091
2025-05-17T13:56:30.093-06:00  INFO 19000 --- [proyecto-access-1] [           main] o.a.k.c.c.internals.LegacyKafkaConsumer  : [Consumer clientId=consumer-materia-service-group-5, groupId=materia-service-group] Subscribed to topic(s): post-color-crear
2025-05-17T13:56:30.099-06:00  INFO 19000 --- [proyecto-access-1] [           main] o.a.k.clients.consumer.ConsumerConfig    : ConsumerConfig values: 
	allow.auto.create.topics = true
	auto.commit.interval.ms = 5000
	auto.include.jmx.reporter = true
	auto.offset.reset = earliest
	bootstrap.servers = [localhost:9092]
	check.crcs = true
	client.dns.lookup = use_all_dns_ips
	client.id = consumer-materia-service-group-6
	client.rack = 
	connections.max.idle.ms = 540000
	default.api.timeout.ms = 60000
	enable.auto.commit = false
	enable.metrics.push = true
	exclude.internal.topics = true
	fetch.max.bytes = 52428800
	fetch.max.wait.ms = 500
	fetch.min.bytes = 1
	group.id = materia-service-group
	group.instance.id = null
	group.protocol = classic
	group.remote.assignor = null
	heartbeat.interval.ms = 3000
	interceptor.classes = []
	internal.leave.group.on.close = true
	internal.throw.on.fetch.stable.offset.unsupported = false
	isolation.level = read_uncommitted
	key.deserializer = class org.apache.kafka.common.serialization.StringDeserializer
	max.partition.fetch.bytes = 1048576
	max.poll.interval.ms = 300000
	max.poll.records = 500
	metadata.max.age.ms = 300000
	metadata.recovery.strategy = none
	metric.reporters = []
	metrics.num.samples = 2
	metrics.recording.level = INFO
	metrics.sample.window.ms = 30000
	partition.assignment.strategy = [class org.apache.kafka.clients.consumer.RangeAssignor, class org.apache.kafka.clients.consumer.CooperativeStickyAssignor]
	receive.buffer.bytes = 65536
	reconnect.backoff.max.ms = 1000
	reconnect.backoff.ms = 50
	request.timeout.ms = 30000
	retry.backoff.max.ms = 1000
	retry.backoff.ms = 100
	sasl.client.callback.handler.class = null
	sasl.jaas.config = null
	sasl.kerberos.kinit.cmd = /usr/bin/kinit
	sasl.kerberos.min.time.before.relogin = 60000
	sasl.kerberos.service.name = null
	sasl.kerberos.ticket.renew.jitter = 0.05
	sasl.kerberos.ticket.renew.window.factor = 0.8
	sasl.login.callback.handler.class = null
	sasl.login.class = null
	sasl.login.connect.timeout.ms = null
	sasl.login.read.timeout.ms = null
	sasl.login.refresh.buffer.seconds = 300
	sasl.login.refresh.min.period.seconds = 60
	sasl.login.refresh.window.factor = 0.8
	sasl.login.refresh.window.jitter = 0.05
	sasl.login.retry.backoff.max.ms = 10000
	sasl.login.retry.backoff.ms = 100
	sasl.mechanism = GSSAPI
	sasl.oauthbearer.clock.skew.seconds = 30
	sasl.oauthbearer.expected.audience = null
	sasl.oauthbearer.expected.issuer = null
	sasl.oauthbearer.jwks.endpoint.refresh.ms = 3600000
	sasl.oauthbearer.jwks.endpoint.retry.backoff.max.ms = 10000
	sasl.oauthbearer.jwks.endpoint.retry.backoff.ms = 100
	sasl.oauthbearer.jwks.endpoint.url = null
	sasl.oauthbearer.scope.claim.name = scope
	sasl.oauthbearer.sub.claim.name = sub
	sasl.oauthbearer.token.endpoint.url = null
	security.protocol = PLAINTEXT
	security.providers = null
	send.buffer.bytes = 131072
	session.timeout.ms = 45000
	socket.connection.setup.timeout.max.ms = 30000
	socket.connection.setup.timeout.ms = 10000
	ssl.cipher.suites = null
	ssl.enabled.protocols = [TLSv1.2, TLSv1.3]
	ssl.endpoint.identification.algorithm = https
	ssl.engine.factory.class = null
	ssl.key.password = null
	ssl.keymanager.algorithm = SunX509
	ssl.keystore.certificate.chain = null
	ssl.keystore.key = null
	ssl.keystore.location = null
	ssl.keystore.password = null
	ssl.keystore.type = JKS
	ssl.protocol = TLSv1.3
	ssl.provider = null
	ssl.secure.random.implementation = null
	ssl.trustmanager.algorithm = PKIX
	ssl.truststore.certificates = null
	ssl.truststore.location = null
	ssl.truststore.password = null
	ssl.truststore.type = JKS
	value.deserializer = class org.apache.kafka.common.serialization.StringDeserializer

2025-05-17T13:56:30.100-06:00  INFO 19000 --- [proyecto-access-1] [           main] o.a.k.c.t.i.KafkaMetricsCollector        : initializing Kafka metrics collector
2025-05-17T13:56:30.116-06:00  INFO 19000 --- [proyecto-access-1] [           main] o.a.kafka.common.utils.AppInfoParser     : Kafka version: 3.8.1
2025-05-17T13:56:30.116-06:00  INFO 19000 --- [proyecto-access-1] [           main] o.a.kafka.common.utils.AppInfoParser     : Kafka commitId: 70d6ff42debf7e17
2025-05-17T13:56:30.117-06:00  INFO 19000 --- [proyecto-access-1] [           main] o.a.kafka.common.utils.AppInfoParser     : Kafka startTimeMs: 1747511790116
2025-05-17T13:56:30.117-06:00  INFO 19000 --- [proyecto-access-1] [           main] o.a.k.c.c.internals.LegacyKafkaConsumer  : [Consumer clientId=consumer-materia-service-group-6, groupId=materia-service-group] Subscribed to topic(s): get-inventario-salidas
2025-05-17T13:56:30.122-06:00  INFO 19000 --- [proyecto-access-1] [           main] o.a.k.clients.consumer.ConsumerConfig    : ConsumerConfig values: 
	allow.auto.create.topics = true
	auto.commit.interval.ms = 5000
	auto.include.jmx.reporter = true
	auto.offset.reset = earliest
	bootstrap.servers = [localhost:9092]
	check.crcs = true
	client.dns.lookup = use_all_dns_ips
	client.id = consumer-materia-service-group-7
	client.rack = 
	connections.max.idle.ms = 540000
	default.api.timeout.ms = 60000
	enable.auto.commit = false
	enable.metrics.push = true
	exclude.internal.topics = true
	fetch.max.bytes = 52428800
	fetch.max.wait.ms = 500
	fetch.min.bytes = 1
	group.id = materia-service-group
	group.instance.id = null
	group.protocol = classic
	group.remote.assignor = null
	heartbeat.interval.ms = 3000
	interceptor.classes = []
	internal.leave.group.on.close = true
	internal.throw.on.fetch.stable.offset.unsupported = false
	isolation.level = read_uncommitted
	key.deserializer = class org.apache.kafka.common.serialization.StringDeserializer
	max.partition.fetch.bytes = 1048576
	max.poll.interval.ms = 300000
	max.poll.records = 500
	metadata.max.age.ms = 300000
	metadata.recovery.strategy = none
	metric.reporters = []
	metrics.num.samples = 2
	metrics.recording.level = INFO
	metrics.sample.window.ms = 30000
	partition.assignment.strategy = [class org.apache.kafka.clients.consumer.RangeAssignor, class org.apache.kafka.clients.consumer.CooperativeStickyAssignor]
	receive.buffer.bytes = 65536
	reconnect.backoff.max.ms = 1000
	reconnect.backoff.ms = 50
	request.timeout.ms = 30000
	retry.backoff.max.ms = 1000
	retry.backoff.ms = 100
	sasl.client.callback.handler.class = null
	sasl.jaas.config = null
	sasl.kerberos.kinit.cmd = /usr/bin/kinit
	sasl.kerberos.min.time.before.relogin = 60000
	sasl.kerberos.service.name = null
	sasl.kerberos.ticket.renew.jitter = 0.05
	sasl.kerberos.ticket.renew.window.factor = 0.8
	sasl.login.callback.handler.class = null
	sasl.login.class = null
	sasl.login.connect.timeout.ms = null
	sasl.login.read.timeout.ms = null
	sasl.login.refresh.buffer.seconds = 300
	sasl.login.refresh.min.period.seconds = 60
	sasl.login.refresh.window.factor = 0.8
	sasl.login.refresh.window.jitter = 0.05
	sasl.login.retry.backoff.max.ms = 10000
	sasl.login.retry.backoff.ms = 100
	sasl.mechanism = GSSAPI
	sasl.oauthbearer.clock.skew.seconds = 30
	sasl.oauthbearer.expected.audience = null
	sasl.oauthbearer.expected.issuer = null
	sasl.oauthbearer.jwks.endpoint.refresh.ms = 3600000
	sasl.oauthbearer.jwks.endpoint.retry.backoff.max.ms = 10000
	sasl.oauthbearer.jwks.endpoint.retry.backoff.ms = 100
	sasl.oauthbearer.jwks.endpoint.url = null
	sasl.oauthbearer.scope.claim.name = scope
	sasl.oauthbearer.sub.claim.name = sub
	sasl.oauthbearer.token.endpoint.url = null
	security.protocol = PLAINTEXT
	security.providers = null
	send.buffer.bytes = 131072
	session.timeout.ms = 45000
	socket.connection.setup.timeout.max.ms = 30000
	socket.connection.setup.timeout.ms = 10000
	ssl.cipher.suites = null
	ssl.enabled.protocols = [TLSv1.2, TLSv1.3]
	ssl.endpoint.identification.algorithm = https
	ssl.engine.factory.class = null
	ssl.key.password = null
	ssl.keymanager.algorithm = SunX509
	ssl.keystore.certificate.chain = null
	ssl.keystore.key = null
	ssl.keystore.location = null
	ssl.keystore.password = null
	ssl.keystore.type = JKS
	ssl.protocol = TLSv1.3
	ssl.provider = null
	ssl.secure.random.implementation = null
	ssl.trustmanager.algorithm = PKIX
	ssl.truststore.certificates = null
	ssl.truststore.location = null
	ssl.truststore.password = null
	ssl.truststore.type = JKS
	value.deserializer = class org.apache.kafka.common.serialization.StringDeserializer

2025-05-17T13:56:30.124-06:00  INFO 19000 --- [proyecto-access-1] [           main] o.a.k.c.t.i.KafkaMetricsCollector        : initializing Kafka metrics collector
2025-05-17T13:56:30.137-06:00  INFO 19000 --- [proyecto-access-1] [           main] o.a.kafka.common.utils.AppInfoParser     : Kafka version: 3.8.1
2025-05-17T13:56:30.137-06:00  INFO 19000 --- [proyecto-access-1] [           main] o.a.kafka.common.utils.AppInfoParser     : Kafka commitId: 70d6ff42debf7e17
2025-05-17T13:56:30.138-06:00  INFO 19000 --- [proyecto-access-1] [           main] o.a.kafka.common.utils.AppInfoParser     : Kafka startTimeMs: 1747511790137
2025-05-17T13:56:30.139-06:00  INFO 19000 --- [proyecto-access-1] [           main] o.a.k.c.c.internals.LegacyKafkaConsumer  : [Consumer clientId=consumer-materia-service-group-7, groupId=materia-service-group] Subscribed to topic(s): get-inventario-entradas
2025-05-17T13:56:30.142-06:00  INFO 19000 --- [proyecto-access-1] [           main] o.a.k.clients.consumer.ConsumerConfig    : ConsumerConfig values: 
	allow.auto.create.topics = true
	auto.commit.interval.ms = 5000
	auto.include.jmx.reporter = true
	auto.offset.reset = earliest
	bootstrap.servers = [localhost:9092]
	check.crcs = true
	client.dns.lookup = use_all_dns_ips
	client.id = consumer-materia-service-group-8
	client.rack = 
	connections.max.idle.ms = 540000
	default.api.timeout.ms = 60000
	enable.auto.commit = false
	enable.metrics.push = true
	exclude.internal.topics = true
	fetch.max.bytes = 52428800
	fetch.max.wait.ms = 500
	fetch.min.bytes = 1
	group.id = materia-service-group
	group.instance.id = null
	group.protocol = classic
	group.remote.assignor = null
	heartbeat.interval.ms = 3000
	interceptor.classes = []
	internal.leave.group.on.close = true
	internal.throw.on.fetch.stable.offset.unsupported = false
	isolation.level = read_uncommitted
	key.deserializer = class org.apache.kafka.common.serialization.StringDeserializer
	max.partition.fetch.bytes = 1048576
	max.poll.interval.ms = 300000
	max.poll.records = 500
	metadata.max.age.ms = 300000
	metadata.recovery.strategy = none
	metric.reporters = []
	metrics.num.samples = 2
	metrics.recording.level = INFO
	metrics.sample.window.ms = 30000
	partition.assignment.strategy = [class org.apache.kafka.clients.consumer.RangeAssignor, class org.apache.kafka.clients.consumer.CooperativeStickyAssignor]
	receive.buffer.bytes = 65536
	reconnect.backoff.max.ms = 1000
	reconnect.backoff.ms = 50
	request.timeout.ms = 30000
	retry.backoff.max.ms = 1000
	retry.backoff.ms = 100
	sasl.client.callback.handler.class = null
	sasl.jaas.config = null
	sasl.kerberos.kinit.cmd = /usr/bin/kinit
	sasl.kerberos.min.time.before.relogin = 60000
	sasl.kerberos.service.name = null
	sasl.kerberos.ticket.renew.jitter = 0.05
	sasl.kerberos.ticket.renew.window.factor = 0.8
	sasl.login.callback.handler.class = null
	sasl.login.class = null
	sasl.login.connect.timeout.ms = null
	sasl.login.read.timeout.ms = null
	sasl.login.refresh.buffer.seconds = 300
	sasl.login.refresh.min.period.seconds = 60
	sasl.login.refresh.window.factor = 0.8
	sasl.login.refresh.window.jitter = 0.05
	sasl.login.retry.backoff.max.ms = 10000
	sasl.login.retry.backoff.ms = 100
	sasl.mechanism = GSSAPI
	sasl.oauthbearer.clock.skew.seconds = 30
	sasl.oauthbearer.expected.audience = null
	sasl.oauthbearer.expected.issuer = null
	sasl.oauthbearer.jwks.endpoint.refresh.ms = 3600000
	sasl.oauthbearer.jwks.endpoint.retry.backoff.max.ms = 10000
	sasl.oauthbearer.jwks.endpoint.retry.backoff.ms = 100
	sasl.oauthbearer.jwks.endpoint.url = null
	sasl.oauthbearer.scope.claim.name = scope
	sasl.oauthbearer.sub.claim.name = sub
	sasl.oauthbearer.token.endpoint.url = null
	security.protocol = PLAINTEXT
	security.providers = null
	send.buffer.bytes = 131072
	session.timeout.ms = 45000
	socket.connection.setup.timeout.max.ms = 30000
	socket.connection.setup.timeout.ms = 10000
	ssl.cipher.suites = null
	ssl.enabled.protocols = [TLSv1.2, TLSv1.3]
	ssl.endpoint.identification.algorithm = https
	ssl.engine.factory.class = null
	ssl.key.password = null
	ssl.keymanager.algorithm = SunX509
	ssl.keystore.certificate.chain = null
	ssl.keystore.key = null
	ssl.keystore.location = null
	ssl.keystore.password = null
	ssl.keystore.type = JKS
	ssl.protocol = TLSv1.3
	ssl.provider = null
	ssl.secure.random.implementation = null
	ssl.trustmanager.algorithm = PKIX
	ssl.truststore.certificates = null
	ssl.truststore.location = null
	ssl.truststore.password = null
	ssl.truststore.type = JKS
	value.deserializer = class org.apache.kafka.common.serialization.StringDeserializer

2025-05-17T13:56:30.144-06:00  INFO 19000 --- [proyecto-access-1] [           main] o.a.k.c.t.i.KafkaMetricsCollector        : initializing Kafka metrics collector
2025-05-17T13:56:30.155-06:00  INFO 19000 --- [proyecto-access-1] [           main] o.a.kafka.common.utils.AppInfoParser     : Kafka version: 3.8.1
2025-05-17T13:56:30.155-06:00  INFO 19000 --- [proyecto-access-1] [           main] o.a.kafka.common.utils.AppInfoParser     : Kafka commitId: 70d6ff42debf7e17
2025-05-17T13:56:30.155-06:00  INFO 19000 --- [proyecto-access-1] [           main] o.a.kafka.common.utils.AppInfoParser     : Kafka startTimeMs: 1747511790155
2025-05-17T13:56:30.155-06:00  INFO 19000 --- [proyecto-access-1] [           main] o.a.k.c.c.internals.LegacyKafkaConsumer  : [Consumer clientId=consumer-materia-service-group-8, groupId=materia-service-group] Subscribed to topic(s): post-entrada-crear
2025-05-17T13:56:30.159-06:00  INFO 19000 --- [proyecto-access-1] [           main] o.a.k.clients.consumer.ConsumerConfig    : ConsumerConfig values: 
	allow.auto.create.topics = true
	auto.commit.interval.ms = 5000
	auto.include.jmx.reporter = true
	auto.offset.reset = earliest
	bootstrap.servers = [localhost:9092]
	check.crcs = true
	client.dns.lookup = use_all_dns_ips
	client.id = consumer-materia-service-group-9
	client.rack = 
	connections.max.idle.ms = 540000
	default.api.timeout.ms = 60000
	enable.auto.commit = false
	enable.metrics.push = true
	exclude.internal.topics = true
	fetch.max.bytes = 52428800
	fetch.max.wait.ms = 500
	fetch.min.bytes = 1
	group.id = materia-service-group
	group.instance.id = null
	group.protocol = classic
	group.remote.assignor = null
	heartbeat.interval.ms = 3000
	interceptor.classes = []
	internal.leave.group.on.close = true
	internal.throw.on.fetch.stable.offset.unsupported = false
	isolation.level = read_uncommitted
	key.deserializer = class org.apache.kafka.common.serialization.StringDeserializer
	max.partition.fetch.bytes = 1048576
	max.poll.interval.ms = 300000
	max.poll.records = 500
	metadata.max.age.ms = 300000
	metadata.recovery.strategy = none
	metric.reporters = []
	metrics.num.samples = 2
	metrics.recording.level = INFO
	metrics.sample.window.ms = 30000
	partition.assignment.strategy = [class org.apache.kafka.clients.consumer.RangeAssignor, class org.apache.kafka.clients.consumer.CooperativeStickyAssignor]
	receive.buffer.bytes = 65536
	reconnect.backoff.max.ms = 1000
	reconnect.backoff.ms = 50
	request.timeout.ms = 30000
	retry.backoff.max.ms = 1000
	retry.backoff.ms = 100
	sasl.client.callback.handler.class = null
	sasl.jaas.config = null
	sasl.kerberos.kinit.cmd = /usr/bin/kinit
	sasl.kerberos.min.time.before.relogin = 60000
	sasl.kerberos.service.name = null
	sasl.kerberos.ticket.renew.jitter = 0.05
	sasl.kerberos.ticket.renew.window.factor = 0.8
	sasl.login.callback.handler.class = null
	sasl.login.class = null
	sasl.login.connect.timeout.ms = null
	sasl.login.read.timeout.ms = null
	sasl.login.refresh.buffer.seconds = 300
	sasl.login.refresh.min.period.seconds = 60
	sasl.login.refresh.window.factor = 0.8
	sasl.login.refresh.window.jitter = 0.05
	sasl.login.retry.backoff.max.ms = 10000
	sasl.login.retry.backoff.ms = 100
	sasl.mechanism = GSSAPI
	sasl.oauthbearer.clock.skew.seconds = 30
	sasl.oauthbearer.expected.audience = null
	sasl.oauthbearer.expected.issuer = null
	sasl.oauthbearer.jwks.endpoint.refresh.ms = 3600000
	sasl.oauthbearer.jwks.endpoint.retry.backoff.max.ms = 10000
	sasl.oauthbearer.jwks.endpoint.retry.backoff.ms = 100
	sasl.oauthbearer.jwks.endpoint.url = null
	sasl.oauthbearer.scope.claim.name = scope
	sasl.oauthbearer.sub.claim.name = sub
	sasl.oauthbearer.token.endpoint.url = null
	security.protocol = PLAINTEXT
	security.providers = null
	send.buffer.bytes = 131072
	session.timeout.ms = 45000
	socket.connection.setup.timeout.max.ms = 30000
	socket.connection.setup.timeout.ms = 10000
	ssl.cipher.suites = null
	ssl.enabled.protocols = [TLSv1.2, TLSv1.3]
	ssl.endpoint.identification.algorithm = https
	ssl.engine.factory.class = null
	ssl.key.password = null
	ssl.keymanager.algorithm = SunX509
	ssl.keystore.certificate.chain = null
	ssl.keystore.key = null
	ssl.keystore.location = null
	ssl.keystore.password = null
	ssl.keystore.type = JKS
	ssl.protocol = TLSv1.3
	ssl.provider = null
	ssl.secure.random.implementation = null
	ssl.trustmanager.algorithm = PKIX
	ssl.truststore.certificates = null
	ssl.truststore.location = null
	ssl.truststore.password = null
	ssl.truststore.type = JKS
	value.deserializer = class org.apache.kafka.common.serialization.StringDeserializer

2025-05-17T13:56:30.161-06:00  INFO 19000 --- [proyecto-access-1] [           main] o.a.k.c.t.i.KafkaMetricsCollector        : initializing Kafka metrics collector
2025-05-17T13:56:30.174-06:00  INFO 19000 --- [proyecto-access-1] [           main] o.a.kafka.common.utils.AppInfoParser     : Kafka version: 3.8.1
2025-05-17T13:56:30.174-06:00  INFO 19000 --- [proyecto-access-1] [           main] o.a.kafka.common.utils.AppInfoParser     : Kafka commitId: 70d6ff42debf7e17
2025-05-17T13:56:30.174-06:00  INFO 19000 --- [proyecto-access-1] [           main] o.a.kafka.common.utils.AppInfoParser     : Kafka startTimeMs: 1747511790173
2025-05-17T13:56:30.176-06:00  INFO 19000 --- [proyecto-access-1] [           main] o.a.k.c.c.internals.LegacyKafkaConsumer  : [Consumer clientId=consumer-materia-service-group-9, groupId=materia-service-group] Subscribed to topic(s): get-producto-listado
2025-05-17T13:56:30.180-06:00  INFO 19000 --- [proyecto-access-1] [           main] o.a.k.clients.consumer.ConsumerConfig    : ConsumerConfig values: 
	allow.auto.create.topics = true
	auto.commit.interval.ms = 5000
	auto.include.jmx.reporter = true
	auto.offset.reset = earliest
	bootstrap.servers = [localhost:9092]
	check.crcs = true
	client.dns.lookup = use_all_dns_ips
	client.id = consumer-materia-service-group-10
	client.rack = 
	connections.max.idle.ms = 540000
	default.api.timeout.ms = 60000
	enable.auto.commit = false
	enable.metrics.push = true
	exclude.internal.topics = true
	fetch.max.bytes = 52428800
	fetch.max.wait.ms = 500
	fetch.min.bytes = 1
	group.id = materia-service-group
	group.instance.id = null
	group.protocol = classic
	group.remote.assignor = null
	heartbeat.interval.ms = 3000
	interceptor.classes = []
	internal.leave.group.on.close = true
	internal.throw.on.fetch.stable.offset.unsupported = false
	isolation.level = read_uncommitted
	key.deserializer = class org.apache.kafka.common.serialization.StringDeserializer
	max.partition.fetch.bytes = 1048576
	max.poll.interval.ms = 300000
	max.poll.records = 500
	metadata.max.age.ms = 300000
	metadata.recovery.strategy = none
	metric.reporters = []
	metrics.num.samples = 2
	metrics.recording.level = INFO
	metrics.sample.window.ms = 30000
	partition.assignment.strategy = [class org.apache.kafka.clients.consumer.RangeAssignor, class org.apache.kafka.clients.consumer.CooperativeStickyAssignor]
	receive.buffer.bytes = 65536
	reconnect.backoff.max.ms = 1000
	reconnect.backoff.ms = 50
	request.timeout.ms = 30000
	retry.backoff.max.ms = 1000
	retry.backoff.ms = 100
	sasl.client.callback.handler.class = null
	sasl.jaas.config = null
	sasl.kerberos.kinit.cmd = /usr/bin/kinit
	sasl.kerberos.min.time.before.relogin = 60000
	sasl.kerberos.service.name = null
	sasl.kerberos.ticket.renew.jitter = 0.05
	sasl.kerberos.ticket.renew.window.factor = 0.8
	sasl.login.callback.handler.class = null
	sasl.login.class = null
	sasl.login.connect.timeout.ms = null
	sasl.login.read.timeout.ms = null
	sasl.login.refresh.buffer.seconds = 300
	sasl.login.refresh.min.period.seconds = 60
	sasl.login.refresh.window.factor = 0.8
	sasl.login.refresh.window.jitter = 0.05
	sasl.login.retry.backoff.max.ms = 10000
	sasl.login.retry.backoff.ms = 100
	sasl.mechanism = GSSAPI
	sasl.oauthbearer.clock.skew.seconds = 30
	sasl.oauthbearer.expected.audience = null
	sasl.oauthbearer.expected.issuer = null
	sasl.oauthbearer.jwks.endpoint.refresh.ms = 3600000
	sasl.oauthbearer.jwks.endpoint.retry.backoff.max.ms = 10000
	sasl.oauthbearer.jwks.endpoint.retry.backoff.ms = 100
	sasl.oauthbearer.jwks.endpoint.url = null
	sasl.oauthbearer.scope.claim.name = scope
	sasl.oauthbearer.sub.claim.name = sub
	sasl.oauthbearer.token.endpoint.url = null
	security.protocol = PLAINTEXT
	security.providers = null
	send.buffer.bytes = 131072
	session.timeout.ms = 45000
	socket.connection.setup.timeout.max.ms = 30000
	socket.connection.setup.timeout.ms = 10000
	ssl.cipher.suites = null
	ssl.enabled.protocols = [TLSv1.2, TLSv1.3]
	ssl.endpoint.identification.algorithm = https
	ssl.engine.factory.class = null
	ssl.key.password = null
	ssl.keymanager.algorithm = SunX509
	ssl.keystore.certificate.chain = null
	ssl.keystore.key = null
	ssl.keystore.location = null
	ssl.keystore.password = null
	ssl.keystore.type = JKS
	ssl.protocol = TLSv1.3
	ssl.provider = null
	ssl.secure.random.implementation = null
	ssl.trustmanager.algorithm = PKIX
	ssl.truststore.certificates = null
	ssl.truststore.location = null
	ssl.truststore.password = null
	ssl.truststore.type = JKS
	value.deserializer = class org.apache.kafka.common.serialization.StringDeserializer

2025-05-17T13:56:30.182-06:00  INFO 19000 --- [proyecto-access-1] [           main] o.a.k.c.t.i.KafkaMetricsCollector        : initializing Kafka metrics collector
2025-05-17T13:56:30.193-06:00  INFO 19000 --- [proyecto-access-1] [           main] o.a.kafka.common.utils.AppInfoParser     : Kafka version: 3.8.1
2025-05-17T13:56:30.194-06:00  INFO 19000 --- [proyecto-access-1] [           main] o.a.kafka.common.utils.AppInfoParser     : Kafka commitId: 70d6ff42debf7e17
2025-05-17T13:56:30.194-06:00  INFO 19000 --- [proyecto-access-1] [           main] o.a.kafka.common.utils.AppInfoParser     : Kafka startTimeMs: 1747511790193
2025-05-17T13:56:30.194-06:00  INFO 19000 --- [proyecto-access-1] [           main] o.a.k.c.c.internals.LegacyKafkaConsumer  : [Consumer clientId=consumer-materia-service-group-10, groupId=materia-service-group] Subscribed to topic(s): post-iniciar-tiempo
2025-05-17T13:56:30.198-06:00  INFO 19000 --- [proyecto-access-1] [           main] o.a.k.clients.consumer.ConsumerConfig    : ConsumerConfig values: 
	allow.auto.create.topics = true
	auto.commit.interval.ms = 5000
	auto.include.jmx.reporter = true
	auto.offset.reset = earliest
	bootstrap.servers = [localhost:9092]
	check.crcs = true
	client.dns.lookup = use_all_dns_ips
	client.id = consumer-materia-service-group-11
	client.rack = 
	connections.max.idle.ms = 540000
	default.api.timeout.ms = 60000
	enable.auto.commit = false
	enable.metrics.push = true
	exclude.internal.topics = true
	fetch.max.bytes = 52428800
	fetch.max.wait.ms = 500
	fetch.min.bytes = 1
	group.id = materia-service-group
	group.instance.id = null
	group.protocol = classic
	group.remote.assignor = null
	heartbeat.interval.ms = 3000
	interceptor.classes = []
	internal.leave.group.on.close = true
	internal.throw.on.fetch.stable.offset.unsupported = false
	isolation.level = read_uncommitted
	key.deserializer = class org.apache.kafka.common.serialization.StringDeserializer
	max.partition.fetch.bytes = 1048576
	max.poll.interval.ms = 300000
	max.poll.records = 500
	metadata.max.age.ms = 300000
	metadata.recovery.strategy = none
	metric.reporters = []
	metrics.num.samples = 2
	metrics.recording.level = INFO
	metrics.sample.window.ms = 30000
	partition.assignment.strategy = [class org.apache.kafka.clients.consumer.RangeAssignor, class org.apache.kafka.clients.consumer.CooperativeStickyAssignor]
	receive.buffer.bytes = 65536
	reconnect.backoff.max.ms = 1000
	reconnect.backoff.ms = 50
	request.timeout.ms = 30000
	retry.backoff.max.ms = 1000
	retry.backoff.ms = 100
	sasl.client.callback.handler.class = null
	sasl.jaas.config = null
	sasl.kerberos.kinit.cmd = /usr/bin/kinit
	sasl.kerberos.min.time.before.relogin = 60000
	sasl.kerberos.service.name = null
	sasl.kerberos.ticket.renew.jitter = 0.05
	sasl.kerberos.ticket.renew.window.factor = 0.8
	sasl.login.callback.handler.class = null
	sasl.login.class = null
	sasl.login.connect.timeout.ms = null
	sasl.login.read.timeout.ms = null
	sasl.login.refresh.buffer.seconds = 300
	sasl.login.refresh.min.period.seconds = 60
	sasl.login.refresh.window.factor = 0.8
	sasl.login.refresh.window.jitter = 0.05
	sasl.login.retry.backoff.max.ms = 10000
	sasl.login.retry.backoff.ms = 100
	sasl.mechanism = GSSAPI
	sasl.oauthbearer.clock.skew.seconds = 30
	sasl.oauthbearer.expected.audience = null
	sasl.oauthbearer.expected.issuer = null
	sasl.oauthbearer.jwks.endpoint.refresh.ms = 3600000
	sasl.oauthbearer.jwks.endpoint.retry.backoff.max.ms = 10000
	sasl.oauthbearer.jwks.endpoint.retry.backoff.ms = 100
	sasl.oauthbearer.jwks.endpoint.url = null
	sasl.oauthbearer.scope.claim.name = scope
	sasl.oauthbearer.sub.claim.name = sub
	sasl.oauthbearer.token.endpoint.url = null
	security.protocol = PLAINTEXT
	security.providers = null
	send.buffer.bytes = 131072
	session.timeout.ms = 45000
	socket.connection.setup.timeout.max.ms = 30000
	socket.connection.setup.timeout.ms = 10000
	ssl.cipher.suites = null
	ssl.enabled.protocols = [TLSv1.2, TLSv1.3]
	ssl.endpoint.identification.algorithm = https
	ssl.engine.factory.class = null
	ssl.key.password = null
	ssl.keymanager.algorithm = SunX509
	ssl.keystore.certificate.chain = null
	ssl.keystore.key = null
	ssl.keystore.location = null
	ssl.keystore.password = null
	ssl.keystore.type = JKS
	ssl.protocol = TLSv1.3
	ssl.provider = null
	ssl.secure.random.implementation = null
	ssl.trustmanager.algorithm = PKIX
	ssl.truststore.certificates = null
	ssl.truststore.location = null
	ssl.truststore.password = null
	ssl.truststore.type = JKS
	value.deserializer = class org.apache.kafka.common.serialization.StringDeserializer

2025-05-17T13:56:30.199-06:00  INFO 19000 --- [proyecto-access-1] [           main] o.a.k.c.t.i.KafkaMetricsCollector        : initializing Kafka metrics collector
2025-05-17T13:56:30.213-06:00  INFO 19000 --- [proyecto-access-1] [           main] o.a.kafka.common.utils.AppInfoParser     : Kafka version: 3.8.1
2025-05-17T13:56:30.213-06:00  INFO 19000 --- [proyecto-access-1] [           main] o.a.kafka.common.utils.AppInfoParser     : Kafka commitId: 70d6ff42debf7e17
2025-05-17T13:56:30.215-06:00  INFO 19000 --- [proyecto-access-1] [           main] o.a.kafka.common.utils.AppInfoParser     : Kafka startTimeMs: 1747511790213
2025-05-17T13:56:30.215-06:00  INFO 19000 --- [proyecto-access-1] [           main] o.a.k.c.c.internals.LegacyKafkaConsumer  : [Consumer clientId=consumer-materia-service-group-11, groupId=materia-service-group] Subscribed to topic(s): get-producto-codigo
2025-05-17T13:56:30.219-06:00  INFO 19000 --- [proyecto-access-1] [           main] o.a.k.clients.consumer.ConsumerConfig    : ConsumerConfig values: 
	allow.auto.create.topics = true
	auto.commit.interval.ms = 5000
	auto.include.jmx.reporter = true
	auto.offset.reset = earliest
	bootstrap.servers = [localhost:9092]
	check.crcs = true
	client.dns.lookup = use_all_dns_ips
	client.id = consumer-materia-service-group-12
	client.rack = 
	connections.max.idle.ms = 540000
	default.api.timeout.ms = 60000
	enable.auto.commit = false
	enable.metrics.push = true
	exclude.internal.topics = true
	fetch.max.bytes = 52428800
	fetch.max.wait.ms = 500
	fetch.min.bytes = 1
	group.id = materia-service-group
	group.instance.id = null
	group.protocol = classic
	group.remote.assignor = null
	heartbeat.interval.ms = 3000
	interceptor.classes = []
	internal.leave.group.on.close = true
	internal.throw.on.fetch.stable.offset.unsupported = false
	isolation.level = read_uncommitted
	key.deserializer = class org.apache.kafka.common.serialization.StringDeserializer
	max.partition.fetch.bytes = 1048576
	max.poll.interval.ms = 300000
	max.poll.records = 500
	metadata.max.age.ms = 300000
	metadata.recovery.strategy = none
	metric.reporters = []
	metrics.num.samples = 2
	metrics.recording.level = INFO
	metrics.sample.window.ms = 30000
	partition.assignment.strategy = [class org.apache.kafka.clients.consumer.RangeAssignor, class org.apache.kafka.clients.consumer.CooperativeStickyAssignor]
	receive.buffer.bytes = 65536
	reconnect.backoff.max.ms = 1000
	reconnect.backoff.ms = 50
	request.timeout.ms = 30000
	retry.backoff.max.ms = 1000
	retry.backoff.ms = 100
	sasl.client.callback.handler.class = null
	sasl.jaas.config = null
	sasl.kerberos.kinit.cmd = /usr/bin/kinit
	sasl.kerberos.min.time.before.relogin = 60000
	sasl.kerberos.service.name = null
	sasl.kerberos.ticket.renew.jitter = 0.05
	sasl.kerberos.ticket.renew.window.factor = 0.8
	sasl.login.callback.handler.class = null
	sasl.login.class = null
	sasl.login.connect.timeout.ms = null
	sasl.login.read.timeout.ms = null
	sasl.login.refresh.buffer.seconds = 300
	sasl.login.refresh.min.period.seconds = 60
	sasl.login.refresh.window.factor = 0.8
	sasl.login.refresh.window.jitter = 0.05
	sasl.login.retry.backoff.max.ms = 10000
	sasl.login.retry.backoff.ms = 100
	sasl.mechanism = GSSAPI
	sasl.oauthbearer.clock.skew.seconds = 30
	sasl.oauthbearer.expected.audience = null
	sasl.oauthbearer.expected.issuer = null
	sasl.oauthbearer.jwks.endpoint.refresh.ms = 3600000
	sasl.oauthbearer.jwks.endpoint.retry.backoff.max.ms = 10000
	sasl.oauthbearer.jwks.endpoint.retry.backoff.ms = 100
	sasl.oauthbearer.jwks.endpoint.url = null
	sasl.oauthbearer.scope.claim.name = scope
	sasl.oauthbearer.sub.claim.name = sub
	sasl.oauthbearer.token.endpoint.url = null
	security.protocol = PLAINTEXT
	security.providers = null
	send.buffer.bytes = 131072
	session.timeout.ms = 45000
	socket.connection.setup.timeout.max.ms = 30000
	socket.connection.setup.timeout.ms = 10000
	ssl.cipher.suites = null
	ssl.enabled.protocols = [TLSv1.2, TLSv1.3]
	ssl.endpoint.identification.algorithm = https
	ssl.engine.factory.class = null
	ssl.key.password = null
	ssl.keymanager.algorithm = SunX509
	ssl.keystore.certificate.chain = null
	ssl.keystore.key = null
	ssl.keystore.location = null
	ssl.keystore.password = null
	ssl.keystore.type = JKS
	ssl.protocol = TLSv1.3
	ssl.provider = null
	ssl.secure.random.implementation = null
	ssl.trustmanager.algorithm = PKIX
	ssl.truststore.certificates = null
	ssl.truststore.location = null
	ssl.truststore.password = null
	ssl.truststore.type = JKS
	value.deserializer = class org.apache.kafka.common.serialization.StringDeserializer

2025-05-17T13:56:30.220-06:00  INFO 19000 --- [proyecto-access-1] [           main] o.a.k.c.t.i.KafkaMetricsCollector        : initializing Kafka metrics collector
2025-05-17T13:56:30.232-06:00  INFO 19000 --- [proyecto-access-1] [           main] o.a.kafka.common.utils.AppInfoParser     : Kafka version: 3.8.1
2025-05-17T13:56:30.233-06:00  INFO 19000 --- [proyecto-access-1] [           main] o.a.kafka.common.utils.AppInfoParser     : Kafka commitId: 70d6ff42debf7e17
2025-05-17T13:56:30.233-06:00  INFO 19000 --- [proyecto-access-1] [           main] o.a.kafka.common.utils.AppInfoParser     : Kafka startTimeMs: 1747511790230
2025-05-17T13:56:30.234-06:00  INFO 19000 --- [proyecto-access-1] [           main] o.a.k.c.c.internals.LegacyKafkaConsumer  : [Consumer clientId=consumer-materia-service-group-12, groupId=materia-service-group] Subscribed to topic(s): get-materia-listado-filtro
2025-05-17T13:56:30.239-06:00  INFO 19000 --- [proyecto-access-1] [           main] o.a.k.clients.consumer.ConsumerConfig    : ConsumerConfig values: 
	allow.auto.create.topics = true
	auto.commit.interval.ms = 5000
	auto.include.jmx.reporter = true
	auto.offset.reset = earliest
	bootstrap.servers = [localhost:9092]
	check.crcs = true
	client.dns.lookup = use_all_dns_ips
	client.id = consumer-materia-service-group-13
	client.rack = 
	connections.max.idle.ms = 540000
	default.api.timeout.ms = 60000
	enable.auto.commit = false
	enable.metrics.push = true
	exclude.internal.topics = true
	fetch.max.bytes = 52428800
	fetch.max.wait.ms = 500
	fetch.min.bytes = 1
	group.id = materia-service-group
	group.instance.id = null
	group.protocol = classic
	group.remote.assignor = null
	heartbeat.interval.ms = 3000
	interceptor.classes = []
	internal.leave.group.on.close = true
	internal.throw.on.fetch.stable.offset.unsupported = false
	isolation.level = read_uncommitted
	key.deserializer = class org.apache.kafka.common.serialization.StringDeserializer
	max.partition.fetch.bytes = 1048576
	max.poll.interval.ms = 300000
	max.poll.records = 500
	metadata.max.age.ms = 300000
	metadata.recovery.strategy = none
	metric.reporters = []
	metrics.num.samples = 2
	metrics.recording.level = INFO
	metrics.sample.window.ms = 30000
	partition.assignment.strategy = [class org.apache.kafka.clients.consumer.RangeAssignor, class org.apache.kafka.clients.consumer.CooperativeStickyAssignor]
	receive.buffer.bytes = 65536
	reconnect.backoff.max.ms = 1000
	reconnect.backoff.ms = 50
	request.timeout.ms = 30000
	retry.backoff.max.ms = 1000
	retry.backoff.ms = 100
	sasl.client.callback.handler.class = null
	sasl.jaas.config = null
	sasl.kerberos.kinit.cmd = /usr/bin/kinit
	sasl.kerberos.min.time.before.relogin = 60000
	sasl.kerberos.service.name = null
	sasl.kerberos.ticket.renew.jitter = 0.05
	sasl.kerberos.ticket.renew.window.factor = 0.8
	sasl.login.callback.handler.class = null
	sasl.login.class = null
	sasl.login.connect.timeout.ms = null
	sasl.login.read.timeout.ms = null
	sasl.login.refresh.buffer.seconds = 300
	sasl.login.refresh.min.period.seconds = 60
	sasl.login.refresh.window.factor = 0.8
	sasl.login.refresh.window.jitter = 0.05
	sasl.login.retry.backoff.max.ms = 10000
	sasl.login.retry.backoff.ms = 100
	sasl.mechanism = GSSAPI
	sasl.oauthbearer.clock.skew.seconds = 30
	sasl.oauthbearer.expected.audience = null
	sasl.oauthbearer.expected.issuer = null
	sasl.oauthbearer.jwks.endpoint.refresh.ms = 3600000
	sasl.oauthbearer.jwks.endpoint.retry.backoff.max.ms = 10000
	sasl.oauthbearer.jwks.endpoint.retry.backoff.ms = 100
	sasl.oauthbearer.jwks.endpoint.url = null
	sasl.oauthbearer.scope.claim.name = scope
	sasl.oauthbearer.sub.claim.name = sub
	sasl.oauthbearer.token.endpoint.url = null
	security.protocol = PLAINTEXT
	security.providers = null
	send.buffer.bytes = 131072
	session.timeout.ms = 45000
	socket.connection.setup.timeout.max.ms = 30000
	socket.connection.setup.timeout.ms = 10000
	ssl.cipher.suites = null
	ssl.enabled.protocols = [TLSv1.2, TLSv1.3]
	ssl.endpoint.identification.algorithm = https
	ssl.engine.factory.class = null
	ssl.key.password = null
	ssl.keymanager.algorithm = SunX509
	ssl.keystore.certificate.chain = null
	ssl.keystore.key = null
	ssl.keystore.location = null
	ssl.keystore.password = null
	ssl.keystore.type = JKS
	ssl.protocol = TLSv1.3
	ssl.provider = null
	ssl.secure.random.implementation = null
	ssl.trustmanager.algorithm = PKIX
	ssl.truststore.certificates = null
	ssl.truststore.location = null
	ssl.truststore.password = null
	ssl.truststore.type = JKS
	value.deserializer = class org.apache.kafka.common.serialization.StringDeserializer

2025-05-17T13:56:30.241-06:00  INFO 19000 --- [proyecto-access-1] [           main] o.a.k.c.t.i.KafkaMetricsCollector        : initializing Kafka metrics collector
2025-05-17T13:56:30.249-06:00  INFO 19000 --- [proyecto-access-1] [           main] o.a.kafka.common.utils.AppInfoParser     : Kafka version: 3.8.1
2025-05-17T13:56:30.250-06:00  INFO 19000 --- [proyecto-access-1] [           main] o.a.kafka.common.utils.AppInfoParser     : Kafka commitId: 70d6ff42debf7e17
2025-05-17T13:56:30.250-06:00  INFO 19000 --- [proyecto-access-1] [           main] o.a.kafka.common.utils.AppInfoParser     : Kafka startTimeMs: 1747511790249
2025-05-17T13:56:30.251-06:00  INFO 19000 --- [proyecto-access-1] [           main] o.a.k.c.c.internals.LegacyKafkaConsumer  : [Consumer clientId=consumer-materia-service-group-13, groupId=materia-service-group] Subscribed to topic(s): get-papeleta-folio
2025-05-17T13:56:30.254-06:00  INFO 19000 --- [proyecto-access-1] [           main] o.a.k.clients.consumer.ConsumerConfig    : ConsumerConfig values: 
	allow.auto.create.topics = true
	auto.commit.interval.ms = 5000
	auto.include.jmx.reporter = true
	auto.offset.reset = earliest
	bootstrap.servers = [localhost:9092]
	check.crcs = true
	client.dns.lookup = use_all_dns_ips
	client.id = consumer-materia-service-group-14
	client.rack = 
	connections.max.idle.ms = 540000
	default.api.timeout.ms = 60000
	enable.auto.commit = false
	enable.metrics.push = true
	exclude.internal.topics = true
	fetch.max.bytes = 52428800
	fetch.max.wait.ms = 500
	fetch.min.bytes = 1
	group.id = materia-service-group
	group.instance.id = null
	group.protocol = classic
	group.remote.assignor = null
	heartbeat.interval.ms = 3000
	interceptor.classes = []
	internal.leave.group.on.close = true
	internal.throw.on.fetch.stable.offset.unsupported = false
	isolation.level = read_uncommitted
	key.deserializer = class org.apache.kafka.common.serialization.StringDeserializer
	max.partition.fetch.bytes = 1048576
	max.poll.interval.ms = 300000
	max.poll.records = 500
	metadata.max.age.ms = 300000
	metadata.recovery.strategy = none
	metric.reporters = []
	metrics.num.samples = 2
	metrics.recording.level = INFO
	metrics.sample.window.ms = 30000
	partition.assignment.strategy = [class org.apache.kafka.clients.consumer.RangeAssignor, class org.apache.kafka.clients.consumer.CooperativeStickyAssignor]
	receive.buffer.bytes = 65536
	reconnect.backoff.max.ms = 1000
	reconnect.backoff.ms = 50
	request.timeout.ms = 30000
	retry.backoff.max.ms = 1000
	retry.backoff.ms = 100
	sasl.client.callback.handler.class = null
	sasl.jaas.config = null
	sasl.kerberos.kinit.cmd = /usr/bin/kinit
	sasl.kerberos.min.time.before.relogin = 60000
	sasl.kerberos.service.name = null
	sasl.kerberos.ticket.renew.jitter = 0.05
	sasl.kerberos.ticket.renew.window.factor = 0.8
	sasl.login.callback.handler.class = null
	sasl.login.class = null
	sasl.login.connect.timeout.ms = null
	sasl.login.read.timeout.ms = null
	sasl.login.refresh.buffer.seconds = 300
	sasl.login.refresh.min.period.seconds = 60
	sasl.login.refresh.window.factor = 0.8
	sasl.login.refresh.window.jitter = 0.05
	sasl.login.retry.backoff.max.ms = 10000
	sasl.login.retry.backoff.ms = 100
	sasl.mechanism = GSSAPI
	sasl.oauthbearer.clock.skew.seconds = 30
	sasl.oauthbearer.expected.audience = null
	sasl.oauthbearer.expected.issuer = null
	sasl.oauthbearer.jwks.endpoint.refresh.ms = 3600000
	sasl.oauthbearer.jwks.endpoint.retry.backoff.max.ms = 10000
	sasl.oauthbearer.jwks.endpoint.retry.backoff.ms = 100
	sasl.oauthbearer.jwks.endpoint.url = null
	sasl.oauthbearer.scope.claim.name = scope
	sasl.oauthbearer.sub.claim.name = sub
	sasl.oauthbearer.token.endpoint.url = null
	security.protocol = PLAINTEXT
	security.providers = null
	send.buffer.bytes = 131072
	session.timeout.ms = 45000
	socket.connection.setup.timeout.max.ms = 30000
	socket.connection.setup.timeout.ms = 10000
	ssl.cipher.suites = null
	ssl.enabled.protocols = [TLSv1.2, TLSv1.3]
	ssl.endpoint.identification.algorithm = https
	ssl.engine.factory.class = null
	ssl.key.password = null
	ssl.keymanager.algorithm = SunX509
	ssl.keystore.certificate.chain = null
	ssl.keystore.key = null
	ssl.keystore.location = null
	ssl.keystore.password = null
	ssl.keystore.type = JKS
	ssl.protocol = TLSv1.3
	ssl.provider = null
	ssl.secure.random.implementation = null
	ssl.trustmanager.algorithm = PKIX
	ssl.truststore.certificates = null
	ssl.truststore.location = null
	ssl.truststore.password = null
	ssl.truststore.type = JKS
	value.deserializer = class org.apache.kafka.common.serialization.StringDeserializer

2025-05-17T13:56:30.255-06:00  INFO 19000 --- [proyecto-access-1] [           main] o.a.k.c.t.i.KafkaMetricsCollector        : initializing Kafka metrics collector
2025-05-17T13:56:30.268-06:00  INFO 19000 --- [proyecto-access-1] [           main] o.a.kafka.common.utils.AppInfoParser     : Kafka version: 3.8.1
2025-05-17T13:56:30.269-06:00  INFO 19000 --- [proyecto-access-1] [           main] o.a.kafka.common.utils.AppInfoParser     : Kafka commitId: 70d6ff42debf7e17
2025-05-17T13:56:30.269-06:00  INFO 19000 --- [proyecto-access-1] [           main] o.a.kafka.common.utils.AppInfoParser     : Kafka startTimeMs: 1747511790268
2025-05-17T13:56:30.270-06:00  INFO 19000 --- [proyecto-access-1] [           main] o.a.k.c.c.internals.LegacyKafkaConsumer  : [Consumer clientId=consumer-materia-service-group-14, groupId=materia-service-group] Subscribed to topic(s): get-colorId-codigo
2025-05-17T13:56:30.273-06:00  INFO 19000 --- [proyecto-access-1] [           main] o.a.k.clients.consumer.ConsumerConfig    : ConsumerConfig values: 
	allow.auto.create.topics = true
	auto.commit.interval.ms = 5000
	auto.include.jmx.reporter = true
	auto.offset.reset = earliest
	bootstrap.servers = [localhost:9092]
	check.crcs = true
	client.dns.lookup = use_all_dns_ips
	client.id = consumer-materia-service-group-15
	client.rack = 
	connections.max.idle.ms = 540000
	default.api.timeout.ms = 60000
	enable.auto.commit = false
	enable.metrics.push = true
	exclude.internal.topics = true
	fetch.max.bytes = 52428800
	fetch.max.wait.ms = 500
	fetch.min.bytes = 1
	group.id = materia-service-group
	group.instance.id = null
	group.protocol = classic
	group.remote.assignor = null
	heartbeat.interval.ms = 3000
	interceptor.classes = []
	internal.leave.group.on.close = true
	internal.throw.on.fetch.stable.offset.unsupported = false
	isolation.level = read_uncommitted
	key.deserializer = class org.apache.kafka.common.serialization.StringDeserializer
	max.partition.fetch.bytes = 1048576
	max.poll.interval.ms = 300000
	max.poll.records = 500
	metadata.max.age.ms = 300000
	metadata.recovery.strategy = none
	metric.reporters = []
	metrics.num.samples = 2
	metrics.recording.level = INFO
	metrics.sample.window.ms = 30000
	partition.assignment.strategy = [class org.apache.kafka.clients.consumer.RangeAssignor, class org.apache.kafka.clients.consumer.CooperativeStickyAssignor]
	receive.buffer.bytes = 65536
	reconnect.backoff.max.ms = 1000
	reconnect.backoff.ms = 50
	request.timeout.ms = 30000
	retry.backoff.max.ms = 1000
	retry.backoff.ms = 100
	sasl.client.callback.handler.class = null
	sasl.jaas.config = null
	sasl.kerberos.kinit.cmd = /usr/bin/kinit
	sasl.kerberos.min.time.before.relogin = 60000
	sasl.kerberos.service.name = null
	sasl.kerberos.ticket.renew.jitter = 0.05
	sasl.kerberos.ticket.renew.window.factor = 0.8
	sasl.login.callback.handler.class = null
	sasl.login.class = null
	sasl.login.connect.timeout.ms = null
	sasl.login.read.timeout.ms = null
	sasl.login.refresh.buffer.seconds = 300
	sasl.login.refresh.min.period.seconds = 60
	sasl.login.refresh.window.factor = 0.8
	sasl.login.refresh.window.jitter = 0.05
	sasl.login.retry.backoff.max.ms = 10000
	sasl.login.retry.backoff.ms = 100
	sasl.mechanism = GSSAPI
	sasl.oauthbearer.clock.skew.seconds = 30
	sasl.oauthbearer.expected.audience = null
	sasl.oauthbearer.expected.issuer = null
	sasl.oauthbearer.jwks.endpoint.refresh.ms = 3600000
	sasl.oauthbearer.jwks.endpoint.retry.backoff.max.ms = 10000
	sasl.oauthbearer.jwks.endpoint.retry.backoff.ms = 100
	sasl.oauthbearer.jwks.endpoint.url = null
	sasl.oauthbearer.scope.claim.name = scope
	sasl.oauthbearer.sub.claim.name = sub
	sasl.oauthbearer.token.endpoint.url = null
	security.protocol = PLAINTEXT
	security.providers = null
	send.buffer.bytes = 131072
	session.timeout.ms = 45000
	socket.connection.setup.timeout.max.ms = 30000
	socket.connection.setup.timeout.ms = 10000
	ssl.cipher.suites = null
	ssl.enabled.protocols = [TLSv1.2, TLSv1.3]
	ssl.endpoint.identification.algorithm = https
	ssl.engine.factory.class = null
	ssl.key.password = null
	ssl.keymanager.algorithm = SunX509
	ssl.keystore.certificate.chain = null
	ssl.keystore.key = null
	ssl.keystore.location = null
	ssl.keystore.password = null
	ssl.keystore.type = JKS
	ssl.protocol = TLSv1.3
	ssl.provider = null
	ssl.secure.random.implementation = null
	ssl.trustmanager.algorithm = PKIX
	ssl.truststore.certificates = null
	ssl.truststore.location = null
	ssl.truststore.password = null
	ssl.truststore.type = JKS
	value.deserializer = class org.apache.kafka.common.serialization.StringDeserializer

2025-05-17T13:56:30.274-06:00  INFO 19000 --- [proyecto-access-1] [           main] o.a.k.c.t.i.KafkaMetricsCollector        : initializing Kafka metrics collector
2025-05-17T13:56:30.283-06:00  INFO 19000 --- [proyecto-access-1] [           main] o.a.kafka.common.utils.AppInfoParser     : Kafka version: 3.8.1
2025-05-17T13:56:30.283-06:00  INFO 19000 --- [proyecto-access-1] [           main] o.a.kafka.common.utils.AppInfoParser     : Kafka commitId: 70d6ff42debf7e17
2025-05-17T13:56:30.284-06:00  INFO 19000 --- [proyecto-access-1] [           main] o.a.kafka.common.utils.AppInfoParser     : Kafka startTimeMs: 1747511790283
2025-05-17T13:56:30.284-06:00  INFO 19000 --- [proyecto-access-1] [           main] o.a.k.c.c.internals.LegacyKafkaConsumer  : [Consumer clientId=consumer-materia-service-group-15, groupId=materia-service-group] Subscribed to topic(s): get-prodXcolor-listado
2025-05-17T13:56:30.288-06:00  INFO 19000 --- [proyecto-access-1] [           main] o.a.k.clients.consumer.ConsumerConfig    : ConsumerConfig values: 
	allow.auto.create.topics = true
	auto.commit.interval.ms = 5000
	auto.include.jmx.reporter = true
	auto.offset.reset = earliest
	bootstrap.servers = [localhost:9092]
	check.crcs = true
	client.dns.lookup = use_all_dns_ips
	client.id = consumer-materia-service-group-16
	client.rack = 
	connections.max.idle.ms = 540000
	default.api.timeout.ms = 60000
	enable.auto.commit = false
	enable.metrics.push = true
	exclude.internal.topics = true
	fetch.max.bytes = 52428800
	fetch.max.wait.ms = 500
	fetch.min.bytes = 1
	group.id = materia-service-group
	group.instance.id = null
	group.protocol = classic
	group.remote.assignor = null
	heartbeat.interval.ms = 3000
	interceptor.classes = []
	internal.leave.group.on.close = true
	internal.throw.on.fetch.stable.offset.unsupported = false
	isolation.level = read_uncommitted
	key.deserializer = class org.apache.kafka.common.serialization.StringDeserializer
	max.partition.fetch.bytes = 1048576
	max.poll.interval.ms = 300000
	max.poll.records = 500
	metadata.max.age.ms = 300000
	metadata.recovery.strategy = none
	metric.reporters = []
	metrics.num.samples = 2
	metrics.recording.level = INFO
	metrics.sample.window.ms = 30000
	partition.assignment.strategy = [class org.apache.kafka.clients.consumer.RangeAssignor, class org.apache.kafka.clients.consumer.CooperativeStickyAssignor]
	receive.buffer.bytes = 65536
	reconnect.backoff.max.ms = 1000
	reconnect.backoff.ms = 50
	request.timeout.ms = 30000
	retry.backoff.max.ms = 1000
	retry.backoff.ms = 100
	sasl.client.callback.handler.class = null
	sasl.jaas.config = null
	sasl.kerberos.kinit.cmd = /usr/bin/kinit
	sasl.kerberos.min.time.before.relogin = 60000
	sasl.kerberos.service.name = null
	sasl.kerberos.ticket.renew.jitter = 0.05
	sasl.kerberos.ticket.renew.window.factor = 0.8
	sasl.login.callback.handler.class = null
	sasl.login.class = null
	sasl.login.connect.timeout.ms = null
	sasl.login.read.timeout.ms = null
	sasl.login.refresh.buffer.seconds = 300
	sasl.login.refresh.min.period.seconds = 60
	sasl.login.refresh.window.factor = 0.8
	sasl.login.refresh.window.jitter = 0.05
	sasl.login.retry.backoff.max.ms = 10000
	sasl.login.retry.backoff.ms = 100
	sasl.mechanism = GSSAPI
	sasl.oauthbearer.clock.skew.seconds = 30
	sasl.oauthbearer.expected.audience = null
	sasl.oauthbearer.expected.issuer = null
	sasl.oauthbearer.jwks.endpoint.refresh.ms = 3600000
	sasl.oauthbearer.jwks.endpoint.retry.backoff.max.ms = 10000
	sasl.oauthbearer.jwks.endpoint.retry.backoff.ms = 100
	sasl.oauthbearer.jwks.endpoint.url = null
	sasl.oauthbearer.scope.claim.name = scope
	sasl.oauthbearer.sub.claim.name = sub
	sasl.oauthbearer.token.endpoint.url = null
	security.protocol = PLAINTEXT
	security.providers = null
	send.buffer.bytes = 131072
	session.timeout.ms = 45000
	socket.connection.setup.timeout.max.ms = 30000
	socket.connection.setup.timeout.ms = 10000
	ssl.cipher.suites = null
	ssl.enabled.protocols = [TLSv1.2, TLSv1.3]
	ssl.endpoint.identification.algorithm = https
	ssl.engine.factory.class = null
	ssl.key.password = null
	ssl.keymanager.algorithm = SunX509
	ssl.keystore.certificate.chain = null
	ssl.keystore.key = null
	ssl.keystore.location = null
	ssl.keystore.password = null
	ssl.keystore.type = JKS
	ssl.protocol = TLSv1.3
	ssl.provider = null
	ssl.secure.random.implementation = null
	ssl.trustmanager.algorithm = PKIX
	ssl.truststore.certificates = null
	ssl.truststore.location = null
	ssl.truststore.password = null
	ssl.truststore.type = JKS
	value.deserializer = class org.apache.kafka.common.serialization.StringDeserializer

2025-05-17T13:56:30.289-06:00  INFO 19000 --- [proyecto-access-1] [           main] o.a.k.c.t.i.KafkaMetricsCollector        : initializing Kafka metrics collector
2025-05-17T13:56:30.307-06:00  INFO 19000 --- [proyecto-access-1] [           main] o.a.kafka.common.utils.AppInfoParser     : Kafka version: 3.8.1
2025-05-17T13:56:30.307-06:00  INFO 19000 --- [proyecto-access-1] [           main] o.a.kafka.common.utils.AppInfoParser     : Kafka commitId: 70d6ff42debf7e17
2025-05-17T13:56:30.307-06:00  INFO 19000 --- [proyecto-access-1] [           main] o.a.kafka.common.utils.AppInfoParser     : Kafka startTimeMs: 1747511790307
2025-05-17T13:56:30.308-06:00  INFO 19000 --- [proyecto-access-1] [           main] o.a.k.c.c.internals.LegacyKafkaConsumer  : [Consumer clientId=consumer-materia-service-group-16, groupId=materia-service-group] Subscribed to topic(s): get-colores-listado
2025-05-17T13:56:30.312-06:00  INFO 19000 --- [proyecto-access-1] [           main] o.a.k.clients.consumer.ConsumerConfig    : ConsumerConfig values: 
	allow.auto.create.topics = true
	auto.commit.interval.ms = 5000
	auto.include.jmx.reporter = true
	auto.offset.reset = earliest
	bootstrap.servers = [localhost:9092]
	check.crcs = true
	client.dns.lookup = use_all_dns_ips
	client.id = consumer-materia-service-group-17
	client.rack = 
	connections.max.idle.ms = 540000
	default.api.timeout.ms = 60000
	enable.auto.commit = false
	enable.metrics.push = true
	exclude.internal.topics = true
	fetch.max.bytes = 52428800
	fetch.max.wait.ms = 500
	fetch.min.bytes = 1
	group.id = materia-service-group
	group.instance.id = null
	group.protocol = classic
	group.remote.assignor = null
	heartbeat.interval.ms = 3000
	interceptor.classes = []
	internal.leave.group.on.close = true
	internal.throw.on.fetch.stable.offset.unsupported = false
	isolation.level = read_uncommitted
	key.deserializer = class org.apache.kafka.common.serialization.StringDeserializer
	max.partition.fetch.bytes = 1048576
	max.poll.interval.ms = 300000
	max.poll.records = 500
	metadata.max.age.ms = 300000
	metadata.recovery.strategy = none
	metric.reporters = []
	metrics.num.samples = 2
	metrics.recording.level = INFO
	metrics.sample.window.ms = 30000
	partition.assignment.strategy = [class org.apache.kafka.clients.consumer.RangeAssignor, class org.apache.kafka.clients.consumer.CooperativeStickyAssignor]
	receive.buffer.bytes = 65536
	reconnect.backoff.max.ms = 1000
	reconnect.backoff.ms = 50
	request.timeout.ms = 30000
	retry.backoff.max.ms = 1000
	retry.backoff.ms = 100
	sasl.client.callback.handler.class = null
	sasl.jaas.config = null
	sasl.kerberos.kinit.cmd = /usr/bin/kinit
	sasl.kerberos.min.time.before.relogin = 60000
	sasl.kerberos.service.name = null
	sasl.kerberos.ticket.renew.jitter = 0.05
	sasl.kerberos.ticket.renew.window.factor = 0.8
	sasl.login.callback.handler.class = null
	sasl.login.class = null
	sasl.login.connect.timeout.ms = null
	sasl.login.read.timeout.ms = null
	sasl.login.refresh.buffer.seconds = 300
	sasl.login.refresh.min.period.seconds = 60
	sasl.login.refresh.window.factor = 0.8
	sasl.login.refresh.window.jitter = 0.05
	sasl.login.retry.backoff.max.ms = 10000
	sasl.login.retry.backoff.ms = 100
	sasl.mechanism = GSSAPI
	sasl.oauthbearer.clock.skew.seconds = 30
	sasl.oauthbearer.expected.audience = null
	sasl.oauthbearer.expected.issuer = null
	sasl.oauthbearer.jwks.endpoint.refresh.ms = 3600000
	sasl.oauthbearer.jwks.endpoint.retry.backoff.max.ms = 10000
	sasl.oauthbearer.jwks.endpoint.retry.backoff.ms = 100
	sasl.oauthbearer.jwks.endpoint.url = null
	sasl.oauthbearer.scope.claim.name = scope
	sasl.oauthbearer.sub.claim.name = sub
	sasl.oauthbearer.token.endpoint.url = null
	security.protocol = PLAINTEXT
	security.providers = null
	send.buffer.bytes = 131072
	session.timeout.ms = 45000
	socket.connection.setup.timeout.max.ms = 30000
	socket.connection.setup.timeout.ms = 10000
	ssl.cipher.suites = null
	ssl.enabled.protocols = [TLSv1.2, TLSv1.3]
	ssl.endpoint.identification.algorithm = https
	ssl.engine.factory.class = null
	ssl.key.password = null
	ssl.keymanager.algorithm = SunX509
	ssl.keystore.certificate.chain = null
	ssl.keystore.key = null
	ssl.keystore.location = null
	ssl.keystore.password = null
	ssl.keystore.type = JKS
	ssl.protocol = TLSv1.3
	ssl.provider = null
	ssl.secure.random.implementation = null
	ssl.trustmanager.algorithm = PKIX
	ssl.truststore.certificates = null
	ssl.truststore.location = null
	ssl.truststore.password = null
	ssl.truststore.type = JKS
	value.deserializer = class org.apache.kafka.common.serialization.StringDeserializer

2025-05-17T13:56:30.313-06:00  INFO 19000 --- [proyecto-access-1] [           main] o.a.k.c.t.i.KafkaMetricsCollector        : initializing Kafka metrics collector
2025-05-17T13:56:30.329-06:00  INFO 19000 --- [proyecto-access-1] [           main] o.a.kafka.common.utils.AppInfoParser     : Kafka version: 3.8.1
2025-05-17T13:56:30.330-06:00  INFO 19000 --- [proyecto-access-1] [           main] o.a.kafka.common.utils.AppInfoParser     : Kafka commitId: 70d6ff42debf7e17
2025-05-17T13:56:30.330-06:00  INFO 19000 --- [proyecto-access-1] [           main] o.a.kafka.common.utils.AppInfoParser     : Kafka startTimeMs: 1747511790329
2025-05-17T13:56:30.330-06:00  INFO 19000 --- [proyecto-access-1] [           main] o.a.k.c.c.internals.LegacyKafkaConsumer  : [Consumer clientId=consumer-materia-service-group-17, groupId=materia-service-group] Subscribed to topic(s): post-materia-crear
2025-05-17T13:56:30.335-06:00  INFO 19000 --- [proyecto-access-1] [           main] o.a.k.clients.consumer.ConsumerConfig    : ConsumerConfig values: 
	allow.auto.create.topics = true
	auto.commit.interval.ms = 5000
	auto.include.jmx.reporter = true
	auto.offset.reset = earliest
	bootstrap.servers = [localhost:9092]
	check.crcs = true
	client.dns.lookup = use_all_dns_ips
	client.id = consumer-materia-service-group-18
	client.rack = 
	connections.max.idle.ms = 540000
	default.api.timeout.ms = 60000
	enable.auto.commit = false
	enable.metrics.push = true
	exclude.internal.topics = true
	fetch.max.bytes = 52428800
	fetch.max.wait.ms = 500
	fetch.min.bytes = 1
	group.id = materia-service-group
	group.instance.id = null
	group.protocol = classic
	group.remote.assignor = null
	heartbeat.interval.ms = 3000
	interceptor.classes = []
	internal.leave.group.on.close = true
	internal.throw.on.fetch.stable.offset.unsupported = false
	isolation.level = read_uncommitted
	key.deserializer = class org.apache.kafka.common.serialization.StringDeserializer
	max.partition.fetch.bytes = 1048576
	max.poll.interval.ms = 300000
	max.poll.records = 500
	metadata.max.age.ms = 300000
	metadata.recovery.strategy = none
	metric.reporters = []
	metrics.num.samples = 2
	metrics.recording.level = INFO
	metrics.sample.window.ms = 30000
	partition.assignment.strategy = [class org.apache.kafka.clients.consumer.RangeAssignor, class org.apache.kafka.clients.consumer.CooperativeStickyAssignor]
	receive.buffer.bytes = 65536
	reconnect.backoff.max.ms = 1000
	reconnect.backoff.ms = 50
	request.timeout.ms = 30000
	retry.backoff.max.ms = 1000
	retry.backoff.ms = 100
	sasl.client.callback.handler.class = null
	sasl.jaas.config = null
	sasl.kerberos.kinit.cmd = /usr/bin/kinit
	sasl.kerberos.min.time.before.relogin = 60000
	sasl.kerberos.service.name = null
	sasl.kerberos.ticket.renew.jitter = 0.05
	sasl.kerberos.ticket.renew.window.factor = 0.8
	sasl.login.callback.handler.class = null
	sasl.login.class = null
	sasl.login.connect.timeout.ms = null
	sasl.login.read.timeout.ms = null
	sasl.login.refresh.buffer.seconds = 300
	sasl.login.refresh.min.period.seconds = 60
	sasl.login.refresh.window.factor = 0.8
	sasl.login.refresh.window.jitter = 0.05
	sasl.login.retry.backoff.max.ms = 10000
	sasl.login.retry.backoff.ms = 100
	sasl.mechanism = GSSAPI
	sasl.oauthbearer.clock.skew.seconds = 30
	sasl.oauthbearer.expected.audience = null
	sasl.oauthbearer.expected.issuer = null
	sasl.oauthbearer.jwks.endpoint.refresh.ms = 3600000
	sasl.oauthbearer.jwks.endpoint.retry.backoff.max.ms = 10000
	sasl.oauthbearer.jwks.endpoint.retry.backoff.ms = 100
	sasl.oauthbearer.jwks.endpoint.url = null
	sasl.oauthbearer.scope.claim.name = scope
	sasl.oauthbearer.sub.claim.name = sub
	sasl.oauthbearer.token.endpoint.url = null
	security.protocol = PLAINTEXT
	security.providers = null
	send.buffer.bytes = 131072
	session.timeout.ms = 45000
	socket.connection.setup.timeout.max.ms = 30000
	socket.connection.setup.timeout.ms = 10000
	ssl.cipher.suites = null
	ssl.enabled.protocols = [TLSv1.2, TLSv1.3]
	ssl.endpoint.identification.algorithm = https
	ssl.engine.factory.class = null
	ssl.key.password = null
	ssl.keymanager.algorithm = SunX509
	ssl.keystore.certificate.chain = null
	ssl.keystore.key = null
	ssl.keystore.location = null
	ssl.keystore.password = null
	ssl.keystore.type = JKS
	ssl.protocol = TLSv1.3
	ssl.provider = null
	ssl.secure.random.implementation = null
	ssl.trustmanager.algorithm = PKIX
	ssl.truststore.certificates = null
	ssl.truststore.location = null
	ssl.truststore.password = null
	ssl.truststore.type = JKS
	value.deserializer = class org.apache.kafka.common.serialization.StringDeserializer

2025-05-17T13:56:30.337-06:00  INFO 19000 --- [proyecto-access-1] [           main] o.a.k.c.t.i.KafkaMetricsCollector        : initializing Kafka metrics collector
2025-05-17T13:56:30.350-06:00  INFO 19000 --- [proyecto-access-1] [           main] o.a.kafka.common.utils.AppInfoParser     : Kafka version: 3.8.1
2025-05-17T13:56:30.351-06:00  INFO 19000 --- [proyecto-access-1] [           main] o.a.kafka.common.utils.AppInfoParser     : Kafka commitId: 70d6ff42debf7e17
2025-05-17T13:56:30.352-06:00  INFO 19000 --- [proyecto-access-1] [           main] o.a.kafka.common.utils.AppInfoParser     : Kafka startTimeMs: 1747511790350
2025-05-17T13:56:30.353-06:00  INFO 19000 --- [proyecto-access-1] [           main] o.a.k.c.c.internals.LegacyKafkaConsumer  : [Consumer clientId=consumer-materia-service-group-18, groupId=materia-service-group] Subscribed to topic(s): put-pausar-tiempo
2025-05-17T13:56:30.357-06:00  INFO 19000 --- [proyecto-access-1] [           main] o.a.k.clients.consumer.ConsumerConfig    : ConsumerConfig values: 
	allow.auto.create.topics = true
	auto.commit.interval.ms = 5000
	auto.include.jmx.reporter = true
	auto.offset.reset = earliest
	bootstrap.servers = [localhost:9092]
	check.crcs = true
	client.dns.lookup = use_all_dns_ips
	client.id = consumer-materia-service-group-19
	client.rack = 
	connections.max.idle.ms = 540000
	default.api.timeout.ms = 60000
	enable.auto.commit = false
	enable.metrics.push = true
	exclude.internal.topics = true
	fetch.max.bytes = 52428800
	fetch.max.wait.ms = 500
	fetch.min.bytes = 1
	group.id = materia-service-group
	group.instance.id = null
	group.protocol = classic
	group.remote.assignor = null
	heartbeat.interval.ms = 3000
	interceptor.classes = []
	internal.leave.group.on.close = true
	internal.throw.on.fetch.stable.offset.unsupported = false
	isolation.level = read_uncommitted
	key.deserializer = class org.apache.kafka.common.serialization.StringDeserializer
	max.partition.fetch.bytes = 1048576
	max.poll.interval.ms = 300000
	max.poll.records = 500
	metadata.max.age.ms = 300000
	metadata.recovery.strategy = none
	metric.reporters = []
	metrics.num.samples = 2
	metrics.recording.level = INFO
	metrics.sample.window.ms = 30000
	partition.assignment.strategy = [class org.apache.kafka.clients.consumer.RangeAssignor, class org.apache.kafka.clients.consumer.CooperativeStickyAssignor]
	receive.buffer.bytes = 65536
	reconnect.backoff.max.ms = 1000
	reconnect.backoff.ms = 50
	request.timeout.ms = 30000
	retry.backoff.max.ms = 1000
	retry.backoff.ms = 100
	sasl.client.callback.handler.class = null
	sasl.jaas.config = null
	sasl.kerberos.kinit.cmd = /usr/bin/kinit
	sasl.kerberos.min.time.before.relogin = 60000
	sasl.kerberos.service.name = null
	sasl.kerberos.ticket.renew.jitter = 0.05
	sasl.kerberos.ticket.renew.window.factor = 0.8
	sasl.login.callback.handler.class = null
	sasl.login.class = null
	sasl.login.connect.timeout.ms = null
	sasl.login.read.timeout.ms = null
	sasl.login.refresh.buffer.seconds = 300
	sasl.login.refresh.min.period.seconds = 60
	sasl.login.refresh.window.factor = 0.8
	sasl.login.refresh.window.jitter = 0.05
	sasl.login.retry.backoff.max.ms = 10000
	sasl.login.retry.backoff.ms = 100
	sasl.mechanism = GSSAPI
	sasl.oauthbearer.clock.skew.seconds = 30
	sasl.oauthbearer.expected.audience = null
	sasl.oauthbearer.expected.issuer = null
	sasl.oauthbearer.jwks.endpoint.refresh.ms = 3600000
	sasl.oauthbearer.jwks.endpoint.retry.backoff.max.ms = 10000
	sasl.oauthbearer.jwks.endpoint.retry.backoff.ms = 100
	sasl.oauthbearer.jwks.endpoint.url = null
	sasl.oauthbearer.scope.claim.name = scope
	sasl.oauthbearer.sub.claim.name = sub
	sasl.oauthbearer.token.endpoint.url = null
	security.protocol = PLAINTEXT
	security.providers = null
	send.buffer.bytes = 131072
	session.timeout.ms = 45000
	socket.connection.setup.timeout.max.ms = 30000
	socket.connection.setup.timeout.ms = 10000
	ssl.cipher.suites = null
	ssl.enabled.protocols = [TLSv1.2, TLSv1.3]
	ssl.endpoint.identification.algorithm = https
	ssl.engine.factory.class = null
	ssl.key.password = null
	ssl.keymanager.algorithm = SunX509
	ssl.keystore.certificate.chain = null
	ssl.keystore.key = null
	ssl.keystore.location = null
	ssl.keystore.password = null
	ssl.keystore.type = JKS
	ssl.protocol = TLSv1.3
	ssl.provider = null
	ssl.secure.random.implementation = null
	ssl.trustmanager.algorithm = PKIX
	ssl.truststore.certificates = null
	ssl.truststore.location = null
	ssl.truststore.password = null
	ssl.truststore.type = JKS
	value.deserializer = class org.apache.kafka.common.serialization.StringDeserializer

2025-05-17T13:56:30.359-06:00  INFO 19000 --- [proyecto-access-1] [           main] o.a.k.c.t.i.KafkaMetricsCollector        : initializing Kafka metrics collector
2025-05-17T13:56:30.369-06:00  INFO 19000 --- [proyecto-access-1] [           main] o.a.kafka.common.utils.AppInfoParser     : Kafka version: 3.8.1
2025-05-17T13:56:30.369-06:00  INFO 19000 --- [proyecto-access-1] [           main] o.a.kafka.common.utils.AppInfoParser     : Kafka commitId: 70d6ff42debf7e17
2025-05-17T13:56:30.369-06:00  INFO 19000 --- [proyecto-access-1] [           main] o.a.kafka.common.utils.AppInfoParser     : Kafka startTimeMs: 1747511790369
2025-05-17T13:56:30.370-06:00  INFO 19000 --- [proyecto-access-1] [           main] o.a.k.c.c.internals.LegacyKafkaConsumer  : [Consumer clientId=consumer-materia-service-group-19, groupId=materia-service-group] Subscribed to topic(s): put-reiniciar-tiempo
2025-05-17T13:56:30.374-06:00  INFO 19000 --- [proyecto-access-1] [           main] o.a.k.clients.consumer.ConsumerConfig    : ConsumerConfig values: 
	allow.auto.create.topics = true
	auto.commit.interval.ms = 5000
	auto.include.jmx.reporter = true
	auto.offset.reset = earliest
	bootstrap.servers = [localhost:9092]
	check.crcs = true
	client.dns.lookup = use_all_dns_ips
	client.id = consumer-materia-service-group-20
	client.rack = 
	connections.max.idle.ms = 540000
	default.api.timeout.ms = 60000
	enable.auto.commit = false
	enable.metrics.push = true
	exclude.internal.topics = true
	fetch.max.bytes = 52428800
	fetch.max.wait.ms = 500
	fetch.min.bytes = 1
	group.id = materia-service-group
	group.instance.id = null
	group.protocol = classic
	group.remote.assignor = null
	heartbeat.interval.ms = 3000
	interceptor.classes = []
	internal.leave.group.on.close = true
	internal.throw.on.fetch.stable.offset.unsupported = false
	isolation.level = read_uncommitted
	key.deserializer = class org.apache.kafka.common.serialization.StringDeserializer
	max.partition.fetch.bytes = 1048576
	max.poll.interval.ms = 300000
	max.poll.records = 500
	metadata.max.age.ms = 300000
	metadata.recovery.strategy = none
	metric.reporters = []
	metrics.num.samples = 2
	metrics.recording.level = INFO
	metrics.sample.window.ms = 30000
	partition.assignment.strategy = [class org.apache.kafka.clients.consumer.RangeAssignor, class org.apache.kafka.clients.consumer.CooperativeStickyAssignor]
	receive.buffer.bytes = 65536
	reconnect.backoff.max.ms = 1000
	reconnect.backoff.ms = 50
	request.timeout.ms = 30000
	retry.backoff.max.ms = 1000
	retry.backoff.ms = 100
	sasl.client.callback.handler.class = null
	sasl.jaas.config = null
	sasl.kerberos.kinit.cmd = /usr/bin/kinit
	sasl.kerberos.min.time.before.relogin = 60000
	sasl.kerberos.service.name = null
	sasl.kerberos.ticket.renew.jitter = 0.05
	sasl.kerberos.ticket.renew.window.factor = 0.8
	sasl.login.callback.handler.class = null
	sasl.login.class = null
	sasl.login.connect.timeout.ms = null
	sasl.login.read.timeout.ms = null
	sasl.login.refresh.buffer.seconds = 300
	sasl.login.refresh.min.period.seconds = 60
	sasl.login.refresh.window.factor = 0.8
	sasl.login.refresh.window.jitter = 0.05
	sasl.login.retry.backoff.max.ms = 10000
	sasl.login.retry.backoff.ms = 100
	sasl.mechanism = GSSAPI
	sasl.oauthbearer.clock.skew.seconds = 30
	sasl.oauthbearer.expected.audience = null
	sasl.oauthbearer.expected.issuer = null
	sasl.oauthbearer.jwks.endpoint.refresh.ms = 3600000
	sasl.oauthbearer.jwks.endpoint.retry.backoff.max.ms = 10000
	sasl.oauthbearer.jwks.endpoint.retry.backoff.ms = 100
	sasl.oauthbearer.jwks.endpoint.url = null
	sasl.oauthbearer.scope.claim.name = scope
	sasl.oauthbearer.sub.claim.name = sub
	sasl.oauthbearer.token.endpoint.url = null
	security.protocol = PLAINTEXT
	security.providers = null
	send.buffer.bytes = 131072
	session.timeout.ms = 45000
	socket.connection.setup.timeout.max.ms = 30000
	socket.connection.setup.timeout.ms = 10000
	ssl.cipher.suites = null
	ssl.enabled.protocols = [TLSv1.2, TLSv1.3]
	ssl.endpoint.identification.algorithm = https
	ssl.engine.factory.class = null
	ssl.key.password = null
	ssl.keymanager.algorithm = SunX509
	ssl.keystore.certificate.chain = null
	ssl.keystore.key = null
	ssl.keystore.location = null
	ssl.keystore.password = null
	ssl.keystore.type = JKS
	ssl.protocol = TLSv1.3
	ssl.provider = null
	ssl.secure.random.implementation = null
	ssl.trustmanager.algorithm = PKIX
	ssl.truststore.certificates = null
	ssl.truststore.location = null
	ssl.truststore.password = null
	ssl.truststore.type = JKS
	value.deserializer = class org.apache.kafka.common.serialization.StringDeserializer

2025-05-17T13:56:30.375-06:00  INFO 19000 --- [proyecto-access-1] [           main] o.a.k.c.t.i.KafkaMetricsCollector        : initializing Kafka metrics collector
2025-05-17T13:56:30.384-06:00  INFO 19000 --- [proyecto-access-1] [           main] o.a.kafka.common.utils.AppInfoParser     : Kafka version: 3.8.1
2025-05-17T13:56:30.384-06:00  INFO 19000 --- [proyecto-access-1] [           main] o.a.kafka.common.utils.AppInfoParser     : Kafka commitId: 70d6ff42debf7e17
2025-05-17T13:56:30.385-06:00  INFO 19000 --- [proyecto-access-1] [           main] o.a.kafka.common.utils.AppInfoParser     : Kafka startTimeMs: 1747511790384
2025-05-17T13:56:30.386-06:00  INFO 19000 --- [proyecto-access-1] [           main] o.a.k.c.c.internals.LegacyKafkaConsumer  : [Consumer clientId=consumer-materia-service-group-20, groupId=materia-service-group] Subscribed to topic(s): get-papeleta-listado
2025-05-17T13:56:30.390-06:00  INFO 19000 --- [proyecto-access-1] [           main] o.a.k.clients.consumer.ConsumerConfig    : ConsumerConfig values: 
	allow.auto.create.topics = true
	auto.commit.interval.ms = 5000
	auto.include.jmx.reporter = true
	auto.offset.reset = earliest
	bootstrap.servers = [localhost:9092]
	check.crcs = true
	client.dns.lookup = use_all_dns_ips
	client.id = consumer-materia-service-group-21
	client.rack = 
	connections.max.idle.ms = 540000
	default.api.timeout.ms = 60000
	enable.auto.commit = false
	enable.metrics.push = true
	exclude.internal.topics = true
	fetch.max.bytes = 52428800
	fetch.max.wait.ms = 500
	fetch.min.bytes = 1
	group.id = materia-service-group
	group.instance.id = null
	group.protocol = classic
	group.remote.assignor = null
	heartbeat.interval.ms = 3000
	interceptor.classes = []
	internal.leave.group.on.close = true
	internal.throw.on.fetch.stable.offset.unsupported = false
	isolation.level = read_uncommitted
	key.deserializer = class org.apache.kafka.common.serialization.StringDeserializer
	max.partition.fetch.bytes = 1048576
	max.poll.interval.ms = 300000
	max.poll.records = 500
	metadata.max.age.ms = 300000
	metadata.recovery.strategy = none
	metric.reporters = []
	metrics.num.samples = 2
	metrics.recording.level = INFO
	metrics.sample.window.ms = 30000
	partition.assignment.strategy = [class org.apache.kafka.clients.consumer.RangeAssignor, class org.apache.kafka.clients.consumer.CooperativeStickyAssignor]
	receive.buffer.bytes = 65536
	reconnect.backoff.max.ms = 1000
	reconnect.backoff.ms = 50
	request.timeout.ms = 30000
	retry.backoff.max.ms = 1000
	retry.backoff.ms = 100
	sasl.client.callback.handler.class = null
	sasl.jaas.config = null
	sasl.kerberos.kinit.cmd = /usr/bin/kinit
	sasl.kerberos.min.time.before.relogin = 60000
	sasl.kerberos.service.name = null
	sasl.kerberos.ticket.renew.jitter = 0.05
	sasl.kerberos.ticket.renew.window.factor = 0.8
	sasl.login.callback.handler.class = null
	sasl.login.class = null
	sasl.login.connect.timeout.ms = null
	sasl.login.read.timeout.ms = null
	sasl.login.refresh.buffer.seconds = 300
	sasl.login.refresh.min.period.seconds = 60
	sasl.login.refresh.window.factor = 0.8
	sasl.login.refresh.window.jitter = 0.05
	sasl.login.retry.backoff.max.ms = 10000
	sasl.login.retry.backoff.ms = 100
	sasl.mechanism = GSSAPI
	sasl.oauthbearer.clock.skew.seconds = 30
	sasl.oauthbearer.expected.audience = null
	sasl.oauthbearer.expected.issuer = null
	sasl.oauthbearer.jwks.endpoint.refresh.ms = 3600000
	sasl.oauthbearer.jwks.endpoint.retry.backoff.max.ms = 10000
	sasl.oauthbearer.jwks.endpoint.retry.backoff.ms = 100
	sasl.oauthbearer.jwks.endpoint.url = null
	sasl.oauthbearer.scope.claim.name = scope
	sasl.oauthbearer.sub.claim.name = sub
	sasl.oauthbearer.token.endpoint.url = null
	security.protocol = PLAINTEXT
	security.providers = null
	send.buffer.bytes = 131072
	session.timeout.ms = 45000
	socket.connection.setup.timeout.max.ms = 30000
	socket.connection.setup.timeout.ms = 10000
	ssl.cipher.suites = null
	ssl.enabled.protocols = [TLSv1.2, TLSv1.3]
	ssl.endpoint.identification.algorithm = https
	ssl.engine.factory.class = null
	ssl.key.password = null
	ssl.keymanager.algorithm = SunX509
	ssl.keystore.certificate.chain = null
	ssl.keystore.key = null
	ssl.keystore.location = null
	ssl.keystore.password = null
	ssl.keystore.type = JKS
	ssl.protocol = TLSv1.3
	ssl.provider = null
	ssl.secure.random.implementation = null
	ssl.trustmanager.algorithm = PKIX
	ssl.truststore.certificates = null
	ssl.truststore.location = null
	ssl.truststore.password = null
	ssl.truststore.type = JKS
	value.deserializer = class org.apache.kafka.common.serialization.StringDeserializer

2025-05-17T13:56:30.391-06:00  INFO 19000 --- [proyecto-access-1] [           main] o.a.k.c.t.i.KafkaMetricsCollector        : initializing Kafka metrics collector
2025-05-17T13:56:30.402-06:00  INFO 19000 --- [proyecto-access-1] [           main] o.a.kafka.common.utils.AppInfoParser     : Kafka version: 3.8.1
2025-05-17T13:56:30.402-06:00  INFO 19000 --- [proyecto-access-1] [           main] o.a.kafka.common.utils.AppInfoParser     : Kafka commitId: 70d6ff42debf7e17
2025-05-17T13:56:30.402-06:00  INFO 19000 --- [proyecto-access-1] [           main] o.a.kafka.common.utils.AppInfoParser     : Kafka startTimeMs: 1747511790402
2025-05-17T13:56:30.403-06:00  INFO 19000 --- [proyecto-access-1] [           main] o.a.k.c.c.internals.LegacyKafkaConsumer  : [Consumer clientId=consumer-materia-service-group-21, groupId=materia-service-group] Subscribed to topic(s): put-finalizar-tiempo
2025-05-17T13:56:30.422-06:00  INFO 19000 --- [proyecto-access-1] [           main] c.a.ProyectoAccess1ApplicationTests      : Started ProyectoAccess1ApplicationTests in 6.902 seconds (process running for 8.618)
2025-05-17T13:56:30.836-06:00  INFO 19000 --- [proyecto-access-1] [tainer#18-0-C-1] org.apache.kafka.clients.NetworkClient   : [Consumer clientId=consumer-materia-service-group-11, groupId=materia-service-group] Node -1 disconnected.
2025-05-17T13:56:30.836-06:00  INFO 19000 --- [proyecto-access-1] [tainer#13-0-C-1] org.apache.kafka.clients.NetworkClient   : [Consumer clientId=consumer-materia-service-group-20, groupId=materia-service-group] Node -1 disconnected.
2025-05-17T13:56:30.836-06:00  INFO 19000 --- [proyecto-access-1] [ntainer#3-0-C-1] org.apache.kafka.clients.NetworkClient   : [Consumer clientId=consumer-materia-service-group-6, groupId=materia-service-group] Node -1 disconnected.
2025-05-17T13:56:30.837-06:00  INFO 19000 --- [proyecto-access-1] [tainer#12-0-C-1] org.apache.kafka.clients.NetworkClient   : [Consumer clientId=consumer-materia-service-group-13, groupId=materia-service-group] Node -1 disconnected.
2025-05-17T13:56:30.839-06:00  INFO 19000 --- [proyecto-access-1] [ntainer#4-0-C-1] org.apache.kafka.clients.NetworkClient   : [Consumer clientId=consumer-materia-service-group-7, groupId=materia-service-group] Node -1 disconnected.
2025-05-17T13:56:30.841-06:00  INFO 19000 --- [proyecto-access-1] [tainer#11-0-C-1] org.apache.kafka.clients.NetworkClient   : [Consumer clientId=consumer-materia-service-group-12, groupId=materia-service-group] Node -1 disconnected.
2025-05-17T13:56:30.841-06:00  INFO 19000 --- [proyecto-access-1] [tainer#17-0-C-1] org.apache.kafka.clients.NetworkClient   : [Consumer clientId=consumer-materia-service-group-10, groupId=materia-service-group] Node -1 disconnected.
2025-05-17T13:56:30.842-06:00  INFO 19000 --- [proyecto-access-1] [tainer#20-0-C-1] org.apache.kafka.clients.NetworkClient   : [Consumer clientId=consumer-materia-service-group-15, groupId=materia-service-group] Node -1 disconnected.
2025-05-17T13:56:30.843-06:00  INFO 19000 --- [proyecto-access-1] [ntainer#7-0-C-1] org.apache.kafka.clients.NetworkClient   : [Consumer clientId=consumer-materia-service-group-2, groupId=materia-service-group] Node -1 disconnected.
2025-05-17T13:56:30.843-06:00  INFO 19000 --- [proyecto-access-1] [ntainer#9-0-C-1] org.apache.kafka.clients.NetworkClient   : [Consumer clientId=consumer-materia-service-group-4, groupId=materia-service-group] Node -1 disconnected.
2025-05-17T13:56:30.843-06:00  INFO 19000 --- [proyecto-access-1] [tainer#10-0-C-1] org.apache.kafka.clients.NetworkClient   : [Consumer clientId=consumer-materia-service-group-17, groupId=materia-service-group] Node -1 disconnected.
2025-05-17T13:56:30.843-06:00  INFO 19000 --- [proyecto-access-1] [ntainer#8-0-C-1] org.apache.kafka.clients.NetworkClient   : [Consumer clientId=consumer-materia-service-group-3, groupId=materia-service-group] Node -1 disconnected.
2025-05-17T13:56:30.845-06:00  WARN 19000 --- [proyecto-access-1] [ntainer#7-0-C-1] org.apache.kafka.clients.NetworkClient   : [Consumer clientId=consumer-materia-service-group-2, groupId=materia-service-group] Connection to node -1 (localhost/127.0.0.1:9092) could not be established. Node may not be available.
2025-05-17T13:56:30.845-06:00  WARN 19000 --- [proyecto-access-1] [tainer#11-0-C-1] org.apache.kafka.clients.NetworkClient   : [Consumer clientId=consumer-materia-service-group-12, groupId=materia-service-group] Connection to node -1 (localhost/127.0.0.1:9092) could not be established. Node may not be available.
2025-05-17T13:56:30.845-06:00  WARN 19000 --- [proyecto-access-1] [ntainer#9-0-C-1] org.apache.kafka.clients.NetworkClient   : [Consumer clientId=consumer-materia-service-group-4, groupId=materia-service-group] Connection to node -1 (localhost/127.0.0.1:9092) could not be established. Node may not be available.
2025-05-17T13:56:30.846-06:00  WARN 19000 --- [proyecto-access-1] [ntainer#4-0-C-1] org.apache.kafka.clients.NetworkClient   : [Consumer clientId=consumer-materia-service-group-7, groupId=materia-service-group] Connection to node -1 (localhost/127.0.0.1:9092) could not be established. Node may not be available.
2025-05-17T13:56:30.846-06:00  WARN 19000 --- [proyecto-access-1] [ntainer#3-0-C-1] org.apache.kafka.clients.NetworkClient   : [Consumer clientId=consumer-materia-service-group-6, groupId=materia-service-group] Connection to node -1 (localhost/127.0.0.1:9092) could not be established. Node may not be available.
2025-05-17T13:56:30.845-06:00  INFO 19000 --- [proyecto-access-1] [ntainer#6-0-C-1] org.apache.kafka.clients.NetworkClient   : [Consumer clientId=consumer-materia-service-group-1, groupId=materia-service-group] Node -1 disconnected.
2025-05-17T13:56:30.846-06:00  WARN 19000 --- [proyecto-access-1] [tainer#11-0-C-1] org.apache.kafka.clients.NetworkClient   : [Consumer clientId=consumer-materia-service-group-12, groupId=materia-service-group] Bootstrap broker localhost:9092 (id: -1 rack: null) disconnected
2025-05-17T13:56:30.846-06:00  WARN 19000 --- [proyecto-access-1] [ntainer#7-0-C-1] org.apache.kafka.clients.NetworkClient   : [Consumer clientId=consumer-materia-service-group-2, groupId=materia-service-group] Bootstrap broker localhost:9092 (id: -1 rack: null) disconnected
2025-05-17T13:56:30.846-06:00  WARN 19000 --- [proyecto-access-1] [ntainer#6-0-C-1] org.apache.kafka.clients.NetworkClient   : [Consumer clientId=consumer-materia-service-group-1, groupId=materia-service-group] Connection to node -1 (localhost/127.0.0.1:9092) could not be established. Node may not be available.
2025-05-17T13:56:30.846-06:00  WARN 19000 --- [proyecto-access-1] [ntainer#9-0-C-1] org.apache.kafka.clients.NetworkClient   : [Consumer clientId=consumer-materia-service-group-4, groupId=materia-service-group] Bootstrap broker localhost:9092 (id: -1 rack: null) disconnected
2025-05-17T13:56:30.845-06:00  WARN 19000 --- [proyecto-access-1] [tainer#12-0-C-1] org.apache.kafka.clients.NetworkClient   : [Consumer clientId=consumer-materia-service-group-13, groupId=materia-service-group] Connection to node -1 (localhost/127.0.0.1:9092) could not be established. Node may not be available.
2025-05-17T13:56:30.847-06:00  WARN 19000 --- [proyecto-access-1] [ntainer#6-0-C-1] org.apache.kafka.clients.NetworkClient   : [Consumer clientId=consumer-materia-service-group-1, groupId=materia-service-group] Bootstrap broker localhost:9092 (id: -1 rack: null) disconnected
2025-05-17T13:56:30.845-06:00  WARN 19000 --- [proyecto-access-1] [tainer#13-0-C-1] org.apache.kafka.clients.NetworkClient   : [Consumer clientId=consumer-materia-service-group-20, groupId=materia-service-group] Connection to node -1 (localhost/127.0.0.1:9092) could not be established. Node may not be available.
2025-05-17T13:56:30.847-06:00  INFO 19000 --- [proyecto-access-1] [tainer#19-0-C-1] org.apache.kafka.clients.NetworkClient   : [Consumer clientId=consumer-materia-service-group-9, groupId=materia-service-group] Node -1 disconnected.
2025-05-17T13:56:30.845-06:00  WARN 19000 --- [proyecto-access-1] [tainer#17-0-C-1] org.apache.kafka.clients.NetworkClient   : [Consumer clientId=consumer-materia-service-group-10, groupId=materia-service-group] Connection to node -1 (localhost/127.0.0.1:9092) could not be established. Node may not be available.
2025-05-17T13:56:30.848-06:00  WARN 19000 --- [proyecto-access-1] [tainer#19-0-C-1] org.apache.kafka.clients.NetworkClient   : [Consumer clientId=consumer-materia-service-group-9, groupId=materia-service-group] Connection to node -1 (localhost/127.0.0.1:9092) could not be established. Node may not be available.
2025-05-17T13:56:30.845-06:00  WARN 19000 --- [proyecto-access-1] [tainer#20-0-C-1] org.apache.kafka.clients.NetworkClient   : [Consumer clientId=consumer-materia-service-group-15, groupId=materia-service-group] Connection to node -1 (localhost/127.0.0.1:9092) could not be established. Node may not be available.
2025-05-17T13:56:30.845-06:00  WARN 19000 --- [proyecto-access-1] [tainer#18-0-C-1] org.apache.kafka.clients.NetworkClient   : [Consumer clientId=consumer-materia-service-group-11, groupId=materia-service-group] Connection to node -1 (localhost/127.0.0.1:9092) could not be established. Node may not be available.
2025-05-17T13:56:30.846-06:00  WARN 19000 --- [proyecto-access-1] [ntainer#8-0-C-1] org.apache.kafka.clients.NetworkClient   : [Consumer clientId=consumer-materia-service-group-3, groupId=materia-service-group] Connection to node -1 (localhost/127.0.0.1:9092) could not be established. Node may not be available.
2025-05-17T13:56:30.848-06:00  WARN 19000 --- [proyecto-access-1] [ntainer#8-0-C-1] org.apache.kafka.clients.NetworkClient   : [Consumer clientId=consumer-materia-service-group-3, groupId=materia-service-group] Bootstrap broker localhost:9092 (id: -1 rack: null) disconnected
2025-05-17T13:56:30.848-06:00  INFO 19000 --- [proyecto-access-1] [ntainer#1-0-C-1] org.apache.kafka.clients.NetworkClient   : [Consumer clientId=consumer-materia-service-group-16, groupId=materia-service-group] Node -1 disconnected.
2025-05-17T13:56:30.848-06:00  INFO 19000 --- [proyecto-access-1] [ntainer#5-0-C-1] org.apache.kafka.clients.NetworkClient   : [Consumer clientId=consumer-materia-service-group-8, groupId=materia-service-group] Node -1 disconnected.
2025-05-17T13:56:30.848-06:00  INFO 19000 --- [proyecto-access-1] [ntainer#0-0-C-1] org.apache.kafka.clients.NetworkClient   : [Consumer clientId=consumer-materia-service-group-14, groupId=materia-service-group] Node -1 disconnected.
2025-05-17T13:56:30.848-06:00  WARN 19000 --- [proyecto-access-1] [ntainer#5-0-C-1] org.apache.kafka.clients.NetworkClient   : [Consumer clientId=consumer-materia-service-group-8, groupId=materia-service-group] Connection to node -1 (localhost/127.0.0.1:9092) could not be established. Node may not be available.
2025-05-17T13:56:30.849-06:00  INFO 19000 --- [proyecto-access-1] [tainer#14-0-C-1] org.apache.kafka.clients.NetworkClient   : [Consumer clientId=consumer-materia-service-group-21, groupId=materia-service-group] Node -1 disconnected.
2025-05-17T13:56:30.846-06:00  WARN 19000 --- [proyecto-access-1] [tainer#10-0-C-1] org.apache.kafka.clients.NetworkClient   : [Consumer clientId=consumer-materia-service-group-17, groupId=materia-service-group] Connection to node -1 (localhost/127.0.0.1:9092) could not be established. Node may not be available.
2025-05-17T13:56:30.846-06:00  WARN 19000 --- [proyecto-access-1] [ntainer#3-0-C-1] org.apache.kafka.clients.NetworkClient   : [Consumer clientId=consumer-materia-service-group-6, groupId=materia-service-group] Bootstrap broker localhost:9092 (id: -1 rack: null) disconnected
2025-05-17T13:56:30.849-06:00  WARN 19000 --- [proyecto-access-1] [tainer#10-0-C-1] org.apache.kafka.clients.NetworkClient   : [Consumer clientId=consumer-materia-service-group-17, groupId=materia-service-group] Bootstrap broker localhost:9092 (id: -1 rack: null) disconnected
2025-05-17T13:56:30.847-06:00  WARN 19000 --- [proyecto-access-1] [tainer#12-0-C-1] org.apache.kafka.clients.NetworkClient   : [Consumer clientId=consumer-materia-service-group-13, groupId=materia-service-group] Bootstrap broker localhost:9092 (id: -1 rack: null) disconnected
2025-05-17T13:56:30.847-06:00  INFO 19000 --- [proyecto-access-1] [ntainer#2-0-C-1] org.apache.kafka.clients.NetworkClient   : [Consumer clientId=consumer-materia-service-group-5, groupId=materia-service-group] Node -1 disconnected.
2025-05-17T13:56:30.847-06:00  WARN 19000 --- [proyecto-access-1] [ntainer#4-0-C-1] org.apache.kafka.clients.NetworkClient   : [Consumer clientId=consumer-materia-service-group-7, groupId=materia-service-group] Bootstrap broker localhost:9092 (id: -1 rack: null) disconnected
2025-05-17T13:56:30.847-06:00  WARN 19000 --- [proyecto-access-1] [tainer#13-0-C-1] org.apache.kafka.clients.NetworkClient   : [Consumer clientId=consumer-materia-service-group-20, groupId=materia-service-group] Bootstrap broker localhost:9092 (id: -1 rack: null) disconnected
2025-05-17T13:56:30.847-06:00  INFO 19000 --- [proyecto-access-1] [tainer#16-0-C-1] org.apache.kafka.clients.NetworkClient   : [Consumer clientId=consumer-materia-service-group-19, groupId=materia-service-group] Node -1 disconnected.
2025-05-17T13:56:30.848-06:00  WARN 19000 --- [proyecto-access-1] [tainer#17-0-C-1] org.apache.kafka.clients.NetworkClient   : [Consumer clientId=consumer-materia-service-group-10, groupId=materia-service-group] Bootstrap broker localhost:9092 (id: -1 rack: null) disconnected
2025-05-17T13:56:30.848-06:00  WARN 19000 --- [proyecto-access-1] [tainer#19-0-C-1] org.apache.kafka.clients.NetworkClient   : [Consumer clientId=consumer-materia-service-group-9, groupId=materia-service-group] Bootstrap broker localhost:9092 (id: -1 rack: null) disconnected
2025-05-17T13:56:30.848-06:00  WARN 19000 --- [proyecto-access-1] [tainer#20-0-C-1] org.apache.kafka.clients.NetworkClient   : [Consumer clientId=consumer-materia-service-group-15, groupId=materia-service-group] Bootstrap broker localhost:9092 (id: -1 rack: null) disconnected
2025-05-17T13:56:30.848-06:00  WARN 19000 --- [proyecto-access-1] [tainer#18-0-C-1] org.apache.kafka.clients.NetworkClient   : [Consumer clientId=consumer-materia-service-group-11, groupId=materia-service-group] Bootstrap broker localhost:9092 (id: -1 rack: null) disconnected
2025-05-17T13:56:30.848-06:00  WARN 19000 --- [proyecto-access-1] [ntainer#1-0-C-1] org.apache.kafka.clients.NetworkClient   : [Consumer clientId=consumer-materia-service-group-16, groupId=materia-service-group] Connection to node -1 (localhost/127.0.0.1:9092) could not be established. Node may not be available.
2025-05-17T13:56:30.849-06:00  WARN 19000 --- [proyecto-access-1] [ntainer#0-0-C-1] org.apache.kafka.clients.NetworkClient   : [Consumer clientId=consumer-materia-service-group-14, groupId=materia-service-group] Connection to node -1 (localhost/127.0.0.1:9092) could not be established. Node may not be available.
2025-05-17T13:56:30.851-06:00  WARN 19000 --- [proyecto-access-1] [ntainer#1-0-C-1] org.apache.kafka.clients.NetworkClient   : [Consumer clientId=consumer-materia-service-group-16, groupId=materia-service-group] Bootstrap broker localhost:9092 (id: -1 rack: null) disconnected
2025-05-17T13:56:30.849-06:00  WARN 19000 --- [proyecto-access-1] [ntainer#5-0-C-1] org.apache.kafka.clients.NetworkClient   : [Consumer clientId=consumer-materia-service-group-8, groupId=materia-service-group] Bootstrap broker localhost:9092 (id: -1 rack: null) disconnected
2025-05-17T13:56:30.849-06:00  WARN 19000 --- [proyecto-access-1] [tainer#14-0-C-1] org.apache.kafka.clients.NetworkClient   : [Consumer clientId=consumer-materia-service-group-21, groupId=materia-service-group] Connection to node -1 (localhost/127.0.0.1:9092) could not be established. Node may not be available.
2025-05-17T13:56:30.852-06:00  WARN 19000 --- [proyecto-access-1] [tainer#14-0-C-1] org.apache.kafka.clients.NetworkClient   : [Consumer clientId=consumer-materia-service-group-21, groupId=materia-service-group] Bootstrap broker localhost:9092 (id: -1 rack: null) disconnected
2025-05-17T13:56:30.849-06:00  INFO 19000 --- [proyecto-access-1] [tainer#15-0-C-1] org.apache.kafka.clients.NetworkClient   : [Consumer clientId=consumer-materia-service-group-18, groupId=materia-service-group] Node -1 disconnected.
2025-05-17T13:56:30.849-06:00  WARN 19000 --- [proyecto-access-1] [ntainer#2-0-C-1] org.apache.kafka.clients.NetworkClient   : [Consumer clientId=consumer-materia-service-group-5, groupId=materia-service-group] Connection to node -1 (localhost/127.0.0.1:9092) could not be established. Node may not be available.
2025-05-17T13:56:30.852-06:00  WARN 19000 --- [proyecto-access-1] [tainer#15-0-C-1] org.apache.kafka.clients.NetworkClient   : [Consumer clientId=consumer-materia-service-group-18, groupId=materia-service-group] Connection to node -1 (localhost/127.0.0.1:9092) could not be established. Node may not be available.
2025-05-17T13:56:30.850-06:00  WARN 19000 --- [proyecto-access-1] [tainer#16-0-C-1] org.apache.kafka.clients.NetworkClient   : [Consumer clientId=consumer-materia-service-group-19, groupId=materia-service-group] Connection to node -1 (localhost/127.0.0.1:9092) could not be established. Node may not be available.
2025-05-17T13:56:30.851-06:00  WARN 19000 --- [proyecto-access-1] [ntainer#0-0-C-1] org.apache.kafka.clients.NetworkClient   : [Consumer clientId=consumer-materia-service-group-14, groupId=materia-service-group] Bootstrap broker localhost:9092 (id: -1 rack: null) disconnected
2025-05-17T13:56:30.853-06:00  WARN 19000 --- [proyecto-access-1] [tainer#15-0-C-1] org.apache.kafka.clients.NetworkClient   : [Consumer clientId=consumer-materia-service-group-18, groupId=materia-service-group] Bootstrap broker localhost:9092 (id: -1 rack: null) disconnected
2025-05-17T13:56:30.853-06:00  WARN 19000 --- [proyecto-access-1] [ntainer#2-0-C-1] org.apache.kafka.clients.NetworkClient   : [Consumer clientId=consumer-materia-service-group-5, groupId=materia-service-group] Bootstrap broker localhost:9092 (id: -1 rack: null) disconnected
2025-05-17T13:56:30.853-06:00  WARN 19000 --- [proyecto-access-1] [tainer#16-0-C-1] org.apache.kafka.clients.NetworkClient   : [Consumer clientId=consumer-materia-service-group-19, groupId=materia-service-group] Bootstrap broker localhost:9092 (id: -1 rack: null) disconnected
2025-05-17T13:56:30.974-06:00  INFO 19000 --- [proyecto-access-1] [ntainer#7-0-C-1] org.apache.kafka.clients.NetworkClient   : [Consumer clientId=consumer-materia-service-group-2, groupId=materia-service-group] Node -1 disconnected.
2025-05-17T13:56:30.974-06:00  INFO 19000 --- [proyecto-access-1] [tainer#16-0-C-1] org.apache.kafka.clients.NetworkClient   : [Consumer clientId=consumer-materia-service-group-19, groupId=materia-service-group] Node -1 disconnected.
2025-05-17T13:56:30.975-06:00  WARN 19000 --- [proyecto-access-1] [tainer#16-0-C-1] org.apache.kafka.clients.NetworkClient   : [Consumer clientId=consumer-materia-service-group-19, groupId=materia-service-group] Connection to node -1 (localhost/127.0.0.1:9092) could not be established. Node may not be available.
2025-05-17T13:56:30.976-06:00  WARN 19000 --- [proyecto-access-1] [tainer#16-0-C-1] org.apache.kafka.clients.NetworkClient   : [Consumer clientId=consumer-materia-service-group-19, groupId=materia-service-group] Bootstrap broker localhost:9092 (id: -1 rack: null) disconnected
2025-05-17T13:56:30.977-06:00  WARN 19000 --- [proyecto-access-1] [ntainer#7-0-C-1] org.apache.kafka.clients.NetworkClient   : [Consumer clientId=consumer-materia-service-group-2, groupId=materia-service-group] Connection to node -1 (localhost/127.0.0.1:9092) could not be established. Node may not be available.
2025-05-17T13:56:30.977-06:00  WARN 19000 --- [proyecto-access-1] [ntainer#7-0-C-1] org.apache.kafka.clients.NetworkClient   : [Consumer clientId=consumer-materia-service-group-2, groupId=materia-service-group] Bootstrap broker localhost:9092 (id: -1 rack: null) disconnected
2025-05-17T13:56:30.978-06:00  INFO 19000 --- [proyecto-access-1] [tainer#18-0-C-1] org.apache.kafka.clients.NetworkClient   : [Consumer clientId=consumer-materia-service-group-11, groupId=materia-service-group] Node -1 disconnected.
2025-05-17T13:56:30.978-06:00  WARN 19000 --- [proyecto-access-1] [tainer#18-0-C-1] org.apache.kafka.clients.NetworkClient   : [Consumer clientId=consumer-materia-service-group-11, groupId=materia-service-group] Connection to node -1 (localhost/127.0.0.1:9092) could not be established. Node may not be available.
2025-05-17T13:56:30.979-06:00  WARN 19000 --- [proyecto-access-1] [tainer#18-0-C-1] org.apache.kafka.clients.NetworkClient   : [Consumer clientId=consumer-materia-service-group-11, groupId=materia-service-group] Bootstrap broker localhost:9092 (id: -1 rack: null) disconnected
2025-05-17T13:56:30.980-06:00  INFO 19000 --- [proyecto-access-1] [ntainer#8-0-C-1] org.apache.kafka.clients.NetworkClient   : [Consumer clientId=consumer-materia-service-group-3, groupId=materia-service-group] Node -1 disconnected.
2025-05-17T13:56:30.981-06:00  WARN 19000 --- [proyecto-access-1] [ntainer#8-0-C-1] org.apache.kafka.clients.NetworkClient   : [Consumer clientId=consumer-materia-service-group-3, groupId=materia-service-group] Connection to node -1 (localhost/127.0.0.1:9092) could not be established. Node may not be available.
2025-05-17T13:56:30.982-06:00  WARN 19000 --- [proyecto-access-1] [ntainer#8-0-C-1] org.apache.kafka.clients.NetworkClient   : [Consumer clientId=consumer-materia-service-group-3, groupId=materia-service-group] Bootstrap broker localhost:9092 (id: -1 rack: null) disconnected
2025-05-17T13:56:30.983-06:00  INFO 19000 --- [proyecto-access-1] [ntainer#0-0-C-1] org.apache.kafka.clients.NetworkClient   : [Consumer clientId=consumer-materia-service-group-14, groupId=materia-service-group] Node -1 disconnected.
2025-05-17T13:56:30.984-06:00  WARN 19000 --- [proyecto-access-1] [ntainer#0-0-C-1] org.apache.kafka.clients.NetworkClient   : [Consumer clientId=consumer-materia-service-group-14, groupId=materia-service-group] Connection to node -1 (localhost/127.0.0.1:9092) could not be established. Node may not be available.
2025-05-17T13:56:30.985-06:00  WARN 19000 --- [proyecto-access-1] [ntainer#0-0-C-1] org.apache.kafka.clients.NetworkClient   : [Consumer clientId=consumer-materia-service-group-14, groupId=materia-service-group] Bootstrap broker localhost:9092 (id: -1 rack: null) disconnected
2025-05-17T13:56:30.985-06:00  INFO 19000 --- [proyecto-access-1] [tainer#11-0-C-1] org.apache.kafka.clients.NetworkClient   : [Consumer clientId=consumer-materia-service-group-12, groupId=materia-service-group] Node -1 disconnected.
2025-05-17T13:56:30.984-06:00  INFO 19000 --- [proyecto-access-1] [tainer#13-0-C-1] org.apache.kafka.clients.NetworkClient   : [Consumer clientId=consumer-materia-service-group-20, groupId=materia-service-group] Node -1 disconnected.
2025-05-17T13:56:30.993-06:00  WARN 19000 --- [proyecto-access-1] [tainer#13-0-C-1] org.apache.kafka.clients.NetworkClient   : [Consumer clientId=consumer-materia-service-group-20, groupId=materia-service-group] Connection to node -1 (localhost/127.0.0.1:9092) could not be established. Node may not be available.
2025-05-17T13:56:30.994-06:00  INFO 19000 --- [proyecto-access-1] [ntainer#2-0-C-1] org.apache.kafka.clients.NetworkClient   : [Consumer clientId=consumer-materia-service-group-5, groupId=materia-service-group] Node -1 disconnected.
2025-05-17T13:56:30.994-06:00  WARN 19000 --- [proyecto-access-1] [tainer#13-0-C-1] org.apache.kafka.clients.NetworkClient   : [Consumer clientId=consumer-materia-service-group-20, groupId=materia-service-group] Bootstrap broker localhost:9092 (id: -1 rack: null) disconnected
2025-05-17T13:56:30.995-06:00  WARN 19000 --- [proyecto-access-1] [ntainer#2-0-C-1] org.apache.kafka.clients.NetworkClient   : [Consumer clientId=consumer-materia-service-group-5, groupId=materia-service-group] Connection to node -1 (localhost/127.0.0.1:9092) could not be established. Node may not be available.
2025-05-17T13:56:30.996-06:00  WARN 19000 --- [proyecto-access-1] [ntainer#2-0-C-1] org.apache.kafka.clients.NetworkClient   : [Consumer clientId=consumer-materia-service-group-5, groupId=materia-service-group] Bootstrap broker localhost:9092 (id: -1 rack: null) disconnected
2025-05-17T13:56:30.996-06:00  INFO 19000 --- [proyecto-access-1] [tainer#19-0-C-1] org.apache.kafka.clients.NetworkClient   : [Consumer clientId=consumer-materia-service-group-9, groupId=materia-service-group] Node -1 disconnected.
2025-05-17T13:56:30.997-06:00  INFO 19000 --- [proyecto-access-1] [ntainer#5-0-C-1] org.apache.kafka.clients.NetworkClient   : [Consumer clientId=consumer-materia-service-group-8, groupId=materia-service-group] Node -1 disconnected.
2025-05-17T13:56:30.997-06:00  WARN 19000 --- [proyecto-access-1] [tainer#19-0-C-1] org.apache.kafka.clients.NetworkClient   : [Consumer clientId=consumer-materia-service-group-9, groupId=materia-service-group] Connection to node -1 (localhost/127.0.0.1:9092) could not be established. Node may not be available.
2025-05-17T13:56:30.997-06:00  WARN 19000 --- [proyecto-access-1] [ntainer#5-0-C-1] org.apache.kafka.clients.NetworkClient   : [Consumer clientId=consumer-materia-service-group-8, groupId=materia-service-group] Connection to node -1 (localhost/127.0.0.1:9092) could not be established. Node may not be available.
2025-05-17T13:56:30.997-06:00  WARN 19000 --- [proyecto-access-1] [tainer#19-0-C-1] org.apache.kafka.clients.NetworkClient   : [Consumer clientId=consumer-materia-service-group-9, groupId=materia-service-group] Bootstrap broker localhost:9092 (id: -1 rack: null) disconnected
2025-05-17T13:56:30.997-06:00  WARN 19000 --- [proyecto-access-1] [ntainer#5-0-C-1] org.apache.kafka.clients.NetworkClient   : [Consumer clientId=consumer-materia-service-group-8, groupId=materia-service-group] Bootstrap broker localhost:9092 (id: -1 rack: null) disconnected
2025-05-17T13:56:30.998-06:00  INFO 19000 --- [proyecto-access-1] [tainer#10-0-C-1] org.apache.kafka.clients.NetworkClient   : [Consumer clientId=consumer-materia-service-group-17, groupId=materia-service-group] Node -1 disconnected.
2025-05-17T13:56:30.998-06:00  WARN 19000 --- [proyecto-access-1] [tainer#11-0-C-1] org.apache.kafka.clients.NetworkClient   : [Consumer clientId=consumer-materia-service-group-12, groupId=materia-service-group] Connection to node -1 (localhost/127.0.0.1:9092) could not be established. Node may not be available.
2025-05-17T13:56:30.998-06:00  WARN 19000 --- [proyecto-access-1] [tainer#11-0-C-1] org.apache.kafka.clients.NetworkClient   : [Consumer clientId=consumer-materia-service-group-12, groupId=materia-service-group] Bootstrap broker localhost:9092 (id: -1 rack: null) disconnected
2025-05-17T13:56:30.998-06:00  WARN 19000 --- [proyecto-access-1] [tainer#10-0-C-1] org.apache.kafka.clients.NetworkClient   : [Consumer clientId=consumer-materia-service-group-17, groupId=materia-service-group] Connection to node -1 (localhost/127.0.0.1:9092) could not be established. Node may not be available.
2025-05-17T13:56:30.998-06:00  WARN 19000 --- [proyecto-access-1] [tainer#10-0-C-1] org.apache.kafka.clients.NetworkClient   : [Consumer clientId=consumer-materia-service-group-17, groupId=materia-service-group] Bootstrap broker localhost:9092 (id: -1 rack: null) disconnected
2025-05-17T13:56:30.998-06:00  INFO 19000 --- [proyecto-access-1] [ntainer#6-0-C-1] org.apache.kafka.clients.NetworkClient   : [Consumer clientId=consumer-materia-service-group-1, groupId=materia-service-group] Node -1 disconnected.
2025-05-17T13:56:30.999-06:00  INFO 19000 --- [proyecto-access-1] [ntainer#3-0-C-1] org.apache.kafka.clients.NetworkClient   : [Consumer clientId=consumer-materia-service-group-6, groupId=materia-service-group] Node -1 disconnected.
2025-05-17T13:56:31.000-06:00  WARN 19000 --- [proyecto-access-1] [ntainer#3-0-C-1] org.apache.kafka.clients.NetworkClient   : [Consumer clientId=consumer-materia-service-group-6, groupId=materia-service-group] Connection to node -1 (localhost/127.0.0.1:9092) could not be established. Node may not be available.
2025-05-17T13:56:31.000-06:00  INFO 19000 --- [proyecto-access-1] [tainer#17-0-C-1] org.apache.kafka.clients.NetworkClient   : [Consumer clientId=consumer-materia-service-group-10, groupId=materia-service-group] Node -1 disconnected.
2025-05-17T13:56:31.000-06:00  INFO 19000 --- [proyecto-access-1] [ntainer#1-0-C-1] org.apache.kafka.clients.NetworkClient   : [Consumer clientId=consumer-materia-service-group-16, groupId=materia-service-group] Node -1 disconnected.
2025-05-17T13:56:31.000-06:00  WARN 19000 --- [proyecto-access-1] [tainer#17-0-C-1] org.apache.kafka.clients.NetworkClient   : [Consumer clientId=consumer-materia-service-group-10, groupId=materia-service-group] Connection to node -1 (localhost/127.0.0.1:9092) could not be established. Node may not be available.
2025-05-17T13:56:31.000-06:00  INFO 19000 --- [proyecto-access-1] [tainer#20-0-C-1] org.apache.kafka.clients.NetworkClient   : [Consumer clientId=consumer-materia-service-group-15, groupId=materia-service-group] Node -1 disconnected.
2025-05-17T13:56:31.000-06:00  WARN 19000 --- [proyecto-access-1] [tainer#17-0-C-1] org.apache.kafka.clients.NetworkClient   : [Consumer clientId=consumer-materia-service-group-10, groupId=materia-service-group] Bootstrap broker localhost:9092 (id: -1 rack: null) disconnected
2025-05-17T13:56:31.000-06:00  WARN 19000 --- [proyecto-access-1] [ntainer#3-0-C-1] org.apache.kafka.clients.NetworkClient   : [Consumer clientId=consumer-materia-service-group-6, groupId=materia-service-group] Bootstrap broker localhost:9092 (id: -1 rack: null) disconnected
2025-05-17T13:56:31.000-06:00  WARN 19000 --- [proyecto-access-1] [ntainer#6-0-C-1] org.apache.kafka.clients.NetworkClient   : [Consumer clientId=consumer-materia-service-group-1, groupId=materia-service-group] Connection to node -1 (localhost/127.0.0.1:9092) could not be established. Node may not be available.
2025-05-17T13:56:31.000-06:00  WARN 19000 --- [proyecto-access-1] [ntainer#1-0-C-1] org.apache.kafka.clients.NetworkClient   : [Consumer clientId=consumer-materia-service-group-16, groupId=materia-service-group] Connection to node -1 (localhost/127.0.0.1:9092) could not be established. Node may not be available.
2025-05-17T13:56:31.001-06:00  WARN 19000 --- [proyecto-access-1] [tainer#20-0-C-1] org.apache.kafka.clients.NetworkClient   : [Consumer clientId=consumer-materia-service-group-15, groupId=materia-service-group] Connection to node -1 (localhost/127.0.0.1:9092) could not be established. Node may not be available.
2025-05-17T13:56:31.001-06:00  INFO 19000 --- [proyecto-access-1] [tainer#14-0-C-1] org.apache.kafka.clients.NetworkClient   : [Consumer clientId=consumer-materia-service-group-21, groupId=materia-service-group] Node -1 disconnected.
2025-05-17T13:56:31.001-06:00  WARN 19000 --- [proyecto-access-1] [ntainer#1-0-C-1] org.apache.kafka.clients.NetworkClient   : [Consumer clientId=consumer-materia-service-group-16, groupId=materia-service-group] Bootstrap broker localhost:9092 (id: -1 rack: null) disconnected
2025-05-17T13:56:31.001-06:00  INFO 19000 --- [proyecto-access-1] [ntainer#9-0-C-1] org.apache.kafka.clients.NetworkClient   : [Consumer clientId=consumer-materia-service-group-4, groupId=materia-service-group] Node -1 disconnected.
2025-05-17T13:56:31.001-06:00  WARN 19000 --- [proyecto-access-1] [ntainer#6-0-C-1] org.apache.kafka.clients.NetworkClient   : [Consumer clientId=consumer-materia-service-group-1, groupId=materia-service-group] Bootstrap broker localhost:9092 (id: -1 rack: null) disconnected
2025-05-17T13:56:31.001-06:00  WARN 19000 --- [proyecto-access-1] [tainer#20-0-C-1] org.apache.kafka.clients.NetworkClient   : [Consumer clientId=consumer-materia-service-group-15, groupId=materia-service-group] Bootstrap broker localhost:9092 (id: -1 rack: null) disconnected
2025-05-17T13:56:31.002-06:00  WARN 19000 --- [proyecto-access-1] [tainer#14-0-C-1] org.apache.kafka.clients.NetworkClient   : [Consumer clientId=consumer-materia-service-group-21, groupId=materia-service-group] Connection to node -1 (localhost/127.0.0.1:9092) could not be established. Node may not be available.
2025-05-17T13:56:31.002-06:00  WARN 19000 --- [proyecto-access-1] [ntainer#9-0-C-1] org.apache.kafka.clients.NetworkClient   : [Consumer clientId=consumer-materia-service-group-4, groupId=materia-service-group] Connection to node -1 (localhost/127.0.0.1:9092) could not be established. Node may not be available.
2025-05-17T13:56:31.002-06:00  WARN 19000 --- [proyecto-access-1] [tainer#14-0-C-1] org.apache.kafka.clients.NetworkClient   : [Consumer clientId=consumer-materia-service-group-21, groupId=materia-service-group] Bootstrap broker localhost:9092 (id: -1 rack: null) disconnected
2025-05-17T13:56:31.002-06:00  WARN 19000 --- [proyecto-access-1] [ntainer#9-0-C-1] org.apache.kafka.clients.NetworkClient   : [Consumer clientId=consumer-materia-service-group-4, groupId=materia-service-group] Bootstrap broker localhost:9092 (id: -1 rack: null) disconnected
2025-05-17T13:56:31.002-06:00  INFO 19000 --- [proyecto-access-1] [ntainer#4-0-C-1] org.apache.kafka.clients.NetworkClient   : [Consumer clientId=consumer-materia-service-group-7, groupId=materia-service-group] Node -1 disconnected.
2025-05-17T13:56:31.002-06:00  WARN 19000 --- [proyecto-access-1] [ntainer#4-0-C-1] org.apache.kafka.clients.NetworkClient   : [Consumer clientId=consumer-materia-service-group-7, groupId=materia-service-group] Connection to node -1 (localhost/127.0.0.1:9092) could not be established. Node may not be available.
2025-05-17T13:56:31.002-06:00  WARN 19000 --- [proyecto-access-1] [ntainer#4-0-C-1] org.apache.kafka.clients.NetworkClient   : [Consumer clientId=consumer-materia-service-group-7, groupId=materia-service-group] Bootstrap broker localhost:9092 (id: -1 rack: null) disconnected
2025-05-17T13:56:31.003-06:00  INFO 19000 --- [proyecto-access-1] [tainer#12-0-C-1] org.apache.kafka.clients.NetworkClient   : [Consumer clientId=consumer-materia-service-group-13, groupId=materia-service-group] Node -1 disconnected.
2025-05-17T13:56:31.003-06:00  WARN 19000 --- [proyecto-access-1] [tainer#12-0-C-1] org.apache.kafka.clients.NetworkClient   : [Consumer clientId=consumer-materia-service-group-13, groupId=materia-service-group] Connection to node -1 (localhost/127.0.0.1:9092) could not be established. Node may not be available.
2025-05-17T13:56:31.003-06:00  WARN 19000 --- [proyecto-access-1] [tainer#12-0-C-1] org.apache.kafka.clients.NetworkClient   : [Consumer clientId=consumer-materia-service-group-13, groupId=materia-service-group] Bootstrap broker localhost:9092 (id: -1 rack: null) disconnected
2025-05-17T13:56:31.004-06:00  INFO 19000 --- [proyecto-access-1] [tainer#15-0-C-1] org.apache.kafka.clients.NetworkClient   : [Consumer clientId=consumer-materia-service-group-18, groupId=materia-service-group] Node -1 disconnected.
2025-05-17T13:56:31.005-06:00  WARN 19000 --- [proyecto-access-1] [tainer#15-0-C-1] org.apache.kafka.clients.NetworkClient   : [Consumer clientId=consumer-materia-service-group-18, groupId=materia-service-group] Connection to node -1 (localhost/127.0.0.1:9092) could not be established. Node may not be available.
2025-05-17T13:56:31.006-06:00  WARN 19000 --- [proyecto-access-1] [tainer#15-0-C-1] org.apache.kafka.clients.NetworkClient   : [Consumer clientId=consumer-materia-service-group-18, groupId=materia-service-group] Bootstrap broker localhost:9092 (id: -1 rack: null) disconnected
2025-05-17T13:56:31.085-06:00  INFO 19000 --- [proyecto-access-1] [tainer#16-0-C-1] org.apache.kafka.clients.NetworkClient   : [Consumer clientId=consumer-materia-service-group-19, groupId=materia-service-group] Node -1 disconnected.
2025-05-17T13:56:31.087-06:00  INFO 19000 --- [proyecto-access-1] [ntainer#7-0-C-1] org.apache.kafka.clients.NetworkClient   : [Consumer clientId=consumer-materia-service-group-2, groupId=materia-service-group] Node -1 disconnected.
2025-05-17T13:56:31.087-06:00  INFO 19000 --- [proyecto-access-1] [tainer#18-0-C-1] org.apache.kafka.clients.NetworkClient   : [Consumer clientId=consumer-materia-service-group-11, groupId=materia-service-group] Node -1 disconnected.
2025-05-17T13:56:31.087-06:00  WARN 19000 --- [proyecto-access-1] [ntainer#7-0-C-1] org.apache.kafka.clients.NetworkClient   : [Consumer clientId=consumer-materia-service-group-2, groupId=materia-service-group] Connection to node -1 (localhost/127.0.0.1:9092) could not be established. Node may not be available.
2025-05-17T13:56:31.087-06:00  WARN 19000 --- [proyecto-access-1] [ntainer#7-0-C-1] org.apache.kafka.clients.NetworkClient   : [Consumer clientId=consumer-materia-service-group-2, groupId=materia-service-group] Bootstrap broker localhost:9092 (id: -1 rack: null) disconnected
2025-05-17T13:56:31.087-06:00  WARN 19000 --- [proyecto-access-1] [tainer#18-0-C-1] org.apache.kafka.clients.NetworkClient   : [Consumer clientId=consumer-materia-service-group-11, groupId=materia-service-group] Connection to node -1 (localhost/127.0.0.1:9092) could not be established. Node may not be available.
2025-05-17T13:56:31.089-06:00  WARN 19000 --- [proyecto-access-1] [tainer#18-0-C-1] org.apache.kafka.clients.NetworkClient   : [Consumer clientId=consumer-materia-service-group-11, groupId=materia-service-group] Bootstrap broker localhost:9092 (id: -1 rack: null) disconnected
2025-05-17T13:56:31.087-06:00  WARN 19000 --- [proyecto-access-1] [tainer#16-0-C-1] org.apache.kafka.clients.NetworkClient   : [Consumer clientId=consumer-materia-service-group-19, groupId=materia-service-group] Connection to node -1 (localhost/127.0.0.1:9092) could not be established. Node may not be available.
2025-05-17T13:56:31.089-06:00  WARN 19000 --- [proyecto-access-1] [tainer#16-0-C-1] org.apache.kafka.clients.NetworkClient   : [Consumer clientId=consumer-materia-service-group-19, groupId=materia-service-group] Bootstrap broker localhost:9092 (id: -1 rack: null) disconnected
2025-05-17T13:56:31.104-06:00  INFO 19000 --- [proyecto-access-1] [tainer#13-0-C-1] org.apache.kafka.clients.NetworkClient   : [Consumer clientId=consumer-materia-service-group-20, groupId=materia-service-group] Node -1 disconnected.
2025-05-17T13:56:31.105-06:00  INFO 19000 --- [proyecto-access-1] [ntainer#2-0-C-1] org.apache.kafka.clients.NetworkClient   : [Consumer clientId=consumer-materia-service-group-5, groupId=materia-service-group] Node -1 disconnected.
2025-05-17T13:56:31.105-06:00  INFO 19000 --- [proyecto-access-1] [ntainer#0-0-C-1] org.apache.kafka.clients.NetworkClient   : [Consumer clientId=consumer-materia-service-group-14, groupId=materia-service-group] Node -1 disconnected.
2025-05-17T13:56:31.105-06:00  INFO 19000 --- [proyecto-access-1] [ntainer#8-0-C-1] org.apache.kafka.clients.NetworkClient   : [Consumer clientId=consumer-materia-service-group-3, groupId=materia-service-group] Node -1 disconnected.
2025-05-17T13:56:31.105-06:00  WARN 19000 --- [proyecto-access-1] [ntainer#0-0-C-1] org.apache.kafka.clients.NetworkClient   : [Consumer clientId=consumer-materia-service-group-14, groupId=materia-service-group] Connection to node -1 (localhost/127.0.0.1:9092) could not be established. Node may not be available.
2025-05-17T13:56:31.105-06:00  WARN 19000 --- [proyecto-access-1] [ntainer#8-0-C-1] org.apache.kafka.clients.NetworkClient   : [Consumer clientId=consumer-materia-service-group-3, groupId=materia-service-group] Connection to node -1 (localhost/127.0.0.1:9092) could not be established. Node may not be available.
2025-05-17T13:56:31.105-06:00  WARN 19000 --- [proyecto-access-1] [tainer#13-0-C-1] org.apache.kafka.clients.NetworkClient   : [Consumer clientId=consumer-materia-service-group-20, groupId=materia-service-group] Connection to node -1 (localhost/127.0.0.1:9092) could not be established. Node may not be available.
2025-05-17T13:56:31.105-06:00  WARN 19000 --- [proyecto-access-1] [ntainer#0-0-C-1] org.apache.kafka.clients.NetworkClient   : [Consumer clientId=consumer-materia-service-group-14, groupId=materia-service-group] Bootstrap broker localhost:9092 (id: -1 rack: null) disconnected
2025-05-17T13:56:31.105-06:00  WARN 19000 --- [proyecto-access-1] [tainer#13-0-C-1] org.apache.kafka.clients.NetworkClient   : [Consumer clientId=consumer-materia-service-group-20, groupId=materia-service-group] Bootstrap broker localhost:9092 (id: -1 rack: null) disconnected
2025-05-17T13:56:31.105-06:00  WARN 19000 --- [proyecto-access-1] [ntainer#8-0-C-1] org.apache.kafka.clients.NetworkClient   : [Consumer clientId=consumer-materia-service-group-3, groupId=materia-service-group] Bootstrap broker localhost:9092 (id: -1 rack: null) disconnected
2025-05-17T13:56:31.105-06:00  WARN 19000 --- [proyecto-access-1] [ntainer#2-0-C-1] org.apache.kafka.clients.NetworkClient   : [Consumer clientId=consumer-materia-service-group-5, groupId=materia-service-group] Connection to node -1 (localhost/127.0.0.1:9092) could not be established. Node may not be available.
2025-05-17T13:56:31.107-06:00  WARN 19000 --- [proyecto-access-1] [ntainer#2-0-C-1] org.apache.kafka.clients.NetworkClient   : [Consumer clientId=consumer-materia-service-group-5, groupId=materia-service-group] Bootstrap broker localhost:9092 (id: -1 rack: null) disconnected
2025-05-17T13:56:31.115-06:00  INFO 19000 --- [proyecto-access-1] [ntainer#6-0-C-1] org.apache.kafka.clients.NetworkClient   : [Consumer clientId=consumer-materia-service-group-1, groupId=materia-service-group] Node -1 disconnected.
2025-05-17T13:56:31.115-06:00  INFO 19000 --- [proyecto-access-1] [ntainer#1-0-C-1] org.apache.kafka.clients.NetworkClient   : [Consumer clientId=consumer-materia-service-group-16, groupId=materia-service-group] Node -1 disconnected.
2025-05-17T13:56:31.115-06:00  WARN 19000 --- [proyecto-access-1] [ntainer#6-0-C-1] org.apache.kafka.clients.NetworkClient   : [Consumer clientId=consumer-materia-service-group-1, groupId=materia-service-group] Connection to node -1 (localhost/127.0.0.1:9092) could not be established. Node may not be available.
2025-05-17T13:56:31.115-06:00  INFO 19000 --- [proyecto-access-1] [tainer#11-0-C-1] org.apache.kafka.clients.NetworkClient   : [Consumer clientId=consumer-materia-service-group-12, groupId=materia-service-group] Node -1 disconnected.
2025-05-17T13:56:31.115-06:00  WARN 19000 --- [proyecto-access-1] [ntainer#6-0-C-1] org.apache.kafka.clients.NetworkClient   : [Consumer clientId=consumer-materia-service-group-1, groupId=materia-service-group] Bootstrap broker localhost:9092 (id: -1 rack: null) disconnected
2025-05-17T13:56:31.115-06:00  WARN 19000 --- [proyecto-access-1] [ntainer#1-0-C-1] org.apache.kafka.clients.NetworkClient   : [Consumer clientId=consumer-materia-service-group-16, groupId=materia-service-group] Connection to node -1 (localhost/127.0.0.1:9092) could not be established. Node may not be available.
2025-05-17T13:56:31.115-06:00  WARN 19000 --- [proyecto-access-1] [tainer#11-0-C-1] org.apache.kafka.clients.NetworkClient   : [Consumer clientId=consumer-materia-service-group-12, groupId=materia-service-group] Connection to node -1 (localhost/127.0.0.1:9092) could not be established. Node may not be available.
2025-05-17T13:56:31.116-06:00  WARN 19000 --- [proyecto-access-1] [ntainer#1-0-C-1] org.apache.kafka.clients.NetworkClient   : [Consumer clientId=consumer-materia-service-group-16, groupId=materia-service-group] Bootstrap broker localhost:9092 (id: -1 rack: null) disconnected
2025-05-17T13:56:31.117-06:00  WARN 19000 --- [proyecto-access-1] [tainer#11-0-C-1] org.apache.kafka.clients.NetworkClient   : [Consumer clientId=consumer-materia-service-group-12, groupId=materia-service-group] Bootstrap broker localhost:9092 (id: -1 rack: null) disconnected
2025-05-17T13:56:31.117-06:00  INFO 19000 --- [proyecto-access-1] [tainer#14-0-C-1] org.apache.kafka.clients.NetworkClient   : [Consumer clientId=consumer-materia-service-group-21, groupId=materia-service-group] Node -1 disconnected.
2025-05-17T13:56:31.118-06:00  WARN 19000 --- [proyecto-access-1] [tainer#14-0-C-1] org.apache.kafka.clients.NetworkClient   : [Consumer clientId=consumer-materia-service-group-21, groupId=materia-service-group] Connection to node -1 (localhost/127.0.0.1:9092) could not be established. Node may not be available.
2025-05-17T13:56:31.118-06:00  INFO 19000 --- [proyecto-access-1] [tainer#20-0-C-1] org.apache.kafka.clients.NetworkClient   : [Consumer clientId=consumer-materia-service-group-15, groupId=materia-service-group] Node -1 disconnected.
2025-05-17T13:56:31.118-06:00  WARN 19000 --- [proyecto-access-1] [tainer#20-0-C-1] org.apache.kafka.clients.NetworkClient   : [Consumer clientId=consumer-materia-service-group-15, groupId=materia-service-group] Connection to node -1 (localhost/127.0.0.1:9092) could not be established. Node may not be available.
2025-05-17T13:56:31.118-06:00  WARN 19000 --- [proyecto-access-1] [tainer#20-0-C-1] org.apache.kafka.clients.NetworkClient   : [Consumer clientId=consumer-materia-service-group-15, groupId=materia-service-group] Bootstrap broker localhost:9092 (id: -1 rack: null) disconnected
2025-05-17T13:56:31.119-06:00  INFO 19000 --- [proyecto-access-1] [ntainer#9-0-C-1] org.apache.kafka.clients.NetworkClient   : [Consumer clientId=consumer-materia-service-group-4, groupId=materia-service-group] Node -1 disconnected.
2025-05-17T13:56:31.119-06:00  WARN 19000 --- [proyecto-access-1] [ntainer#9-0-C-1] org.apache.kafka.clients.NetworkClient   : [Consumer clientId=consumer-materia-service-group-4, groupId=materia-service-group] Connection to node -1 (localhost/127.0.0.1:9092) could not be established. Node may not be available.
2025-05-17T13:56:31.119-06:00  WARN 19000 --- [proyecto-access-1] [tainer#14-0-C-1] org.apache.kafka.clients.NetworkClient   : [Consumer clientId=consumer-materia-service-group-21, groupId=materia-service-group] Bootstrap broker localhost:9092 (id: -1 rack: null) disconnected
2025-05-17T13:56:31.119-06:00  INFO 19000 --- [proyecto-access-1] [tainer#17-0-C-1] org.apache.kafka.clients.NetworkClient   : [Consumer clientId=consumer-materia-service-group-10, groupId=materia-service-group] Node -1 disconnected.
2025-05-17T13:56:31.119-06:00  WARN 19000 --- [proyecto-access-1] [ntainer#9-0-C-1] org.apache.kafka.clients.NetworkClient   : [Consumer clientId=consumer-materia-service-group-4, groupId=materia-service-group] Bootstrap broker localhost:9092 (id: -1 rack: null) disconnected
2025-05-17T13:56:31.119-06:00  WARN 19000 --- [proyecto-access-1] [tainer#17-0-C-1] org.apache.kafka.clients.NetworkClient   : [Consumer clientId=consumer-materia-service-group-10, groupId=materia-service-group] Connection to node -1 (localhost/127.0.0.1:9092) could not be established. Node may not be available.
2025-05-17T13:56:31.119-06:00  INFO 19000 --- [proyecto-access-1] [ntainer#5-0-C-1] org.apache.kafka.clients.NetworkClient   : [Consumer clientId=consumer-materia-service-group-8, groupId=materia-service-group] Node -1 disconnected.
2025-05-17T13:56:31.120-06:00  WARN 19000 --- [proyecto-access-1] [ntainer#5-0-C-1] org.apache.kafka.clients.NetworkClient   : [Consumer clientId=consumer-materia-service-group-8, groupId=materia-service-group] Connection to node -1 (localhost/127.0.0.1:9092) could not be established. Node may not be available.
2025-05-17T13:56:31.120-06:00  WARN 19000 --- [proyecto-access-1] [tainer#17-0-C-1] org.apache.kafka.clients.NetworkClient   : [Consumer clientId=consumer-materia-service-group-10, groupId=materia-service-group] Bootstrap broker localhost:9092 (id: -1 rack: null) disconnected
2025-05-17T13:56:31.120-06:00  WARN 19000 --- [proyecto-access-1] [ntainer#5-0-C-1] org.apache.kafka.clients.NetworkClient   : [Consumer clientId=consumer-materia-service-group-8, groupId=materia-service-group] Bootstrap broker localhost:9092 (id: -1 rack: null) disconnected
2025-05-17T13:56:31.120-06:00  INFO 19000 --- [proyecto-access-1] [tainer#19-0-C-1] org.apache.kafka.clients.NetworkClient   : [Consumer clientId=consumer-materia-service-group-9, groupId=materia-service-group] Node -1 disconnected.
2025-05-17T13:56:31.121-06:00  WARN 19000 --- [proyecto-access-1] [tainer#19-0-C-1] org.apache.kafka.clients.NetworkClient   : [Consumer clientId=consumer-materia-service-group-9, groupId=materia-service-group] Connection to node -1 (localhost/127.0.0.1:9092) could not be established. Node may not be available.
2025-05-17T13:56:31.121-06:00  WARN 19000 --- [proyecto-access-1] [tainer#19-0-C-1] org.apache.kafka.clients.NetworkClient   : [Consumer clientId=consumer-materia-service-group-9, groupId=materia-service-group] Bootstrap broker localhost:9092 (id: -1 rack: null) disconnected
2025-05-17T13:56:31.121-06:00  INFO 19000 --- [proyecto-access-1] [tainer#10-0-C-1] org.apache.kafka.clients.NetworkClient   : [Consumer clientId=consumer-materia-service-group-17, groupId=materia-service-group] Node -1 disconnected.
2025-05-17T13:56:31.121-06:00  WARN 19000 --- [proyecto-access-1] [tainer#10-0-C-1] org.apache.kafka.clients.NetworkClient   : [Consumer clientId=consumer-materia-service-group-17, groupId=materia-service-group] Connection to node -1 (localhost/127.0.0.1:9092) could not be established. Node may not be available.
2025-05-17T13:56:31.121-06:00  WARN 19000 --- [proyecto-access-1] [tainer#10-0-C-1] org.apache.kafka.clients.NetworkClient   : [Consumer clientId=consumer-materia-service-group-17, groupId=materia-service-group] Bootstrap broker localhost:9092 (id: -1 rack: null) disconnected
2025-05-17T13:56:31.131-06:00  INFO 19000 --- [proyecto-access-1] [tainer#15-0-C-1] org.apache.kafka.clients.NetworkClient   : [Consumer clientId=consumer-materia-service-group-18, groupId=materia-service-group] Node -1 disconnected.
2025-05-17T13:56:31.132-06:00  WARN 19000 --- [proyecto-access-1] [tainer#15-0-C-1] org.apache.kafka.clients.NetworkClient   : [Consumer clientId=consumer-materia-service-group-18, groupId=materia-service-group] Connection to node -1 (localhost/127.0.0.1:9092) could not be established. Node may not be available.
2025-05-17T13:56:31.132-06:00  WARN 19000 --- [proyecto-access-1] [tainer#15-0-C-1] org.apache.kafka.clients.NetworkClient   : [Consumer clientId=consumer-materia-service-group-18, groupId=materia-service-group] Bootstrap broker localhost:9092 (id: -1 rack: null) disconnected
2025-05-17T13:56:31.132-06:00  INFO 19000 --- [proyecto-access-1] [tainer#12-0-C-1] org.apache.kafka.clients.NetworkClient   : [Consumer clientId=consumer-materia-service-group-13, groupId=materia-service-group] Node -1 disconnected.
2025-05-17T13:56:31.132-06:00  WARN 19000 --- [proyecto-access-1] [tainer#12-0-C-1] org.apache.kafka.clients.NetworkClient   : [Consumer clientId=consumer-materia-service-group-13, groupId=materia-service-group] Connection to node -1 (localhost/127.0.0.1:9092) could not be established. Node may not be available.
2025-05-17T13:56:31.133-06:00  WARN 19000 --- [proyecto-access-1] [tainer#12-0-C-1] org.apache.kafka.clients.NetworkClient   : [Consumer clientId=consumer-materia-service-group-13, groupId=materia-service-group] Bootstrap broker localhost:9092 (id: -1 rack: null) disconnected
2025-05-17T13:56:31.176-06:00  INFO 19000 --- [proyecto-access-1] [ntainer#3-0-C-1] org.apache.kafka.clients.NetworkClient   : [Consumer clientId=consumer-materia-service-group-6, groupId=materia-service-group] Node -1 disconnected.
2025-05-17T13:56:31.176-06:00  INFO 19000 --- [proyecto-access-1] [ntainer#4-0-C-1] org.apache.kafka.clients.NetworkClient   : [Consumer clientId=consumer-materia-service-group-7, groupId=materia-service-group] Node -1 disconnected.
2025-05-17T13:56:31.176-06:00  WARN 19000 --- [proyecto-access-1] [ntainer#3-0-C-1] org.apache.kafka.clients.NetworkClient   : [Consumer clientId=consumer-materia-service-group-6, groupId=materia-service-group] Connection to node -1 (localhost/127.0.0.1:9092) could not be established. Node may not be available.
2025-05-17T13:56:31.176-06:00  WARN 19000 --- [proyecto-access-1] [ntainer#4-0-C-1] org.apache.kafka.clients.NetworkClient   : [Consumer clientId=consumer-materia-service-group-7, groupId=materia-service-group] Connection to node -1 (localhost/127.0.0.1:9092) could not be established. Node may not be available.
2025-05-17T13:56:31.176-06:00  WARN 19000 --- [proyecto-access-1] [ntainer#3-0-C-1] org.apache.kafka.clients.NetworkClient   : [Consumer clientId=consumer-materia-service-group-6, groupId=materia-service-group] Bootstrap broker localhost:9092 (id: -1 rack: null) disconnected
2025-05-17T13:56:31.177-06:00  WARN 19000 --- [proyecto-access-1] [ntainer#4-0-C-1] org.apache.kafka.clients.NetworkClient   : [Consumer clientId=consumer-materia-service-group-7, groupId=materia-service-group] Bootstrap broker localhost:9092 (id: -1 rack: null) disconnected
2025-05-17T13:56:31.313-06:00  INFO 19000 --- [proyecto-access-1] [ntainer#7-0-C-1] org.apache.kafka.clients.NetworkClient   : [Consumer clientId=consumer-materia-service-group-2, groupId=materia-service-group] Node -1 disconnected.
2025-05-17T13:56:31.313-06:00  WARN 19000 --- [proyecto-access-1] [ntainer#7-0-C-1] org.apache.kafka.clients.NetworkClient   : [Consumer clientId=consumer-materia-service-group-2, groupId=materia-service-group] Connection to node -1 (localhost/127.0.0.1:9092) could not be established. Node may not be available.
2025-05-17T13:56:31.313-06:00  WARN 19000 --- [proyecto-access-1] [ntainer#7-0-C-1] org.apache.kafka.clients.NetworkClient   : [Consumer clientId=consumer-materia-service-group-2, groupId=materia-service-group] Bootstrap broker localhost:9092 (id: -1 rack: null) disconnected
2025-05-17T13:56:31.313-06:00  INFO 19000 --- [proyecto-access-1] [tainer#10-0-C-1] org.apache.kafka.clients.NetworkClient   : [Consumer clientId=consumer-materia-service-group-17, groupId=materia-service-group] Node -1 disconnected.
2025-05-17T13:56:31.316-06:00  WARN 19000 --- [proyecto-access-1] [tainer#10-0-C-1] org.apache.kafka.clients.NetworkClient   : [Consumer clientId=consumer-materia-service-group-17, groupId=materia-service-group] Connection to node -1 (localhost/127.0.0.1:9092) could not be established. Node may not be available.
2025-05-17T13:56:31.317-06:00  WARN 19000 --- [proyecto-access-1] [tainer#10-0-C-1] org.apache.kafka.clients.NetworkClient   : [Consumer clientId=consumer-materia-service-group-17, groupId=materia-service-group] Bootstrap broker localhost:9092 (id: -1 rack: null) disconnected
2025-05-17T13:56:31.317-06:00  INFO 19000 --- [proyecto-access-1] [ntainer#2-0-C-1] org.apache.kafka.clients.NetworkClient   : [Consumer clientId=consumer-materia-service-group-5, groupId=materia-service-group] Node -1 disconnected.
2025-05-17T13:56:31.318-06:00  WARN 19000 --- [proyecto-access-1] [ntainer#2-0-C-1] org.apache.kafka.clients.NetworkClient   : [Consumer clientId=consumer-materia-service-group-5, groupId=materia-service-group] Connection to node -1 (localhost/127.0.0.1:9092) could not be established. Node may not be available.
2025-05-17T13:56:31.318-06:00  WARN 19000 --- [proyecto-access-1] [ntainer#2-0-C-1] org.apache.kafka.clients.NetworkClient   : [Consumer clientId=consumer-materia-service-group-5, groupId=materia-service-group] Bootstrap broker localhost:9092 (id: -1 rack: null) disconnected
2025-05-17T13:56:31.318-06:00  INFO 19000 --- [proyecto-access-1] [tainer#13-0-C-1] org.apache.kafka.clients.NetworkClient   : [Consumer clientId=consumer-materia-service-group-20, groupId=materia-service-group] Node -1 disconnected.
2025-05-17T13:56:31.318-06:00  WARN 19000 --- [proyecto-access-1] [tainer#13-0-C-1] org.apache.kafka.clients.NetworkClient   : [Consumer clientId=consumer-materia-service-group-20, groupId=materia-service-group] Connection to node -1 (localhost/127.0.0.1:9092) could not be established. Node may not be available.
2025-05-17T13:56:31.318-06:00  WARN 19000 --- [proyecto-access-1] [tainer#13-0-C-1] org.apache.kafka.clients.NetworkClient   : [Consumer clientId=consumer-materia-service-group-20, groupId=materia-service-group] Bootstrap broker localhost:9092 (id: -1 rack: null) disconnected
2025-05-17T13:56:31.330-06:00  INFO 19000 --- [proyecto-access-1] [ntainer#0-0-C-1] org.apache.kafka.clients.NetworkClient   : [Consumer clientId=consumer-materia-service-group-14, groupId=materia-service-group] Node -1 disconnected.
2025-05-17T13:56:31.330-06:00  INFO 19000 --- [proyecto-access-1] [tainer#18-0-C-1] org.apache.kafka.clients.NetworkClient   : [Consumer clientId=consumer-materia-service-group-11, groupId=materia-service-group] Node -1 disconnected.
2025-05-17T13:56:31.331-06:00  WARN 19000 --- [proyecto-access-1] [tainer#18-0-C-1] org.apache.kafka.clients.NetworkClient   : [Consumer clientId=consumer-materia-service-group-11, groupId=materia-service-group] Connection to node -1 (localhost/127.0.0.1:9092) could not be established. Node may not be available.
2025-05-17T13:56:31.331-06:00  WARN 19000 --- [proyecto-access-1] [ntainer#0-0-C-1] org.apache.kafka.clients.NetworkClient   : [Consumer clientId=consumer-materia-service-group-14, groupId=materia-service-group] Connection to node -1 (localhost/127.0.0.1:9092) could not be established. Node may not be available.
2025-05-17T13:56:31.331-06:00  INFO 19000 --- [proyecto-access-1] [tainer#16-0-C-1] org.apache.kafka.clients.NetworkClient   : [Consumer clientId=consumer-materia-service-group-19, groupId=materia-service-group] Node -1 disconnected.
2025-05-17T13:56:31.331-06:00  WARN 19000 --- [proyecto-access-1] [tainer#18-0-C-1] org.apache.kafka.clients.NetworkClient   : [Consumer clientId=consumer-materia-service-group-11, groupId=materia-service-group] Bootstrap broker localhost:9092 (id: -1 rack: null) disconnected
2025-05-17T13:56:31.331-06:00  WARN 19000 --- [proyecto-access-1] [ntainer#0-0-C-1] org.apache.kafka.clients.NetworkClient   : [Consumer clientId=consumer-materia-service-group-14, groupId=materia-service-group] Bootstrap broker localhost:9092 (id: -1 rack: null) disconnected
2025-05-17T13:56:31.331-06:00  WARN 19000 --- [proyecto-access-1] [tainer#16-0-C-1] org.apache.kafka.clients.NetworkClient   : [Consumer clientId=consumer-materia-service-group-19, groupId=materia-service-group] Connection to node -1 (localhost/127.0.0.1:9092) could not be established. Node may not be available.
2025-05-17T13:56:31.331-06:00  WARN 19000 --- [proyecto-access-1] [tainer#16-0-C-1] org.apache.kafka.clients.NetworkClient   : [Consumer clientId=consumer-materia-service-group-19, groupId=materia-service-group] Bootstrap broker localhost:9092 (id: -1 rack: null) disconnected
2025-05-17T13:56:31.346-06:00  INFO 19000 --- [proyecto-access-1] [ntainer#5-0-C-1] org.apache.kafka.clients.NetworkClient   : [Consumer clientId=consumer-materia-service-group-8, groupId=materia-service-group] Node -1 disconnected.
2025-05-17T13:56:31.346-06:00  INFO 19000 --- [proyecto-access-1] [ntainer#1-0-C-1] org.apache.kafka.clients.NetworkClient   : [Consumer clientId=consumer-materia-service-group-16, groupId=materia-service-group] Node -1 disconnected.
2025-05-17T13:56:31.346-06:00  WARN 19000 --- [proyecto-access-1] [ntainer#1-0-C-1] org.apache.kafka.clients.NetworkClient   : [Consumer clientId=consumer-materia-service-group-16, groupId=materia-service-group] Connection to node -1 (localhost/127.0.0.1:9092) could not be established. Node may not be available.
2025-05-17T13:56:31.346-06:00  WARN 19000 --- [proyecto-access-1] [ntainer#1-0-C-1] org.apache.kafka.clients.NetworkClient   : [Consumer clientId=consumer-materia-service-group-16, groupId=materia-service-group] Bootstrap broker localhost:9092 (id: -1 rack: null) disconnected
2025-05-17T13:56:31.346-06:00  WARN 19000 --- [proyecto-access-1] [ntainer#5-0-C-1] org.apache.kafka.clients.NetworkClient   : [Consumer clientId=consumer-materia-service-group-8, groupId=materia-service-group] Connection to node -1 (localhost/127.0.0.1:9092) could not be established. Node may not be available.
2025-05-17T13:56:31.346-06:00  INFO 19000 --- [proyecto-access-1] [ntainer#8-0-C-1] org.apache.kafka.clients.NetworkClient   : [Consumer clientId=consumer-materia-service-group-3, groupId=materia-service-group] Node -1 disconnected.
2025-05-17T13:56:31.346-06:00  WARN 19000 --- [proyecto-access-1] [ntainer#5-0-C-1] org.apache.kafka.clients.NetworkClient   : [Consumer clientId=consumer-materia-service-group-8, groupId=materia-service-group] Bootstrap broker localhost:9092 (id: -1 rack: null) disconnected
2025-05-17T13:56:31.347-06:00  INFO 19000 --- [proyecto-access-1] [ntainer#6-0-C-1] org.apache.kafka.clients.NetworkClient   : [Consumer clientId=consumer-materia-service-group-1, groupId=materia-service-group] Node -1 disconnected.
2025-05-17T13:56:31.347-06:00  WARN 19000 --- [proyecto-access-1] [ntainer#8-0-C-1] org.apache.kafka.clients.NetworkClient   : [Consumer clientId=consumer-materia-service-group-3, groupId=materia-service-group] Connection to node -1 (localhost/127.0.0.1:9092) could not be established. Node may not be available.
2025-05-17T13:56:31.347-06:00  WARN 19000 --- [proyecto-access-1] [ntainer#6-0-C-1] org.apache.kafka.clients.NetworkClient   : [Consumer clientId=consumer-materia-service-group-1, groupId=materia-service-group] Connection to node -1 (localhost/127.0.0.1:9092) could not be established. Node may not be available.
2025-05-17T13:56:31.347-06:00  WARN 19000 --- [proyecto-access-1] [ntainer#8-0-C-1] org.apache.kafka.clients.NetworkClient   : [Consumer clientId=consumer-materia-service-group-3, groupId=materia-service-group] Bootstrap broker localhost:9092 (id: -1 rack: null) disconnected
2025-05-17T13:56:31.347-06:00  WARN 19000 --- [proyecto-access-1] [ntainer#6-0-C-1] org.apache.kafka.clients.NetworkClient   : [Consumer clientId=consumer-materia-service-group-1, groupId=materia-service-group] Bootstrap broker localhost:9092 (id: -1 rack: null) disconnected
2025-05-17T13:56:31.347-06:00  INFO 19000 --- [proyecto-access-1] [tainer#14-0-C-1] org.apache.kafka.clients.NetworkClient   : [Consumer clientId=consumer-materia-service-group-21, groupId=materia-service-group] Node -1 disconnected.
2025-05-17T13:56:31.348-06:00  WARN 19000 --- [proyecto-access-1] [tainer#14-0-C-1] org.apache.kafka.clients.NetworkClient   : [Consumer clientId=consumer-materia-service-group-21, groupId=materia-service-group] Connection to node -1 (localhost/127.0.0.1:9092) could not be established. Node may not be available.
2025-05-17T13:56:31.348-06:00  INFO 19000 --- [proyecto-access-1] [tainer#11-0-C-1] org.apache.kafka.clients.NetworkClient   : [Consumer clientId=consumer-materia-service-group-12, groupId=materia-service-group] Node -1 disconnected.
2025-05-17T13:56:31.348-06:00  WARN 19000 --- [proyecto-access-1] [tainer#14-0-C-1] org.apache.kafka.clients.NetworkClient   : [Consumer clientId=consumer-materia-service-group-21, groupId=materia-service-group] Bootstrap broker localhost:9092 (id: -1 rack: null) disconnected
2025-05-17T13:56:31.348-06:00  WARN 19000 --- [proyecto-access-1] [tainer#11-0-C-1] org.apache.kafka.clients.NetworkClient   : [Consumer clientId=consumer-materia-service-group-12, groupId=materia-service-group] Connection to node -1 (localhost/127.0.0.1:9092) could not be established. Node may not be available.
2025-05-17T13:56:31.348-06:00  WARN 19000 --- [proyecto-access-1] [tainer#11-0-C-1] org.apache.kafka.clients.NetworkClient   : [Consumer clientId=consumer-materia-service-group-12, groupId=materia-service-group] Bootstrap broker localhost:9092 (id: -1 rack: null) disconnected
2025-05-17T13:56:31.361-06:00  INFO 19000 --- [proyecto-access-1] [tainer#12-0-C-1] org.apache.kafka.clients.NetworkClient   : [Consumer clientId=consumer-materia-service-group-13, groupId=materia-service-group] Node -1 disconnected.
2025-05-17T13:56:31.361-06:00  INFO 19000 --- [proyecto-access-1] [tainer#17-0-C-1] org.apache.kafka.clients.NetworkClient   : [Consumer clientId=consumer-materia-service-group-10, groupId=materia-service-group] Node -1 disconnected.
2025-05-17T13:56:31.362-06:00  WARN 19000 --- [proyecto-access-1] [tainer#12-0-C-1] org.apache.kafka.clients.NetworkClient   : [Consumer clientId=consumer-materia-service-group-13, groupId=materia-service-group] Connection to node -1 (localhost/127.0.0.1:9092) could not be established. Node may not be available.
2025-05-17T13:56:31.362-06:00  INFO 19000 --- [proyecto-access-1] [tainer#15-0-C-1] org.apache.kafka.clients.NetworkClient   : [Consumer clientId=consumer-materia-service-group-18, groupId=materia-service-group] Node -1 disconnected.
2025-05-17T13:56:31.362-06:00  WARN 19000 --- [proyecto-access-1] [tainer#17-0-C-1] org.apache.kafka.clients.NetworkClient   : [Consumer clientId=consumer-materia-service-group-10, groupId=materia-service-group] Connection to node -1 (localhost/127.0.0.1:9092) could not be established. Node may not be available.
2025-05-17T13:56:31.364-06:00  WARN 19000 --- [proyecto-access-1] [tainer#12-0-C-1] org.apache.kafka.clients.NetworkClient   : [Consumer clientId=consumer-materia-service-group-13, groupId=materia-service-group] Bootstrap broker localhost:9092 (id: -1 rack: null) disconnected
2025-05-17T13:56:31.364-06:00  WARN 19000 --- [proyecto-access-1] [tainer#17-0-C-1] org.apache.kafka.clients.NetworkClient   : [Consumer clientId=consumer-materia-service-group-10, groupId=materia-service-group] Bootstrap broker localhost:9092 (id: -1 rack: null) disconnected
2025-05-17T13:56:31.364-06:00  WARN 19000 --- [proyecto-access-1] [tainer#15-0-C-1] org.apache.kafka.clients.NetworkClient   : [Consumer clientId=consumer-materia-service-group-18, groupId=materia-service-group] Connection to node -1 (localhost/127.0.0.1:9092) could not be established. Node may not be available.
2025-05-17T13:56:31.365-06:00  WARN 19000 --- [proyecto-access-1] [tainer#15-0-C-1] org.apache.kafka.clients.NetworkClient   : [Consumer clientId=consumer-materia-service-group-18, groupId=materia-service-group] Bootstrap broker localhost:9092 (id: -1 rack: null) disconnected
2025-05-17T13:56:31.378-06:00  INFO 19000 --- [proyecto-access-1] [ntainer#9-0-C-1] org.apache.kafka.clients.NetworkClient   : [Consumer clientId=consumer-materia-service-group-4, groupId=materia-service-group] Node -1 disconnected.
2025-05-17T13:56:31.379-06:00  INFO 19000 --- [proyecto-access-1] [tainer#20-0-C-1] org.apache.kafka.clients.NetworkClient   : [Consumer clientId=consumer-materia-service-group-15, groupId=materia-service-group] Node -1 disconnected.
2025-05-17T13:56:31.379-06:00  WARN 19000 --- [proyecto-access-1] [ntainer#9-0-C-1] org.apache.kafka.clients.NetworkClient   : [Consumer clientId=consumer-materia-service-group-4, groupId=materia-service-group] Connection to node -1 (localhost/127.0.0.1:9092) could not be established. Node may not be available.
2025-05-17T13:56:31.379-06:00  WARN 19000 --- [proyecto-access-1] [tainer#20-0-C-1] org.apache.kafka.clients.NetworkClient   : [Consumer clientId=consumer-materia-service-group-15, groupId=materia-service-group] Connection to node -1 (localhost/127.0.0.1:9092) could not be established. Node may not be available.
2025-05-17T13:56:31.379-06:00  WARN 19000 --- [proyecto-access-1] [ntainer#9-0-C-1] org.apache.kafka.clients.NetworkClient   : [Consumer clientId=consumer-materia-service-group-4, groupId=materia-service-group] Bootstrap broker localhost:9092 (id: -1 rack: null) disconnected
2025-05-17T13:56:31.379-06:00  WARN 19000 --- [proyecto-access-1] [tainer#20-0-C-1] org.apache.kafka.clients.NetworkClient   : [Consumer clientId=consumer-materia-service-group-15, groupId=materia-service-group] Bootstrap broker localhost:9092 (id: -1 rack: null) disconnected
2025-05-17T13:56:31.392-06:00  INFO 19000 --- [proyecto-access-1] [tainer#19-0-C-1] org.apache.kafka.clients.NetworkClient   : [Consumer clientId=consumer-materia-service-group-9, groupId=materia-service-group] Node -1 disconnected.
2025-05-17T13:56:31.392-06:00  WARN 19000 --- [proyecto-access-1] [tainer#19-0-C-1] org.apache.kafka.clients.NetworkClient   : [Consumer clientId=consumer-materia-service-group-9, groupId=materia-service-group] Connection to node -1 (localhost/127.0.0.1:9092) could not be established. Node may not be available.
2025-05-17T13:56:31.393-06:00  WARN 19000 --- [proyecto-access-1] [tainer#19-0-C-1] org.apache.kafka.clients.NetworkClient   : [Consumer clientId=consumer-materia-service-group-9, groupId=materia-service-group] Bootstrap broker localhost:9092 (id: -1 rack: null) disconnected
2025-05-17T13:56:31.409-06:00  INFO 19000 --- [proyecto-access-1] [ntainer#3-0-C-1] org.apache.kafka.clients.NetworkClient   : [Consumer clientId=consumer-materia-service-group-6, groupId=materia-service-group] Node -1 disconnected.
2025-05-17T13:56:31.409-06:00  WARN 19000 --- [proyecto-access-1] [ntainer#3-0-C-1] org.apache.kafka.clients.NetworkClient   : [Consumer clientId=consumer-materia-service-group-6, groupId=materia-service-group] Connection to node -1 (localhost/127.0.0.1:9092) could not be established. Node may not be available.
2025-05-17T13:56:31.409-06:00  WARN 19000 --- [proyecto-access-1] [ntainer#3-0-C-1] org.apache.kafka.clients.NetworkClient   : [Consumer clientId=consumer-materia-service-group-6, groupId=materia-service-group] Bootstrap broker localhost:9092 (id: -1 rack: null) disconnected
2025-05-17T13:56:31.410-06:00  INFO 19000 --- [proyecto-access-1] [ntainer#4-0-C-1] org.apache.kafka.clients.NetworkClient   : [Consumer clientId=consumer-materia-service-group-7, groupId=materia-service-group] Node -1 disconnected.
2025-05-17T13:56:31.411-06:00  WARN 19000 --- [proyecto-access-1] [ntainer#4-0-C-1] org.apache.kafka.clients.NetworkClient   : [Consumer clientId=consumer-materia-service-group-7, groupId=materia-service-group] Connection to node -1 (localhost/127.0.0.1:9092) could not be established. Node may not be available.
2025-05-17T13:56:31.411-06:00  WARN 19000 --- [proyecto-access-1] [ntainer#4-0-C-1] org.apache.kafka.clients.NetworkClient   : [Consumer clientId=consumer-materia-service-group-7, groupId=materia-service-group] Bootstrap broker localhost:9092 (id: -1 rack: null) disconnected
2025-05-17T13:56:31.685-06:00  INFO 19000 --- [proyecto-access-1] [ntainer#2-0-C-1] org.apache.kafka.clients.NetworkClient   : [Consumer clientId=consumer-materia-service-group-5, groupId=materia-service-group] Node -1 disconnected.
2025-05-17T13:56:31.686-06:00  WARN 19000 --- [proyecto-access-1] [ntainer#2-0-C-1] org.apache.kafka.clients.NetworkClient   : [Consumer clientId=consumer-materia-service-group-5, groupId=materia-service-group] Connection to node -1 (localhost/127.0.0.1:9092) could not be established. Node may not be available.
2025-05-17T13:56:31.687-06:00  WARN 19000 --- [proyecto-access-1] [ntainer#2-0-C-1] org.apache.kafka.clients.NetworkClient   : [Consumer clientId=consumer-materia-service-group-5, groupId=materia-service-group] Bootstrap broker localhost:9092 (id: -1 rack: null) disconnected
2025-05-17T13:56:31.701-06:00  INFO 19000 --- [proyecto-access-1] [ntainer#0-0-C-1] org.apache.kafka.clients.NetworkClient   : [Consumer clientId=consumer-materia-service-group-14, groupId=materia-service-group] Node -1 disconnected.
2025-05-17T13:56:31.702-06:00  WARN 19000 --- [proyecto-access-1] [ntainer#0-0-C-1] org.apache.kafka.clients.NetworkClient   : [Consumer clientId=consumer-materia-service-group-14, groupId=materia-service-group] Connection to node -1 (localhost/127.0.0.1:9092) could not be established. Node may not be available.
2025-05-17T13:56:31.702-06:00  WARN 19000 --- [proyecto-access-1] [ntainer#0-0-C-1] org.apache.kafka.clients.NetworkClient   : [Consumer clientId=consumer-materia-service-group-14, groupId=materia-service-group] Bootstrap broker localhost:9092 (id: -1 rack: null) disconnected
2025-05-17T13:56:31.734-06:00  INFO 19000 --- [proyecto-access-1] [tainer#17-0-C-1] org.apache.kafka.clients.NetworkClient   : [Consumer clientId=consumer-materia-service-group-10, groupId=materia-service-group] Node -1 disconnected.
2025-05-17T13:56:31.735-06:00  WARN 19000 --- [proyecto-access-1] [tainer#17-0-C-1] org.apache.kafka.clients.NetworkClient   : [Consumer clientId=consumer-materia-service-group-10, groupId=materia-service-group] Connection to node -1 (localhost/127.0.0.1:9092) could not be established. Node may not be available.
2025-05-17T13:56:31.735-06:00  WARN 19000 --- [proyecto-access-1] [tainer#17-0-C-1] org.apache.kafka.clients.NetworkClient   : [Consumer clientId=consumer-materia-service-group-10, groupId=materia-service-group] Bootstrap broker localhost:9092 (id: -1 rack: null) disconnected
2025-05-17T13:56:31.749-06:00  INFO 19000 --- [proyecto-access-1] [ntainer#9-0-C-1] org.apache.kafka.clients.NetworkClient   : [Consumer clientId=consumer-materia-service-group-4, groupId=materia-service-group] Node -1 disconnected.
2025-05-17T13:56:31.750-06:00  WARN 19000 --- [proyecto-access-1] [ntainer#9-0-C-1] org.apache.kafka.clients.NetworkClient   : [Consumer clientId=consumer-materia-service-group-4, groupId=materia-service-group] Connection to node -1 (localhost/127.0.0.1:9092) could not be established. Node may not be available.
2025-05-17T13:56:31.750-06:00  WARN 19000 --- [proyecto-access-1] [ntainer#9-0-C-1] org.apache.kafka.clients.NetworkClient   : [Consumer clientId=consumer-materia-service-group-4, groupId=materia-service-group] Bootstrap broker localhost:9092 (id: -1 rack: null) disconnected
2025-05-17T13:56:31.764-06:00  INFO 19000 --- [proyecto-access-1] [tainer#15-0-C-1] org.apache.kafka.clients.NetworkClient   : [Consumer clientId=consumer-materia-service-group-18, groupId=materia-service-group] Node -1 disconnected.
2025-05-17T13:56:31.764-06:00  INFO 19000 --- [proyecto-access-1] [tainer#13-0-C-1] org.apache.kafka.clients.NetworkClient   : [Consumer clientId=consumer-materia-service-group-20, groupId=materia-service-group] Node -1 disconnected.
2025-05-17T13:56:31.764-06:00  WARN 19000 --- [proyecto-access-1] [tainer#15-0-C-1] org.apache.kafka.clients.NetworkClient   : [Consumer clientId=consumer-materia-service-group-18, groupId=materia-service-group] Connection to node -1 (localhost/127.0.0.1:9092) could not be established. Node may not be available.
2025-05-17T13:56:31.764-06:00  WARN 19000 --- [proyecto-access-1] [tainer#13-0-C-1] org.apache.kafka.clients.NetworkClient   : [Consumer clientId=consumer-materia-service-group-20, groupId=materia-service-group] Connection to node -1 (localhost/127.0.0.1:9092) could not be established. Node may not be available.
2025-05-17T13:56:31.764-06:00  INFO 19000 --- [proyecto-access-1] [tainer#16-0-C-1] org.apache.kafka.clients.NetworkClient   : [Consumer clientId=consumer-materia-service-group-19, groupId=materia-service-group] Node -1 disconnected.
2025-05-17T13:56:31.765-06:00  WARN 19000 --- [proyecto-access-1] [tainer#15-0-C-1] org.apache.kafka.clients.NetworkClient   : [Consumer clientId=consumer-materia-service-group-18, groupId=materia-service-group] Bootstrap broker localhost:9092 (id: -1 rack: null) disconnected
2025-05-17T13:56:31.765-06:00  WARN 19000 --- [proyecto-access-1] [tainer#13-0-C-1] org.apache.kafka.clients.NetworkClient   : [Consumer clientId=consumer-materia-service-group-20, groupId=materia-service-group] Bootstrap broker localhost:9092 (id: -1 rack: null) disconnected
2025-05-17T13:56:31.765-06:00  WARN 19000 --- [proyecto-access-1] [tainer#16-0-C-1] org.apache.kafka.clients.NetworkClient   : [Consumer clientId=consumer-materia-service-group-19, groupId=materia-service-group] Connection to node -1 (localhost/127.0.0.1:9092) could not be established. Node may not be available.
2025-05-17T13:56:31.765-06:00  WARN 19000 --- [proyecto-access-1] [tainer#16-0-C-1] org.apache.kafka.clients.NetworkClient   : [Consumer clientId=consumer-materia-service-group-19, groupId=materia-service-group] Bootstrap broker localhost:9092 (id: -1 rack: null) disconnected
2025-05-17T13:56:31.765-06:00  INFO 19000 --- [proyecto-access-1] [tainer#19-0-C-1] org.apache.kafka.clients.NetworkClient   : [Consumer clientId=consumer-materia-service-group-9, groupId=materia-service-group] Node -1 disconnected.
2025-05-17T13:56:31.765-06:00  WARN 19000 --- [proyecto-access-1] [tainer#19-0-C-1] org.apache.kafka.clients.NetworkClient   : [Consumer clientId=consumer-materia-service-group-9, groupId=materia-service-group] Connection to node -1 (localhost/127.0.0.1:9092) could not be established. Node may not be available.
2025-05-17T13:56:31.766-06:00  WARN 19000 --- [proyecto-access-1] [tainer#19-0-C-1] org.apache.kafka.clients.NetworkClient   : [Consumer clientId=consumer-materia-service-group-9, groupId=materia-service-group] Bootstrap broker localhost:9092 (id: -1 rack: null) disconnected
2025-05-17T13:56:31.779-06:00  INFO 19000 --- [proyecto-access-1] [ntainer#6-0-C-1] org.apache.kafka.clients.NetworkClient   : [Consumer clientId=consumer-materia-service-group-1, groupId=materia-service-group] Node -1 disconnected.
2025-05-17T13:56:31.779-06:00  INFO 19000 --- [proyecto-access-1] [tainer#18-0-C-1] org.apache.kafka.clients.NetworkClient   : [Consumer clientId=consumer-materia-service-group-11, groupId=materia-service-group] Node -1 disconnected.
2025-05-17T13:56:31.780-06:00  WARN 19000 --- [proyecto-access-1] [ntainer#6-0-C-1] org.apache.kafka.clients.NetworkClient   : [Consumer clientId=consumer-materia-service-group-1, groupId=materia-service-group] Connection to node -1 (localhost/127.0.0.1:9092) could not be established. Node may not be available.
2025-05-17T13:56:31.779-06:00  INFO 19000 --- [proyecto-access-1] [ntainer#8-0-C-1] org.apache.kafka.clients.NetworkClient   : [Consumer clientId=consumer-materia-service-group-3, groupId=materia-service-group] Node -1 disconnected.
2025-05-17T13:56:31.780-06:00  WARN 19000 --- [proyecto-access-1] [tainer#18-0-C-1] org.apache.kafka.clients.NetworkClient   : [Consumer clientId=consumer-materia-service-group-11, groupId=materia-service-group] Connection to node -1 (localhost/127.0.0.1:9092) could not be established. Node may not be available.
2025-05-17T13:56:31.780-06:00  INFO 19000 --- [proyecto-access-1] [tainer#11-0-C-1] org.apache.kafka.clients.NetworkClient   : [Consumer clientId=consumer-materia-service-group-12, groupId=materia-service-group] Node -1 disconnected.
2025-05-17T13:56:31.780-06:00  WARN 19000 --- [proyecto-access-1] [ntainer#6-0-C-1] org.apache.kafka.clients.NetworkClient   : [Consumer clientId=consumer-materia-service-group-1, groupId=materia-service-group] Bootstrap broker localhost:9092 (id: -1 rack: null) disconnected
2025-05-17T13:56:31.780-06:00  WARN 19000 --- [proyecto-access-1] [ntainer#8-0-C-1] org.apache.kafka.clients.NetworkClient   : [Consumer clientId=consumer-materia-service-group-3, groupId=materia-service-group] Connection to node -1 (localhost/127.0.0.1:9092) could not be established. Node may not be available.
2025-05-17T13:56:31.780-06:00  WARN 19000 --- [proyecto-access-1] [tainer#18-0-C-1] org.apache.kafka.clients.NetworkClient   : [Consumer clientId=consumer-materia-service-group-11, groupId=materia-service-group] Bootstrap broker localhost:9092 (id: -1 rack: null) disconnected
2025-05-17T13:56:31.780-06:00  WARN 19000 --- [proyecto-access-1] [ntainer#8-0-C-1] org.apache.kafka.clients.NetworkClient   : [Consumer clientId=consumer-materia-service-group-3, groupId=materia-service-group] Bootstrap broker localhost:9092 (id: -1 rack: null) disconnected
2025-05-17T13:56:31.780-06:00  WARN 19000 --- [proyecto-access-1] [tainer#11-0-C-1] org.apache.kafka.clients.NetworkClient   : [Consumer clientId=consumer-materia-service-group-12, groupId=materia-service-group] Connection to node -1 (localhost/127.0.0.1:9092) could not be established. Node may not be available.
2025-05-17T13:56:31.780-06:00  WARN 19000 --- [proyecto-access-1] [tainer#11-0-C-1] org.apache.kafka.clients.NetworkClient   : [Consumer clientId=consumer-materia-service-group-12, groupId=materia-service-group] Bootstrap broker localhost:9092 (id: -1 rack: null) disconnected
2025-05-17T13:56:31.798-06:00  INFO 19000 --- [proyecto-access-1] [ntainer#5-0-C-1] org.apache.kafka.clients.NetworkClient   : [Consumer clientId=consumer-materia-service-group-8, groupId=materia-service-group] Node -1 disconnected.
2025-05-17T13:56:31.798-06:00  WARN 19000 --- [proyecto-access-1] [ntainer#5-0-C-1] org.apache.kafka.clients.NetworkClient   : [Consumer clientId=consumer-materia-service-group-8, groupId=materia-service-group] Connection to node -1 (localhost/127.0.0.1:9092) could not be established. Node may not be available.
2025-05-17T13:56:31.798-06:00  WARN 19000 --- [proyecto-access-1] [ntainer#5-0-C-1] org.apache.kafka.clients.NetworkClient   : [Consumer clientId=consumer-materia-service-group-8, groupId=materia-service-group] Bootstrap broker localhost:9092 (id: -1 rack: null) disconnected
2025-05-17T13:56:31.799-06:00  INFO 19000 --- [proyecto-access-1] [tainer#14-0-C-1] org.apache.kafka.clients.NetworkClient   : [Consumer clientId=consumer-materia-service-group-21, groupId=materia-service-group] Node -1 disconnected.
2025-05-17T13:56:31.799-06:00  INFO 19000 --- [proyecto-access-1] [tainer#10-0-C-1] org.apache.kafka.clients.NetworkClient   : [Consumer clientId=consumer-materia-service-group-17, groupId=materia-service-group] Node -1 disconnected.
2025-05-17T13:56:31.799-06:00  WARN 19000 --- [proyecto-access-1] [tainer#14-0-C-1] org.apache.kafka.clients.NetworkClient   : [Consumer clientId=consumer-materia-service-group-21, groupId=materia-service-group] Connection to node -1 (localhost/127.0.0.1:9092) could not be established. Node may not be available.
2025-05-17T13:56:31.799-06:00  WARN 19000 --- [proyecto-access-1] [tainer#10-0-C-1] org.apache.kafka.clients.NetworkClient   : [Consumer clientId=consumer-materia-service-group-17, groupId=materia-service-group] Connection to node -1 (localhost/127.0.0.1:9092) could not be established. Node may not be available.
2025-05-17T13:56:31.799-06:00  WARN 19000 --- [proyecto-access-1] [tainer#14-0-C-1] org.apache.kafka.clients.NetworkClient   : [Consumer clientId=consumer-materia-service-group-21, groupId=materia-service-group] Bootstrap broker localhost:9092 (id: -1 rack: null) disconnected
2025-05-17T13:56:31.799-06:00  WARN 19000 --- [proyecto-access-1] [tainer#10-0-C-1] org.apache.kafka.clients.NetworkClient   : [Consumer clientId=consumer-materia-service-group-17, groupId=materia-service-group] Bootstrap broker localhost:9092 (id: -1 rack: null) disconnected
2025-05-17T13:56:31.800-06:00  INFO 19000 --- [proyecto-access-1] [ntainer#1-0-C-1] org.apache.kafka.clients.NetworkClient   : [Consumer clientId=consumer-materia-service-group-16, groupId=materia-service-group] Node -1 disconnected.
2025-05-17T13:56:31.800-06:00  WARN 19000 --- [proyecto-access-1] [ntainer#1-0-C-1] org.apache.kafka.clients.NetworkClient   : [Consumer clientId=consumer-materia-service-group-16, groupId=materia-service-group] Connection to node -1 (localhost/127.0.0.1:9092) could not be established. Node may not be available.
2025-05-17T13:56:31.800-06:00  WARN 19000 --- [proyecto-access-1] [ntainer#1-0-C-1] org.apache.kafka.clients.NetworkClient   : [Consumer clientId=consumer-materia-service-group-16, groupId=materia-service-group] Bootstrap broker localhost:9092 (id: -1 rack: null) disconnected
2025-05-17T13:56:31.801-06:00  INFO 19000 --- [proyecto-access-1] [tainer#20-0-C-1] org.apache.kafka.clients.NetworkClient   : [Consumer clientId=consumer-materia-service-group-15, groupId=materia-service-group] Node -1 disconnected.
2025-05-17T13:56:31.801-06:00  WARN 19000 --- [proyecto-access-1] [tainer#20-0-C-1] org.apache.kafka.clients.NetworkClient   : [Consumer clientId=consumer-materia-service-group-15, groupId=materia-service-group] Connection to node -1 (localhost/127.0.0.1:9092) could not be established. Node may not be available.
2025-05-17T13:56:31.801-06:00  WARN 19000 --- [proyecto-access-1] [tainer#20-0-C-1] org.apache.kafka.clients.NetworkClient   : [Consumer clientId=consumer-materia-service-group-15, groupId=materia-service-group] Bootstrap broker localhost:9092 (id: -1 rack: null) disconnected
2025-05-17T13:56:31.826-06:00  INFO 19000 --- [proyecto-access-1] [ntainer#4-0-C-1] org.apache.kafka.clients.NetworkClient   : [Consumer clientId=consumer-materia-service-group-7, groupId=materia-service-group] Node -1 disconnected.
2025-05-17T13:56:31.826-06:00  WARN 19000 --- [proyecto-access-1] [ntainer#4-0-C-1] org.apache.kafka.clients.NetworkClient   : [Consumer clientId=consumer-materia-service-group-7, groupId=materia-service-group] Connection to node -1 (localhost/127.0.0.1:9092) could not be established. Node may not be available.
2025-05-17T13:56:31.827-06:00  WARN 19000 --- [proyecto-access-1] [ntainer#4-0-C-1] org.apache.kafka.clients.NetworkClient   : [Consumer clientId=consumer-materia-service-group-7, groupId=materia-service-group] Bootstrap broker localhost:9092 (id: -1 rack: null) disconnected
2025-05-17T13:56:31.841-06:00  INFO 19000 --- [proyecto-access-1] [ntainer#7-0-C-1] org.apache.kafka.clients.NetworkClient   : [Consumer clientId=consumer-materia-service-group-2, groupId=materia-service-group] Node -1 disconnected.
2025-05-17T13:56:31.841-06:00  INFO 19000 --- [proyecto-access-1] [ntainer#3-0-C-1] org.apache.kafka.clients.NetworkClient   : [Consumer clientId=consumer-materia-service-group-6, groupId=materia-service-group] Node -1 disconnected.
2025-05-17T13:56:31.841-06:00  WARN 19000 --- [proyecto-access-1] [ntainer#7-0-C-1] org.apache.kafka.clients.NetworkClient   : [Consumer clientId=consumer-materia-service-group-2, groupId=materia-service-group] Connection to node -1 (localhost/127.0.0.1:9092) could not be established. Node may not be available.
2025-05-17T13:56:31.841-06:00  WARN 19000 --- [proyecto-access-1] [ntainer#3-0-C-1] org.apache.kafka.clients.NetworkClient   : [Consumer clientId=consumer-materia-service-group-6, groupId=materia-service-group] Connection to node -1 (localhost/127.0.0.1:9092) could not be established. Node may not be available.
2025-05-17T13:56:31.841-06:00  WARN 19000 --- [proyecto-access-1] [ntainer#7-0-C-1] org.apache.kafka.clients.NetworkClient   : [Consumer clientId=consumer-materia-service-group-2, groupId=materia-service-group] Bootstrap broker localhost:9092 (id: -1 rack: null) disconnected
2025-05-17T13:56:31.841-06:00  WARN 19000 --- [proyecto-access-1] [ntainer#3-0-C-1] org.apache.kafka.clients.NetworkClient   : [Consumer clientId=consumer-materia-service-group-6, groupId=materia-service-group] Bootstrap broker localhost:9092 (id: -1 rack: null) disconnected
2025-05-17T13:56:31.856-06:00  INFO 19000 --- [proyecto-access-1] [tainer#12-0-C-1] org.apache.kafka.clients.NetworkClient   : [Consumer clientId=consumer-materia-service-group-13, groupId=materia-service-group] Node -1 disconnected.
2025-05-17T13:56:31.857-06:00  WARN 19000 --- [proyecto-access-1] [tainer#12-0-C-1] org.apache.kafka.clients.NetworkClient   : [Consumer clientId=consumer-materia-service-group-13, groupId=materia-service-group] Connection to node -1 (localhost/127.0.0.1:9092) could not be established. Node may not be available.
2025-05-17T13:56:31.857-06:00  WARN 19000 --- [proyecto-access-1] [tainer#12-0-C-1] org.apache.kafka.clients.NetworkClient   : [Consumer clientId=consumer-materia-service-group-13, groupId=materia-service-group] Bootstrap broker localhost:9092 (id: -1 rack: null) disconnected
2025-05-17T13:56:32.363-06:00  INFO 19000 --- [proyecto-access-1] [ntainer#2-0-C-1] org.apache.kafka.clients.NetworkClient   : [Consumer clientId=consumer-materia-service-group-5, groupId=materia-service-group] Node -1 disconnected.
2025-05-17T13:56:32.364-06:00  WARN 19000 --- [proyecto-access-1] [ntainer#2-0-C-1] org.apache.kafka.clients.NetworkClient   : [Consumer clientId=consumer-materia-service-group-5, groupId=materia-service-group] Connection to node -1 (localhost/127.0.0.1:9092) could not be established. Node may not be available.
2025-05-17T13:56:32.364-06:00  WARN 19000 --- [proyecto-access-1] [ntainer#2-0-C-1] org.apache.kafka.clients.NetworkClient   : [Consumer clientId=consumer-materia-service-group-5, groupId=materia-service-group] Bootstrap broker localhost:9092 (id: -1 rack: null) disconnected
]]></system-out>
    <system-err><![CDATA[WARNING: Unknown driver property functionsHsqldb with value false
Mockito is currently self-attaching to enable the inline-mock-maker. This will no longer work in future releases of the JDK. Please add Mockito as an agent to your build what is described in Mockito's documentation: https://javadoc.io/doc/org.mockito/mockito-core/latest/org/mockito/Mockito.html#0.3
WARNING: A Java agent has been loaded dynamically (C:\Users\Tadeo\.m2\repository\net\bytebuddy\byte-buddy-agent\1.15.11\byte-buddy-agent-1.15.11.jar)
WARNING: If a serviceability tool is in use, please run with -XX:+EnableDynamicAgentLoading to hide this warning
WARNING: If a serviceability tool is not in use, please run with -Djdk.instrument.traceUsage for more information
WARNING: Dynamic loading of agents will be disallowed by default in a future release
]]></system-err>
  </testcase>
</testsuite>