<?xml version="1.0" encoding="UTF-8"?>
<testsuite xmlns:xsi="http://www.w3.org/2001/XMLSchema-instance" xsi:noNamespaceSchemaLocation="https://maven.apache.org/surefire/maven-surefire-plugin/xsd/surefire-test-report.xsd" version="3.0.2" name="com.access.ProyectoAccess1ApplicationTests" time="6.212" tests="1" errors="0" skipped="0" failures="0">
  <properties>
    <property name="java.specification.version" value="21"/>
    <property name="sun.cpu.isalist" value="amd64"/>
    <property name="sun.jnu.encoding" value="Cp1252"/>
    <property name="java.class.path" value="D:\Proyecto Residencias\pruebaMonorepo2\Microservicio_MuebleriaBarsa\apps\access-api\test-classes;D:\Proyecto Residencias\pruebaMonorepo2\Microservicio_MuebleriaBarsa\apps\access-api\classes;C:\Users\Tadeo\.m2\repository\org\springframework\boot\spring-boot-starter-web\3.4.3\spring-boot-starter-web-3.4.3.jar;C:\Users\Tadeo\.m2\repository\org\springframework\boot\spring-boot-starter\3.4.3\spring-boot-starter-3.4.3.jar;C:\Users\Tadeo\.m2\repository\org\springframework\boot\spring-boot\3.4.3\spring-boot-3.4.3.jar;C:\Users\Tadeo\.m2\repository\org\springframework\boot\spring-boot-autoconfigure\3.4.3\spring-boot-autoconfigure-3.4.3.jar;C:\Users\Tadeo\.m2\repository\org\springframework\boot\spring-boot-starter-logging\3.4.3\spring-boot-starter-logging-3.4.3.jar;C:\Users\Tadeo\.m2\repository\ch\qos\logback\logback-classic\1.5.16\logback-classic-1.5.16.jar;C:\Users\Tadeo\.m2\repository\ch\qos\logback\logback-core\1.5.16\logback-core-1.5.16.jar;C:\Users\Tadeo\.m2\repository\org\apache\logging\log4j\log4j-to-slf4j\2.24.3\log4j-to-slf4j-2.24.3.jar;C:\Users\Tadeo\.m2\repository\org\apache\logging\log4j\log4j-api\2.24.3\log4j-api-2.24.3.jar;C:\Users\Tadeo\.m2\repository\org\slf4j\jul-to-slf4j\2.0.16\jul-to-slf4j-2.0.16.jar;C:\Users\Tadeo\.m2\repository\jakarta\annotation\jakarta.annotation-api\2.1.1\jakarta.annotation-api-2.1.1.jar;C:\Users\Tadeo\.m2\repository\org\yaml\snakeyaml\2.3\snakeyaml-2.3.jar;C:\Users\Tadeo\.m2\repository\org\springframework\boot\spring-boot-starter-json\3.4.3\spring-boot-starter-json-3.4.3.jar;C:\Users\Tadeo\.m2\repository\com\fasterxml\jackson\datatype\jackson-datatype-jdk8\2.18.2\jackson-datatype-jdk8-2.18.2.jar;C:\Users\Tadeo\.m2\repository\com\fasterxml\jackson\datatype\jackson-datatype-jsr310\2.18.2\jackson-datatype-jsr310-2.18.2.jar;C:\Users\Tadeo\.m2\repository\com\fasterxml\jackson\module\jackson-module-parameter-names\2.18.2\jackson-module-parameter-names-2.18.2.jar;C:\Users\Tadeo\.m2\repository\org\springframework\boot\spring-boot-starter-tomcat\3.4.3\spring-boot-starter-tomcat-3.4.3.jar;C:\Users\Tadeo\.m2\repository\org\apache\tomcat\embed\tomcat-embed-core\10.1.36\tomcat-embed-core-10.1.36.jar;C:\Users\Tadeo\.m2\repository\org\apache\tomcat\embed\tomcat-embed-el\10.1.36\tomcat-embed-el-10.1.36.jar;C:\Users\Tadeo\.m2\repository\org\apache\tomcat\embed\tomcat-embed-websocket\10.1.36\tomcat-embed-websocket-10.1.36.jar;C:\Users\Tadeo\.m2\repository\org\springframework\spring-web\6.2.3\spring-web-6.2.3.jar;C:\Users\Tadeo\.m2\repository\org\springframework\spring-beans\6.2.3\spring-beans-6.2.3.jar;C:\Users\Tadeo\.m2\repository\org\springframework\spring-webmvc\6.2.3\spring-webmvc-6.2.3.jar;C:\Users\Tadeo\.m2\repository\org\springframework\spring-aop\6.2.3\spring-aop-6.2.3.jar;C:\Users\Tadeo\.m2\repository\org\springframework\spring-expression\6.2.3\spring-expression-6.2.3.jar;C:\Users\Tadeo\.m2\repository\org\springframework\boot\spring-boot-starter-jdbc\3.4.3\spring-boot-starter-jdbc-3.4.3.jar;C:\Users\Tadeo\.m2\repository\org\springframework\spring-jdbc\6.2.3\spring-jdbc-6.2.3.jar;C:\Users\Tadeo\.m2\repository\io\github\spannm\ucanaccess\5.1.0\ucanaccess-5.1.0.jar;C:\Users\Tadeo\.m2\repository\org\hsqldb\hsqldb\2.7.1\hsqldb-2.7.1-debug.jar;C:\Users\Tadeo\.m2\repository\com\zaxxer\HikariCP\5.1.0\HikariCP-5.1.0.jar;C:\Users\Tadeo\.m2\repository\org\slf4j\slf4j-api\2.0.16\slf4j-api-2.0.16.jar;C:\Users\Tadeo\.m2\repository\org\springframework\boot\spring-boot-starter-test\3.4.3\spring-boot-starter-test-3.4.3.jar;C:\Users\Tadeo\.m2\repository\org\springframework\boot\spring-boot-test\3.4.3\spring-boot-test-3.4.3.jar;C:\Users\Tadeo\.m2\repository\org\springframework\boot\spring-boot-test-autoconfigure\3.4.3\spring-boot-test-autoconfigure-3.4.3.jar;C:\Users\Tadeo\.m2\repository\com\jayway\jsonpath\json-path\2.9.0\json-path-2.9.0.jar;C:\Users\Tadeo\.m2\repository\jakarta\xml\bind\jakarta.xml.bind-api\4.0.2\jakarta.xml.bind-api-4.0.2.jar;C:\Users\Tadeo\.m2\repository\jakarta\activation\jakarta.activation-api\2.1.3\jakarta.activation-api-2.1.3.jar;C:\Users\Tadeo\.m2\repository\net\minidev\json-smart\2.5.2\json-smart-2.5.2.jar;C:\Users\Tadeo\.m2\repository\net\minidev\accessors-smart\2.5.2\accessors-smart-2.5.2.jar;C:\Users\Tadeo\.m2\repository\org\ow2\asm\asm\9.7.1\asm-9.7.1.jar;C:\Users\Tadeo\.m2\repository\org\assertj\assertj-core\3.26.3\assertj-core-3.26.3.jar;C:\Users\Tadeo\.m2\repository\net\bytebuddy\byte-buddy\1.15.11\byte-buddy-1.15.11.jar;C:\Users\Tadeo\.m2\repository\org\awaitility\awaitility\4.2.2\awaitility-4.2.2.jar;C:\Users\Tadeo\.m2\repository\org\hamcrest\hamcrest\2.2\hamcrest-2.2.jar;C:\Users\Tadeo\.m2\repository\org\junit\jupiter\junit-jupiter\5.11.4\junit-jupiter-5.11.4.jar;C:\Users\Tadeo\.m2\repository\org\junit\jupiter\junit-jupiter-api\5.11.4\junit-jupiter-api-5.11.4.jar;C:\Users\Tadeo\.m2\repository\org\opentest4j\opentest4j\1.3.0\opentest4j-1.3.0.jar;C:\Users\Tadeo\.m2\repository\org\junit\platform\junit-platform-commons\1.11.4\junit-platform-commons-1.11.4.jar;C:\Users\Tadeo\.m2\repository\org\apiguardian\apiguardian-api\1.1.2\apiguardian-api-1.1.2.jar;C:\Users\Tadeo\.m2\repository\org\junit\jupiter\junit-jupiter-params\5.11.4\junit-jupiter-params-5.11.4.jar;C:\Users\Tadeo\.m2\repository\org\junit\jupiter\junit-jupiter-engine\5.11.4\junit-jupiter-engine-5.11.4.jar;C:\Users\Tadeo\.m2\repository\org\junit\platform\junit-platform-engine\1.11.4\junit-platform-engine-1.11.4.jar;C:\Users\Tadeo\.m2\repository\org\mockito\mockito-core\5.14.2\mockito-core-5.14.2.jar;C:\Users\Tadeo\.m2\repository\net\bytebuddy\byte-buddy-agent\1.15.11\byte-buddy-agent-1.15.11.jar;C:\Users\Tadeo\.m2\repository\org\objenesis\objenesis\3.3\objenesis-3.3.jar;C:\Users\Tadeo\.m2\repository\org\mockito\mockito-junit-jupiter\5.14.2\mockito-junit-jupiter-5.14.2.jar;C:\Users\Tadeo\.m2\repository\org\skyscreamer\jsonassert\1.5.3\jsonassert-1.5.3.jar;C:\Users\Tadeo\.m2\repository\com\vaadin\external\google\android-json\0.0.20131108.vaadin1\android-json-0.0.20131108.vaadin1.jar;C:\Users\Tadeo\.m2\repository\org\springframework\spring-core\6.2.3\spring-core-6.2.3.jar;C:\Users\Tadeo\.m2\repository\org\springframework\spring-jcl\6.2.3\spring-jcl-6.2.3.jar;C:\Users\Tadeo\.m2\repository\org\springframework\spring-test\6.2.3\spring-test-6.2.3.jar;C:\Users\Tadeo\.m2\repository\org\xmlunit\xmlunit-core\2.10.0\xmlunit-core-2.10.0.jar;C:\Users\Tadeo\.m2\repository\com\healthmarketscience\jackcess\jackcess\3.0.1\jackcess-3.0.1.jar;C:\Users\Tadeo\.m2\repository\org\apache\commons\commons-lang3\3.17.0\commons-lang3-3.17.0.jar;C:\Users\Tadeo\.m2\repository\commons-logging\commons-logging\1.2\commons-logging-1.2.jar;C:\Users\Tadeo\.m2\repository\org\hsqldb\hsqldb\2.7.3\hsqldb-2.7.3.jar;C:\Users\Tadeo\.m2\repository\commons-lang\commons-lang\2.6\commons-lang-2.6.jar;C:\Users\Tadeo\.m2\repository\net\sf\jt400\jt400\6.3\jt400-6.3.jar;C:\Users\Tadeo\.m2\repository\org\projectlombok\lombok\1.18.36\lombok-1.18.36.jar;C:\Users\Tadeo\.m2\repository\org\springframework\kafka\spring-kafka\3.3.3\spring-kafka-3.3.3.jar;C:\Users\Tadeo\.m2\repository\org\springframework\spring-context\6.2.3\spring-context-6.2.3.jar;C:\Users\Tadeo\.m2\repository\org\springframework\spring-messaging\6.2.3\spring-messaging-6.2.3.jar;C:\Users\Tadeo\.m2\repository\org\springframework\spring-tx\6.2.3\spring-tx-6.2.3.jar;C:\Users\Tadeo\.m2\repository\org\springframework\retry\spring-retry\2.0.11\spring-retry-2.0.11.jar;C:\Users\Tadeo\.m2\repository\org\apache\kafka\kafka-clients\3.8.1\kafka-clients-3.8.1.jar;C:\Users\Tadeo\.m2\repository\com\github\luben\zstd-jni\1.5.6-4\zstd-jni-1.5.6-4.jar;C:\Users\Tadeo\.m2\repository\org\lz4\lz4-java\1.8.0\lz4-java-1.8.0.jar;C:\Users\Tadeo\.m2\repository\org\xerial\snappy\snappy-java\1.1.10.5\snappy-java-1.1.10.5.jar;C:\Users\Tadeo\.m2\repository\io\micrometer\micrometer-observation\1.14.4\micrometer-observation-1.14.4.jar;C:\Users\Tadeo\.m2\repository\io\micrometer\micrometer-commons\1.14.4\micrometer-commons-1.14.4.jar;C:\Users\Tadeo\.m2\repository\org\hibernate\validator\hibernate-validator\8.0.2.Final\hibernate-validator-8.0.2.Final.jar;C:\Users\Tadeo\.m2\repository\jakarta\validation\jakarta.validation-api\3.0.2\jakarta.validation-api-3.0.2.jar;C:\Users\Tadeo\.m2\repository\org\jboss\logging\jboss-logging\3.6.1.Final\jboss-logging-3.6.1.Final.jar;C:\Users\Tadeo\.m2\repository\com\fasterxml\classmate\1.7.0\classmate-1.7.0.jar;C:\Users\Tadeo\.m2\repository\javax\validation\validation-api\2.0.1.Final\validation-api-2.0.1.Final.jar;C:\Users\Tadeo\.m2\repository\com\cloudinary\cloudinary-http5\2.0.0\cloudinary-http5-2.0.0.jar;C:\Users\Tadeo\.m2\repository\com\cloudinary\cloudinary-core\2.0.0\cloudinary-core-2.0.0.jar;C:\Users\Tadeo\.m2\repository\org\apache\httpcomponents\client5\httpclient5\5.4.2\httpclient5-5.4.2.jar;C:\Users\Tadeo\.m2\repository\org\apache\httpcomponents\core5\httpcore5-h2\5.3.3\httpcore5-h2-5.3.3.jar;C:\Users\Tadeo\.m2\repository\org\apache\httpcomponents\core5\httpcore5\5.3.3\httpcore5-5.3.3.jar;C:\Users\Tadeo\.m2\repository\com\fasterxml\jackson\core\jackson-databind\2.18.2\jackson-databind-2.18.2.jar;C:\Users\Tadeo\.m2\repository\com\fasterxml\jackson\core\jackson-annotations\2.18.2\jackson-annotations-2.18.2.jar;C:\Users\Tadeo\.m2\repository\com\fasterxml\jackson\core\jackson-core\2.18.2\jackson-core-2.18.2.jar;"/>
    <property name="java.vm.vendor" value="Eclipse Adoptium"/>
    <property name="sun.arch.data.model" value="64"/>
    <property name="user.variant" value=""/>
    <property name="java.vendor.url" value="https://adoptium.net/"/>
    <property name="user.timezone" value="America/Mexico_City"/>
    <property name="org.jboss.logging.provider" value="slf4j"/>
    <property name="os.name" value="Windows 11"/>
    <property name="java.vm.specification.version" value="21"/>
    <property name="APPLICATION_NAME" value="proyecto-access-1"/>
    <property name="sun.java.launcher" value="SUN_STANDARD"/>
    <property name="user.country" value="MX"/>
    <property name="sun.boot.library.path" value="C:\Users\Tadeo\Documents\SpringToolSuite\sts-4.28.1.RELEASE\plugins\org.eclipse.justj.openjdk.hotspot.jre.full.win32.x86_64_21.0.6.v20250130-0529\jre\bin"/>
    <property name="sun.java.command" value="C:\Users\Tadeo\AppData\Local\Temp\surefire3882657231111524296\surefirebooter-20250623173633515_3.jar C:\Users\Tadeo\AppData\Local\Temp\surefire3882657231111524296 2025-06-23T17-36-33_371-jvmRun1 surefire-20250623173633515_1tmp surefire_0-20250623173633515_2tmp"/>
    <property name="jdk.debug" value="release"/>
    <property name="surefire.test.class.path" value="D:\Proyecto Residencias\pruebaMonorepo2\Microservicio_MuebleriaBarsa\apps\access-api\test-classes;D:\Proyecto Residencias\pruebaMonorepo2\Microservicio_MuebleriaBarsa\apps\access-api\classes;C:\Users\Tadeo\.m2\repository\org\springframework\boot\spring-boot-starter-web\3.4.3\spring-boot-starter-web-3.4.3.jar;C:\Users\Tadeo\.m2\repository\org\springframework\boot\spring-boot-starter\3.4.3\spring-boot-starter-3.4.3.jar;C:\Users\Tadeo\.m2\repository\org\springframework\boot\spring-boot\3.4.3\spring-boot-3.4.3.jar;C:\Users\Tadeo\.m2\repository\org\springframework\boot\spring-boot-autoconfigure\3.4.3\spring-boot-autoconfigure-3.4.3.jar;C:\Users\Tadeo\.m2\repository\org\springframework\boot\spring-boot-starter-logging\3.4.3\spring-boot-starter-logging-3.4.3.jar;C:\Users\Tadeo\.m2\repository\ch\qos\logback\logback-classic\1.5.16\logback-classic-1.5.16.jar;C:\Users\Tadeo\.m2\repository\ch\qos\logback\logback-core\1.5.16\logback-core-1.5.16.jar;C:\Users\Tadeo\.m2\repository\org\apache\logging\log4j\log4j-to-slf4j\2.24.3\log4j-to-slf4j-2.24.3.jar;C:\Users\Tadeo\.m2\repository\org\apache\logging\log4j\log4j-api\2.24.3\log4j-api-2.24.3.jar;C:\Users\Tadeo\.m2\repository\org\slf4j\jul-to-slf4j\2.0.16\jul-to-slf4j-2.0.16.jar;C:\Users\Tadeo\.m2\repository\jakarta\annotation\jakarta.annotation-api\2.1.1\jakarta.annotation-api-2.1.1.jar;C:\Users\Tadeo\.m2\repository\org\yaml\snakeyaml\2.3\snakeyaml-2.3.jar;C:\Users\Tadeo\.m2\repository\org\springframework\boot\spring-boot-starter-json\3.4.3\spring-boot-starter-json-3.4.3.jar;C:\Users\Tadeo\.m2\repository\com\fasterxml\jackson\datatype\jackson-datatype-jdk8\2.18.2\jackson-datatype-jdk8-2.18.2.jar;C:\Users\Tadeo\.m2\repository\com\fasterxml\jackson\datatype\jackson-datatype-jsr310\2.18.2\jackson-datatype-jsr310-2.18.2.jar;C:\Users\Tadeo\.m2\repository\com\fasterxml\jackson\module\jackson-module-parameter-names\2.18.2\jackson-module-parameter-names-2.18.2.jar;C:\Users\Tadeo\.m2\repository\org\springframework\boot\spring-boot-starter-tomcat\3.4.3\spring-boot-starter-tomcat-3.4.3.jar;C:\Users\Tadeo\.m2\repository\org\apache\tomcat\embed\tomcat-embed-core\10.1.36\tomcat-embed-core-10.1.36.jar;C:\Users\Tadeo\.m2\repository\org\apache\tomcat\embed\tomcat-embed-el\10.1.36\tomcat-embed-el-10.1.36.jar;C:\Users\Tadeo\.m2\repository\org\apache\tomcat\embed\tomcat-embed-websocket\10.1.36\tomcat-embed-websocket-10.1.36.jar;C:\Users\Tadeo\.m2\repository\org\springframework\spring-web\6.2.3\spring-web-6.2.3.jar;C:\Users\Tadeo\.m2\repository\org\springframework\spring-beans\6.2.3\spring-beans-6.2.3.jar;C:\Users\Tadeo\.m2\repository\org\springframework\spring-webmvc\6.2.3\spring-webmvc-6.2.3.jar;C:\Users\Tadeo\.m2\repository\org\springframework\spring-aop\6.2.3\spring-aop-6.2.3.jar;C:\Users\Tadeo\.m2\repository\org\springframework\spring-expression\6.2.3\spring-expression-6.2.3.jar;C:\Users\Tadeo\.m2\repository\org\springframework\boot\spring-boot-starter-jdbc\3.4.3\spring-boot-starter-jdbc-3.4.3.jar;C:\Users\Tadeo\.m2\repository\org\springframework\spring-jdbc\6.2.3\spring-jdbc-6.2.3.jar;C:\Users\Tadeo\.m2\repository\io\github\spannm\ucanaccess\5.1.0\ucanaccess-5.1.0.jar;C:\Users\Tadeo\.m2\repository\org\hsqldb\hsqldb\2.7.1\hsqldb-2.7.1-debug.jar;C:\Users\Tadeo\.m2\repository\com\zaxxer\HikariCP\5.1.0\HikariCP-5.1.0.jar;C:\Users\Tadeo\.m2\repository\org\slf4j\slf4j-api\2.0.16\slf4j-api-2.0.16.jar;C:\Users\Tadeo\.m2\repository\org\springframework\boot\spring-boot-starter-test\3.4.3\spring-boot-starter-test-3.4.3.jar;C:\Users\Tadeo\.m2\repository\org\springframework\boot\spring-boot-test\3.4.3\spring-boot-test-3.4.3.jar;C:\Users\Tadeo\.m2\repository\org\springframework\boot\spring-boot-test-autoconfigure\3.4.3\spring-boot-test-autoconfigure-3.4.3.jar;C:\Users\Tadeo\.m2\repository\com\jayway\jsonpath\json-path\2.9.0\json-path-2.9.0.jar;C:\Users\Tadeo\.m2\repository\jakarta\xml\bind\jakarta.xml.bind-api\4.0.2\jakarta.xml.bind-api-4.0.2.jar;C:\Users\Tadeo\.m2\repository\jakarta\activation\jakarta.activation-api\2.1.3\jakarta.activation-api-2.1.3.jar;C:\Users\Tadeo\.m2\repository\net\minidev\json-smart\2.5.2\json-smart-2.5.2.jar;C:\Users\Tadeo\.m2\repository\net\minidev\accessors-smart\2.5.2\accessors-smart-2.5.2.jar;C:\Users\Tadeo\.m2\repository\org\ow2\asm\asm\9.7.1\asm-9.7.1.jar;C:\Users\Tadeo\.m2\repository\org\assertj\assertj-core\3.26.3\assertj-core-3.26.3.jar;C:\Users\Tadeo\.m2\repository\net\bytebuddy\byte-buddy\1.15.11\byte-buddy-1.15.11.jar;C:\Users\Tadeo\.m2\repository\org\awaitility\awaitility\4.2.2\awaitility-4.2.2.jar;C:\Users\Tadeo\.m2\repository\org\hamcrest\hamcrest\2.2\hamcrest-2.2.jar;C:\Users\Tadeo\.m2\repository\org\junit\jupiter\junit-jupiter\5.11.4\junit-jupiter-5.11.4.jar;C:\Users\Tadeo\.m2\repository\org\junit\jupiter\junit-jupiter-api\5.11.4\junit-jupiter-api-5.11.4.jar;C:\Users\Tadeo\.m2\repository\org\opentest4j\opentest4j\1.3.0\opentest4j-1.3.0.jar;C:\Users\Tadeo\.m2\repository\org\junit\platform\junit-platform-commons\1.11.4\junit-platform-commons-1.11.4.jar;C:\Users\Tadeo\.m2\repository\org\apiguardian\apiguardian-api\1.1.2\apiguardian-api-1.1.2.jar;C:\Users\Tadeo\.m2\repository\org\junit\jupiter\junit-jupiter-params\5.11.4\junit-jupiter-params-5.11.4.jar;C:\Users\Tadeo\.m2\repository\org\junit\jupiter\junit-jupiter-engine\5.11.4\junit-jupiter-engine-5.11.4.jar;C:\Users\Tadeo\.m2\repository\org\junit\platform\junit-platform-engine\1.11.4\junit-platform-engine-1.11.4.jar;C:\Users\Tadeo\.m2\repository\org\mockito\mockito-core\5.14.2\mockito-core-5.14.2.jar;C:\Users\Tadeo\.m2\repository\net\bytebuddy\byte-buddy-agent\1.15.11\byte-buddy-agent-1.15.11.jar;C:\Users\Tadeo\.m2\repository\org\objenesis\objenesis\3.3\objenesis-3.3.jar;C:\Users\Tadeo\.m2\repository\org\mockito\mockito-junit-jupiter\5.14.2\mockito-junit-jupiter-5.14.2.jar;C:\Users\Tadeo\.m2\repository\org\skyscreamer\jsonassert\1.5.3\jsonassert-1.5.3.jar;C:\Users\Tadeo\.m2\repository\com\vaadin\external\google\android-json\0.0.20131108.vaadin1\android-json-0.0.20131108.vaadin1.jar;C:\Users\Tadeo\.m2\repository\org\springframework\spring-core\6.2.3\spring-core-6.2.3.jar;C:\Users\Tadeo\.m2\repository\org\springframework\spring-jcl\6.2.3\spring-jcl-6.2.3.jar;C:\Users\Tadeo\.m2\repository\org\springframework\spring-test\6.2.3\spring-test-6.2.3.jar;C:\Users\Tadeo\.m2\repository\org\xmlunit\xmlunit-core\2.10.0\xmlunit-core-2.10.0.jar;C:\Users\Tadeo\.m2\repository\com\healthmarketscience\jackcess\jackcess\3.0.1\jackcess-3.0.1.jar;C:\Users\Tadeo\.m2\repository\org\apache\commons\commons-lang3\3.17.0\commons-lang3-3.17.0.jar;C:\Users\Tadeo\.m2\repository\commons-logging\commons-logging\1.2\commons-logging-1.2.jar;C:\Users\Tadeo\.m2\repository\org\hsqldb\hsqldb\2.7.3\hsqldb-2.7.3.jar;C:\Users\Tadeo\.m2\repository\commons-lang\commons-lang\2.6\commons-lang-2.6.jar;C:\Users\Tadeo\.m2\repository\net\sf\jt400\jt400\6.3\jt400-6.3.jar;C:\Users\Tadeo\.m2\repository\org\projectlombok\lombok\1.18.36\lombok-1.18.36.jar;C:\Users\Tadeo\.m2\repository\org\springframework\kafka\spring-kafka\3.3.3\spring-kafka-3.3.3.jar;C:\Users\Tadeo\.m2\repository\org\springframework\spring-context\6.2.3\spring-context-6.2.3.jar;C:\Users\Tadeo\.m2\repository\org\springframework\spring-messaging\6.2.3\spring-messaging-6.2.3.jar;C:\Users\Tadeo\.m2\repository\org\springframework\spring-tx\6.2.3\spring-tx-6.2.3.jar;C:\Users\Tadeo\.m2\repository\org\springframework\retry\spring-retry\2.0.11\spring-retry-2.0.11.jar;C:\Users\Tadeo\.m2\repository\org\apache\kafka\kafka-clients\3.8.1\kafka-clients-3.8.1.jar;C:\Users\Tadeo\.m2\repository\com\github\luben\zstd-jni\1.5.6-4\zstd-jni-1.5.6-4.jar;C:\Users\Tadeo\.m2\repository\org\lz4\lz4-java\1.8.0\lz4-java-1.8.0.jar;C:\Users\Tadeo\.m2\repository\org\xerial\snappy\snappy-java\1.1.10.5\snappy-java-1.1.10.5.jar;C:\Users\Tadeo\.m2\repository\io\micrometer\micrometer-observation\1.14.4\micrometer-observation-1.14.4.jar;C:\Users\Tadeo\.m2\repository\io\micrometer\micrometer-commons\1.14.4\micrometer-commons-1.14.4.jar;C:\Users\Tadeo\.m2\repository\org\hibernate\validator\hibernate-validator\8.0.2.Final\hibernate-validator-8.0.2.Final.jar;C:\Users\Tadeo\.m2\repository\jakarta\validation\jakarta.validation-api\3.0.2\jakarta.validation-api-3.0.2.jar;C:\Users\Tadeo\.m2\repository\org\jboss\logging\jboss-logging\3.6.1.Final\jboss-logging-3.6.1.Final.jar;C:\Users\Tadeo\.m2\repository\com\fasterxml\classmate\1.7.0\classmate-1.7.0.jar;C:\Users\Tadeo\.m2\repository\javax\validation\validation-api\2.0.1.Final\validation-api-2.0.1.Final.jar;C:\Users\Tadeo\.m2\repository\com\cloudinary\cloudinary-http5\2.0.0\cloudinary-http5-2.0.0.jar;C:\Users\Tadeo\.m2\repository\com\cloudinary\cloudinary-core\2.0.0\cloudinary-core-2.0.0.jar;C:\Users\Tadeo\.m2\repository\org\apache\httpcomponents\client5\httpclient5\5.4.2\httpclient5-5.4.2.jar;C:\Users\Tadeo\.m2\repository\org\apache\httpcomponents\core5\httpcore5-h2\5.3.3\httpcore5-h2-5.3.3.jar;C:\Users\Tadeo\.m2\repository\org\apache\httpcomponents\core5\httpcore5\5.3.3\httpcore5-5.3.3.jar;C:\Users\Tadeo\.m2\repository\com\fasterxml\jackson\core\jackson-databind\2.18.2\jackson-databind-2.18.2.jar;C:\Users\Tadeo\.m2\repository\com\fasterxml\jackson\core\jackson-annotations\2.18.2\jackson-annotations-2.18.2.jar;C:\Users\Tadeo\.m2\repository\com\fasterxml\jackson\core\jackson-core\2.18.2\jackson-core-2.18.2.jar;"/>
    <property name="sun.cpu.endian" value="little"/>
    <property name="user.home" value="C:\Users\Tadeo"/>
    <property name="user.language" value="es"/>
    <property name="java.specification.vendor" value="Oracle Corporation"/>
    <property name="java.version.date" value="2025-01-21"/>
    <property name="java.home" value="C:\Users\Tadeo\Documents\SpringToolSuite\sts-4.28.1.RELEASE\plugins\org.eclipse.justj.openjdk.hotspot.jre.full.win32.x86_64_21.0.6.v20250130-0529\jre"/>
    <property name="file.separator" value="\"/>
    <property name="basedir" value="C:\Users\Tadeo\git\MicroServicioBarsa-Spring\proyecto-access-1"/>
    <property name="style.color" value="always"/>
    <property name="java.vm.compressedOopsMode" value="Zero based"/>
    <property name="line.separator" value="&#10;"/>
    <property name="java.vm.specification.vendor" value="Oracle Corporation"/>
    <property name="java.specification.name" value="Java Platform API Specification"/>
    <property name="FILE_LOG_CHARSET" value="UTF-8"/>
    <property name="java.awt.headless" value="true"/>
    <property name="surefire.real.class.path" value="C:\Users\Tadeo\AppData\Local\Temp\surefire3882657231111524296\surefirebooter-20250623173633515_3.jar"/>
    <property name="user.script" value=""/>
    <property name="sun.management.compiler" value="HotSpot 64-Bit Tiered Compilers"/>
    <property name="java.runtime.version" value="21.0.6+7-LTS"/>
    <property name="user.name" value="Tadeo"/>
    <property name="stdout.encoding" value="Cp1252"/>
    <property name="path.separator" value=";"/>
    <property name="os.version" value="10.0"/>
    <property name="java.runtime.name" value="OpenJDK Runtime Environment"/>
    <property name="file.encoding" value="UTF-8"/>
    <property name="java.vm.name" value="OpenJDK 64-Bit Server VM"/>
    <property name="java.vendor.version" value="Temurin-21.0.6+7"/>
    <property name="localRepository" value="C:\Users\Tadeo\.m2\repository"/>
    <property name="java.vendor.url.bug" value="https://github.com/adoptium/adoptium-support/issues"/>
    <property name="java.io.tmpdir" value="C:\Users\Tadeo\AppData\Local\Temp\"/>
    <property name="java.version" value="21.0.6"/>
    <property name="user.dir" value="C:\Users\Tadeo\git\MicroServicioBarsa-Spring\proyecto-access-1"/>
    <property name="os.arch" value="amd64"/>
    <property name="java.vm.specification.name" value="Java Virtual Machine Specification"/>
    <property name="PID" value="25632"/>
    <property name="sun.os.patch.level" value=""/>
    <property name="CONSOLE_LOG_CHARSET" value="UTF-8"/>
    <property name="hsqldb.method_class_names" value="net.ucanaccess.converters.*"/>
    <property name="native.encoding" value="Cp1252"/>
    <property name="java.library.path" value="C:\Users\Tadeo\Documents\SpringToolSuite\sts-4.28.1.RELEASE\plugins\org.eclipse.justj.openjdk.hotspot.jre.full.win32.x86_64_21.0.6.v20250130-0529\jre\bin;C:\WINDOWS\Sun\Java\bin;C:\WINDOWS\system32;C:\WINDOWS;C:/Users/Tadeo/Documents/SpringToolSuite/sts-4.28.1.RELEASE//plugins/org.eclipse.justj.openjdk.hotspot.jre.full.win32.x86_64_21.0.6.v20250130-0529/jre/bin/server;C:/Users/Tadeo/Documents/SpringToolSuite/sts-4.28.1.RELEASE//plugins/org.eclipse.justj.openjdk.hotspot.jre.full.win32.x86_64_21.0.6.v20250130-0529/jre/bin;C:\Program Files (x86)\NVIDIA Corporation\PhysX\Common;C:\Program Files\Common Files\Oracle\Java\javapath;C:\Windows\System32\HWAudioDriver;C:\Windows\system32;C:\Windows;C:\Windows\System32\Wbem;C:\Windows\System32\WindowsPowerShell\v1.0\;C:\Windows\System32\OpenSSH\;C:\Users\Administrator\AppData\Local\Microsoft\WindowsApps;C:\Program Files\Microsoft SQL Server\150\Tools\Binn\;C:\Program Files\Microsoft SQL Server\Client SDK\ODBC\170\Tools\Binn\;C:\Program Files\dotnet\;C:\Program Files (x86)\Microsoft SQL Server\160\Tools\Binn\;C:\Program Files\Microsoft SQL Server\160\Tools\Binn\;C:\Program Files\Microsoft SQL Server\160\DTS\Binn\;C:\Program Files\Git\cmd;C:\Program Files\nodejs\;C:\Program Files\Docker\Docker\resources\bin;C:\WINDOWS\system32;C:\WINDOWS;C:\WINDOWS\System32\Wbem;C:\WINDOWS\System32\WindowsPowerShell\v1.0\;C:\WINDOWS\System32\OpenSSH\;C:\Users\Tadeo\AppData\Local\Programs\Python\Python3125\Scripts\;C:\Users\Tadeo\AppData\Local\Programs\Python\Python3125\;C:\Users\Tadeo\AppData\Local\Microsoft\WindowsApps;C:\Users\Tadeo\.dotnet\tools;C:\Users\Tadeo\AppData\Local\Programs\Microsoft VS Code\bin;C:\Program Files\JetBrains\PyCharm 2024.2.0.1\bin;;C:\Program Files\JetBrains\IntelliJ IDEA Community Edition 2024.2.0.2\bin;;C:\Program Files\MongoDB\Server\7.0\bin;C:\Users\Tadeo\AppData\Roaming\npm;;C:\Users\Tadeo\Documents\SpringToolSuite\sts-4.28.1.RELEASE;;."/>
    <property name="java.vm.info" value="mixed mode, sharing"/>
    <property name="stderr.encoding" value="Cp1252"/>
    <property name="java.vendor" value="Eclipse Adoptium"/>
    <property name="java.vm.version" value="21.0.6+7-LTS"/>
    <property name="sun.io.unicode.encoding" value="UnicodeLittle"/>
    <property name="java.class.version" value="65.0"/>
    <property name="LOGGED_APPLICATION_NAME" value="[proyecto-access-1] "/>
  </properties>
  <testcase name="contextLoads" classname="com.access.ProyectoAccess1ApplicationTests" time="0.804">
    <system-out><![CDATA[17:36:34.423 [main] INFO org.springframework.test.context.support.AnnotationConfigContextLoaderUtils -- Could not detect default configuration classes for test class [com.access.ProyectoAccess1ApplicationTests]: ProyectoAccess1ApplicationTests does not declare any static, non-private, non-final, nested classes annotated with @Configuration.
17:36:34.544 [main] INFO org.springframework.boot.test.context.SpringBootTestContextBootstrapper -- Found @SpringBootConfiguration com.access.ProyectoAccess1Application for test class com.access.ProyectoAccess1ApplicationTests

  .   ____          _            __ _ _
 /\\ / ___'_ __ _ _(_)_ __  __ _ \ \ \ \
( ( )\___ | '_ | '_| | '_ \/ _` | \ \ \ \
 \\/  ___)| |_)| | | | | || (_| |  ) ) ) )
  '  |____| .__|_| |_|_| |_\__, | / / / /
 =========|_|==============|___/=/_/_/_/

 :: Spring Boot ::                (v3.4.3)

2025-06-23T17:36:35.073-06:00  INFO 25632 --- [proyecto-access-1] [           main] c.a.ProyectoAccess1ApplicationTests      : Starting ProyectoAccess1ApplicationTests using Java 21.0.6 with PID 25632 (started by Tadeo in C:\Users\Tadeo\git\MicroServicioBarsa-Spring\proyecto-access-1)
2025-06-23T17:36:35.075-06:00  INFO 25632 --- [proyecto-access-1] [           main] c.a.ProyectoAccess1ApplicationTests      : No active profile set, falling back to 1 default profile: "default"
2025-06-23T17:36:36.957-06:00  WARN 25632 --- [proyecto-access-1] [           main] com.zaxxer.hikari.HikariConfig           : HikariCP - idleTimeout has been set but has no effect because the pool is operating as a fixed size pool.
2025-06-23T17:36:36.960-06:00  INFO 25632 --- [proyecto-access-1] [           main] com.zaxxer.hikari.HikariDataSource       : HikariCP - Starting...
2025-06-23T17:36:39.114-06:00  INFO 25632 --- [proyecto-access-1] [           main] o.a.k.clients.consumer.ConsumerConfig    : ConsumerConfig values: 
	allow.auto.create.topics = true
	auto.commit.interval.ms = 5000
	auto.include.jmx.reporter = true
	auto.offset.reset = earliest
	bootstrap.servers = [localhost:9092]
	check.crcs = true
	client.dns.lookup = use_all_dns_ips
	client.id = consumer-materia-service-group-1
	client.rack = 
	connections.max.idle.ms = 540000
	default.api.timeout.ms = 60000
	enable.auto.commit = false
	enable.metrics.push = true
	exclude.internal.topics = true
	fetch.max.bytes = 52428800
	fetch.max.wait.ms = 500
	fetch.min.bytes = 1
	group.id = materia-service-group
	group.instance.id = null
	group.protocol = classic
	group.remote.assignor = null
	heartbeat.interval.ms = 3000
	interceptor.classes = []
	internal.leave.group.on.close = true
	internal.throw.on.fetch.stable.offset.unsupported = false
	isolation.level = read_uncommitted
	key.deserializer = class org.apache.kafka.common.serialization.StringDeserializer
	max.partition.fetch.bytes = 1048576
	max.poll.interval.ms = 300000
	max.poll.records = 500
	metadata.max.age.ms = 300000
	metadata.recovery.strategy = none
	metric.reporters = []
	metrics.num.samples = 2
	metrics.recording.level = INFO
	metrics.sample.window.ms = 30000
	partition.assignment.strategy = [class org.apache.kafka.clients.consumer.RangeAssignor, class org.apache.kafka.clients.consumer.CooperativeStickyAssignor]
	receive.buffer.bytes = 65536
	reconnect.backoff.max.ms = 1000
	reconnect.backoff.ms = 50
	request.timeout.ms = 30000
	retry.backoff.max.ms = 1000
	retry.backoff.ms = 100
	sasl.client.callback.handler.class = null
	sasl.jaas.config = null
	sasl.kerberos.kinit.cmd = /usr/bin/kinit
	sasl.kerberos.min.time.before.relogin = 60000
	sasl.kerberos.service.name = null
	sasl.kerberos.ticket.renew.jitter = 0.05
	sasl.kerberos.ticket.renew.window.factor = 0.8
	sasl.login.callback.handler.class = null
	sasl.login.class = null
	sasl.login.connect.timeout.ms = null
	sasl.login.read.timeout.ms = null
	sasl.login.refresh.buffer.seconds = 300
	sasl.login.refresh.min.period.seconds = 60
	sasl.login.refresh.window.factor = 0.8
	sasl.login.refresh.window.jitter = 0.05
	sasl.login.retry.backoff.max.ms = 10000
	sasl.login.retry.backoff.ms = 100
	sasl.mechanism = GSSAPI
	sasl.oauthbearer.clock.skew.seconds = 30
	sasl.oauthbearer.expected.audience = null
	sasl.oauthbearer.expected.issuer = null
	sasl.oauthbearer.jwks.endpoint.refresh.ms = 3600000
	sasl.oauthbearer.jwks.endpoint.retry.backoff.max.ms = 10000
	sasl.oauthbearer.jwks.endpoint.retry.backoff.ms = 100
	sasl.oauthbearer.jwks.endpoint.url = null
	sasl.oauthbearer.scope.claim.name = scope
	sasl.oauthbearer.sub.claim.name = sub
	sasl.oauthbearer.token.endpoint.url = null
	security.protocol = PLAINTEXT
	security.providers = null
	send.buffer.bytes = 131072
	session.timeout.ms = 45000
	socket.connection.setup.timeout.max.ms = 30000
	socket.connection.setup.timeout.ms = 10000
	ssl.cipher.suites = null
	ssl.enabled.protocols = [TLSv1.2, TLSv1.3]
	ssl.endpoint.identification.algorithm = https
	ssl.engine.factory.class = null
	ssl.key.password = null
	ssl.keymanager.algorithm = SunX509
	ssl.keystore.certificate.chain = null
	ssl.keystore.key = null
	ssl.keystore.location = null
	ssl.keystore.password = null
	ssl.keystore.type = JKS
	ssl.protocol = TLSv1.3
	ssl.provider = null
	ssl.secure.random.implementation = null
	ssl.trustmanager.algorithm = PKIX
	ssl.truststore.certificates = null
	ssl.truststore.location = null
	ssl.truststore.password = null
	ssl.truststore.type = JKS
	value.deserializer = class org.apache.kafka.common.serialization.StringDeserializer

2025-06-23T17:36:39.159-06:00  INFO 25632 --- [proyecto-access-1] [           main] o.a.k.c.t.i.KafkaMetricsCollector        : initializing Kafka metrics collector
2025-06-23T17:36:39.346-06:00  INFO 25632 --- [proyecto-access-1] [           main] o.a.kafka.common.utils.AppInfoParser     : Kafka version: 3.8.1
2025-06-23T17:36:39.346-06:00  INFO 25632 --- [proyecto-access-1] [           main] o.a.kafka.common.utils.AppInfoParser     : Kafka commitId: 70d6ff42debf7e17
2025-06-23T17:36:39.346-06:00  INFO 25632 --- [proyecto-access-1] [           main] o.a.kafka.common.utils.AppInfoParser     : Kafka startTimeMs: 1750721799343
2025-06-23T17:36:39.351-06:00  INFO 25632 --- [proyecto-access-1] [           main] o.a.k.c.c.internals.LegacyKafkaConsumer  : [Consumer clientId=consumer-materia-service-group-1, groupId=materia-service-group] Subscribed to topic(s): post-movimiento-materia
2025-06-23T17:36:39.363-06:00  INFO 25632 --- [proyecto-access-1] [           main] o.a.k.clients.consumer.ConsumerConfig    : ConsumerConfig values: 
	allow.auto.create.topics = true
	auto.commit.interval.ms = 5000
	auto.include.jmx.reporter = true
	auto.offset.reset = earliest
	bootstrap.servers = [localhost:9092]
	check.crcs = true
	client.dns.lookup = use_all_dns_ips
	client.id = consumer-materia-service-group-2
	client.rack = 
	connections.max.idle.ms = 540000
	default.api.timeout.ms = 60000
	enable.auto.commit = false
	enable.metrics.push = true
	exclude.internal.topics = true
	fetch.max.bytes = 52428800
	fetch.max.wait.ms = 500
	fetch.min.bytes = 1
	group.id = materia-service-group
	group.instance.id = null
	group.protocol = classic
	group.remote.assignor = null
	heartbeat.interval.ms = 3000
	interceptor.classes = []
	internal.leave.group.on.close = true
	internal.throw.on.fetch.stable.offset.unsupported = false
	isolation.level = read_uncommitted
	key.deserializer = class org.apache.kafka.common.serialization.StringDeserializer
	max.partition.fetch.bytes = 1048576
	max.poll.interval.ms = 300000
	max.poll.records = 500
	metadata.max.age.ms = 300000
	metadata.recovery.strategy = none
	metric.reporters = []
	metrics.num.samples = 2
	metrics.recording.level = INFO
	metrics.sample.window.ms = 30000
	partition.assignment.strategy = [class org.apache.kafka.clients.consumer.RangeAssignor, class org.apache.kafka.clients.consumer.CooperativeStickyAssignor]
	receive.buffer.bytes = 65536
	reconnect.backoff.max.ms = 1000
	reconnect.backoff.ms = 50
	request.timeout.ms = 30000
	retry.backoff.max.ms = 1000
	retry.backoff.ms = 100
	sasl.client.callback.handler.class = null
	sasl.jaas.config = null
	sasl.kerberos.kinit.cmd = /usr/bin/kinit
	sasl.kerberos.min.time.before.relogin = 60000
	sasl.kerberos.service.name = null
	sasl.kerberos.ticket.renew.jitter = 0.05
	sasl.kerberos.ticket.renew.window.factor = 0.8
	sasl.login.callback.handler.class = null
	sasl.login.class = null
	sasl.login.connect.timeout.ms = null
	sasl.login.read.timeout.ms = null
	sasl.login.refresh.buffer.seconds = 300
	sasl.login.refresh.min.period.seconds = 60
	sasl.login.refresh.window.factor = 0.8
	sasl.login.refresh.window.jitter = 0.05
	sasl.login.retry.backoff.max.ms = 10000
	sasl.login.retry.backoff.ms = 100
	sasl.mechanism = GSSAPI
	sasl.oauthbearer.clock.skew.seconds = 30
	sasl.oauthbearer.expected.audience = null
	sasl.oauthbearer.expected.issuer = null
	sasl.oauthbearer.jwks.endpoint.refresh.ms = 3600000
	sasl.oauthbearer.jwks.endpoint.retry.backoff.max.ms = 10000
	sasl.oauthbearer.jwks.endpoint.retry.backoff.ms = 100
	sasl.oauthbearer.jwks.endpoint.url = null
	sasl.oauthbearer.scope.claim.name = scope
	sasl.oauthbearer.sub.claim.name = sub
	sasl.oauthbearer.token.endpoint.url = null
	security.protocol = PLAINTEXT
	security.providers = null
	send.buffer.bytes = 131072
	session.timeout.ms = 45000
	socket.connection.setup.timeout.max.ms = 30000
	socket.connection.setup.timeout.ms = 10000
	ssl.cipher.suites = null
	ssl.enabled.protocols = [TLSv1.2, TLSv1.3]
	ssl.endpoint.identification.algorithm = https
	ssl.engine.factory.class = null
	ssl.key.password = null
	ssl.keymanager.algorithm = SunX509
	ssl.keystore.certificate.chain = null
	ssl.keystore.key = null
	ssl.keystore.location = null
	ssl.keystore.password = null
	ssl.keystore.type = JKS
	ssl.protocol = TLSv1.3
	ssl.provider = null
	ssl.secure.random.implementation = null
	ssl.trustmanager.algorithm = PKIX
	ssl.truststore.certificates = null
	ssl.truststore.location = null
	ssl.truststore.password = null
	ssl.truststore.type = JKS
	value.deserializer = class org.apache.kafka.common.serialization.StringDeserializer

2025-06-23T17:36:39.364-06:00  INFO 25632 --- [proyecto-access-1] [           main] o.a.k.c.t.i.KafkaMetricsCollector        : initializing Kafka metrics collector
2025-06-23T17:36:39.371-06:00  INFO 25632 --- [proyecto-access-1] [           main] o.a.kafka.common.utils.AppInfoParser     : Kafka version: 3.8.1
2025-06-23T17:36:39.372-06:00  INFO 25632 --- [proyecto-access-1] [           main] o.a.kafka.common.utils.AppInfoParser     : Kafka commitId: 70d6ff42debf7e17
2025-06-23T17:36:39.372-06:00  INFO 25632 --- [proyecto-access-1] [           main] o.a.kafka.common.utils.AppInfoParser     : Kafka startTimeMs: 1750721799371
2025-06-23T17:36:39.372-06:00  INFO 25632 --- [proyecto-access-1] [           main] o.a.k.c.c.internals.LegacyKafkaConsumer  : [Consumer clientId=consumer-materia-service-group-2, groupId=materia-service-group] Subscribed to topic(s): get-movimiento-producto
2025-06-23T17:36:39.374-06:00  INFO 25632 --- [proyecto-access-1] [           main] o.a.k.clients.consumer.ConsumerConfig    : ConsumerConfig values: 
	allow.auto.create.topics = true
	auto.commit.interval.ms = 5000
	auto.include.jmx.reporter = true
	auto.offset.reset = earliest
	bootstrap.servers = [localhost:9092]
	check.crcs = true
	client.dns.lookup = use_all_dns_ips
	client.id = consumer-materia-service-group-3
	client.rack = 
	connections.max.idle.ms = 540000
	default.api.timeout.ms = 60000
	enable.auto.commit = false
	enable.metrics.push = true
	exclude.internal.topics = true
	fetch.max.bytes = 52428800
	fetch.max.wait.ms = 500
	fetch.min.bytes = 1
	group.id = materia-service-group
	group.instance.id = null
	group.protocol = classic
	group.remote.assignor = null
	heartbeat.interval.ms = 3000
	interceptor.classes = []
	internal.leave.group.on.close = true
	internal.throw.on.fetch.stable.offset.unsupported = false
	isolation.level = read_uncommitted
	key.deserializer = class org.apache.kafka.common.serialization.StringDeserializer
	max.partition.fetch.bytes = 1048576
	max.poll.interval.ms = 300000
	max.poll.records = 500
	metadata.max.age.ms = 300000
	metadata.recovery.strategy = none
	metric.reporters = []
	metrics.num.samples = 2
	metrics.recording.level = INFO
	metrics.sample.window.ms = 30000
	partition.assignment.strategy = [class org.apache.kafka.clients.consumer.RangeAssignor, class org.apache.kafka.clients.consumer.CooperativeStickyAssignor]
	receive.buffer.bytes = 65536
	reconnect.backoff.max.ms = 1000
	reconnect.backoff.ms = 50
	request.timeout.ms = 30000
	retry.backoff.max.ms = 1000
	retry.backoff.ms = 100
	sasl.client.callback.handler.class = null
	sasl.jaas.config = null
	sasl.kerberos.kinit.cmd = /usr/bin/kinit
	sasl.kerberos.min.time.before.relogin = 60000
	sasl.kerberos.service.name = null
	sasl.kerberos.ticket.renew.jitter = 0.05
	sasl.kerberos.ticket.renew.window.factor = 0.8
	sasl.login.callback.handler.class = null
	sasl.login.class = null
	sasl.login.connect.timeout.ms = null
	sasl.login.read.timeout.ms = null
	sasl.login.refresh.buffer.seconds = 300
	sasl.login.refresh.min.period.seconds = 60
	sasl.login.refresh.window.factor = 0.8
	sasl.login.refresh.window.jitter = 0.05
	sasl.login.retry.backoff.max.ms = 10000
	sasl.login.retry.backoff.ms = 100
	sasl.mechanism = GSSAPI
	sasl.oauthbearer.clock.skew.seconds = 30
	sasl.oauthbearer.expected.audience = null
	sasl.oauthbearer.expected.issuer = null
	sasl.oauthbearer.jwks.endpoint.refresh.ms = 3600000
	sasl.oauthbearer.jwks.endpoint.retry.backoff.max.ms = 10000
	sasl.oauthbearer.jwks.endpoint.retry.backoff.ms = 100
	sasl.oauthbearer.jwks.endpoint.url = null
	sasl.oauthbearer.scope.claim.name = scope
	sasl.oauthbearer.sub.claim.name = sub
	sasl.oauthbearer.token.endpoint.url = null
	security.protocol = PLAINTEXT
	security.providers = null
	send.buffer.bytes = 131072
	session.timeout.ms = 45000
	socket.connection.setup.timeout.max.ms = 30000
	socket.connection.setup.timeout.ms = 10000
	ssl.cipher.suites = null
	ssl.enabled.protocols = [TLSv1.2, TLSv1.3]
	ssl.endpoint.identification.algorithm = https
	ssl.engine.factory.class = null
	ssl.key.password = null
	ssl.keymanager.algorithm = SunX509
	ssl.keystore.certificate.chain = null
	ssl.keystore.key = null
	ssl.keystore.location = null
	ssl.keystore.password = null
	ssl.keystore.type = JKS
	ssl.protocol = TLSv1.3
	ssl.provider = null
	ssl.secure.random.implementation = null
	ssl.trustmanager.algorithm = PKIX
	ssl.truststore.certificates = null
	ssl.truststore.location = null
	ssl.truststore.password = null
	ssl.truststore.type = JKS
	value.deserializer = class org.apache.kafka.common.serialization.StringDeserializer

2025-06-23T17:36:39.375-06:00  INFO 25632 --- [proyecto-access-1] [           main] o.a.k.c.t.i.KafkaMetricsCollector        : initializing Kafka metrics collector
2025-06-23T17:36:39.383-06:00  INFO 25632 --- [proyecto-access-1] [           main] o.a.kafka.common.utils.AppInfoParser     : Kafka version: 3.8.1
2025-06-23T17:36:39.383-06:00  INFO 25632 --- [proyecto-access-1] [           main] o.a.kafka.common.utils.AppInfoParser     : Kafka commitId: 70d6ff42debf7e17
2025-06-23T17:36:39.383-06:00  INFO 25632 --- [proyecto-access-1] [           main] o.a.kafka.common.utils.AppInfoParser     : Kafka startTimeMs: 1750721799383
2025-06-23T17:36:39.384-06:00  INFO 25632 --- [proyecto-access-1] [           main] o.a.k.c.c.internals.LegacyKafkaConsumer  : [Consumer clientId=consumer-materia-service-group-3, groupId=materia-service-group] Subscribed to topic(s): get-movimiento-materia
2025-06-23T17:36:39.386-06:00  INFO 25632 --- [proyecto-access-1] [           main] o.a.k.clients.consumer.ConsumerConfig    : ConsumerConfig values: 
	allow.auto.create.topics = true
	auto.commit.interval.ms = 5000
	auto.include.jmx.reporter = true
	auto.offset.reset = earliest
	bootstrap.servers = [localhost:9092]
	check.crcs = true
	client.dns.lookup = use_all_dns_ips
	client.id = consumer-materia-service-group-4
	client.rack = 
	connections.max.idle.ms = 540000
	default.api.timeout.ms = 60000
	enable.auto.commit = false
	enable.metrics.push = true
	exclude.internal.topics = true
	fetch.max.bytes = 52428800
	fetch.max.wait.ms = 500
	fetch.min.bytes = 1
	group.id = materia-service-group
	group.instance.id = null
	group.protocol = classic
	group.remote.assignor = null
	heartbeat.interval.ms = 3000
	interceptor.classes = []
	internal.leave.group.on.close = true
	internal.throw.on.fetch.stable.offset.unsupported = false
	isolation.level = read_uncommitted
	key.deserializer = class org.apache.kafka.common.serialization.StringDeserializer
	max.partition.fetch.bytes = 1048576
	max.poll.interval.ms = 300000
	max.poll.records = 500
	metadata.max.age.ms = 300000
	metadata.recovery.strategy = none
	metric.reporters = []
	metrics.num.samples = 2
	metrics.recording.level = INFO
	metrics.sample.window.ms = 30000
	partition.assignment.strategy = [class org.apache.kafka.clients.consumer.RangeAssignor, class org.apache.kafka.clients.consumer.CooperativeStickyAssignor]
	receive.buffer.bytes = 65536
	reconnect.backoff.max.ms = 1000
	reconnect.backoff.ms = 50
	request.timeout.ms = 30000
	retry.backoff.max.ms = 1000
	retry.backoff.ms = 100
	sasl.client.callback.handler.class = null
	sasl.jaas.config = null
	sasl.kerberos.kinit.cmd = /usr/bin/kinit
	sasl.kerberos.min.time.before.relogin = 60000
	sasl.kerberos.service.name = null
	sasl.kerberos.ticket.renew.jitter = 0.05
	sasl.kerberos.ticket.renew.window.factor = 0.8
	sasl.login.callback.handler.class = null
	sasl.login.class = null
	sasl.login.connect.timeout.ms = null
	sasl.login.read.timeout.ms = null
	sasl.login.refresh.buffer.seconds = 300
	sasl.login.refresh.min.period.seconds = 60
	sasl.login.refresh.window.factor = 0.8
	sasl.login.refresh.window.jitter = 0.05
	sasl.login.retry.backoff.max.ms = 10000
	sasl.login.retry.backoff.ms = 100
	sasl.mechanism = GSSAPI
	sasl.oauthbearer.clock.skew.seconds = 30
	sasl.oauthbearer.expected.audience = null
	sasl.oauthbearer.expected.issuer = null
	sasl.oauthbearer.jwks.endpoint.refresh.ms = 3600000
	sasl.oauthbearer.jwks.endpoint.retry.backoff.max.ms = 10000
	sasl.oauthbearer.jwks.endpoint.retry.backoff.ms = 100
	sasl.oauthbearer.jwks.endpoint.url = null
	sasl.oauthbearer.scope.claim.name = scope
	sasl.oauthbearer.sub.claim.name = sub
	sasl.oauthbearer.token.endpoint.url = null
	security.protocol = PLAINTEXT
	security.providers = null
	send.buffer.bytes = 131072
	session.timeout.ms = 45000
	socket.connection.setup.timeout.max.ms = 30000
	socket.connection.setup.timeout.ms = 10000
	ssl.cipher.suites = null
	ssl.enabled.protocols = [TLSv1.2, TLSv1.3]
	ssl.endpoint.identification.algorithm = https
	ssl.engine.factory.class = null
	ssl.key.password = null
	ssl.keymanager.algorithm = SunX509
	ssl.keystore.certificate.chain = null
	ssl.keystore.key = null
	ssl.keystore.location = null
	ssl.keystore.password = null
	ssl.keystore.type = JKS
	ssl.protocol = TLSv1.3
	ssl.provider = null
	ssl.secure.random.implementation = null
	ssl.trustmanager.algorithm = PKIX
	ssl.truststore.certificates = null
	ssl.truststore.location = null
	ssl.truststore.password = null
	ssl.truststore.type = JKS
	value.deserializer = class org.apache.kafka.common.serialization.StringDeserializer

2025-06-23T17:36:39.386-06:00  INFO 25632 --- [proyecto-access-1] [           main] o.a.k.c.t.i.KafkaMetricsCollector        : initializing Kafka metrics collector
2025-06-23T17:36:39.393-06:00  INFO 25632 --- [proyecto-access-1] [           main] o.a.kafka.common.utils.AppInfoParser     : Kafka version: 3.8.1
2025-06-23T17:36:39.393-06:00  INFO 25632 --- [proyecto-access-1] [           main] o.a.kafka.common.utils.AppInfoParser     : Kafka commitId: 70d6ff42debf7e17
2025-06-23T17:36:39.393-06:00  INFO 25632 --- [proyecto-access-1] [           main] o.a.kafka.common.utils.AppInfoParser     : Kafka startTimeMs: 1750721799393
2025-06-23T17:36:39.393-06:00  INFO 25632 --- [proyecto-access-1] [           main] o.a.k.c.c.internals.LegacyKafkaConsumer  : [Consumer clientId=consumer-materia-service-group-4, groupId=materia-service-group] Subscribed to topic(s): delete-materia-borrar
2025-06-23T17:36:39.394-06:00  INFO 25632 --- [proyecto-access-1] [           main] o.a.k.clients.consumer.ConsumerConfig    : ConsumerConfig values: 
	allow.auto.create.topics = true
	auto.commit.interval.ms = 5000
	auto.include.jmx.reporter = true
	auto.offset.reset = earliest
	bootstrap.servers = [localhost:9092]
	check.crcs = true
	client.dns.lookup = use_all_dns_ips
	client.id = consumer-materia-service-group-5
	client.rack = 
	connections.max.idle.ms = 540000
	default.api.timeout.ms = 60000
	enable.auto.commit = false
	enable.metrics.push = true
	exclude.internal.topics = true
	fetch.max.bytes = 52428800
	fetch.max.wait.ms = 500
	fetch.min.bytes = 1
	group.id = materia-service-group
	group.instance.id = null
	group.protocol = classic
	group.remote.assignor = null
	heartbeat.interval.ms = 3000
	interceptor.classes = []
	internal.leave.group.on.close = true
	internal.throw.on.fetch.stable.offset.unsupported = false
	isolation.level = read_uncommitted
	key.deserializer = class org.apache.kafka.common.serialization.StringDeserializer
	max.partition.fetch.bytes = 1048576
	max.poll.interval.ms = 300000
	max.poll.records = 500
	metadata.max.age.ms = 300000
	metadata.recovery.strategy = none
	metric.reporters = []
	metrics.num.samples = 2
	metrics.recording.level = INFO
	metrics.sample.window.ms = 30000
	partition.assignment.strategy = [class org.apache.kafka.clients.consumer.RangeAssignor, class org.apache.kafka.clients.consumer.CooperativeStickyAssignor]
	receive.buffer.bytes = 65536
	reconnect.backoff.max.ms = 1000
	reconnect.backoff.ms = 50
	request.timeout.ms = 30000
	retry.backoff.max.ms = 1000
	retry.backoff.ms = 100
	sasl.client.callback.handler.class = null
	sasl.jaas.config = null
	sasl.kerberos.kinit.cmd = /usr/bin/kinit
	sasl.kerberos.min.time.before.relogin = 60000
	sasl.kerberos.service.name = null
	sasl.kerberos.ticket.renew.jitter = 0.05
	sasl.kerberos.ticket.renew.window.factor = 0.8
	sasl.login.callback.handler.class = null
	sasl.login.class = null
	sasl.login.connect.timeout.ms = null
	sasl.login.read.timeout.ms = null
	sasl.login.refresh.buffer.seconds = 300
	sasl.login.refresh.min.period.seconds = 60
	sasl.login.refresh.window.factor = 0.8
	sasl.login.refresh.window.jitter = 0.05
	sasl.login.retry.backoff.max.ms = 10000
	sasl.login.retry.backoff.ms = 100
	sasl.mechanism = GSSAPI
	sasl.oauthbearer.clock.skew.seconds = 30
	sasl.oauthbearer.expected.audience = null
	sasl.oauthbearer.expected.issuer = null
	sasl.oauthbearer.jwks.endpoint.refresh.ms = 3600000
	sasl.oauthbearer.jwks.endpoint.retry.backoff.max.ms = 10000
	sasl.oauthbearer.jwks.endpoint.retry.backoff.ms = 100
	sasl.oauthbearer.jwks.endpoint.url = null
	sasl.oauthbearer.scope.claim.name = scope
	sasl.oauthbearer.sub.claim.name = sub
	sasl.oauthbearer.token.endpoint.url = null
	security.protocol = PLAINTEXT
	security.providers = null
	send.buffer.bytes = 131072
	session.timeout.ms = 45000
	socket.connection.setup.timeout.max.ms = 30000
	socket.connection.setup.timeout.ms = 10000
	ssl.cipher.suites = null
	ssl.enabled.protocols = [TLSv1.2, TLSv1.3]
	ssl.endpoint.identification.algorithm = https
	ssl.engine.factory.class = null
	ssl.key.password = null
	ssl.keymanager.algorithm = SunX509
	ssl.keystore.certificate.chain = null
	ssl.keystore.key = null
	ssl.keystore.location = null
	ssl.keystore.password = null
	ssl.keystore.type = JKS
	ssl.protocol = TLSv1.3
	ssl.provider = null
	ssl.secure.random.implementation = null
	ssl.trustmanager.algorithm = PKIX
	ssl.truststore.certificates = null
	ssl.truststore.location = null
	ssl.truststore.password = null
	ssl.truststore.type = JKS
	value.deserializer = class org.apache.kafka.common.serialization.StringDeserializer

2025-06-23T17:36:39.394-06:00  INFO 25632 --- [proyecto-access-1] [           main] o.a.k.c.t.i.KafkaMetricsCollector        : initializing Kafka metrics collector
2025-06-23T17:36:39.401-06:00  INFO 25632 --- [proyecto-access-1] [           main] o.a.kafka.common.utils.AppInfoParser     : Kafka version: 3.8.1
2025-06-23T17:36:39.401-06:00  INFO 25632 --- [proyecto-access-1] [           main] o.a.kafka.common.utils.AppInfoParser     : Kafka commitId: 70d6ff42debf7e17
2025-06-23T17:36:39.401-06:00  INFO 25632 --- [proyecto-access-1] [           main] o.a.kafka.common.utils.AppInfoParser     : Kafka startTimeMs: 1750721799401
2025-06-23T17:36:39.403-06:00  INFO 25632 --- [proyecto-access-1] [           main] o.a.k.c.c.internals.LegacyKafkaConsumer  : [Consumer clientId=consumer-materia-service-group-5, groupId=materia-service-group] Subscribed to topic(s): get-colorId-codigo
2025-06-23T17:36:39.404-06:00  INFO 25632 --- [proyecto-access-1] [           main] o.a.k.clients.consumer.ConsumerConfig    : ConsumerConfig values: 
	allow.auto.create.topics = true
	auto.commit.interval.ms = 5000
	auto.include.jmx.reporter = true
	auto.offset.reset = earliest
	bootstrap.servers = [localhost:9092]
	check.crcs = true
	client.dns.lookup = use_all_dns_ips
	client.id = consumer-materia-service-group-6
	client.rack = 
	connections.max.idle.ms = 540000
	default.api.timeout.ms = 60000
	enable.auto.commit = false
	enable.metrics.push = true
	exclude.internal.topics = true
	fetch.max.bytes = 52428800
	fetch.max.wait.ms = 500
	fetch.min.bytes = 1
	group.id = materia-service-group
	group.instance.id = null
	group.protocol = classic
	group.remote.assignor = null
	heartbeat.interval.ms = 3000
	interceptor.classes = []
	internal.leave.group.on.close = true
	internal.throw.on.fetch.stable.offset.unsupported = false
	isolation.level = read_uncommitted
	key.deserializer = class org.apache.kafka.common.serialization.StringDeserializer
	max.partition.fetch.bytes = 1048576
	max.poll.interval.ms = 300000
	max.poll.records = 500
	metadata.max.age.ms = 300000
	metadata.recovery.strategy = none
	metric.reporters = []
	metrics.num.samples = 2
	metrics.recording.level = INFO
	metrics.sample.window.ms = 30000
	partition.assignment.strategy = [class org.apache.kafka.clients.consumer.RangeAssignor, class org.apache.kafka.clients.consumer.CooperativeStickyAssignor]
	receive.buffer.bytes = 65536
	reconnect.backoff.max.ms = 1000
	reconnect.backoff.ms = 50
	request.timeout.ms = 30000
	retry.backoff.max.ms = 1000
	retry.backoff.ms = 100
	sasl.client.callback.handler.class = null
	sasl.jaas.config = null
	sasl.kerberos.kinit.cmd = /usr/bin/kinit
	sasl.kerberos.min.time.before.relogin = 60000
	sasl.kerberos.service.name = null
	sasl.kerberos.ticket.renew.jitter = 0.05
	sasl.kerberos.ticket.renew.window.factor = 0.8
	sasl.login.callback.handler.class = null
	sasl.login.class = null
	sasl.login.connect.timeout.ms = null
	sasl.login.read.timeout.ms = null
	sasl.login.refresh.buffer.seconds = 300
	sasl.login.refresh.min.period.seconds = 60
	sasl.login.refresh.window.factor = 0.8
	sasl.login.refresh.window.jitter = 0.05
	sasl.login.retry.backoff.max.ms = 10000
	sasl.login.retry.backoff.ms = 100
	sasl.mechanism = GSSAPI
	sasl.oauthbearer.clock.skew.seconds = 30
	sasl.oauthbearer.expected.audience = null
	sasl.oauthbearer.expected.issuer = null
	sasl.oauthbearer.jwks.endpoint.refresh.ms = 3600000
	sasl.oauthbearer.jwks.endpoint.retry.backoff.max.ms = 10000
	sasl.oauthbearer.jwks.endpoint.retry.backoff.ms = 100
	sasl.oauthbearer.jwks.endpoint.url = null
	sasl.oauthbearer.scope.claim.name = scope
	sasl.oauthbearer.sub.claim.name = sub
	sasl.oauthbearer.token.endpoint.url = null
	security.protocol = PLAINTEXT
	security.providers = null
	send.buffer.bytes = 131072
	session.timeout.ms = 45000
	socket.connection.setup.timeout.max.ms = 30000
	socket.connection.setup.timeout.ms = 10000
	ssl.cipher.suites = null
	ssl.enabled.protocols = [TLSv1.2, TLSv1.3]
	ssl.endpoint.identification.algorithm = https
	ssl.engine.factory.class = null
	ssl.key.password = null
	ssl.keymanager.algorithm = SunX509
	ssl.keystore.certificate.chain = null
	ssl.keystore.key = null
	ssl.keystore.location = null
	ssl.keystore.password = null
	ssl.keystore.type = JKS
	ssl.protocol = TLSv1.3
	ssl.provider = null
	ssl.secure.random.implementation = null
	ssl.trustmanager.algorithm = PKIX
	ssl.truststore.certificates = null
	ssl.truststore.location = null
	ssl.truststore.password = null
	ssl.truststore.type = JKS
	value.deserializer = class org.apache.kafka.common.serialization.StringDeserializer

2025-06-23T17:36:39.405-06:00  INFO 25632 --- [proyecto-access-1] [           main] o.a.k.c.t.i.KafkaMetricsCollector        : initializing Kafka metrics collector
2025-06-23T17:36:39.410-06:00  INFO 25632 --- [proyecto-access-1] [           main] o.a.kafka.common.utils.AppInfoParser     : Kafka version: 3.8.1
2025-06-23T17:36:39.410-06:00  INFO 25632 --- [proyecto-access-1] [           main] o.a.kafka.common.utils.AppInfoParser     : Kafka commitId: 70d6ff42debf7e17
2025-06-23T17:36:39.410-06:00  INFO 25632 --- [proyecto-access-1] [           main] o.a.kafka.common.utils.AppInfoParser     : Kafka startTimeMs: 1750721799410
2025-06-23T17:36:39.410-06:00  INFO 25632 --- [proyecto-access-1] [           main] o.a.k.c.c.internals.LegacyKafkaConsumer  : [Consumer clientId=consumer-materia-service-group-6, groupId=materia-service-group] Subscribed to topic(s): get-colores-listado
2025-06-23T17:36:39.411-06:00  INFO 25632 --- [proyecto-access-1] [           main] o.a.k.clients.consumer.ConsumerConfig    : ConsumerConfig values: 
	allow.auto.create.topics = true
	auto.commit.interval.ms = 5000
	auto.include.jmx.reporter = true
	auto.offset.reset = earliest
	bootstrap.servers = [localhost:9092]
	check.crcs = true
	client.dns.lookup = use_all_dns_ips
	client.id = consumer-materia-service-group-7
	client.rack = 
	connections.max.idle.ms = 540000
	default.api.timeout.ms = 60000
	enable.auto.commit = false
	enable.metrics.push = true
	exclude.internal.topics = true
	fetch.max.bytes = 52428800
	fetch.max.wait.ms = 500
	fetch.min.bytes = 1
	group.id = materia-service-group
	group.instance.id = null
	group.protocol = classic
	group.remote.assignor = null
	heartbeat.interval.ms = 3000
	interceptor.classes = []
	internal.leave.group.on.close = true
	internal.throw.on.fetch.stable.offset.unsupported = false
	isolation.level = read_uncommitted
	key.deserializer = class org.apache.kafka.common.serialization.StringDeserializer
	max.partition.fetch.bytes = 1048576
	max.poll.interval.ms = 300000
	max.poll.records = 500
	metadata.max.age.ms = 300000
	metadata.recovery.strategy = none
	metric.reporters = []
	metrics.num.samples = 2
	metrics.recording.level = INFO
	metrics.sample.window.ms = 30000
	partition.assignment.strategy = [class org.apache.kafka.clients.consumer.RangeAssignor, class org.apache.kafka.clients.consumer.CooperativeStickyAssignor]
	receive.buffer.bytes = 65536
	reconnect.backoff.max.ms = 1000
	reconnect.backoff.ms = 50
	request.timeout.ms = 30000
	retry.backoff.max.ms = 1000
	retry.backoff.ms = 100
	sasl.client.callback.handler.class = null
	sasl.jaas.config = null
	sasl.kerberos.kinit.cmd = /usr/bin/kinit
	sasl.kerberos.min.time.before.relogin = 60000
	sasl.kerberos.service.name = null
	sasl.kerberos.ticket.renew.jitter = 0.05
	sasl.kerberos.ticket.renew.window.factor = 0.8
	sasl.login.callback.handler.class = null
	sasl.login.class = null
	sasl.login.connect.timeout.ms = null
	sasl.login.read.timeout.ms = null
	sasl.login.refresh.buffer.seconds = 300
	sasl.login.refresh.min.period.seconds = 60
	sasl.login.refresh.window.factor = 0.8
	sasl.login.refresh.window.jitter = 0.05
	sasl.login.retry.backoff.max.ms = 10000
	sasl.login.retry.backoff.ms = 100
	sasl.mechanism = GSSAPI
	sasl.oauthbearer.clock.skew.seconds = 30
	sasl.oauthbearer.expected.audience = null
	sasl.oauthbearer.expected.issuer = null
	sasl.oauthbearer.jwks.endpoint.refresh.ms = 3600000
	sasl.oauthbearer.jwks.endpoint.retry.backoff.max.ms = 10000
	sasl.oauthbearer.jwks.endpoint.retry.backoff.ms = 100
	sasl.oauthbearer.jwks.endpoint.url = null
	sasl.oauthbearer.scope.claim.name = scope
	sasl.oauthbearer.sub.claim.name = sub
	sasl.oauthbearer.token.endpoint.url = null
	security.protocol = PLAINTEXT
	security.providers = null
	send.buffer.bytes = 131072
	session.timeout.ms = 45000
	socket.connection.setup.timeout.max.ms = 30000
	socket.connection.setup.timeout.ms = 10000
	ssl.cipher.suites = null
	ssl.enabled.protocols = [TLSv1.2, TLSv1.3]
	ssl.endpoint.identification.algorithm = https
	ssl.engine.factory.class = null
	ssl.key.password = null
	ssl.keymanager.algorithm = SunX509
	ssl.keystore.certificate.chain = null
	ssl.keystore.key = null
	ssl.keystore.location = null
	ssl.keystore.password = null
	ssl.keystore.type = JKS
	ssl.protocol = TLSv1.3
	ssl.provider = null
	ssl.secure.random.implementation = null
	ssl.trustmanager.algorithm = PKIX
	ssl.truststore.certificates = null
	ssl.truststore.location = null
	ssl.truststore.password = null
	ssl.truststore.type = JKS
	value.deserializer = class org.apache.kafka.common.serialization.StringDeserializer

2025-06-23T17:36:39.412-06:00  INFO 25632 --- [proyecto-access-1] [           main] o.a.k.c.t.i.KafkaMetricsCollector        : initializing Kafka metrics collector
2025-06-23T17:36:39.417-06:00  INFO 25632 --- [proyecto-access-1] [           main] o.a.kafka.common.utils.AppInfoParser     : Kafka version: 3.8.1
2025-06-23T17:36:39.417-06:00  INFO 25632 --- [proyecto-access-1] [           main] o.a.kafka.common.utils.AppInfoParser     : Kafka commitId: 70d6ff42debf7e17
2025-06-23T17:36:39.417-06:00  INFO 25632 --- [proyecto-access-1] [           main] o.a.kafka.common.utils.AppInfoParser     : Kafka startTimeMs: 1750721799417
2025-06-23T17:36:39.417-06:00  INFO 25632 --- [proyecto-access-1] [           main] o.a.k.c.c.internals.LegacyKafkaConsumer  : [Consumer clientId=consumer-materia-service-group-7, groupId=materia-service-group] Subscribed to topic(s): get-producto-listado
2025-06-23T17:36:39.418-06:00  INFO 25632 --- [proyecto-access-1] [           main] o.a.k.clients.consumer.ConsumerConfig    : ConsumerConfig values: 
	allow.auto.create.topics = true
	auto.commit.interval.ms = 5000
	auto.include.jmx.reporter = true
	auto.offset.reset = earliest
	bootstrap.servers = [localhost:9092]
	check.crcs = true
	client.dns.lookup = use_all_dns_ips
	client.id = consumer-materia-service-group-8
	client.rack = 
	connections.max.idle.ms = 540000
	default.api.timeout.ms = 60000
	enable.auto.commit = false
	enable.metrics.push = true
	exclude.internal.topics = true
	fetch.max.bytes = 52428800
	fetch.max.wait.ms = 500
	fetch.min.bytes = 1
	group.id = materia-service-group
	group.instance.id = null
	group.protocol = classic
	group.remote.assignor = null
	heartbeat.interval.ms = 3000
	interceptor.classes = []
	internal.leave.group.on.close = true
	internal.throw.on.fetch.stable.offset.unsupported = false
	isolation.level = read_uncommitted
	key.deserializer = class org.apache.kafka.common.serialization.StringDeserializer
	max.partition.fetch.bytes = 1048576
	max.poll.interval.ms = 300000
	max.poll.records = 500
	metadata.max.age.ms = 300000
	metadata.recovery.strategy = none
	metric.reporters = []
	metrics.num.samples = 2
	metrics.recording.level = INFO
	metrics.sample.window.ms = 30000
	partition.assignment.strategy = [class org.apache.kafka.clients.consumer.RangeAssignor, class org.apache.kafka.clients.consumer.CooperativeStickyAssignor]
	receive.buffer.bytes = 65536
	reconnect.backoff.max.ms = 1000
	reconnect.backoff.ms = 50
	request.timeout.ms = 30000
	retry.backoff.max.ms = 1000
	retry.backoff.ms = 100
	sasl.client.callback.handler.class = null
	sasl.jaas.config = null
	sasl.kerberos.kinit.cmd = /usr/bin/kinit
	sasl.kerberos.min.time.before.relogin = 60000
	sasl.kerberos.service.name = null
	sasl.kerberos.ticket.renew.jitter = 0.05
	sasl.kerberos.ticket.renew.window.factor = 0.8
	sasl.login.callback.handler.class = null
	sasl.login.class = null
	sasl.login.connect.timeout.ms = null
	sasl.login.read.timeout.ms = null
	sasl.login.refresh.buffer.seconds = 300
	sasl.login.refresh.min.period.seconds = 60
	sasl.login.refresh.window.factor = 0.8
	sasl.login.refresh.window.jitter = 0.05
	sasl.login.retry.backoff.max.ms = 10000
	sasl.login.retry.backoff.ms = 100
	sasl.mechanism = GSSAPI
	sasl.oauthbearer.clock.skew.seconds = 30
	sasl.oauthbearer.expected.audience = null
	sasl.oauthbearer.expected.issuer = null
	sasl.oauthbearer.jwks.endpoint.refresh.ms = 3600000
	sasl.oauthbearer.jwks.endpoint.retry.backoff.max.ms = 10000
	sasl.oauthbearer.jwks.endpoint.retry.backoff.ms = 100
	sasl.oauthbearer.jwks.endpoint.url = null
	sasl.oauthbearer.scope.claim.name = scope
	sasl.oauthbearer.sub.claim.name = sub
	sasl.oauthbearer.token.endpoint.url = null
	security.protocol = PLAINTEXT
	security.providers = null
	send.buffer.bytes = 131072
	session.timeout.ms = 45000
	socket.connection.setup.timeout.max.ms = 30000
	socket.connection.setup.timeout.ms = 10000
	ssl.cipher.suites = null
	ssl.enabled.protocols = [TLSv1.2, TLSv1.3]
	ssl.endpoint.identification.algorithm = https
	ssl.engine.factory.class = null
	ssl.key.password = null
	ssl.keymanager.algorithm = SunX509
	ssl.keystore.certificate.chain = null
	ssl.keystore.key = null
	ssl.keystore.location = null
	ssl.keystore.password = null
	ssl.keystore.type = JKS
	ssl.protocol = TLSv1.3
	ssl.provider = null
	ssl.secure.random.implementation = null
	ssl.trustmanager.algorithm = PKIX
	ssl.truststore.certificates = null
	ssl.truststore.location = null
	ssl.truststore.password = null
	ssl.truststore.type = JKS
	value.deserializer = class org.apache.kafka.common.serialization.StringDeserializer

2025-06-23T17:36:39.419-06:00  INFO 25632 --- [proyecto-access-1] [           main] o.a.k.c.t.i.KafkaMetricsCollector        : initializing Kafka metrics collector
2025-06-23T17:36:39.425-06:00  INFO 25632 --- [proyecto-access-1] [           main] o.a.kafka.common.utils.AppInfoParser     : Kafka version: 3.8.1
2025-06-23T17:36:39.425-06:00  INFO 25632 --- [proyecto-access-1] [           main] o.a.kafka.common.utils.AppInfoParser     : Kafka commitId: 70d6ff42debf7e17
2025-06-23T17:36:39.425-06:00  INFO 25632 --- [proyecto-access-1] [           main] o.a.kafka.common.utils.AppInfoParser     : Kafka startTimeMs: 1750721799425
2025-06-23T17:36:39.425-06:00  INFO 25632 --- [proyecto-access-1] [           main] o.a.k.c.c.internals.LegacyKafkaConsumer  : [Consumer clientId=consumer-materia-service-group-8, groupId=materia-service-group] Subscribed to topic(s): post-color-crear
2025-06-23T17:36:39.428-06:00  INFO 25632 --- [proyecto-access-1] [           main] o.a.k.clients.consumer.ConsumerConfig    : ConsumerConfig values: 
	allow.auto.create.topics = true
	auto.commit.interval.ms = 5000
	auto.include.jmx.reporter = true
	auto.offset.reset = earliest
	bootstrap.servers = [localhost:9092]
	check.crcs = true
	client.dns.lookup = use_all_dns_ips
	client.id = consumer-materia-service-group-9
	client.rack = 
	connections.max.idle.ms = 540000
	default.api.timeout.ms = 60000
	enable.auto.commit = false
	enable.metrics.push = true
	exclude.internal.topics = true
	fetch.max.bytes = 52428800
	fetch.max.wait.ms = 500
	fetch.min.bytes = 1
	group.id = materia-service-group
	group.instance.id = null
	group.protocol = classic
	group.remote.assignor = null
	heartbeat.interval.ms = 3000
	interceptor.classes = []
	internal.leave.group.on.close = true
	internal.throw.on.fetch.stable.offset.unsupported = false
	isolation.level = read_uncommitted
	key.deserializer = class org.apache.kafka.common.serialization.StringDeserializer
	max.partition.fetch.bytes = 1048576
	max.poll.interval.ms = 300000
	max.poll.records = 500
	metadata.max.age.ms = 300000
	metadata.recovery.strategy = none
	metric.reporters = []
	metrics.num.samples = 2
	metrics.recording.level = INFO
	metrics.sample.window.ms = 30000
	partition.assignment.strategy = [class org.apache.kafka.clients.consumer.RangeAssignor, class org.apache.kafka.clients.consumer.CooperativeStickyAssignor]
	receive.buffer.bytes = 65536
	reconnect.backoff.max.ms = 1000
	reconnect.backoff.ms = 50
	request.timeout.ms = 30000
	retry.backoff.max.ms = 1000
	retry.backoff.ms = 100
	sasl.client.callback.handler.class = null
	sasl.jaas.config = null
	sasl.kerberos.kinit.cmd = /usr/bin/kinit
	sasl.kerberos.min.time.before.relogin = 60000
	sasl.kerberos.service.name = null
	sasl.kerberos.ticket.renew.jitter = 0.05
	sasl.kerberos.ticket.renew.window.factor = 0.8
	sasl.login.callback.handler.class = null
	sasl.login.class = null
	sasl.login.connect.timeout.ms = null
	sasl.login.read.timeout.ms = null
	sasl.login.refresh.buffer.seconds = 300
	sasl.login.refresh.min.period.seconds = 60
	sasl.login.refresh.window.factor = 0.8
	sasl.login.refresh.window.jitter = 0.05
	sasl.login.retry.backoff.max.ms = 10000
	sasl.login.retry.backoff.ms = 100
	sasl.mechanism = GSSAPI
	sasl.oauthbearer.clock.skew.seconds = 30
	sasl.oauthbearer.expected.audience = null
	sasl.oauthbearer.expected.issuer = null
	sasl.oauthbearer.jwks.endpoint.refresh.ms = 3600000
	sasl.oauthbearer.jwks.endpoint.retry.backoff.max.ms = 10000
	sasl.oauthbearer.jwks.endpoint.retry.backoff.ms = 100
	sasl.oauthbearer.jwks.endpoint.url = null
	sasl.oauthbearer.scope.claim.name = scope
	sasl.oauthbearer.sub.claim.name = sub
	sasl.oauthbearer.token.endpoint.url = null
	security.protocol = PLAINTEXT
	security.providers = null
	send.buffer.bytes = 131072
	session.timeout.ms = 45000
	socket.connection.setup.timeout.max.ms = 30000
	socket.connection.setup.timeout.ms = 10000
	ssl.cipher.suites = null
	ssl.enabled.protocols = [TLSv1.2, TLSv1.3]
	ssl.endpoint.identification.algorithm = https
	ssl.engine.factory.class = null
	ssl.key.password = null
	ssl.keymanager.algorithm = SunX509
	ssl.keystore.certificate.chain = null
	ssl.keystore.key = null
	ssl.keystore.location = null
	ssl.keystore.password = null
	ssl.keystore.type = JKS
	ssl.protocol = TLSv1.3
	ssl.provider = null
	ssl.secure.random.implementation = null
	ssl.trustmanager.algorithm = PKIX
	ssl.truststore.certificates = null
	ssl.truststore.location = null
	ssl.truststore.password = null
	ssl.truststore.type = JKS
	value.deserializer = class org.apache.kafka.common.serialization.StringDeserializer

2025-06-23T17:36:39.428-06:00  INFO 25632 --- [proyecto-access-1] [           main] o.a.k.c.t.i.KafkaMetricsCollector        : initializing Kafka metrics collector
2025-06-23T17:36:39.433-06:00  INFO 25632 --- [proyecto-access-1] [           main] o.a.kafka.common.utils.AppInfoParser     : Kafka version: 3.8.1
2025-06-23T17:36:39.434-06:00  INFO 25632 --- [proyecto-access-1] [           main] o.a.kafka.common.utils.AppInfoParser     : Kafka commitId: 70d6ff42debf7e17
2025-06-23T17:36:39.434-06:00  INFO 25632 --- [proyecto-access-1] [           main] o.a.kafka.common.utils.AppInfoParser     : Kafka startTimeMs: 1750721799433
2025-06-23T17:36:39.434-06:00  INFO 25632 --- [proyecto-access-1] [           main] o.a.k.c.c.internals.LegacyKafkaConsumer  : [Consumer clientId=consumer-materia-service-group-9, groupId=materia-service-group] Subscribed to topic(s): post-movimiento-producto
2025-06-23T17:36:39.436-06:00  INFO 25632 --- [proyecto-access-1] [           main] o.a.k.clients.consumer.ConsumerConfig    : ConsumerConfig values: 
	allow.auto.create.topics = true
	auto.commit.interval.ms = 5000
	auto.include.jmx.reporter = true
	auto.offset.reset = earliest
	bootstrap.servers = [localhost:9092]
	check.crcs = true
	client.dns.lookup = use_all_dns_ips
	client.id = consumer-materia-service-group-10
	client.rack = 
	connections.max.idle.ms = 540000
	default.api.timeout.ms = 60000
	enable.auto.commit = false
	enable.metrics.push = true
	exclude.internal.topics = true
	fetch.max.bytes = 52428800
	fetch.max.wait.ms = 500
	fetch.min.bytes = 1
	group.id = materia-service-group
	group.instance.id = null
	group.protocol = classic
	group.remote.assignor = null
	heartbeat.interval.ms = 3000
	interceptor.classes = []
	internal.leave.group.on.close = true
	internal.throw.on.fetch.stable.offset.unsupported = false
	isolation.level = read_uncommitted
	key.deserializer = class org.apache.kafka.common.serialization.StringDeserializer
	max.partition.fetch.bytes = 1048576
	max.poll.interval.ms = 300000
	max.poll.records = 500
	metadata.max.age.ms = 300000
	metadata.recovery.strategy = none
	metric.reporters = []
	metrics.num.samples = 2
	metrics.recording.level = INFO
	metrics.sample.window.ms = 30000
	partition.assignment.strategy = [class org.apache.kafka.clients.consumer.RangeAssignor, class org.apache.kafka.clients.consumer.CooperativeStickyAssignor]
	receive.buffer.bytes = 65536
	reconnect.backoff.max.ms = 1000
	reconnect.backoff.ms = 50
	request.timeout.ms = 30000
	retry.backoff.max.ms = 1000
	retry.backoff.ms = 100
	sasl.client.callback.handler.class = null
	sasl.jaas.config = null
	sasl.kerberos.kinit.cmd = /usr/bin/kinit
	sasl.kerberos.min.time.before.relogin = 60000
	sasl.kerberos.service.name = null
	sasl.kerberos.ticket.renew.jitter = 0.05
	sasl.kerberos.ticket.renew.window.factor = 0.8
	sasl.login.callback.handler.class = null
	sasl.login.class = null
	sasl.login.connect.timeout.ms = null
	sasl.login.read.timeout.ms = null
	sasl.login.refresh.buffer.seconds = 300
	sasl.login.refresh.min.period.seconds = 60
	sasl.login.refresh.window.factor = 0.8
	sasl.login.refresh.window.jitter = 0.05
	sasl.login.retry.backoff.max.ms = 10000
	sasl.login.retry.backoff.ms = 100
	sasl.mechanism = GSSAPI
	sasl.oauthbearer.clock.skew.seconds = 30
	sasl.oauthbearer.expected.audience = null
	sasl.oauthbearer.expected.issuer = null
	sasl.oauthbearer.jwks.endpoint.refresh.ms = 3600000
	sasl.oauthbearer.jwks.endpoint.retry.backoff.max.ms = 10000
	sasl.oauthbearer.jwks.endpoint.retry.backoff.ms = 100
	sasl.oauthbearer.jwks.endpoint.url = null
	sasl.oauthbearer.scope.claim.name = scope
	sasl.oauthbearer.sub.claim.name = sub
	sasl.oauthbearer.token.endpoint.url = null
	security.protocol = PLAINTEXT
	security.providers = null
	send.buffer.bytes = 131072
	session.timeout.ms = 45000
	socket.connection.setup.timeout.max.ms = 30000
	socket.connection.setup.timeout.ms = 10000
	ssl.cipher.suites = null
	ssl.enabled.protocols = [TLSv1.2, TLSv1.3]
	ssl.endpoint.identification.algorithm = https
	ssl.engine.factory.class = null
	ssl.key.password = null
	ssl.keymanager.algorithm = SunX509
	ssl.keystore.certificate.chain = null
	ssl.keystore.key = null
	ssl.keystore.location = null
	ssl.keystore.password = null
	ssl.keystore.type = JKS
	ssl.protocol = TLSv1.3
	ssl.provider = null
	ssl.secure.random.implementation = null
	ssl.trustmanager.algorithm = PKIX
	ssl.truststore.certificates = null
	ssl.truststore.location = null
	ssl.truststore.password = null
	ssl.truststore.type = JKS
	value.deserializer = class org.apache.kafka.common.serialization.StringDeserializer

2025-06-23T17:36:39.437-06:00  INFO 25632 --- [proyecto-access-1] [           main] o.a.k.c.t.i.KafkaMetricsCollector        : initializing Kafka metrics collector
2025-06-23T17:36:39.442-06:00  INFO 25632 --- [proyecto-access-1] [           main] o.a.kafka.common.utils.AppInfoParser     : Kafka version: 3.8.1
2025-06-23T17:36:39.442-06:00  INFO 25632 --- [proyecto-access-1] [           main] o.a.kafka.common.utils.AppInfoParser     : Kafka commitId: 70d6ff42debf7e17
2025-06-23T17:36:39.442-06:00  INFO 25632 --- [proyecto-access-1] [           main] o.a.kafka.common.utils.AppInfoParser     : Kafka startTimeMs: 1750721799442
2025-06-23T17:36:39.442-06:00  INFO 25632 --- [proyecto-access-1] [           main] o.a.k.c.c.internals.LegacyKafkaConsumer  : [Consumer clientId=consumer-materia-service-group-10, groupId=materia-service-group] Subscribed to topic(s): put-desactivar-detencion
2025-06-23T17:36:39.444-06:00  INFO 25632 --- [proyecto-access-1] [           main] o.a.k.clients.consumer.ConsumerConfig    : ConsumerConfig values: 
	allow.auto.create.topics = true
	auto.commit.interval.ms = 5000
	auto.include.jmx.reporter = true
	auto.offset.reset = earliest
	bootstrap.servers = [localhost:9092]
	check.crcs = true
	client.dns.lookup = use_all_dns_ips
	client.id = consumer-materia-service-group-11
	client.rack = 
	connections.max.idle.ms = 540000
	default.api.timeout.ms = 60000
	enable.auto.commit = false
	enable.metrics.push = true
	exclude.internal.topics = true
	fetch.max.bytes = 52428800
	fetch.max.wait.ms = 500
	fetch.min.bytes = 1
	group.id = materia-service-group
	group.instance.id = null
	group.protocol = classic
	group.remote.assignor = null
	heartbeat.interval.ms = 3000
	interceptor.classes = []
	internal.leave.group.on.close = true
	internal.throw.on.fetch.stable.offset.unsupported = false
	isolation.level = read_uncommitted
	key.deserializer = class org.apache.kafka.common.serialization.StringDeserializer
	max.partition.fetch.bytes = 1048576
	max.poll.interval.ms = 300000
	max.poll.records = 500
	metadata.max.age.ms = 300000
	metadata.recovery.strategy = none
	metric.reporters = []
	metrics.num.samples = 2
	metrics.recording.level = INFO
	metrics.sample.window.ms = 30000
	partition.assignment.strategy = [class org.apache.kafka.clients.consumer.RangeAssignor, class org.apache.kafka.clients.consumer.CooperativeStickyAssignor]
	receive.buffer.bytes = 65536
	reconnect.backoff.max.ms = 1000
	reconnect.backoff.ms = 50
	request.timeout.ms = 30000
	retry.backoff.max.ms = 1000
	retry.backoff.ms = 100
	sasl.client.callback.handler.class = null
	sasl.jaas.config = null
	sasl.kerberos.kinit.cmd = /usr/bin/kinit
	sasl.kerberos.min.time.before.relogin = 60000
	sasl.kerberos.service.name = null
	sasl.kerberos.ticket.renew.jitter = 0.05
	sasl.kerberos.ticket.renew.window.factor = 0.8
	sasl.login.callback.handler.class = null
	sasl.login.class = null
	sasl.login.connect.timeout.ms = null
	sasl.login.read.timeout.ms = null
	sasl.login.refresh.buffer.seconds = 300
	sasl.login.refresh.min.period.seconds = 60
	sasl.login.refresh.window.factor = 0.8
	sasl.login.refresh.window.jitter = 0.05
	sasl.login.retry.backoff.max.ms = 10000
	sasl.login.retry.backoff.ms = 100
	sasl.mechanism = GSSAPI
	sasl.oauthbearer.clock.skew.seconds = 30
	sasl.oauthbearer.expected.audience = null
	sasl.oauthbearer.expected.issuer = null
	sasl.oauthbearer.jwks.endpoint.refresh.ms = 3600000
	sasl.oauthbearer.jwks.endpoint.retry.backoff.max.ms = 10000
	sasl.oauthbearer.jwks.endpoint.retry.backoff.ms = 100
	sasl.oauthbearer.jwks.endpoint.url = null
	sasl.oauthbearer.scope.claim.name = scope
	sasl.oauthbearer.sub.claim.name = sub
	sasl.oauthbearer.token.endpoint.url = null
	security.protocol = PLAINTEXT
	security.providers = null
	send.buffer.bytes = 131072
	session.timeout.ms = 45000
	socket.connection.setup.timeout.max.ms = 30000
	socket.connection.setup.timeout.ms = 10000
	ssl.cipher.suites = null
	ssl.enabled.protocols = [TLSv1.2, TLSv1.3]
	ssl.endpoint.identification.algorithm = https
	ssl.engine.factory.class = null
	ssl.key.password = null
	ssl.keymanager.algorithm = SunX509
	ssl.keystore.certificate.chain = null
	ssl.keystore.key = null
	ssl.keystore.location = null
	ssl.keystore.password = null
	ssl.keystore.type = JKS
	ssl.protocol = TLSv1.3
	ssl.provider = null
	ssl.secure.random.implementation = null
	ssl.trustmanager.algorithm = PKIX
	ssl.truststore.certificates = null
	ssl.truststore.location = null
	ssl.truststore.password = null
	ssl.truststore.type = JKS
	value.deserializer = class org.apache.kafka.common.serialization.StringDeserializer

2025-06-23T17:36:39.445-06:00  INFO 25632 --- [proyecto-access-1] [           main] o.a.k.c.t.i.KafkaMetricsCollector        : initializing Kafka metrics collector
2025-06-23T17:36:39.452-06:00  INFO 25632 --- [proyecto-access-1] [           main] o.a.kafka.common.utils.AppInfoParser     : Kafka version: 3.8.1
2025-06-23T17:36:39.452-06:00  INFO 25632 --- [proyecto-access-1] [           main] o.a.kafka.common.utils.AppInfoParser     : Kafka commitId: 70d6ff42debf7e17
2025-06-23T17:36:39.452-06:00  INFO 25632 --- [proyecto-access-1] [           main] o.a.kafka.common.utils.AppInfoParser     : Kafka startTimeMs: 1750721799452
2025-06-23T17:36:39.453-06:00  INFO 25632 --- [proyecto-access-1] [           main] o.a.k.c.c.internals.LegacyKafkaConsumer  : [Consumer clientId=consumer-materia-service-group-11, groupId=materia-service-group] Subscribed to topic(s): get-producto-codigo
2025-06-23T17:36:39.455-06:00  INFO 25632 --- [proyecto-access-1] [           main] o.a.k.clients.consumer.ConsumerConfig    : ConsumerConfig values: 
	allow.auto.create.topics = true
	auto.commit.interval.ms = 5000
	auto.include.jmx.reporter = true
	auto.offset.reset = earliest
	bootstrap.servers = [localhost:9092]
	check.crcs = true
	client.dns.lookup = use_all_dns_ips
	client.id = consumer-materia-service-group-12
	client.rack = 
	connections.max.idle.ms = 540000
	default.api.timeout.ms = 60000
	enable.auto.commit = false
	enable.metrics.push = true
	exclude.internal.topics = true
	fetch.max.bytes = 52428800
	fetch.max.wait.ms = 500
	fetch.min.bytes = 1
	group.id = materia-service-group
	group.instance.id = null
	group.protocol = classic
	group.remote.assignor = null
	heartbeat.interval.ms = 3000
	interceptor.classes = []
	internal.leave.group.on.close = true
	internal.throw.on.fetch.stable.offset.unsupported = false
	isolation.level = read_uncommitted
	key.deserializer = class org.apache.kafka.common.serialization.StringDeserializer
	max.partition.fetch.bytes = 1048576
	max.poll.interval.ms = 300000
	max.poll.records = 500
	metadata.max.age.ms = 300000
	metadata.recovery.strategy = none
	metric.reporters = []
	metrics.num.samples = 2
	metrics.recording.level = INFO
	metrics.sample.window.ms = 30000
	partition.assignment.strategy = [class org.apache.kafka.clients.consumer.RangeAssignor, class org.apache.kafka.clients.consumer.CooperativeStickyAssignor]
	receive.buffer.bytes = 65536
	reconnect.backoff.max.ms = 1000
	reconnect.backoff.ms = 50
	request.timeout.ms = 30000
	retry.backoff.max.ms = 1000
	retry.backoff.ms = 100
	sasl.client.callback.handler.class = null
	sasl.jaas.config = null
	sasl.kerberos.kinit.cmd = /usr/bin/kinit
	sasl.kerberos.min.time.before.relogin = 60000
	sasl.kerberos.service.name = null
	sasl.kerberos.ticket.renew.jitter = 0.05
	sasl.kerberos.ticket.renew.window.factor = 0.8
	sasl.login.callback.handler.class = null
	sasl.login.class = null
	sasl.login.connect.timeout.ms = null
	sasl.login.read.timeout.ms = null
	sasl.login.refresh.buffer.seconds = 300
	sasl.login.refresh.min.period.seconds = 60
	sasl.login.refresh.window.factor = 0.8
	sasl.login.refresh.window.jitter = 0.05
	sasl.login.retry.backoff.max.ms = 10000
	sasl.login.retry.backoff.ms = 100
	sasl.mechanism = GSSAPI
	sasl.oauthbearer.clock.skew.seconds = 30
	sasl.oauthbearer.expected.audience = null
	sasl.oauthbearer.expected.issuer = null
	sasl.oauthbearer.jwks.endpoint.refresh.ms = 3600000
	sasl.oauthbearer.jwks.endpoint.retry.backoff.max.ms = 10000
	sasl.oauthbearer.jwks.endpoint.retry.backoff.ms = 100
	sasl.oauthbearer.jwks.endpoint.url = null
	sasl.oauthbearer.scope.claim.name = scope
	sasl.oauthbearer.sub.claim.name = sub
	sasl.oauthbearer.token.endpoint.url = null
	security.protocol = PLAINTEXT
	security.providers = null
	send.buffer.bytes = 131072
	session.timeout.ms = 45000
	socket.connection.setup.timeout.max.ms = 30000
	socket.connection.setup.timeout.ms = 10000
	ssl.cipher.suites = null
	ssl.enabled.protocols = [TLSv1.2, TLSv1.3]
	ssl.endpoint.identification.algorithm = https
	ssl.engine.factory.class = null
	ssl.key.password = null
	ssl.keymanager.algorithm = SunX509
	ssl.keystore.certificate.chain = null
	ssl.keystore.key = null
	ssl.keystore.location = null
	ssl.keystore.password = null
	ssl.keystore.type = JKS
	ssl.protocol = TLSv1.3
	ssl.provider = null
	ssl.secure.random.implementation = null
	ssl.trustmanager.algorithm = PKIX
	ssl.truststore.certificates = null
	ssl.truststore.location = null
	ssl.truststore.password = null
	ssl.truststore.type = JKS
	value.deserializer = class org.apache.kafka.common.serialization.StringDeserializer

2025-06-23T17:36:39.456-06:00  INFO 25632 --- [proyecto-access-1] [           main] o.a.k.c.t.i.KafkaMetricsCollector        : initializing Kafka metrics collector
2025-06-23T17:36:39.462-06:00  INFO 25632 --- [proyecto-access-1] [           main] o.a.kafka.common.utils.AppInfoParser     : Kafka version: 3.8.1
2025-06-23T17:36:39.463-06:00  INFO 25632 --- [proyecto-access-1] [           main] o.a.kafka.common.utils.AppInfoParser     : Kafka commitId: 70d6ff42debf7e17
2025-06-23T17:36:39.463-06:00  INFO 25632 --- [proyecto-access-1] [           main] o.a.kafka.common.utils.AppInfoParser     : Kafka startTimeMs: 1750721799462
2025-06-23T17:36:39.463-06:00  INFO 25632 --- [proyecto-access-1] [           main] o.a.k.c.c.internals.LegacyKafkaConsumer  : [Consumer clientId=consumer-materia-service-group-12, groupId=materia-service-group] Subscribed to topic(s): put-finalizar-tiempo
2025-06-23T17:36:39.465-06:00  INFO 25632 --- [proyecto-access-1] [           main] o.a.k.clients.consumer.ConsumerConfig    : ConsumerConfig values: 
	allow.auto.create.topics = true
	auto.commit.interval.ms = 5000
	auto.include.jmx.reporter = true
	auto.offset.reset = earliest
	bootstrap.servers = [localhost:9092]
	check.crcs = true
	client.dns.lookup = use_all_dns_ips
	client.id = consumer-materia-service-group-13
	client.rack = 
	connections.max.idle.ms = 540000
	default.api.timeout.ms = 60000
	enable.auto.commit = false
	enable.metrics.push = true
	exclude.internal.topics = true
	fetch.max.bytes = 52428800
	fetch.max.wait.ms = 500
	fetch.min.bytes = 1
	group.id = materia-service-group
	group.instance.id = null
	group.protocol = classic
	group.remote.assignor = null
	heartbeat.interval.ms = 3000
	interceptor.classes = []
	internal.leave.group.on.close = true
	internal.throw.on.fetch.stable.offset.unsupported = false
	isolation.level = read_uncommitted
	key.deserializer = class org.apache.kafka.common.serialization.StringDeserializer
	max.partition.fetch.bytes = 1048576
	max.poll.interval.ms = 300000
	max.poll.records = 500
	metadata.max.age.ms = 300000
	metadata.recovery.strategy = none
	metric.reporters = []
	metrics.num.samples = 2
	metrics.recording.level = INFO
	metrics.sample.window.ms = 30000
	partition.assignment.strategy = [class org.apache.kafka.clients.consumer.RangeAssignor, class org.apache.kafka.clients.consumer.CooperativeStickyAssignor]
	receive.buffer.bytes = 65536
	reconnect.backoff.max.ms = 1000
	reconnect.backoff.ms = 50
	request.timeout.ms = 30000
	retry.backoff.max.ms = 1000
	retry.backoff.ms = 100
	sasl.client.callback.handler.class = null
	sasl.jaas.config = null
	sasl.kerberos.kinit.cmd = /usr/bin/kinit
	sasl.kerberos.min.time.before.relogin = 60000
	sasl.kerberos.service.name = null
	sasl.kerberos.ticket.renew.jitter = 0.05
	sasl.kerberos.ticket.renew.window.factor = 0.8
	sasl.login.callback.handler.class = null
	sasl.login.class = null
	sasl.login.connect.timeout.ms = null
	sasl.login.read.timeout.ms = null
	sasl.login.refresh.buffer.seconds = 300
	sasl.login.refresh.min.period.seconds = 60
	sasl.login.refresh.window.factor = 0.8
	sasl.login.refresh.window.jitter = 0.05
	sasl.login.retry.backoff.max.ms = 10000
	sasl.login.retry.backoff.ms = 100
	sasl.mechanism = GSSAPI
	sasl.oauthbearer.clock.skew.seconds = 30
	sasl.oauthbearer.expected.audience = null
	sasl.oauthbearer.expected.issuer = null
	sasl.oauthbearer.jwks.endpoint.refresh.ms = 3600000
	sasl.oauthbearer.jwks.endpoint.retry.backoff.max.ms = 10000
	sasl.oauthbearer.jwks.endpoint.retry.backoff.ms = 100
	sasl.oauthbearer.jwks.endpoint.url = null
	sasl.oauthbearer.scope.claim.name = scope
	sasl.oauthbearer.sub.claim.name = sub
	sasl.oauthbearer.token.endpoint.url = null
	security.protocol = PLAINTEXT
	security.providers = null
	send.buffer.bytes = 131072
	session.timeout.ms = 45000
	socket.connection.setup.timeout.max.ms = 30000
	socket.connection.setup.timeout.ms = 10000
	ssl.cipher.suites = null
	ssl.enabled.protocols = [TLSv1.2, TLSv1.3]
	ssl.endpoint.identification.algorithm = https
	ssl.engine.factory.class = null
	ssl.key.password = null
	ssl.keymanager.algorithm = SunX509
	ssl.keystore.certificate.chain = null
	ssl.keystore.key = null
	ssl.keystore.location = null
	ssl.keystore.password = null
	ssl.keystore.type = JKS
	ssl.protocol = TLSv1.3
	ssl.provider = null
	ssl.secure.random.implementation = null
	ssl.trustmanager.algorithm = PKIX
	ssl.truststore.certificates = null
	ssl.truststore.location = null
	ssl.truststore.password = null
	ssl.truststore.type = JKS
	value.deserializer = class org.apache.kafka.common.serialization.StringDeserializer

2025-06-23T17:36:39.465-06:00  INFO 25632 --- [proyecto-access-1] [           main] o.a.k.c.t.i.KafkaMetricsCollector        : initializing Kafka metrics collector
2025-06-23T17:36:39.470-06:00  INFO 25632 --- [proyecto-access-1] [           main] o.a.kafka.common.utils.AppInfoParser     : Kafka version: 3.8.1
2025-06-23T17:36:39.470-06:00  INFO 25632 --- [proyecto-access-1] [           main] o.a.kafka.common.utils.AppInfoParser     : Kafka commitId: 70d6ff42debf7e17
2025-06-23T17:36:39.470-06:00  INFO 25632 --- [proyecto-access-1] [           main] o.a.kafka.common.utils.AppInfoParser     : Kafka startTimeMs: 1750721799470
2025-06-23T17:36:39.470-06:00  INFO 25632 --- [proyecto-access-1] [           main] o.a.k.c.c.internals.LegacyKafkaConsumer  : [Consumer clientId=consumer-materia-service-group-13, groupId=materia-service-group] Subscribed to topic(s): post-detencion-tiempo
2025-06-23T17:36:39.471-06:00  INFO 25632 --- [proyecto-access-1] [           main] o.a.k.clients.consumer.ConsumerConfig    : ConsumerConfig values: 
	allow.auto.create.topics = true
	auto.commit.interval.ms = 5000
	auto.include.jmx.reporter = true
	auto.offset.reset = earliest
	bootstrap.servers = [localhost:9092]
	check.crcs = true
	client.dns.lookup = use_all_dns_ips
	client.id = consumer-materia-service-group-14
	client.rack = 
	connections.max.idle.ms = 540000
	default.api.timeout.ms = 60000
	enable.auto.commit = false
	enable.metrics.push = true
	exclude.internal.topics = true
	fetch.max.bytes = 52428800
	fetch.max.wait.ms = 500
	fetch.min.bytes = 1
	group.id = materia-service-group
	group.instance.id = null
	group.protocol = classic
	group.remote.assignor = null
	heartbeat.interval.ms = 3000
	interceptor.classes = []
	internal.leave.group.on.close = true
	internal.throw.on.fetch.stable.offset.unsupported = false
	isolation.level = read_uncommitted
	key.deserializer = class org.apache.kafka.common.serialization.StringDeserializer
	max.partition.fetch.bytes = 1048576
	max.poll.interval.ms = 300000
	max.poll.records = 500
	metadata.max.age.ms = 300000
	metadata.recovery.strategy = none
	metric.reporters = []
	metrics.num.samples = 2
	metrics.recording.level = INFO
	metrics.sample.window.ms = 30000
	partition.assignment.strategy = [class org.apache.kafka.clients.consumer.RangeAssignor, class org.apache.kafka.clients.consumer.CooperativeStickyAssignor]
	receive.buffer.bytes = 65536
	reconnect.backoff.max.ms = 1000
	reconnect.backoff.ms = 50
	request.timeout.ms = 30000
	retry.backoff.max.ms = 1000
	retry.backoff.ms = 100
	sasl.client.callback.handler.class = null
	sasl.jaas.config = null
	sasl.kerberos.kinit.cmd = /usr/bin/kinit
	sasl.kerberos.min.time.before.relogin = 60000
	sasl.kerberos.service.name = null
	sasl.kerberos.ticket.renew.jitter = 0.05
	sasl.kerberos.ticket.renew.window.factor = 0.8
	sasl.login.callback.handler.class = null
	sasl.login.class = null
	sasl.login.connect.timeout.ms = null
	sasl.login.read.timeout.ms = null
	sasl.login.refresh.buffer.seconds = 300
	sasl.login.refresh.min.period.seconds = 60
	sasl.login.refresh.window.factor = 0.8
	sasl.login.refresh.window.jitter = 0.05
	sasl.login.retry.backoff.max.ms = 10000
	sasl.login.retry.backoff.ms = 100
	sasl.mechanism = GSSAPI
	sasl.oauthbearer.clock.skew.seconds = 30
	sasl.oauthbearer.expected.audience = null
	sasl.oauthbearer.expected.issuer = null
	sasl.oauthbearer.jwks.endpoint.refresh.ms = 3600000
	sasl.oauthbearer.jwks.endpoint.retry.backoff.max.ms = 10000
	sasl.oauthbearer.jwks.endpoint.retry.backoff.ms = 100
	sasl.oauthbearer.jwks.endpoint.url = null
	sasl.oauthbearer.scope.claim.name = scope
	sasl.oauthbearer.sub.claim.name = sub
	sasl.oauthbearer.token.endpoint.url = null
	security.protocol = PLAINTEXT
	security.providers = null
	send.buffer.bytes = 131072
	session.timeout.ms = 45000
	socket.connection.setup.timeout.max.ms = 30000
	socket.connection.setup.timeout.ms = 10000
	ssl.cipher.suites = null
	ssl.enabled.protocols = [TLSv1.2, TLSv1.3]
	ssl.endpoint.identification.algorithm = https
	ssl.engine.factory.class = null
	ssl.key.password = null
	ssl.keymanager.algorithm = SunX509
	ssl.keystore.certificate.chain = null
	ssl.keystore.key = null
	ssl.keystore.location = null
	ssl.keystore.password = null
	ssl.keystore.type = JKS
	ssl.protocol = TLSv1.3
	ssl.provider = null
	ssl.secure.random.implementation = null
	ssl.trustmanager.algorithm = PKIX
	ssl.truststore.certificates = null
	ssl.truststore.location = null
	ssl.truststore.password = null
	ssl.truststore.type = JKS
	value.deserializer = class org.apache.kafka.common.serialization.StringDeserializer

2025-06-23T17:36:39.473-06:00  INFO 25632 --- [proyecto-access-1] [           main] o.a.k.c.t.i.KafkaMetricsCollector        : initializing Kafka metrics collector
2025-06-23T17:36:39.482-06:00  INFO 25632 --- [proyecto-access-1] [           main] o.a.kafka.common.utils.AppInfoParser     : Kafka version: 3.8.1
2025-06-23T17:36:39.482-06:00  INFO 25632 --- [proyecto-access-1] [           main] o.a.kafka.common.utils.AppInfoParser     : Kafka commitId: 70d6ff42debf7e17
2025-06-23T17:36:39.482-06:00  INFO 25632 --- [proyecto-access-1] [           main] o.a.kafka.common.utils.AppInfoParser     : Kafka startTimeMs: 1750721799482
2025-06-23T17:36:39.482-06:00  INFO 25632 --- [proyecto-access-1] [           main] o.a.k.c.c.internals.LegacyKafkaConsumer  : [Consumer clientId=consumer-materia-service-group-14, groupId=materia-service-group] Subscribed to topic(s): get-bitacora-inventario
2025-06-23T17:36:39.484-06:00  INFO 25632 --- [proyecto-access-1] [           main] o.a.k.clients.consumer.ConsumerConfig    : ConsumerConfig values: 
	allow.auto.create.topics = true
	auto.commit.interval.ms = 5000
	auto.include.jmx.reporter = true
	auto.offset.reset = earliest
	bootstrap.servers = [localhost:9092]
	check.crcs = true
	client.dns.lookup = use_all_dns_ips
	client.id = consumer-materia-service-group-15
	client.rack = 
	connections.max.idle.ms = 540000
	default.api.timeout.ms = 60000
	enable.auto.commit = false
	enable.metrics.push = true
	exclude.internal.topics = true
	fetch.max.bytes = 52428800
	fetch.max.wait.ms = 500
	fetch.min.bytes = 1
	group.id = materia-service-group
	group.instance.id = null
	group.protocol = classic
	group.remote.assignor = null
	heartbeat.interval.ms = 3000
	interceptor.classes = []
	internal.leave.group.on.close = true
	internal.throw.on.fetch.stable.offset.unsupported = false
	isolation.level = read_uncommitted
	key.deserializer = class org.apache.kafka.common.serialization.StringDeserializer
	max.partition.fetch.bytes = 1048576
	max.poll.interval.ms = 300000
	max.poll.records = 500
	metadata.max.age.ms = 300000
	metadata.recovery.strategy = none
	metric.reporters = []
	metrics.num.samples = 2
	metrics.recording.level = INFO
	metrics.sample.window.ms = 30000
	partition.assignment.strategy = [class org.apache.kafka.clients.consumer.RangeAssignor, class org.apache.kafka.clients.consumer.CooperativeStickyAssignor]
	receive.buffer.bytes = 65536
	reconnect.backoff.max.ms = 1000
	reconnect.backoff.ms = 50
	request.timeout.ms = 30000
	retry.backoff.max.ms = 1000
	retry.backoff.ms = 100
	sasl.client.callback.handler.class = null
	sasl.jaas.config = null
	sasl.kerberos.kinit.cmd = /usr/bin/kinit
	sasl.kerberos.min.time.before.relogin = 60000
	sasl.kerberos.service.name = null
	sasl.kerberos.ticket.renew.jitter = 0.05
	sasl.kerberos.ticket.renew.window.factor = 0.8
	sasl.login.callback.handler.class = null
	sasl.login.class = null
	sasl.login.connect.timeout.ms = null
	sasl.login.read.timeout.ms = null
	sasl.login.refresh.buffer.seconds = 300
	sasl.login.refresh.min.period.seconds = 60
	sasl.login.refresh.window.factor = 0.8
	sasl.login.refresh.window.jitter = 0.05
	sasl.login.retry.backoff.max.ms = 10000
	sasl.login.retry.backoff.ms = 100
	sasl.mechanism = GSSAPI
	sasl.oauthbearer.clock.skew.seconds = 30
	sasl.oauthbearer.expected.audience = null
	sasl.oauthbearer.expected.issuer = null
	sasl.oauthbearer.jwks.endpoint.refresh.ms = 3600000
	sasl.oauthbearer.jwks.endpoint.retry.backoff.max.ms = 10000
	sasl.oauthbearer.jwks.endpoint.retry.backoff.ms = 100
	sasl.oauthbearer.jwks.endpoint.url = null
	sasl.oauthbearer.scope.claim.name = scope
	sasl.oauthbearer.sub.claim.name = sub
	sasl.oauthbearer.token.endpoint.url = null
	security.protocol = PLAINTEXT
	security.providers = null
	send.buffer.bytes = 131072
	session.timeout.ms = 45000
	socket.connection.setup.timeout.max.ms = 30000
	socket.connection.setup.timeout.ms = 10000
	ssl.cipher.suites = null
	ssl.enabled.protocols = [TLSv1.2, TLSv1.3]
	ssl.endpoint.identification.algorithm = https
	ssl.engine.factory.class = null
	ssl.key.password = null
	ssl.keymanager.algorithm = SunX509
	ssl.keystore.certificate.chain = null
	ssl.keystore.key = null
	ssl.keystore.location = null
	ssl.keystore.password = null
	ssl.keystore.type = JKS
	ssl.protocol = TLSv1.3
	ssl.provider = null
	ssl.secure.random.implementation = null
	ssl.trustmanager.algorithm = PKIX
	ssl.truststore.certificates = null
	ssl.truststore.location = null
	ssl.truststore.password = null
	ssl.truststore.type = JKS
	value.deserializer = class org.apache.kafka.common.serialization.StringDeserializer

2025-06-23T17:36:39.484-06:00  INFO 25632 --- [proyecto-access-1] [           main] o.a.k.c.t.i.KafkaMetricsCollector        : initializing Kafka metrics collector
2025-06-23T17:36:39.488-06:00  INFO 25632 --- [proyecto-access-1] [           main] o.a.kafka.common.utils.AppInfoParser     : Kafka version: 3.8.1
2025-06-23T17:36:39.488-06:00  INFO 25632 --- [proyecto-access-1] [           main] o.a.kafka.common.utils.AppInfoParser     : Kafka commitId: 70d6ff42debf7e17
2025-06-23T17:36:39.488-06:00  INFO 25632 --- [proyecto-access-1] [           main] o.a.kafka.common.utils.AppInfoParser     : Kafka startTimeMs: 1750721799488
2025-06-23T17:36:39.488-06:00  INFO 25632 --- [proyecto-access-1] [           main] o.a.k.c.c.internals.LegacyKafkaConsumer  : [Consumer clientId=consumer-materia-service-group-15, groupId=materia-service-group] Subscribed to topic(s): get-registro-tiempo
2025-06-23T17:36:39.491-06:00  INFO 25632 --- [proyecto-access-1] [           main] o.a.k.clients.consumer.ConsumerConfig    : ConsumerConfig values: 
	allow.auto.create.topics = true
	auto.commit.interval.ms = 5000
	auto.include.jmx.reporter = true
	auto.offset.reset = earliest
	bootstrap.servers = [localhost:9092]
	check.crcs = true
	client.dns.lookup = use_all_dns_ips
	client.id = consumer-materia-service-group-16
	client.rack = 
	connections.max.idle.ms = 540000
	default.api.timeout.ms = 60000
	enable.auto.commit = false
	enable.metrics.push = true
	exclude.internal.topics = true
	fetch.max.bytes = 52428800
	fetch.max.wait.ms = 500
	fetch.min.bytes = 1
	group.id = materia-service-group
	group.instance.id = null
	group.protocol = classic
	group.remote.assignor = null
	heartbeat.interval.ms = 3000
	interceptor.classes = []
	internal.leave.group.on.close = true
	internal.throw.on.fetch.stable.offset.unsupported = false
	isolation.level = read_uncommitted
	key.deserializer = class org.apache.kafka.common.serialization.StringDeserializer
	max.partition.fetch.bytes = 1048576
	max.poll.interval.ms = 300000
	max.poll.records = 500
	metadata.max.age.ms = 300000
	metadata.recovery.strategy = none
	metric.reporters = []
	metrics.num.samples = 2
	metrics.recording.level = INFO
	metrics.sample.window.ms = 30000
	partition.assignment.strategy = [class org.apache.kafka.clients.consumer.RangeAssignor, class org.apache.kafka.clients.consumer.CooperativeStickyAssignor]
	receive.buffer.bytes = 65536
	reconnect.backoff.max.ms = 1000
	reconnect.backoff.ms = 50
	request.timeout.ms = 30000
	retry.backoff.max.ms = 1000
	retry.backoff.ms = 100
	sasl.client.callback.handler.class = null
	sasl.jaas.config = null
	sasl.kerberos.kinit.cmd = /usr/bin/kinit
	sasl.kerberos.min.time.before.relogin = 60000
	sasl.kerberos.service.name = null
	sasl.kerberos.ticket.renew.jitter = 0.05
	sasl.kerberos.ticket.renew.window.factor = 0.8
	sasl.login.callback.handler.class = null
	sasl.login.class = null
	sasl.login.connect.timeout.ms = null
	sasl.login.read.timeout.ms = null
	sasl.login.refresh.buffer.seconds = 300
	sasl.login.refresh.min.period.seconds = 60
	sasl.login.refresh.window.factor = 0.8
	sasl.login.refresh.window.jitter = 0.05
	sasl.login.retry.backoff.max.ms = 10000
	sasl.login.retry.backoff.ms = 100
	sasl.mechanism = GSSAPI
	sasl.oauthbearer.clock.skew.seconds = 30
	sasl.oauthbearer.expected.audience = null
	sasl.oauthbearer.expected.issuer = null
	sasl.oauthbearer.jwks.endpoint.refresh.ms = 3600000
	sasl.oauthbearer.jwks.endpoint.retry.backoff.max.ms = 10000
	sasl.oauthbearer.jwks.endpoint.retry.backoff.ms = 100
	sasl.oauthbearer.jwks.endpoint.url = null
	sasl.oauthbearer.scope.claim.name = scope
	sasl.oauthbearer.sub.claim.name = sub
	sasl.oauthbearer.token.endpoint.url = null
	security.protocol = PLAINTEXT
	security.providers = null
	send.buffer.bytes = 131072
	session.timeout.ms = 45000
	socket.connection.setup.timeout.max.ms = 30000
	socket.connection.setup.timeout.ms = 10000
	ssl.cipher.suites = null
	ssl.enabled.protocols = [TLSv1.2, TLSv1.3]
	ssl.endpoint.identification.algorithm = https
	ssl.engine.factory.class = null
	ssl.key.password = null
	ssl.keymanager.algorithm = SunX509
	ssl.keystore.certificate.chain = null
	ssl.keystore.key = null
	ssl.keystore.location = null
	ssl.keystore.password = null
	ssl.keystore.type = JKS
	ssl.protocol = TLSv1.3
	ssl.provider = null
	ssl.secure.random.implementation = null
	ssl.trustmanager.algorithm = PKIX
	ssl.truststore.certificates = null
	ssl.truststore.location = null
	ssl.truststore.password = null
	ssl.truststore.type = JKS
	value.deserializer = class org.apache.kafka.common.serialization.StringDeserializer

2025-06-23T17:36:39.491-06:00  INFO 25632 --- [proyecto-access-1] [           main] o.a.k.c.t.i.KafkaMetricsCollector        : initializing Kafka metrics collector
2025-06-23T17:36:39.496-06:00  INFO 25632 --- [proyecto-access-1] [           main] o.a.kafka.common.utils.AppInfoParser     : Kafka version: 3.8.1
2025-06-23T17:36:39.496-06:00  INFO 25632 --- [proyecto-access-1] [           main] o.a.kafka.common.utils.AppInfoParser     : Kafka commitId: 70d6ff42debf7e17
2025-06-23T17:36:39.496-06:00  INFO 25632 --- [proyecto-access-1] [           main] o.a.kafka.common.utils.AppInfoParser     : Kafka startTimeMs: 1750721799496
2025-06-23T17:36:39.496-06:00  INFO 25632 --- [proyecto-access-1] [           main] o.a.k.c.c.internals.LegacyKafkaConsumer  : [Consumer clientId=consumer-materia-service-group-16, groupId=materia-service-group] Subscribed to topic(s): get-bitacora-produccion
2025-06-23T17:36:39.498-06:00  INFO 25632 --- [proyecto-access-1] [           main] o.a.k.clients.consumer.ConsumerConfig    : ConsumerConfig values: 
	allow.auto.create.topics = true
	auto.commit.interval.ms = 5000
	auto.include.jmx.reporter = true
	auto.offset.reset = earliest
	bootstrap.servers = [localhost:9092]
	check.crcs = true
	client.dns.lookup = use_all_dns_ips
	client.id = consumer-materia-service-group-17
	client.rack = 
	connections.max.idle.ms = 540000
	default.api.timeout.ms = 60000
	enable.auto.commit = false
	enable.metrics.push = true
	exclude.internal.topics = true
	fetch.max.bytes = 52428800
	fetch.max.wait.ms = 500
	fetch.min.bytes = 1
	group.id = materia-service-group
	group.instance.id = null
	group.protocol = classic
	group.remote.assignor = null
	heartbeat.interval.ms = 3000
	interceptor.classes = []
	internal.leave.group.on.close = true
	internal.throw.on.fetch.stable.offset.unsupported = false
	isolation.level = read_uncommitted
	key.deserializer = class org.apache.kafka.common.serialization.StringDeserializer
	max.partition.fetch.bytes = 1048576
	max.poll.interval.ms = 300000
	max.poll.records = 500
	metadata.max.age.ms = 300000
	metadata.recovery.strategy = none
	metric.reporters = []
	metrics.num.samples = 2
	metrics.recording.level = INFO
	metrics.sample.window.ms = 30000
	partition.assignment.strategy = [class org.apache.kafka.clients.consumer.RangeAssignor, class org.apache.kafka.clients.consumer.CooperativeStickyAssignor]
	receive.buffer.bytes = 65536
	reconnect.backoff.max.ms = 1000
	reconnect.backoff.ms = 50
	request.timeout.ms = 30000
	retry.backoff.max.ms = 1000
	retry.backoff.ms = 100
	sasl.client.callback.handler.class = null
	sasl.jaas.config = null
	sasl.kerberos.kinit.cmd = /usr/bin/kinit
	sasl.kerberos.min.time.before.relogin = 60000
	sasl.kerberos.service.name = null
	sasl.kerberos.ticket.renew.jitter = 0.05
	sasl.kerberos.ticket.renew.window.factor = 0.8
	sasl.login.callback.handler.class = null
	sasl.login.class = null
	sasl.login.connect.timeout.ms = null
	sasl.login.read.timeout.ms = null
	sasl.login.refresh.buffer.seconds = 300
	sasl.login.refresh.min.period.seconds = 60
	sasl.login.refresh.window.factor = 0.8
	sasl.login.refresh.window.jitter = 0.05
	sasl.login.retry.backoff.max.ms = 10000
	sasl.login.retry.backoff.ms = 100
	sasl.mechanism = GSSAPI
	sasl.oauthbearer.clock.skew.seconds = 30
	sasl.oauthbearer.expected.audience = null
	sasl.oauthbearer.expected.issuer = null
	sasl.oauthbearer.jwks.endpoint.refresh.ms = 3600000
	sasl.oauthbearer.jwks.endpoint.retry.backoff.max.ms = 10000
	sasl.oauthbearer.jwks.endpoint.retry.backoff.ms = 100
	sasl.oauthbearer.jwks.endpoint.url = null
	sasl.oauthbearer.scope.claim.name = scope
	sasl.oauthbearer.sub.claim.name = sub
	sasl.oauthbearer.token.endpoint.url = null
	security.protocol = PLAINTEXT
	security.providers = null
	send.buffer.bytes = 131072
	session.timeout.ms = 45000
	socket.connection.setup.timeout.max.ms = 30000
	socket.connection.setup.timeout.ms = 10000
	ssl.cipher.suites = null
	ssl.enabled.protocols = [TLSv1.2, TLSv1.3]
	ssl.endpoint.identification.algorithm = https
	ssl.engine.factory.class = null
	ssl.key.password = null
	ssl.keymanager.algorithm = SunX509
	ssl.keystore.certificate.chain = null
	ssl.keystore.key = null
	ssl.keystore.location = null
	ssl.keystore.password = null
	ssl.keystore.type = JKS
	ssl.protocol = TLSv1.3
	ssl.provider = null
	ssl.secure.random.implementation = null
	ssl.trustmanager.algorithm = PKIX
	ssl.truststore.certificates = null
	ssl.truststore.location = null
	ssl.truststore.password = null
	ssl.truststore.type = JKS
	value.deserializer = class org.apache.kafka.common.serialization.StringDeserializer

2025-06-23T17:36:39.498-06:00  INFO 25632 --- [proyecto-access-1] [           main] o.a.k.c.t.i.KafkaMetricsCollector        : initializing Kafka metrics collector
2025-06-23T17:36:39.501-06:00  INFO 25632 --- [proyecto-access-1] [           main] o.a.kafka.common.utils.AppInfoParser     : Kafka version: 3.8.1
2025-06-23T17:36:39.502-06:00  INFO 25632 --- [proyecto-access-1] [           main] o.a.kafka.common.utils.AppInfoParser     : Kafka commitId: 70d6ff42debf7e17
2025-06-23T17:36:39.502-06:00  INFO 25632 --- [proyecto-access-1] [           main] o.a.kafka.common.utils.AppInfoParser     : Kafka startTimeMs: 1750721799501
2025-06-23T17:36:39.503-06:00  INFO 25632 --- [proyecto-access-1] [           main] o.a.k.c.c.internals.LegacyKafkaConsumer  : [Consumer clientId=consumer-materia-service-group-17, groupId=materia-service-group] Subscribed to topic(s): get-registro-detencion
2025-06-23T17:36:39.504-06:00  INFO 25632 --- [proyecto-access-1] [           main] o.a.k.clients.consumer.ConsumerConfig    : ConsumerConfig values: 
	allow.auto.create.topics = true
	auto.commit.interval.ms = 5000
	auto.include.jmx.reporter = true
	auto.offset.reset = earliest
	bootstrap.servers = [localhost:9092]
	check.crcs = true
	client.dns.lookup = use_all_dns_ips
	client.id = consumer-materia-service-group-18
	client.rack = 
	connections.max.idle.ms = 540000
	default.api.timeout.ms = 60000
	enable.auto.commit = false
	enable.metrics.push = true
	exclude.internal.topics = true
	fetch.max.bytes = 52428800
	fetch.max.wait.ms = 500
	fetch.min.bytes = 1
	group.id = materia-service-group
	group.instance.id = null
	group.protocol = classic
	group.remote.assignor = null
	heartbeat.interval.ms = 3000
	interceptor.classes = []
	internal.leave.group.on.close = true
	internal.throw.on.fetch.stable.offset.unsupported = false
	isolation.level = read_uncommitted
	key.deserializer = class org.apache.kafka.common.serialization.StringDeserializer
	max.partition.fetch.bytes = 1048576
	max.poll.interval.ms = 300000
	max.poll.records = 500
	metadata.max.age.ms = 300000
	metadata.recovery.strategy = none
	metric.reporters = []
	metrics.num.samples = 2
	metrics.recording.level = INFO
	metrics.sample.window.ms = 30000
	partition.assignment.strategy = [class org.apache.kafka.clients.consumer.RangeAssignor, class org.apache.kafka.clients.consumer.CooperativeStickyAssignor]
	receive.buffer.bytes = 65536
	reconnect.backoff.max.ms = 1000
	reconnect.backoff.ms = 50
	request.timeout.ms = 30000
	retry.backoff.max.ms = 1000
	retry.backoff.ms = 100
	sasl.client.callback.handler.class = null
	sasl.jaas.config = null
	sasl.kerberos.kinit.cmd = /usr/bin/kinit
	sasl.kerberos.min.time.before.relogin = 60000
	sasl.kerberos.service.name = null
	sasl.kerberos.ticket.renew.jitter = 0.05
	sasl.kerberos.ticket.renew.window.factor = 0.8
	sasl.login.callback.handler.class = null
	sasl.login.class = null
	sasl.login.connect.timeout.ms = null
	sasl.login.read.timeout.ms = null
	sasl.login.refresh.buffer.seconds = 300
	sasl.login.refresh.min.period.seconds = 60
	sasl.login.refresh.window.factor = 0.8
	sasl.login.refresh.window.jitter = 0.05
	sasl.login.retry.backoff.max.ms = 10000
	sasl.login.retry.backoff.ms = 100
	sasl.mechanism = GSSAPI
	sasl.oauthbearer.clock.skew.seconds = 30
	sasl.oauthbearer.expected.audience = null
	sasl.oauthbearer.expected.issuer = null
	sasl.oauthbearer.jwks.endpoint.refresh.ms = 3600000
	sasl.oauthbearer.jwks.endpoint.retry.backoff.max.ms = 10000
	sasl.oauthbearer.jwks.endpoint.retry.backoff.ms = 100
	sasl.oauthbearer.jwks.endpoint.url = null
	sasl.oauthbearer.scope.claim.name = scope
	sasl.oauthbearer.sub.claim.name = sub
	sasl.oauthbearer.token.endpoint.url = null
	security.protocol = PLAINTEXT
	security.providers = null
	send.buffer.bytes = 131072
	session.timeout.ms = 45000
	socket.connection.setup.timeout.max.ms = 30000
	socket.connection.setup.timeout.ms = 10000
	ssl.cipher.suites = null
	ssl.enabled.protocols = [TLSv1.2, TLSv1.3]
	ssl.endpoint.identification.algorithm = https
	ssl.engine.factory.class = null
	ssl.key.password = null
	ssl.keymanager.algorithm = SunX509
	ssl.keystore.certificate.chain = null
	ssl.keystore.key = null
	ssl.keystore.location = null
	ssl.keystore.password = null
	ssl.keystore.type = JKS
	ssl.protocol = TLSv1.3
	ssl.provider = null
	ssl.secure.random.implementation = null
	ssl.trustmanager.algorithm = PKIX
	ssl.truststore.certificates = null
	ssl.truststore.location = null
	ssl.truststore.password = null
	ssl.truststore.type = JKS
	value.deserializer = class org.apache.kafka.common.serialization.StringDeserializer

2025-06-23T17:36:39.505-06:00  INFO 25632 --- [proyecto-access-1] [           main] o.a.k.c.t.i.KafkaMetricsCollector        : initializing Kafka metrics collector
2025-06-23T17:36:39.511-06:00  INFO 25632 --- [proyecto-access-1] [           main] o.a.kafka.common.utils.AppInfoParser     : Kafka version: 3.8.1
2025-06-23T17:36:39.512-06:00  INFO 25632 --- [proyecto-access-1] [           main] o.a.kafka.common.utils.AppInfoParser     : Kafka commitId: 70d6ff42debf7e17
2025-06-23T17:36:39.512-06:00  INFO 25632 --- [proyecto-access-1] [           main] o.a.kafka.common.utils.AppInfoParser     : Kafka startTimeMs: 1750721799511
2025-06-23T17:36:39.512-06:00  INFO 25632 --- [proyecto-access-1] [           main] o.a.k.c.c.internals.LegacyKafkaConsumer  : [Consumer clientId=consumer-materia-service-group-18, groupId=materia-service-group] Subscribed to topic(s): get-tiempos-periodo
2025-06-23T17:36:39.515-06:00  INFO 25632 --- [proyecto-access-1] [           main] o.a.k.clients.consumer.ConsumerConfig    : ConsumerConfig values: 
	allow.auto.create.topics = true
	auto.commit.interval.ms = 5000
	auto.include.jmx.reporter = true
	auto.offset.reset = earliest
	bootstrap.servers = [localhost:9092]
	check.crcs = true
	client.dns.lookup = use_all_dns_ips
	client.id = consumer-materia-service-group-19
	client.rack = 
	connections.max.idle.ms = 540000
	default.api.timeout.ms = 60000
	enable.auto.commit = false
	enable.metrics.push = true
	exclude.internal.topics = true
	fetch.max.bytes = 52428800
	fetch.max.wait.ms = 500
	fetch.min.bytes = 1
	group.id = materia-service-group
	group.instance.id = null
	group.protocol = classic
	group.remote.assignor = null
	heartbeat.interval.ms = 3000
	interceptor.classes = []
	internal.leave.group.on.close = true
	internal.throw.on.fetch.stable.offset.unsupported = false
	isolation.level = read_uncommitted
	key.deserializer = class org.apache.kafka.common.serialization.StringDeserializer
	max.partition.fetch.bytes = 1048576
	max.poll.interval.ms = 300000
	max.poll.records = 500
	metadata.max.age.ms = 300000
	metadata.recovery.strategy = none
	metric.reporters = []
	metrics.num.samples = 2
	metrics.recording.level = INFO
	metrics.sample.window.ms = 30000
	partition.assignment.strategy = [class org.apache.kafka.clients.consumer.RangeAssignor, class org.apache.kafka.clients.consumer.CooperativeStickyAssignor]
	receive.buffer.bytes = 65536
	reconnect.backoff.max.ms = 1000
	reconnect.backoff.ms = 50
	request.timeout.ms = 30000
	retry.backoff.max.ms = 1000
	retry.backoff.ms = 100
	sasl.client.callback.handler.class = null
	sasl.jaas.config = null
	sasl.kerberos.kinit.cmd = /usr/bin/kinit
	sasl.kerberos.min.time.before.relogin = 60000
	sasl.kerberos.service.name = null
	sasl.kerberos.ticket.renew.jitter = 0.05
	sasl.kerberos.ticket.renew.window.factor = 0.8
	sasl.login.callback.handler.class = null
	sasl.login.class = null
	sasl.login.connect.timeout.ms = null
	sasl.login.read.timeout.ms = null
	sasl.login.refresh.buffer.seconds = 300
	sasl.login.refresh.min.period.seconds = 60
	sasl.login.refresh.window.factor = 0.8
	sasl.login.refresh.window.jitter = 0.05
	sasl.login.retry.backoff.max.ms = 10000
	sasl.login.retry.backoff.ms = 100
	sasl.mechanism = GSSAPI
	sasl.oauthbearer.clock.skew.seconds = 30
	sasl.oauthbearer.expected.audience = null
	sasl.oauthbearer.expected.issuer = null
	sasl.oauthbearer.jwks.endpoint.refresh.ms = 3600000
	sasl.oauthbearer.jwks.endpoint.retry.backoff.max.ms = 10000
	sasl.oauthbearer.jwks.endpoint.retry.backoff.ms = 100
	sasl.oauthbearer.jwks.endpoint.url = null
	sasl.oauthbearer.scope.claim.name = scope
	sasl.oauthbearer.sub.claim.name = sub
	sasl.oauthbearer.token.endpoint.url = null
	security.protocol = PLAINTEXT
	security.providers = null
	send.buffer.bytes = 131072
	session.timeout.ms = 45000
	socket.connection.setup.timeout.max.ms = 30000
	socket.connection.setup.timeout.ms = 10000
	ssl.cipher.suites = null
	ssl.enabled.protocols = [TLSv1.2, TLSv1.3]
	ssl.endpoint.identification.algorithm = https
	ssl.engine.factory.class = null
	ssl.key.password = null
	ssl.keymanager.algorithm = SunX509
	ssl.keystore.certificate.chain = null
	ssl.keystore.key = null
	ssl.keystore.location = null
	ssl.keystore.password = null
	ssl.keystore.type = JKS
	ssl.protocol = TLSv1.3
	ssl.provider = null
	ssl.secure.random.implementation = null
	ssl.trustmanager.algorithm = PKIX
	ssl.truststore.certificates = null
	ssl.truststore.location = null
	ssl.truststore.password = null
	ssl.truststore.type = JKS
	value.deserializer = class org.apache.kafka.common.serialization.StringDeserializer

2025-06-23T17:36:39.515-06:00  INFO 25632 --- [proyecto-access-1] [           main] o.a.k.c.t.i.KafkaMetricsCollector        : initializing Kafka metrics collector
2025-06-23T17:36:39.519-06:00  INFO 25632 --- [proyecto-access-1] [           main] o.a.kafka.common.utils.AppInfoParser     : Kafka version: 3.8.1
2025-06-23T17:36:39.519-06:00  INFO 25632 --- [proyecto-access-1] [           main] o.a.kafka.common.utils.AppInfoParser     : Kafka commitId: 70d6ff42debf7e17
2025-06-23T17:36:39.519-06:00  INFO 25632 --- [proyecto-access-1] [           main] o.a.kafka.common.utils.AppInfoParser     : Kafka startTimeMs: 1750721799519
2025-06-23T17:36:39.519-06:00  INFO 25632 --- [proyecto-access-1] [           main] o.a.k.c.c.internals.LegacyKafkaConsumer  : [Consumer clientId=consumer-materia-service-group-19, groupId=materia-service-group] Subscribed to topic(s): get-ultima-detencion
2025-06-23T17:36:39.521-06:00  INFO 25632 --- [proyecto-access-1] [           main] o.a.k.clients.consumer.ConsumerConfig    : ConsumerConfig values: 
	allow.auto.create.topics = true
	auto.commit.interval.ms = 5000
	auto.include.jmx.reporter = true
	auto.offset.reset = earliest
	bootstrap.servers = [localhost:9092]
	check.crcs = true
	client.dns.lookup = use_all_dns_ips
	client.id = consumer-materia-service-group-20
	client.rack = 
	connections.max.idle.ms = 540000
	default.api.timeout.ms = 60000
	enable.auto.commit = false
	enable.metrics.push = true
	exclude.internal.topics = true
	fetch.max.bytes = 52428800
	fetch.max.wait.ms = 500
	fetch.min.bytes = 1
	group.id = materia-service-group
	group.instance.id = null
	group.protocol = classic
	group.remote.assignor = null
	heartbeat.interval.ms = 3000
	interceptor.classes = []
	internal.leave.group.on.close = true
	internal.throw.on.fetch.stable.offset.unsupported = false
	isolation.level = read_uncommitted
	key.deserializer = class org.apache.kafka.common.serialization.StringDeserializer
	max.partition.fetch.bytes = 1048576
	max.poll.interval.ms = 300000
	max.poll.records = 500
	metadata.max.age.ms = 300000
	metadata.recovery.strategy = none
	metric.reporters = []
	metrics.num.samples = 2
	metrics.recording.level = INFO
	metrics.sample.window.ms = 30000
	partition.assignment.strategy = [class org.apache.kafka.clients.consumer.RangeAssignor, class org.apache.kafka.clients.consumer.CooperativeStickyAssignor]
	receive.buffer.bytes = 65536
	reconnect.backoff.max.ms = 1000
	reconnect.backoff.ms = 50
	request.timeout.ms = 30000
	retry.backoff.max.ms = 1000
	retry.backoff.ms = 100
	sasl.client.callback.handler.class = null
	sasl.jaas.config = null
	sasl.kerberos.kinit.cmd = /usr/bin/kinit
	sasl.kerberos.min.time.before.relogin = 60000
	sasl.kerberos.service.name = null
	sasl.kerberos.ticket.renew.jitter = 0.05
	sasl.kerberos.ticket.renew.window.factor = 0.8
	sasl.login.callback.handler.class = null
	sasl.login.class = null
	sasl.login.connect.timeout.ms = null
	sasl.login.read.timeout.ms = null
	sasl.login.refresh.buffer.seconds = 300
	sasl.login.refresh.min.period.seconds = 60
	sasl.login.refresh.window.factor = 0.8
	sasl.login.refresh.window.jitter = 0.05
	sasl.login.retry.backoff.max.ms = 10000
	sasl.login.retry.backoff.ms = 100
	sasl.mechanism = GSSAPI
	sasl.oauthbearer.clock.skew.seconds = 30
	sasl.oauthbearer.expected.audience = null
	sasl.oauthbearer.expected.issuer = null
	sasl.oauthbearer.jwks.endpoint.refresh.ms = 3600000
	sasl.oauthbearer.jwks.endpoint.retry.backoff.max.ms = 10000
	sasl.oauthbearer.jwks.endpoint.retry.backoff.ms = 100
	sasl.oauthbearer.jwks.endpoint.url = null
	sasl.oauthbearer.scope.claim.name = scope
	sasl.oauthbearer.sub.claim.name = sub
	sasl.oauthbearer.token.endpoint.url = null
	security.protocol = PLAINTEXT
	security.providers = null
	send.buffer.bytes = 131072
	session.timeout.ms = 45000
	socket.connection.setup.timeout.max.ms = 30000
	socket.connection.setup.timeout.ms = 10000
	ssl.cipher.suites = null
	ssl.enabled.protocols = [TLSv1.2, TLSv1.3]
	ssl.endpoint.identification.algorithm = https
	ssl.engine.factory.class = null
	ssl.key.password = null
	ssl.keymanager.algorithm = SunX509
	ssl.keystore.certificate.chain = null
	ssl.keystore.key = null
	ssl.keystore.location = null
	ssl.keystore.password = null
	ssl.keystore.type = JKS
	ssl.protocol = TLSv1.3
	ssl.provider = null
	ssl.secure.random.implementation = null
	ssl.trustmanager.algorithm = PKIX
	ssl.truststore.certificates = null
	ssl.truststore.location = null
	ssl.truststore.password = null
	ssl.truststore.type = JKS
	value.deserializer = class org.apache.kafka.common.serialization.StringDeserializer

2025-06-23T17:36:39.523-06:00  INFO 25632 --- [proyecto-access-1] [           main] o.a.k.c.t.i.KafkaMetricsCollector        : initializing Kafka metrics collector
2025-06-23T17:36:39.526-06:00  INFO 25632 --- [proyecto-access-1] [           main] o.a.kafka.common.utils.AppInfoParser     : Kafka version: 3.8.1
2025-06-23T17:36:39.526-06:00  INFO 25632 --- [proyecto-access-1] [           main] o.a.kafka.common.utils.AppInfoParser     : Kafka commitId: 70d6ff42debf7e17
2025-06-23T17:36:39.526-06:00  INFO 25632 --- [proyecto-access-1] [           main] o.a.kafka.common.utils.AppInfoParser     : Kafka startTimeMs: 1750721799526
2025-06-23T17:36:39.526-06:00  INFO 25632 --- [proyecto-access-1] [           main] o.a.k.c.c.internals.LegacyKafkaConsumer  : [Consumer clientId=consumer-materia-service-group-20, groupId=materia-service-group] Subscribed to topic(s): post-iniciar-tiempo
2025-06-23T17:36:39.528-06:00  INFO 25632 --- [proyecto-access-1] [           main] o.a.k.clients.consumer.ConsumerConfig    : ConsumerConfig values: 
	allow.auto.create.topics = true
	auto.commit.interval.ms = 5000
	auto.include.jmx.reporter = true
	auto.offset.reset = earliest
	bootstrap.servers = [localhost:9092]
	check.crcs = true
	client.dns.lookup = use_all_dns_ips
	client.id = consumer-materia-service-group-21
	client.rack = 
	connections.max.idle.ms = 540000
	default.api.timeout.ms = 60000
	enable.auto.commit = false
	enable.metrics.push = true
	exclude.internal.topics = true
	fetch.max.bytes = 52428800
	fetch.max.wait.ms = 500
	fetch.min.bytes = 1
	group.id = materia-service-group
	group.instance.id = null
	group.protocol = classic
	group.remote.assignor = null
	heartbeat.interval.ms = 3000
	interceptor.classes = []
	internal.leave.group.on.close = true
	internal.throw.on.fetch.stable.offset.unsupported = false
	isolation.level = read_uncommitted
	key.deserializer = class org.apache.kafka.common.serialization.StringDeserializer
	max.partition.fetch.bytes = 1048576
	max.poll.interval.ms = 300000
	max.poll.records = 500
	metadata.max.age.ms = 300000
	metadata.recovery.strategy = none
	metric.reporters = []
	metrics.num.samples = 2
	metrics.recording.level = INFO
	metrics.sample.window.ms = 30000
	partition.assignment.strategy = [class org.apache.kafka.clients.consumer.RangeAssignor, class org.apache.kafka.clients.consumer.CooperativeStickyAssignor]
	receive.buffer.bytes = 65536
	reconnect.backoff.max.ms = 1000
	reconnect.backoff.ms = 50
	request.timeout.ms = 30000
	retry.backoff.max.ms = 1000
	retry.backoff.ms = 100
	sasl.client.callback.handler.class = null
	sasl.jaas.config = null
	sasl.kerberos.kinit.cmd = /usr/bin/kinit
	sasl.kerberos.min.time.before.relogin = 60000
	sasl.kerberos.service.name = null
	sasl.kerberos.ticket.renew.jitter = 0.05
	sasl.kerberos.ticket.renew.window.factor = 0.8
	sasl.login.callback.handler.class = null
	sasl.login.class = null
	sasl.login.connect.timeout.ms = null
	sasl.login.read.timeout.ms = null
	sasl.login.refresh.buffer.seconds = 300
	sasl.login.refresh.min.period.seconds = 60
	sasl.login.refresh.window.factor = 0.8
	sasl.login.refresh.window.jitter = 0.05
	sasl.login.retry.backoff.max.ms = 10000
	sasl.login.retry.backoff.ms = 100
	sasl.mechanism = GSSAPI
	sasl.oauthbearer.clock.skew.seconds = 30
	sasl.oauthbearer.expected.audience = null
	sasl.oauthbearer.expected.issuer = null
	sasl.oauthbearer.jwks.endpoint.refresh.ms = 3600000
	sasl.oauthbearer.jwks.endpoint.retry.backoff.max.ms = 10000
	sasl.oauthbearer.jwks.endpoint.retry.backoff.ms = 100
	sasl.oauthbearer.jwks.endpoint.url = null
	sasl.oauthbearer.scope.claim.name = scope
	sasl.oauthbearer.sub.claim.name = sub
	sasl.oauthbearer.token.endpoint.url = null
	security.protocol = PLAINTEXT
	security.providers = null
	send.buffer.bytes = 131072
	session.timeout.ms = 45000
	socket.connection.setup.timeout.max.ms = 30000
	socket.connection.setup.timeout.ms = 10000
	ssl.cipher.suites = null
	ssl.enabled.protocols = [TLSv1.2, TLSv1.3]
	ssl.endpoint.identification.algorithm = https
	ssl.engine.factory.class = null
	ssl.key.password = null
	ssl.keymanager.algorithm = SunX509
	ssl.keystore.certificate.chain = null
	ssl.keystore.key = null
	ssl.keystore.location = null
	ssl.keystore.password = null
	ssl.keystore.type = JKS
	ssl.protocol = TLSv1.3
	ssl.provider = null
	ssl.secure.random.implementation = null
	ssl.trustmanager.algorithm = PKIX
	ssl.truststore.certificates = null
	ssl.truststore.location = null
	ssl.truststore.password = null
	ssl.truststore.type = JKS
	value.deserializer = class org.apache.kafka.common.serialization.StringDeserializer

2025-06-23T17:36:39.529-06:00  INFO 25632 --- [proyecto-access-1] [           main] o.a.k.c.t.i.KafkaMetricsCollector        : initializing Kafka metrics collector
2025-06-23T17:36:39.534-06:00  INFO 25632 --- [proyecto-access-1] [           main] o.a.kafka.common.utils.AppInfoParser     : Kafka version: 3.8.1
2025-06-23T17:36:39.534-06:00  INFO 25632 --- [proyecto-access-1] [           main] o.a.kafka.common.utils.AppInfoParser     : Kafka commitId: 70d6ff42debf7e17
2025-06-23T17:36:39.534-06:00  INFO 25632 --- [proyecto-access-1] [           main] o.a.kafka.common.utils.AppInfoParser     : Kafka startTimeMs: 1750721799534
2025-06-23T17:36:39.534-06:00  INFO 25632 --- [proyecto-access-1] [           main] o.a.k.c.c.internals.LegacyKafkaConsumer  : [Consumer clientId=consumer-materia-service-group-21, groupId=materia-service-group] Subscribed to topic(s): get-detenciones-folio
2025-06-23T17:36:39.536-06:00  INFO 25632 --- [proyecto-access-1] [           main] o.a.k.clients.consumer.ConsumerConfig    : ConsumerConfig values: 
	allow.auto.create.topics = true
	auto.commit.interval.ms = 5000
	auto.include.jmx.reporter = true
	auto.offset.reset = earliest
	bootstrap.servers = [localhost:9092]
	check.crcs = true
	client.dns.lookup = use_all_dns_ips
	client.id = consumer-materia-service-group-22
	client.rack = 
	connections.max.idle.ms = 540000
	default.api.timeout.ms = 60000
	enable.auto.commit = false
	enable.metrics.push = true
	exclude.internal.topics = true
	fetch.max.bytes = 52428800
	fetch.max.wait.ms = 500
	fetch.min.bytes = 1
	group.id = materia-service-group
	group.instance.id = null
	group.protocol = classic
	group.remote.assignor = null
	heartbeat.interval.ms = 3000
	interceptor.classes = []
	internal.leave.group.on.close = true
	internal.throw.on.fetch.stable.offset.unsupported = false
	isolation.level = read_uncommitted
	key.deserializer = class org.apache.kafka.common.serialization.StringDeserializer
	max.partition.fetch.bytes = 1048576
	max.poll.interval.ms = 300000
	max.poll.records = 500
	metadata.max.age.ms = 300000
	metadata.recovery.strategy = none
	metric.reporters = []
	metrics.num.samples = 2
	metrics.recording.level = INFO
	metrics.sample.window.ms = 30000
	partition.assignment.strategy = [class org.apache.kafka.clients.consumer.RangeAssignor, class org.apache.kafka.clients.consumer.CooperativeStickyAssignor]
	receive.buffer.bytes = 65536
	reconnect.backoff.max.ms = 1000
	reconnect.backoff.ms = 50
	request.timeout.ms = 30000
	retry.backoff.max.ms = 1000
	retry.backoff.ms = 100
	sasl.client.callback.handler.class = null
	sasl.jaas.config = null
	sasl.kerberos.kinit.cmd = /usr/bin/kinit
	sasl.kerberos.min.time.before.relogin = 60000
	sasl.kerberos.service.name = null
	sasl.kerberos.ticket.renew.jitter = 0.05
	sasl.kerberos.ticket.renew.window.factor = 0.8
	sasl.login.callback.handler.class = null
	sasl.login.class = null
	sasl.login.connect.timeout.ms = null
	sasl.login.read.timeout.ms = null
	sasl.login.refresh.buffer.seconds = 300
	sasl.login.refresh.min.period.seconds = 60
	sasl.login.refresh.window.factor = 0.8
	sasl.login.refresh.window.jitter = 0.05
	sasl.login.retry.backoff.max.ms = 10000
	sasl.login.retry.backoff.ms = 100
	sasl.mechanism = GSSAPI
	sasl.oauthbearer.clock.skew.seconds = 30
	sasl.oauthbearer.expected.audience = null
	sasl.oauthbearer.expected.issuer = null
	sasl.oauthbearer.jwks.endpoint.refresh.ms = 3600000
	sasl.oauthbearer.jwks.endpoint.retry.backoff.max.ms = 10000
	sasl.oauthbearer.jwks.endpoint.retry.backoff.ms = 100
	sasl.oauthbearer.jwks.endpoint.url = null
	sasl.oauthbearer.scope.claim.name = scope
	sasl.oauthbearer.sub.claim.name = sub
	sasl.oauthbearer.token.endpoint.url = null
	security.protocol = PLAINTEXT
	security.providers = null
	send.buffer.bytes = 131072
	session.timeout.ms = 45000
	socket.connection.setup.timeout.max.ms = 30000
	socket.connection.setup.timeout.ms = 10000
	ssl.cipher.suites = null
	ssl.enabled.protocols = [TLSv1.2, TLSv1.3]
	ssl.endpoint.identification.algorithm = https
	ssl.engine.factory.class = null
	ssl.key.password = null
	ssl.keymanager.algorithm = SunX509
	ssl.keystore.certificate.chain = null
	ssl.keystore.key = null
	ssl.keystore.location = null
	ssl.keystore.password = null
	ssl.keystore.type = JKS
	ssl.protocol = TLSv1.3
	ssl.provider = null
	ssl.secure.random.implementation = null
	ssl.trustmanager.algorithm = PKIX
	ssl.truststore.certificates = null
	ssl.truststore.location = null
	ssl.truststore.password = null
	ssl.truststore.type = JKS
	value.deserializer = class org.apache.kafka.common.serialization.StringDeserializer

2025-06-23T17:36:39.537-06:00  INFO 25632 --- [proyecto-access-1] [           main] o.a.k.c.t.i.KafkaMetricsCollector        : initializing Kafka metrics collector
2025-06-23T17:36:39.541-06:00  INFO 25632 --- [proyecto-access-1] [           main] o.a.kafka.common.utils.AppInfoParser     : Kafka version: 3.8.1
2025-06-23T17:36:39.541-06:00  INFO 25632 --- [proyecto-access-1] [           main] o.a.kafka.common.utils.AppInfoParser     : Kafka commitId: 70d6ff42debf7e17
2025-06-23T17:36:39.541-06:00  INFO 25632 --- [proyecto-access-1] [           main] o.a.kafka.common.utils.AppInfoParser     : Kafka startTimeMs: 1750721799541
2025-06-23T17:36:39.541-06:00  INFO 25632 --- [proyecto-access-1] [           main] o.a.k.c.c.internals.LegacyKafkaConsumer  : [Consumer clientId=consumer-materia-service-group-22, groupId=materia-service-group] Subscribed to topic(s): put-pausar-tiempo
2025-06-23T17:36:39.543-06:00  INFO 25632 --- [proyecto-access-1] [           main] o.a.k.clients.consumer.ConsumerConfig    : ConsumerConfig values: 
	allow.auto.create.topics = true
	auto.commit.interval.ms = 5000
	auto.include.jmx.reporter = true
	auto.offset.reset = earliest
	bootstrap.servers = [localhost:9092]
	check.crcs = true
	client.dns.lookup = use_all_dns_ips
	client.id = consumer-materia-service-group-23
	client.rack = 
	connections.max.idle.ms = 540000
	default.api.timeout.ms = 60000
	enable.auto.commit = false
	enable.metrics.push = true
	exclude.internal.topics = true
	fetch.max.bytes = 52428800
	fetch.max.wait.ms = 500
	fetch.min.bytes = 1
	group.id = materia-service-group
	group.instance.id = null
	group.protocol = classic
	group.remote.assignor = null
	heartbeat.interval.ms = 3000
	interceptor.classes = []
	internal.leave.group.on.close = true
	internal.throw.on.fetch.stable.offset.unsupported = false
	isolation.level = read_uncommitted
	key.deserializer = class org.apache.kafka.common.serialization.StringDeserializer
	max.partition.fetch.bytes = 1048576
	max.poll.interval.ms = 300000
	max.poll.records = 500
	metadata.max.age.ms = 300000
	metadata.recovery.strategy = none
	metric.reporters = []
	metrics.num.samples = 2
	metrics.recording.level = INFO
	metrics.sample.window.ms = 30000
	partition.assignment.strategy = [class org.apache.kafka.clients.consumer.RangeAssignor, class org.apache.kafka.clients.consumer.CooperativeStickyAssignor]
	receive.buffer.bytes = 65536
	reconnect.backoff.max.ms = 1000
	reconnect.backoff.ms = 50
	request.timeout.ms = 30000
	retry.backoff.max.ms = 1000
	retry.backoff.ms = 100
	sasl.client.callback.handler.class = null
	sasl.jaas.config = null
	sasl.kerberos.kinit.cmd = /usr/bin/kinit
	sasl.kerberos.min.time.before.relogin = 60000
	sasl.kerberos.service.name = null
	sasl.kerberos.ticket.renew.jitter = 0.05
	sasl.kerberos.ticket.renew.window.factor = 0.8
	sasl.login.callback.handler.class = null
	sasl.login.class = null
	sasl.login.connect.timeout.ms = null
	sasl.login.read.timeout.ms = null
	sasl.login.refresh.buffer.seconds = 300
	sasl.login.refresh.min.period.seconds = 60
	sasl.login.refresh.window.factor = 0.8
	sasl.login.refresh.window.jitter = 0.05
	sasl.login.retry.backoff.max.ms = 10000
	sasl.login.retry.backoff.ms = 100
	sasl.mechanism = GSSAPI
	sasl.oauthbearer.clock.skew.seconds = 30
	sasl.oauthbearer.expected.audience = null
	sasl.oauthbearer.expected.issuer = null
	sasl.oauthbearer.jwks.endpoint.refresh.ms = 3600000
	sasl.oauthbearer.jwks.endpoint.retry.backoff.max.ms = 10000
	sasl.oauthbearer.jwks.endpoint.retry.backoff.ms = 100
	sasl.oauthbearer.jwks.endpoint.url = null
	sasl.oauthbearer.scope.claim.name = scope
	sasl.oauthbearer.sub.claim.name = sub
	sasl.oauthbearer.token.endpoint.url = null
	security.protocol = PLAINTEXT
	security.providers = null
	send.buffer.bytes = 131072
	session.timeout.ms = 45000
	socket.connection.setup.timeout.max.ms = 30000
	socket.connection.setup.timeout.ms = 10000
	ssl.cipher.suites = null
	ssl.enabled.protocols = [TLSv1.2, TLSv1.3]
	ssl.endpoint.identification.algorithm = https
	ssl.engine.factory.class = null
	ssl.key.password = null
	ssl.keymanager.algorithm = SunX509
	ssl.keystore.certificate.chain = null
	ssl.keystore.key = null
	ssl.keystore.location = null
	ssl.keystore.password = null
	ssl.keystore.type = JKS
	ssl.protocol = TLSv1.3
	ssl.provider = null
	ssl.secure.random.implementation = null
	ssl.trustmanager.algorithm = PKIX
	ssl.truststore.certificates = null
	ssl.truststore.location = null
	ssl.truststore.password = null
	ssl.truststore.type = JKS
	value.deserializer = class org.apache.kafka.common.serialization.StringDeserializer

2025-06-23T17:36:39.544-06:00  INFO 25632 --- [proyecto-access-1] [           main] o.a.k.c.t.i.KafkaMetricsCollector        : initializing Kafka metrics collector
2025-06-23T17:36:39.547-06:00  INFO 25632 --- [proyecto-access-1] [           main] o.a.kafka.common.utils.AppInfoParser     : Kafka version: 3.8.1
2025-06-23T17:36:39.547-06:00  INFO 25632 --- [proyecto-access-1] [           main] o.a.kafka.common.utils.AppInfoParser     : Kafka commitId: 70d6ff42debf7e17
2025-06-23T17:36:39.547-06:00  INFO 25632 --- [proyecto-access-1] [           main] o.a.kafka.common.utils.AppInfoParser     : Kafka startTimeMs: 1750721799547
2025-06-23T17:36:39.547-06:00  INFO 25632 --- [proyecto-access-1] [           main] o.a.k.c.c.internals.LegacyKafkaConsumer  : [Consumer clientId=consumer-materia-service-group-23, groupId=materia-service-group] Subscribed to topic(s): put-reiniciar-tiempo
2025-06-23T17:36:39.550-06:00  INFO 25632 --- [proyecto-access-1] [           main] o.a.k.clients.consumer.ConsumerConfig    : ConsumerConfig values: 
	allow.auto.create.topics = true
	auto.commit.interval.ms = 5000
	auto.include.jmx.reporter = true
	auto.offset.reset = earliest
	bootstrap.servers = [localhost:9092]
	check.crcs = true
	client.dns.lookup = use_all_dns_ips
	client.id = consumer-materia-service-group-24
	client.rack = 
	connections.max.idle.ms = 540000
	default.api.timeout.ms = 60000
	enable.auto.commit = false
	enable.metrics.push = true
	exclude.internal.topics = true
	fetch.max.bytes = 52428800
	fetch.max.wait.ms = 500
	fetch.min.bytes = 1
	group.id = materia-service-group
	group.instance.id = null
	group.protocol = classic
	group.remote.assignor = null
	heartbeat.interval.ms = 3000
	interceptor.classes = []
	internal.leave.group.on.close = true
	internal.throw.on.fetch.stable.offset.unsupported = false
	isolation.level = read_uncommitted
	key.deserializer = class org.apache.kafka.common.serialization.StringDeserializer
	max.partition.fetch.bytes = 1048576
	max.poll.interval.ms = 300000
	max.poll.records = 500
	metadata.max.age.ms = 300000
	metadata.recovery.strategy = none
	metric.reporters = []
	metrics.num.samples = 2
	metrics.recording.level = INFO
	metrics.sample.window.ms = 30000
	partition.assignment.strategy = [class org.apache.kafka.clients.consumer.RangeAssignor, class org.apache.kafka.clients.consumer.CooperativeStickyAssignor]
	receive.buffer.bytes = 65536
	reconnect.backoff.max.ms = 1000
	reconnect.backoff.ms = 50
	request.timeout.ms = 30000
	retry.backoff.max.ms = 1000
	retry.backoff.ms = 100
	sasl.client.callback.handler.class = null
	sasl.jaas.config = null
	sasl.kerberos.kinit.cmd = /usr/bin/kinit
	sasl.kerberos.min.time.before.relogin = 60000
	sasl.kerberos.service.name = null
	sasl.kerberos.ticket.renew.jitter = 0.05
	sasl.kerberos.ticket.renew.window.factor = 0.8
	sasl.login.callback.handler.class = null
	sasl.login.class = null
	sasl.login.connect.timeout.ms = null
	sasl.login.read.timeout.ms = null
	sasl.login.refresh.buffer.seconds = 300
	sasl.login.refresh.min.period.seconds = 60
	sasl.login.refresh.window.factor = 0.8
	sasl.login.refresh.window.jitter = 0.05
	sasl.login.retry.backoff.max.ms = 10000
	sasl.login.retry.backoff.ms = 100
	sasl.mechanism = GSSAPI
	sasl.oauthbearer.clock.skew.seconds = 30
	sasl.oauthbearer.expected.audience = null
	sasl.oauthbearer.expected.issuer = null
	sasl.oauthbearer.jwks.endpoint.refresh.ms = 3600000
	sasl.oauthbearer.jwks.endpoint.retry.backoff.max.ms = 10000
	sasl.oauthbearer.jwks.endpoint.retry.backoff.ms = 100
	sasl.oauthbearer.jwks.endpoint.url = null
	sasl.oauthbearer.scope.claim.name = scope
	sasl.oauthbearer.sub.claim.name = sub
	sasl.oauthbearer.token.endpoint.url = null
	security.protocol = PLAINTEXT
	security.providers = null
	send.buffer.bytes = 131072
	session.timeout.ms = 45000
	socket.connection.setup.timeout.max.ms = 30000
	socket.connection.setup.timeout.ms = 10000
	ssl.cipher.suites = null
	ssl.enabled.protocols = [TLSv1.2, TLSv1.3]
	ssl.endpoint.identification.algorithm = https
	ssl.engine.factory.class = null
	ssl.key.password = null
	ssl.keymanager.algorithm = SunX509
	ssl.keystore.certificate.chain = null
	ssl.keystore.key = null
	ssl.keystore.location = null
	ssl.keystore.password = null
	ssl.keystore.type = JKS
	ssl.protocol = TLSv1.3
	ssl.provider = null
	ssl.secure.random.implementation = null
	ssl.trustmanager.algorithm = PKIX
	ssl.truststore.certificates = null
	ssl.truststore.location = null
	ssl.truststore.password = null
	ssl.truststore.type = JKS
	value.deserializer = class org.apache.kafka.common.serialization.StringDeserializer

2025-06-23T17:36:39.551-06:00  INFO 25632 --- [proyecto-access-1] [           main] o.a.k.c.t.i.KafkaMetricsCollector        : initializing Kafka metrics collector
2025-06-23T17:36:39.555-06:00  INFO 25632 --- [proyecto-access-1] [           main] o.a.kafka.common.utils.AppInfoParser     : Kafka version: 3.8.1
2025-06-23T17:36:39.556-06:00  INFO 25632 --- [proyecto-access-1] [           main] o.a.kafka.common.utils.AppInfoParser     : Kafka commitId: 70d6ff42debf7e17
2025-06-23T17:36:39.556-06:00  INFO 25632 --- [proyecto-access-1] [           main] o.a.kafka.common.utils.AppInfoParser     : Kafka startTimeMs: 1750721799555
2025-06-23T17:36:39.556-06:00  INFO 25632 --- [proyecto-access-1] [           main] o.a.k.c.c.internals.LegacyKafkaConsumer  : [Consumer clientId=consumer-materia-service-group-24, groupId=materia-service-group] Subscribed to topic(s): get-tiempos-folio
2025-06-23T17:36:39.559-06:00  INFO 25632 --- [proyecto-access-1] [           main] o.a.k.clients.consumer.ConsumerConfig    : ConsumerConfig values: 
	allow.auto.create.topics = true
	auto.commit.interval.ms = 5000
	auto.include.jmx.reporter = true
	auto.offset.reset = earliest
	bootstrap.servers = [localhost:9092]
	check.crcs = true
	client.dns.lookup = use_all_dns_ips
	client.id = consumer-materia-service-group-25
	client.rack = 
	connections.max.idle.ms = 540000
	default.api.timeout.ms = 60000
	enable.auto.commit = false
	enable.metrics.push = true
	exclude.internal.topics = true
	fetch.max.bytes = 52428800
	fetch.max.wait.ms = 500
	fetch.min.bytes = 1
	group.id = materia-service-group
	group.instance.id = null
	group.protocol = classic
	group.remote.assignor = null
	heartbeat.interval.ms = 3000
	interceptor.classes = []
	internal.leave.group.on.close = true
	internal.throw.on.fetch.stable.offset.unsupported = false
	isolation.level = read_uncommitted
	key.deserializer = class org.apache.kafka.common.serialization.StringDeserializer
	max.partition.fetch.bytes = 1048576
	max.poll.interval.ms = 300000
	max.poll.records = 500
	metadata.max.age.ms = 300000
	metadata.recovery.strategy = none
	metric.reporters = []
	metrics.num.samples = 2
	metrics.recording.level = INFO
	metrics.sample.window.ms = 30000
	partition.assignment.strategy = [class org.apache.kafka.clients.consumer.RangeAssignor, class org.apache.kafka.clients.consumer.CooperativeStickyAssignor]
	receive.buffer.bytes = 65536
	reconnect.backoff.max.ms = 1000
	reconnect.backoff.ms = 50
	request.timeout.ms = 30000
	retry.backoff.max.ms = 1000
	retry.backoff.ms = 100
	sasl.client.callback.handler.class = null
	sasl.jaas.config = null
	sasl.kerberos.kinit.cmd = /usr/bin/kinit
	sasl.kerberos.min.time.before.relogin = 60000
	sasl.kerberos.service.name = null
	sasl.kerberos.ticket.renew.jitter = 0.05
	sasl.kerberos.ticket.renew.window.factor = 0.8
	sasl.login.callback.handler.class = null
	sasl.login.class = null
	sasl.login.connect.timeout.ms = null
	sasl.login.read.timeout.ms = null
	sasl.login.refresh.buffer.seconds = 300
	sasl.login.refresh.min.period.seconds = 60
	sasl.login.refresh.window.factor = 0.8
	sasl.login.refresh.window.jitter = 0.05
	sasl.login.retry.backoff.max.ms = 10000
	sasl.login.retry.backoff.ms = 100
	sasl.mechanism = GSSAPI
	sasl.oauthbearer.clock.skew.seconds = 30
	sasl.oauthbearer.expected.audience = null
	sasl.oauthbearer.expected.issuer = null
	sasl.oauthbearer.jwks.endpoint.refresh.ms = 3600000
	sasl.oauthbearer.jwks.endpoint.retry.backoff.max.ms = 10000
	sasl.oauthbearer.jwks.endpoint.retry.backoff.ms = 100
	sasl.oauthbearer.jwks.endpoint.url = null
	sasl.oauthbearer.scope.claim.name = scope
	sasl.oauthbearer.sub.claim.name = sub
	sasl.oauthbearer.token.endpoint.url = null
	security.protocol = PLAINTEXT
	security.providers = null
	send.buffer.bytes = 131072
	session.timeout.ms = 45000
	socket.connection.setup.timeout.max.ms = 30000
	socket.connection.setup.timeout.ms = 10000
	ssl.cipher.suites = null
	ssl.enabled.protocols = [TLSv1.2, TLSv1.3]
	ssl.endpoint.identification.algorithm = https
	ssl.engine.factory.class = null
	ssl.key.password = null
	ssl.keymanager.algorithm = SunX509
	ssl.keystore.certificate.chain = null
	ssl.keystore.key = null
	ssl.keystore.location = null
	ssl.keystore.password = null
	ssl.keystore.type = JKS
	ssl.protocol = TLSv1.3
	ssl.provider = null
	ssl.secure.random.implementation = null
	ssl.trustmanager.algorithm = PKIX
	ssl.truststore.certificates = null
	ssl.truststore.location = null
	ssl.truststore.password = null
	ssl.truststore.type = JKS
	value.deserializer = class org.apache.kafka.common.serialization.StringDeserializer

2025-06-23T17:36:39.559-06:00  INFO 25632 --- [proyecto-access-1] [           main] o.a.k.c.t.i.KafkaMetricsCollector        : initializing Kafka metrics collector
2025-06-23T17:36:39.564-06:00  INFO 25632 --- [proyecto-access-1] [           main] o.a.kafka.common.utils.AppInfoParser     : Kafka version: 3.8.1
2025-06-23T17:36:39.564-06:00  INFO 25632 --- [proyecto-access-1] [           main] o.a.kafka.common.utils.AppInfoParser     : Kafka commitId: 70d6ff42debf7e17
2025-06-23T17:36:39.564-06:00  INFO 25632 --- [proyecto-access-1] [           main] o.a.kafka.common.utils.AppInfoParser     : Kafka startTimeMs: 1750721799564
2025-06-23T17:36:39.564-06:00  INFO 25632 --- [proyecto-access-1] [           main] o.a.k.c.c.internals.LegacyKafkaConsumer  : [Consumer clientId=consumer-materia-service-group-25, groupId=materia-service-group] Subscribed to topic(s): post-materia-crear
2025-06-23T17:36:39.565-06:00  INFO 25632 --- [proyecto-access-1] [           main] o.a.k.clients.consumer.ConsumerConfig    : ConsumerConfig values: 
	allow.auto.create.topics = true
	auto.commit.interval.ms = 5000
	auto.include.jmx.reporter = true
	auto.offset.reset = earliest
	bootstrap.servers = [localhost:9092]
	check.crcs = true
	client.dns.lookup = use_all_dns_ips
	client.id = consumer-materia-service-group-26
	client.rack = 
	connections.max.idle.ms = 540000
	default.api.timeout.ms = 60000
	enable.auto.commit = false
	enable.metrics.push = true
	exclude.internal.topics = true
	fetch.max.bytes = 52428800
	fetch.max.wait.ms = 500
	fetch.min.bytes = 1
	group.id = materia-service-group
	group.instance.id = null
	group.protocol = classic
	group.remote.assignor = null
	heartbeat.interval.ms = 3000
	interceptor.classes = []
	internal.leave.group.on.close = true
	internal.throw.on.fetch.stable.offset.unsupported = false
	isolation.level = read_uncommitted
	key.deserializer = class org.apache.kafka.common.serialization.StringDeserializer
	max.partition.fetch.bytes = 1048576
	max.poll.interval.ms = 300000
	max.poll.records = 500
	metadata.max.age.ms = 300000
	metadata.recovery.strategy = none
	metric.reporters = []
	metrics.num.samples = 2
	metrics.recording.level = INFO
	metrics.sample.window.ms = 30000
	partition.assignment.strategy = [class org.apache.kafka.clients.consumer.RangeAssignor, class org.apache.kafka.clients.consumer.CooperativeStickyAssignor]
	receive.buffer.bytes = 65536
	reconnect.backoff.max.ms = 1000
	reconnect.backoff.ms = 50
	request.timeout.ms = 30000
	retry.backoff.max.ms = 1000
	retry.backoff.ms = 100
	sasl.client.callback.handler.class = null
	sasl.jaas.config = null
	sasl.kerberos.kinit.cmd = /usr/bin/kinit
	sasl.kerberos.min.time.before.relogin = 60000
	sasl.kerberos.service.name = null
	sasl.kerberos.ticket.renew.jitter = 0.05
	sasl.kerberos.ticket.renew.window.factor = 0.8
	sasl.login.callback.handler.class = null
	sasl.login.class = null
	sasl.login.connect.timeout.ms = null
	sasl.login.read.timeout.ms = null
	sasl.login.refresh.buffer.seconds = 300
	sasl.login.refresh.min.period.seconds = 60
	sasl.login.refresh.window.factor = 0.8
	sasl.login.refresh.window.jitter = 0.05
	sasl.login.retry.backoff.max.ms = 10000
	sasl.login.retry.backoff.ms = 100
	sasl.mechanism = GSSAPI
	sasl.oauthbearer.clock.skew.seconds = 30
	sasl.oauthbearer.expected.audience = null
	sasl.oauthbearer.expected.issuer = null
	sasl.oauthbearer.jwks.endpoint.refresh.ms = 3600000
	sasl.oauthbearer.jwks.endpoint.retry.backoff.max.ms = 10000
	sasl.oauthbearer.jwks.endpoint.retry.backoff.ms = 100
	sasl.oauthbearer.jwks.endpoint.url = null
	sasl.oauthbearer.scope.claim.name = scope
	sasl.oauthbearer.sub.claim.name = sub
	sasl.oauthbearer.token.endpoint.url = null
	security.protocol = PLAINTEXT
	security.providers = null
	send.buffer.bytes = 131072
	session.timeout.ms = 45000
	socket.connection.setup.timeout.max.ms = 30000
	socket.connection.setup.timeout.ms = 10000
	ssl.cipher.suites = null
	ssl.enabled.protocols = [TLSv1.2, TLSv1.3]
	ssl.endpoint.identification.algorithm = https
	ssl.engine.factory.class = null
	ssl.key.password = null
	ssl.keymanager.algorithm = SunX509
	ssl.keystore.certificate.chain = null
	ssl.keystore.key = null
	ssl.keystore.location = null
	ssl.keystore.password = null
	ssl.keystore.type = JKS
	ssl.protocol = TLSv1.3
	ssl.provider = null
	ssl.secure.random.implementation = null
	ssl.trustmanager.algorithm = PKIX
	ssl.truststore.certificates = null
	ssl.truststore.location = null
	ssl.truststore.password = null
	ssl.truststore.type = JKS
	value.deserializer = class org.apache.kafka.common.serialization.StringDeserializer

2025-06-23T17:36:39.565-06:00  INFO 25632 --- [proyecto-access-1] [           main] o.a.k.c.t.i.KafkaMetricsCollector        : initializing Kafka metrics collector
2025-06-23T17:36:39.570-06:00  INFO 25632 --- [proyecto-access-1] [           main] o.a.kafka.common.utils.AppInfoParser     : Kafka version: 3.8.1
2025-06-23T17:36:39.570-06:00  INFO 25632 --- [proyecto-access-1] [           main] o.a.kafka.common.utils.AppInfoParser     : Kafka commitId: 70d6ff42debf7e17
2025-06-23T17:36:39.570-06:00  INFO 25632 --- [proyecto-access-1] [           main] o.a.kafka.common.utils.AppInfoParser     : Kafka startTimeMs: 1750721799570
2025-06-23T17:36:39.570-06:00  INFO 25632 --- [proyecto-access-1] [           main] o.a.k.c.c.internals.LegacyKafkaConsumer  : [Consumer clientId=consumer-materia-service-group-26, groupId=materia-service-group] Subscribed to topic(s): get-materia-codigo
2025-06-23T17:36:39.571-06:00  INFO 25632 --- [proyecto-access-1] [           main] o.a.k.clients.consumer.ConsumerConfig    : ConsumerConfig values: 
	allow.auto.create.topics = true
	auto.commit.interval.ms = 5000
	auto.include.jmx.reporter = true
	auto.offset.reset = earliest
	bootstrap.servers = [localhost:9092]
	check.crcs = true
	client.dns.lookup = use_all_dns_ips
	client.id = consumer-materia-service-group-27
	client.rack = 
	connections.max.idle.ms = 540000
	default.api.timeout.ms = 60000
	enable.auto.commit = false
	enable.metrics.push = true
	exclude.internal.topics = true
	fetch.max.bytes = 52428800
	fetch.max.wait.ms = 500
	fetch.min.bytes = 1
	group.id = materia-service-group
	group.instance.id = null
	group.protocol = classic
	group.remote.assignor = null
	heartbeat.interval.ms = 3000
	interceptor.classes = []
	internal.leave.group.on.close = true
	internal.throw.on.fetch.stable.offset.unsupported = false
	isolation.level = read_uncommitted
	key.deserializer = class org.apache.kafka.common.serialization.StringDeserializer
	max.partition.fetch.bytes = 1048576
	max.poll.interval.ms = 300000
	max.poll.records = 500
	metadata.max.age.ms = 300000
	metadata.recovery.strategy = none
	metric.reporters = []
	metrics.num.samples = 2
	metrics.recording.level = INFO
	metrics.sample.window.ms = 30000
	partition.assignment.strategy = [class org.apache.kafka.clients.consumer.RangeAssignor, class org.apache.kafka.clients.consumer.CooperativeStickyAssignor]
	receive.buffer.bytes = 65536
	reconnect.backoff.max.ms = 1000
	reconnect.backoff.ms = 50
	request.timeout.ms = 30000
	retry.backoff.max.ms = 1000
	retry.backoff.ms = 100
	sasl.client.callback.handler.class = null
	sasl.jaas.config = null
	sasl.kerberos.kinit.cmd = /usr/bin/kinit
	sasl.kerberos.min.time.before.relogin = 60000
	sasl.kerberos.service.name = null
	sasl.kerberos.ticket.renew.jitter = 0.05
	sasl.kerberos.ticket.renew.window.factor = 0.8
	sasl.login.callback.handler.class = null
	sasl.login.class = null
	sasl.login.connect.timeout.ms = null
	sasl.login.read.timeout.ms = null
	sasl.login.refresh.buffer.seconds = 300
	sasl.login.refresh.min.period.seconds = 60
	sasl.login.refresh.window.factor = 0.8
	sasl.login.refresh.window.jitter = 0.05
	sasl.login.retry.backoff.max.ms = 10000
	sasl.login.retry.backoff.ms = 100
	sasl.mechanism = GSSAPI
	sasl.oauthbearer.clock.skew.seconds = 30
	sasl.oauthbearer.expected.audience = null
	sasl.oauthbearer.expected.issuer = null
	sasl.oauthbearer.jwks.endpoint.refresh.ms = 3600000
	sasl.oauthbearer.jwks.endpoint.retry.backoff.max.ms = 10000
	sasl.oauthbearer.jwks.endpoint.retry.backoff.ms = 100
	sasl.oauthbearer.jwks.endpoint.url = null
	sasl.oauthbearer.scope.claim.name = scope
	sasl.oauthbearer.sub.claim.name = sub
	sasl.oauthbearer.token.endpoint.url = null
	security.protocol = PLAINTEXT
	security.providers = null
	send.buffer.bytes = 131072
	session.timeout.ms = 45000
	socket.connection.setup.timeout.max.ms = 30000
	socket.connection.setup.timeout.ms = 10000
	ssl.cipher.suites = null
	ssl.enabled.protocols = [TLSv1.2, TLSv1.3]
	ssl.endpoint.identification.algorithm = https
	ssl.engine.factory.class = null
	ssl.key.password = null
	ssl.keymanager.algorithm = SunX509
	ssl.keystore.certificate.chain = null
	ssl.keystore.key = null
	ssl.keystore.location = null
	ssl.keystore.password = null
	ssl.keystore.type = JKS
	ssl.protocol = TLSv1.3
	ssl.provider = null
	ssl.secure.random.implementation = null
	ssl.trustmanager.algorithm = PKIX
	ssl.truststore.certificates = null
	ssl.truststore.location = null
	ssl.truststore.password = null
	ssl.truststore.type = JKS
	value.deserializer = class org.apache.kafka.common.serialization.StringDeserializer

2025-06-23T17:36:39.572-06:00  INFO 25632 --- [proyecto-access-1] [           main] o.a.k.c.t.i.KafkaMetricsCollector        : initializing Kafka metrics collector
2025-06-23T17:36:39.575-06:00  INFO 25632 --- [proyecto-access-1] [           main] o.a.kafka.common.utils.AppInfoParser     : Kafka version: 3.8.1
2025-06-23T17:36:39.575-06:00  INFO 25632 --- [proyecto-access-1] [           main] o.a.kafka.common.utils.AppInfoParser     : Kafka commitId: 70d6ff42debf7e17
2025-06-23T17:36:39.575-06:00  INFO 25632 --- [proyecto-access-1] [           main] o.a.kafka.common.utils.AppInfoParser     : Kafka startTimeMs: 1750721799575
2025-06-23T17:36:39.575-06:00  INFO 25632 --- [proyecto-access-1] [           main] o.a.k.c.c.internals.LegacyKafkaConsumer  : [Consumer clientId=consumer-materia-service-group-27, groupId=materia-service-group] Subscribed to topic(s): get-prodXcolor-listado
2025-06-23T17:36:39.578-06:00  INFO 25632 --- [proyecto-access-1] [           main] o.a.k.clients.consumer.ConsumerConfig    : ConsumerConfig values: 
	allow.auto.create.topics = true
	auto.commit.interval.ms = 5000
	auto.include.jmx.reporter = true
	auto.offset.reset = earliest
	bootstrap.servers = [localhost:9092]
	check.crcs = true
	client.dns.lookup = use_all_dns_ips
	client.id = consumer-materia-service-group-28
	client.rack = 
	connections.max.idle.ms = 540000
	default.api.timeout.ms = 60000
	enable.auto.commit = false
	enable.metrics.push = true
	exclude.internal.topics = true
	fetch.max.bytes = 52428800
	fetch.max.wait.ms = 500
	fetch.min.bytes = 1
	group.id = materia-service-group
	group.instance.id = null
	group.protocol = classic
	group.remote.assignor = null
	heartbeat.interval.ms = 3000
	interceptor.classes = []
	internal.leave.group.on.close = true
	internal.throw.on.fetch.stable.offset.unsupported = false
	isolation.level = read_uncommitted
	key.deserializer = class org.apache.kafka.common.serialization.StringDeserializer
	max.partition.fetch.bytes = 1048576
	max.poll.interval.ms = 300000
	max.poll.records = 500
	metadata.max.age.ms = 300000
	metadata.recovery.strategy = none
	metric.reporters = []
	metrics.num.samples = 2
	metrics.recording.level = INFO
	metrics.sample.window.ms = 30000
	partition.assignment.strategy = [class org.apache.kafka.clients.consumer.RangeAssignor, class org.apache.kafka.clients.consumer.CooperativeStickyAssignor]
	receive.buffer.bytes = 65536
	reconnect.backoff.max.ms = 1000
	reconnect.backoff.ms = 50
	request.timeout.ms = 30000
	retry.backoff.max.ms = 1000
	retry.backoff.ms = 100
	sasl.client.callback.handler.class = null
	sasl.jaas.config = null
	sasl.kerberos.kinit.cmd = /usr/bin/kinit
	sasl.kerberos.min.time.before.relogin = 60000
	sasl.kerberos.service.name = null
	sasl.kerberos.ticket.renew.jitter = 0.05
	sasl.kerberos.ticket.renew.window.factor = 0.8
	sasl.login.callback.handler.class = null
	sasl.login.class = null
	sasl.login.connect.timeout.ms = null
	sasl.login.read.timeout.ms = null
	sasl.login.refresh.buffer.seconds = 300
	sasl.login.refresh.min.period.seconds = 60
	sasl.login.refresh.window.factor = 0.8
	sasl.login.refresh.window.jitter = 0.05
	sasl.login.retry.backoff.max.ms = 10000
	sasl.login.retry.backoff.ms = 100
	sasl.mechanism = GSSAPI
	sasl.oauthbearer.clock.skew.seconds = 30
	sasl.oauthbearer.expected.audience = null
	sasl.oauthbearer.expected.issuer = null
	sasl.oauthbearer.jwks.endpoint.refresh.ms = 3600000
	sasl.oauthbearer.jwks.endpoint.retry.backoff.max.ms = 10000
	sasl.oauthbearer.jwks.endpoint.retry.backoff.ms = 100
	sasl.oauthbearer.jwks.endpoint.url = null
	sasl.oauthbearer.scope.claim.name = scope
	sasl.oauthbearer.sub.claim.name = sub
	sasl.oauthbearer.token.endpoint.url = null
	security.protocol = PLAINTEXT
	security.providers = null
	send.buffer.bytes = 131072
	session.timeout.ms = 45000
	socket.connection.setup.timeout.max.ms = 30000
	socket.connection.setup.timeout.ms = 10000
	ssl.cipher.suites = null
	ssl.enabled.protocols = [TLSv1.2, TLSv1.3]
	ssl.endpoint.identification.algorithm = https
	ssl.engine.factory.class = null
	ssl.key.password = null
	ssl.keymanager.algorithm = SunX509
	ssl.keystore.certificate.chain = null
	ssl.keystore.key = null
	ssl.keystore.location = null
	ssl.keystore.password = null
	ssl.keystore.type = JKS
	ssl.protocol = TLSv1.3
	ssl.provider = null
	ssl.secure.random.implementation = null
	ssl.trustmanager.algorithm = PKIX
	ssl.truststore.certificates = null
	ssl.truststore.location = null
	ssl.truststore.password = null
	ssl.truststore.type = JKS
	value.deserializer = class org.apache.kafka.common.serialization.StringDeserializer

2025-06-23T17:36:39.578-06:00  INFO 25632 --- [proyecto-access-1] [           main] o.a.k.c.t.i.KafkaMetricsCollector        : initializing Kafka metrics collector
2025-06-23T17:36:39.583-06:00  INFO 25632 --- [proyecto-access-1] [           main] o.a.kafka.common.utils.AppInfoParser     : Kafka version: 3.8.1
2025-06-23T17:36:39.583-06:00  INFO 25632 --- [proyecto-access-1] [           main] o.a.kafka.common.utils.AppInfoParser     : Kafka commitId: 70d6ff42debf7e17
2025-06-23T17:36:39.583-06:00  INFO 25632 --- [proyecto-access-1] [           main] o.a.kafka.common.utils.AppInfoParser     : Kafka startTimeMs: 1750721799583
2025-06-23T17:36:39.583-06:00  INFO 25632 --- [proyecto-access-1] [           main] o.a.k.c.c.internals.LegacyKafkaConsumer  : [Consumer clientId=consumer-materia-service-group-28, groupId=materia-service-group] Subscribed to topic(s): put-materia-update
2025-06-23T17:36:39.585-06:00  INFO 25632 --- [proyecto-access-1] [           main] o.a.k.clients.consumer.ConsumerConfig    : ConsumerConfig values: 
	allow.auto.create.topics = true
	auto.commit.interval.ms = 5000
	auto.include.jmx.reporter = true
	auto.offset.reset = earliest
	bootstrap.servers = [localhost:9092]
	check.crcs = true
	client.dns.lookup = use_all_dns_ips
	client.id = consumer-materia-service-group-29
	client.rack = 
	connections.max.idle.ms = 540000
	default.api.timeout.ms = 60000
	enable.auto.commit = false
	enable.metrics.push = true
	exclude.internal.topics = true
	fetch.max.bytes = 52428800
	fetch.max.wait.ms = 500
	fetch.min.bytes = 1
	group.id = materia-service-group
	group.instance.id = null
	group.protocol = classic
	group.remote.assignor = null
	heartbeat.interval.ms = 3000
	interceptor.classes = []
	internal.leave.group.on.close = true
	internal.throw.on.fetch.stable.offset.unsupported = false
	isolation.level = read_uncommitted
	key.deserializer = class org.apache.kafka.common.serialization.StringDeserializer
	max.partition.fetch.bytes = 1048576
	max.poll.interval.ms = 300000
	max.poll.records = 500
	metadata.max.age.ms = 300000
	metadata.recovery.strategy = none
	metric.reporters = []
	metrics.num.samples = 2
	metrics.recording.level = INFO
	metrics.sample.window.ms = 30000
	partition.assignment.strategy = [class org.apache.kafka.clients.consumer.RangeAssignor, class org.apache.kafka.clients.consumer.CooperativeStickyAssignor]
	receive.buffer.bytes = 65536
	reconnect.backoff.max.ms = 1000
	reconnect.backoff.ms = 50
	request.timeout.ms = 30000
	retry.backoff.max.ms = 1000
	retry.backoff.ms = 100
	sasl.client.callback.handler.class = null
	sasl.jaas.config = null
	sasl.kerberos.kinit.cmd = /usr/bin/kinit
	sasl.kerberos.min.time.before.relogin = 60000
	sasl.kerberos.service.name = null
	sasl.kerberos.ticket.renew.jitter = 0.05
	sasl.kerberos.ticket.renew.window.factor = 0.8
	sasl.login.callback.handler.class = null
	sasl.login.class = null
	sasl.login.connect.timeout.ms = null
	sasl.login.read.timeout.ms = null
	sasl.login.refresh.buffer.seconds = 300
	sasl.login.refresh.min.period.seconds = 60
	sasl.login.refresh.window.factor = 0.8
	sasl.login.refresh.window.jitter = 0.05
	sasl.login.retry.backoff.max.ms = 10000
	sasl.login.retry.backoff.ms = 100
	sasl.mechanism = GSSAPI
	sasl.oauthbearer.clock.skew.seconds = 30
	sasl.oauthbearer.expected.audience = null
	sasl.oauthbearer.expected.issuer = null
	sasl.oauthbearer.jwks.endpoint.refresh.ms = 3600000
	sasl.oauthbearer.jwks.endpoint.retry.backoff.max.ms = 10000
	sasl.oauthbearer.jwks.endpoint.retry.backoff.ms = 100
	sasl.oauthbearer.jwks.endpoint.url = null
	sasl.oauthbearer.scope.claim.name = scope
	sasl.oauthbearer.sub.claim.name = sub
	sasl.oauthbearer.token.endpoint.url = null
	security.protocol = PLAINTEXT
	security.providers = null
	send.buffer.bytes = 131072
	session.timeout.ms = 45000
	socket.connection.setup.timeout.max.ms = 30000
	socket.connection.setup.timeout.ms = 10000
	ssl.cipher.suites = null
	ssl.enabled.protocols = [TLSv1.2, TLSv1.3]
	ssl.endpoint.identification.algorithm = https
	ssl.engine.factory.class = null
	ssl.key.password = null
	ssl.keymanager.algorithm = SunX509
	ssl.keystore.certificate.chain = null
	ssl.keystore.key = null
	ssl.keystore.location = null
	ssl.keystore.password = null
	ssl.keystore.type = JKS
	ssl.protocol = TLSv1.3
	ssl.provider = null
	ssl.secure.random.implementation = null
	ssl.trustmanager.algorithm = PKIX
	ssl.truststore.certificates = null
	ssl.truststore.location = null
	ssl.truststore.password = null
	ssl.truststore.type = JKS
	value.deserializer = class org.apache.kafka.common.serialization.StringDeserializer

2025-06-23T17:36:39.585-06:00  INFO 25632 --- [proyecto-access-1] [           main] o.a.k.c.t.i.KafkaMetricsCollector        : initializing Kafka metrics collector
2025-06-23T17:36:39.590-06:00  INFO 25632 --- [proyecto-access-1] [           main] o.a.kafka.common.utils.AppInfoParser     : Kafka version: 3.8.1
2025-06-23T17:36:39.590-06:00  INFO 25632 --- [proyecto-access-1] [           main] o.a.kafka.common.utils.AppInfoParser     : Kafka commitId: 70d6ff42debf7e17
2025-06-23T17:36:39.590-06:00  INFO 25632 --- [proyecto-access-1] [           main] o.a.kafka.common.utils.AppInfoParser     : Kafka startTimeMs: 1750721799590
2025-06-23T17:36:39.590-06:00  INFO 25632 --- [proyecto-access-1] [           main] o.a.k.c.c.internals.LegacyKafkaConsumer  : [Consumer clientId=consumer-materia-service-group-29, groupId=materia-service-group] Subscribed to topic(s): get-papeleta-folio
2025-06-23T17:36:39.591-06:00  INFO 25632 --- [proyecto-access-1] [           main] o.a.k.clients.consumer.ConsumerConfig    : ConsumerConfig values: 
	allow.auto.create.topics = true
	auto.commit.interval.ms = 5000
	auto.include.jmx.reporter = true
	auto.offset.reset = earliest
	bootstrap.servers = [localhost:9092]
	check.crcs = true
	client.dns.lookup = use_all_dns_ips
	client.id = consumer-materia-service-group-30
	client.rack = 
	connections.max.idle.ms = 540000
	default.api.timeout.ms = 60000
	enable.auto.commit = false
	enable.metrics.push = true
	exclude.internal.topics = true
	fetch.max.bytes = 52428800
	fetch.max.wait.ms = 500
	fetch.min.bytes = 1
	group.id = materia-service-group
	group.instance.id = null
	group.protocol = classic
	group.remote.assignor = null
	heartbeat.interval.ms = 3000
	interceptor.classes = []
	internal.leave.group.on.close = true
	internal.throw.on.fetch.stable.offset.unsupported = false
	isolation.level = read_uncommitted
	key.deserializer = class org.apache.kafka.common.serialization.StringDeserializer
	max.partition.fetch.bytes = 1048576
	max.poll.interval.ms = 300000
	max.poll.records = 500
	metadata.max.age.ms = 300000
	metadata.recovery.strategy = none
	metric.reporters = []
	metrics.num.samples = 2
	metrics.recording.level = INFO
	metrics.sample.window.ms = 30000
	partition.assignment.strategy = [class org.apache.kafka.clients.consumer.RangeAssignor, class org.apache.kafka.clients.consumer.CooperativeStickyAssignor]
	receive.buffer.bytes = 65536
	reconnect.backoff.max.ms = 1000
	reconnect.backoff.ms = 50
	request.timeout.ms = 30000
	retry.backoff.max.ms = 1000
	retry.backoff.ms = 100
	sasl.client.callback.handler.class = null
	sasl.jaas.config = null
	sasl.kerberos.kinit.cmd = /usr/bin/kinit
	sasl.kerberos.min.time.before.relogin = 60000
	sasl.kerberos.service.name = null
	sasl.kerberos.ticket.renew.jitter = 0.05
	sasl.kerberos.ticket.renew.window.factor = 0.8
	sasl.login.callback.handler.class = null
	sasl.login.class = null
	sasl.login.connect.timeout.ms = null
	sasl.login.read.timeout.ms = null
	sasl.login.refresh.buffer.seconds = 300
	sasl.login.refresh.min.period.seconds = 60
	sasl.login.refresh.window.factor = 0.8
	sasl.login.refresh.window.jitter = 0.05
	sasl.login.retry.backoff.max.ms = 10000
	sasl.login.retry.backoff.ms = 100
	sasl.mechanism = GSSAPI
	sasl.oauthbearer.clock.skew.seconds = 30
	sasl.oauthbearer.expected.audience = null
	sasl.oauthbearer.expected.issuer = null
	sasl.oauthbearer.jwks.endpoint.refresh.ms = 3600000
	sasl.oauthbearer.jwks.endpoint.retry.backoff.max.ms = 10000
	sasl.oauthbearer.jwks.endpoint.retry.backoff.ms = 100
	sasl.oauthbearer.jwks.endpoint.url = null
	sasl.oauthbearer.scope.claim.name = scope
	sasl.oauthbearer.sub.claim.name = sub
	sasl.oauthbearer.token.endpoint.url = null
	security.protocol = PLAINTEXT
	security.providers = null
	send.buffer.bytes = 131072
	session.timeout.ms = 45000
	socket.connection.setup.timeout.max.ms = 30000
	socket.connection.setup.timeout.ms = 10000
	ssl.cipher.suites = null
	ssl.enabled.protocols = [TLSv1.2, TLSv1.3]
	ssl.endpoint.identification.algorithm = https
	ssl.engine.factory.class = null
	ssl.key.password = null
	ssl.keymanager.algorithm = SunX509
	ssl.keystore.certificate.chain = null
	ssl.keystore.key = null
	ssl.keystore.location = null
	ssl.keystore.password = null
	ssl.keystore.type = JKS
	ssl.protocol = TLSv1.3
	ssl.provider = null
	ssl.secure.random.implementation = null
	ssl.trustmanager.algorithm = PKIX
	ssl.truststore.certificates = null
	ssl.truststore.location = null
	ssl.truststore.password = null
	ssl.truststore.type = JKS
	value.deserializer = class org.apache.kafka.common.serialization.StringDeserializer

2025-06-23T17:36:39.592-06:00  INFO 25632 --- [proyecto-access-1] [           main] o.a.k.c.t.i.KafkaMetricsCollector        : initializing Kafka metrics collector
2025-06-23T17:36:39.598-06:00  INFO 25632 --- [proyecto-access-1] [           main] o.a.kafka.common.utils.AppInfoParser     : Kafka version: 3.8.1
2025-06-23T17:36:39.598-06:00  INFO 25632 --- [proyecto-access-1] [           main] o.a.kafka.common.utils.AppInfoParser     : Kafka commitId: 70d6ff42debf7e17
2025-06-23T17:36:39.598-06:00  INFO 25632 --- [proyecto-access-1] [           main] o.a.kafka.common.utils.AppInfoParser     : Kafka startTimeMs: 1750721799598
2025-06-23T17:36:39.598-06:00  INFO 25632 --- [proyecto-access-1] [           main] o.a.k.c.c.internals.LegacyKafkaConsumer  : [Consumer clientId=consumer-materia-service-group-30, groupId=materia-service-group] Subscribed to topic(s): get-papeleta-listado
2025-06-23T17:36:39.600-06:00  INFO 25632 --- [proyecto-access-1] [           main] o.a.k.clients.consumer.ConsumerConfig    : ConsumerConfig values: 
	allow.auto.create.topics = true
	auto.commit.interval.ms = 5000
	auto.include.jmx.reporter = true
	auto.offset.reset = earliest
	bootstrap.servers = [localhost:9092]
	check.crcs = true
	client.dns.lookup = use_all_dns_ips
	client.id = consumer-materia-service-group-31
	client.rack = 
	connections.max.idle.ms = 540000
	default.api.timeout.ms = 60000
	enable.auto.commit = false
	enable.metrics.push = true
	exclude.internal.topics = true
	fetch.max.bytes = 52428800
	fetch.max.wait.ms = 500
	fetch.min.bytes = 1
	group.id = materia-service-group
	group.instance.id = null
	group.protocol = classic
	group.remote.assignor = null
	heartbeat.interval.ms = 3000
	interceptor.classes = []
	internal.leave.group.on.close = true
	internal.throw.on.fetch.stable.offset.unsupported = false
	isolation.level = read_uncommitted
	key.deserializer = class org.apache.kafka.common.serialization.StringDeserializer
	max.partition.fetch.bytes = 1048576
	max.poll.interval.ms = 300000
	max.poll.records = 500
	metadata.max.age.ms = 300000
	metadata.recovery.strategy = none
	metric.reporters = []
	metrics.num.samples = 2
	metrics.recording.level = INFO
	metrics.sample.window.ms = 30000
	partition.assignment.strategy = [class org.apache.kafka.clients.consumer.RangeAssignor, class org.apache.kafka.clients.consumer.CooperativeStickyAssignor]
	receive.buffer.bytes = 65536
	reconnect.backoff.max.ms = 1000
	reconnect.backoff.ms = 50
	request.timeout.ms = 30000
	retry.backoff.max.ms = 1000
	retry.backoff.ms = 100
	sasl.client.callback.handler.class = null
	sasl.jaas.config = null
	sasl.kerberos.kinit.cmd = /usr/bin/kinit
	sasl.kerberos.min.time.before.relogin = 60000
	sasl.kerberos.service.name = null
	sasl.kerberos.ticket.renew.jitter = 0.05
	sasl.kerberos.ticket.renew.window.factor = 0.8
	sasl.login.callback.handler.class = null
	sasl.login.class = null
	sasl.login.connect.timeout.ms = null
	sasl.login.read.timeout.ms = null
	sasl.login.refresh.buffer.seconds = 300
	sasl.login.refresh.min.period.seconds = 60
	sasl.login.refresh.window.factor = 0.8
	sasl.login.refresh.window.jitter = 0.05
	sasl.login.retry.backoff.max.ms = 10000
	sasl.login.retry.backoff.ms = 100
	sasl.mechanism = GSSAPI
	sasl.oauthbearer.clock.skew.seconds = 30
	sasl.oauthbearer.expected.audience = null
	sasl.oauthbearer.expected.issuer = null
	sasl.oauthbearer.jwks.endpoint.refresh.ms = 3600000
	sasl.oauthbearer.jwks.endpoint.retry.backoff.max.ms = 10000
	sasl.oauthbearer.jwks.endpoint.retry.backoff.ms = 100
	sasl.oauthbearer.jwks.endpoint.url = null
	sasl.oauthbearer.scope.claim.name = scope
	sasl.oauthbearer.sub.claim.name = sub
	sasl.oauthbearer.token.endpoint.url = null
	security.protocol = PLAINTEXT
	security.providers = null
	send.buffer.bytes = 131072
	session.timeout.ms = 45000
	socket.connection.setup.timeout.max.ms = 30000
	socket.connection.setup.timeout.ms = 10000
	ssl.cipher.suites = null
	ssl.enabled.protocols = [TLSv1.2, TLSv1.3]
	ssl.endpoint.identification.algorithm = https
	ssl.engine.factory.class = null
	ssl.key.password = null
	ssl.keymanager.algorithm = SunX509
	ssl.keystore.certificate.chain = null
	ssl.keystore.key = null
	ssl.keystore.location = null
	ssl.keystore.password = null
	ssl.keystore.type = JKS
	ssl.protocol = TLSv1.3
	ssl.provider = null
	ssl.secure.random.implementation = null
	ssl.trustmanager.algorithm = PKIX
	ssl.truststore.certificates = null
	ssl.truststore.location = null
	ssl.truststore.password = null
	ssl.truststore.type = JKS
	value.deserializer = class org.apache.kafka.common.serialization.StringDeserializer

2025-06-23T17:36:39.601-06:00  INFO 25632 --- [proyecto-access-1] [           main] o.a.k.c.t.i.KafkaMetricsCollector        : initializing Kafka metrics collector
2025-06-23T17:36:39.607-06:00  INFO 25632 --- [proyecto-access-1] [           main] o.a.kafka.common.utils.AppInfoParser     : Kafka version: 3.8.1
2025-06-23T17:36:39.607-06:00  INFO 25632 --- [proyecto-access-1] [           main] o.a.kafka.common.utils.AppInfoParser     : Kafka commitId: 70d6ff42debf7e17
2025-06-23T17:36:39.608-06:00  INFO 25632 --- [proyecto-access-1] [           main] o.a.kafka.common.utils.AppInfoParser     : Kafka startTimeMs: 1750721799607
2025-06-23T17:36:39.608-06:00  INFO 25632 --- [proyecto-access-1] [           main] o.a.k.c.c.internals.LegacyKafkaConsumer  : [Consumer clientId=consumer-materia-service-group-31, groupId=materia-service-group] Subscribed to topic(s): get-materia-listado-filtro
2025-06-23T17:36:39.611-06:00  INFO 25632 --- [proyecto-access-1] [           main] o.a.k.clients.consumer.ConsumerConfig    : ConsumerConfig values: 
	allow.auto.create.topics = true
	auto.commit.interval.ms = 5000
	auto.include.jmx.reporter = true
	auto.offset.reset = earliest
	bootstrap.servers = [localhost:9092]
	check.crcs = true
	client.dns.lookup = use_all_dns_ips
	client.id = consumer-materia-service-group-32
	client.rack = 
	connections.max.idle.ms = 540000
	default.api.timeout.ms = 60000
	enable.auto.commit = false
	enable.metrics.push = true
	exclude.internal.topics = true
	fetch.max.bytes = 52428800
	fetch.max.wait.ms = 500
	fetch.min.bytes = 1
	group.id = materia-service-group
	group.instance.id = null
	group.protocol = classic
	group.remote.assignor = null
	heartbeat.interval.ms = 3000
	interceptor.classes = []
	internal.leave.group.on.close = true
	internal.throw.on.fetch.stable.offset.unsupported = false
	isolation.level = read_uncommitted
	key.deserializer = class org.apache.kafka.common.serialization.StringDeserializer
	max.partition.fetch.bytes = 1048576
	max.poll.interval.ms = 300000
	max.poll.records = 500
	metadata.max.age.ms = 300000
	metadata.recovery.strategy = none
	metric.reporters = []
	metrics.num.samples = 2
	metrics.recording.level = INFO
	metrics.sample.window.ms = 30000
	partition.assignment.strategy = [class org.apache.kafka.clients.consumer.RangeAssignor, class org.apache.kafka.clients.consumer.CooperativeStickyAssignor]
	receive.buffer.bytes = 65536
	reconnect.backoff.max.ms = 1000
	reconnect.backoff.ms = 50
	request.timeout.ms = 30000
	retry.backoff.max.ms = 1000
	retry.backoff.ms = 100
	sasl.client.callback.handler.class = null
	sasl.jaas.config = null
	sasl.kerberos.kinit.cmd = /usr/bin/kinit
	sasl.kerberos.min.time.before.relogin = 60000
	sasl.kerberos.service.name = null
	sasl.kerberos.ticket.renew.jitter = 0.05
	sasl.kerberos.ticket.renew.window.factor = 0.8
	sasl.login.callback.handler.class = null
	sasl.login.class = null
	sasl.login.connect.timeout.ms = null
	sasl.login.read.timeout.ms = null
	sasl.login.refresh.buffer.seconds = 300
	sasl.login.refresh.min.period.seconds = 60
	sasl.login.refresh.window.factor = 0.8
	sasl.login.refresh.window.jitter = 0.05
	sasl.login.retry.backoff.max.ms = 10000
	sasl.login.retry.backoff.ms = 100
	sasl.mechanism = GSSAPI
	sasl.oauthbearer.clock.skew.seconds = 30
	sasl.oauthbearer.expected.audience = null
	sasl.oauthbearer.expected.issuer = null
	sasl.oauthbearer.jwks.endpoint.refresh.ms = 3600000
	sasl.oauthbearer.jwks.endpoint.retry.backoff.max.ms = 10000
	sasl.oauthbearer.jwks.endpoint.retry.backoff.ms = 100
	sasl.oauthbearer.jwks.endpoint.url = null
	sasl.oauthbearer.scope.claim.name = scope
	sasl.oauthbearer.sub.claim.name = sub
	sasl.oauthbearer.token.endpoint.url = null
	security.protocol = PLAINTEXT
	security.providers = null
	send.buffer.bytes = 131072
	session.timeout.ms = 45000
	socket.connection.setup.timeout.max.ms = 30000
	socket.connection.setup.timeout.ms = 10000
	ssl.cipher.suites = null
	ssl.enabled.protocols = [TLSv1.2, TLSv1.3]
	ssl.endpoint.identification.algorithm = https
	ssl.engine.factory.class = null
	ssl.key.password = null
	ssl.keymanager.algorithm = SunX509
	ssl.keystore.certificate.chain = null
	ssl.keystore.key = null
	ssl.keystore.location = null
	ssl.keystore.password = null
	ssl.keystore.type = JKS
	ssl.protocol = TLSv1.3
	ssl.provider = null
	ssl.secure.random.implementation = null
	ssl.trustmanager.algorithm = PKIX
	ssl.truststore.certificates = null
	ssl.truststore.location = null
	ssl.truststore.password = null
	ssl.truststore.type = JKS
	value.deserializer = class org.apache.kafka.common.serialization.StringDeserializer

2025-06-23T17:36:39.611-06:00  INFO 25632 --- [proyecto-access-1] [           main] o.a.k.c.t.i.KafkaMetricsCollector        : initializing Kafka metrics collector
2025-06-23T17:36:39.614-06:00  INFO 25632 --- [proyecto-access-1] [           main] o.a.kafka.common.utils.AppInfoParser     : Kafka version: 3.8.1
2025-06-23T17:36:39.614-06:00  INFO 25632 --- [proyecto-access-1] [           main] o.a.kafka.common.utils.AppInfoParser     : Kafka commitId: 70d6ff42debf7e17
2025-06-23T17:36:39.614-06:00  INFO 25632 --- [proyecto-access-1] [           main] o.a.kafka.common.utils.AppInfoParser     : Kafka startTimeMs: 1750721799614
2025-06-23T17:36:39.614-06:00  INFO 25632 --- [proyecto-access-1] [           main] o.a.k.c.c.internals.LegacyKafkaConsumer  : [Consumer clientId=consumer-materia-service-group-32, groupId=materia-service-group] Subscribed to topic(s): get-notificaciones
2025-06-23T17:36:39.625-06:00  INFO 25632 --- [proyecto-access-1] [           main] c.a.ProyectoAccess1ApplicationTests      : Started ProyectoAccess1ApplicationTests in 4.919 seconds (process running for 5.958)
2025-06-23T17:36:39.816-06:00  INFO 25632 --- [proyecto-access-1] [tainer#20-0-C-1] org.apache.kafka.clients.NetworkClient   : [Consumer clientId=consumer-materia-service-group-15, groupId=materia-service-group] Node -1 disconnected.
2025-06-23T17:36:39.816-06:00  INFO 25632 --- [proyecto-access-1] [tainer#21-0-C-1] org.apache.kafka.clients.NetworkClient   : [Consumer clientId=consumer-materia-service-group-17, groupId=materia-service-group] Node -1 disconnected.
2025-06-23T17:36:39.816-06:00  INFO 25632 --- [proyecto-access-1] [ntainer#4-0-C-1] org.apache.kafka.clients.NetworkClient   : [Consumer clientId=consumer-materia-service-group-8, groupId=materia-service-group] Node -1 disconnected.
2025-06-23T17:36:39.816-06:00  INFO 25632 --- [proyecto-access-1] [tainer#26-0-C-1] org.apache.kafka.clients.NetworkClient   : [Consumer clientId=consumer-materia-service-group-18, groupId=materia-service-group] Node -1 disconnected.
2025-06-23T17:36:39.816-06:00  INFO 25632 --- [proyecto-access-1] [tainer#25-0-C-1] org.apache.kafka.clients.NetworkClient   : [Consumer clientId=consumer-materia-service-group-21, groupId=materia-service-group] Node -1 disconnected.
2025-06-23T17:36:39.816-06:00  INFO 25632 --- [proyecto-access-1] [ntainer#0-0-C-1] org.apache.kafka.clients.NetworkClient   : [Consumer clientId=consumer-materia-service-group-14, groupId=materia-service-group] Node -1 disconnected.
2025-06-23T17:36:39.816-06:00  INFO 25632 --- [proyecto-access-1] [tainer#13-0-C-1] org.apache.kafka.clients.NetworkClient   : [Consumer clientId=consumer-materia-service-group-31, groupId=materia-service-group] Node -1 disconnected.
2025-06-23T17:36:39.816-06:00  INFO 25632 --- [proyecto-access-1] [ntainer#7-0-C-1] org.apache.kafka.clients.NetworkClient   : [Consumer clientId=consumer-materia-service-group-2, groupId=materia-service-group] Node -1 disconnected.
2025-06-23T17:36:39.817-06:00  INFO 25632 --- [proyecto-access-1] [tainer#16-0-C-1] org.apache.kafka.clients.NetworkClient   : [Consumer clientId=consumer-materia-service-group-30, groupId=materia-service-group] Node -1 disconnected.
2025-06-23T17:36:39.817-06:00  INFO 25632 --- [proyecto-access-1] [ntainer#5-0-C-1] org.apache.kafka.clients.NetworkClient   : [Consumer clientId=consumer-materia-service-group-9, groupId=materia-service-group] Node -1 disconnected.
2025-06-23T17:36:39.817-06:00  INFO 25632 --- [proyecto-access-1] [ntainer#2-0-C-1] org.apache.kafka.clients.NetworkClient   : [Consumer clientId=consumer-materia-service-group-5, groupId=materia-service-group] Node -1 disconnected.
2025-06-23T17:36:39.817-06:00  INFO 25632 --- [proyecto-access-1] [ntainer#1-0-C-1] org.apache.kafka.clients.NetworkClient   : [Consumer clientId=consumer-materia-service-group-16, groupId=materia-service-group] Node -1 disconnected.
2025-06-23T17:36:39.817-06:00  INFO 25632 --- [proyecto-access-1] [ntainer#6-0-C-1] org.apache.kafka.clients.NetworkClient   : [Consumer clientId=consumer-materia-service-group-1, groupId=materia-service-group] Node -1 disconnected.
2025-06-23T17:36:39.819-06:00  INFO 25632 --- [proyecto-access-1] [tainer#11-0-C-1] org.apache.kafka.clients.NetworkClient   : [Consumer clientId=consumer-materia-service-group-25, groupId=materia-service-group] Node -1 disconnected.
2025-06-23T17:36:39.819-06:00  INFO 25632 --- [proyecto-access-1] [tainer#17-0-C-1] org.apache.kafka.clients.NetworkClient   : [Consumer clientId=consumer-materia-service-group-23, groupId=materia-service-group] Node -1 disconnected.
2025-06-23T17:36:39.819-06:00  INFO 25632 --- [proyecto-access-1] [tainer#28-0-C-1] org.apache.kafka.clients.NetworkClient   : [Consumer clientId=consumer-materia-service-group-10, groupId=materia-service-group] Node -1 disconnected.
2025-06-23T17:36:39.819-06:00  INFO 25632 --- [proyecto-access-1] [tainer#19-0-C-1] org.apache.kafka.clients.NetworkClient   : [Consumer clientId=consumer-materia-service-group-22, groupId=materia-service-group] Node -1 disconnected.
2025-06-23T17:36:39.819-06:00  INFO 25632 --- [proyecto-access-1] [ntainer#9-0-C-1] org.apache.kafka.clients.NetworkClient   : [Consumer clientId=consumer-materia-service-group-4, groupId=materia-service-group] Node -1 disconnected.
2025-06-23T17:36:39.819-06:00  INFO 25632 --- [proyecto-access-1] [tainer#22-0-C-1] org.apache.kafka.clients.NetworkClient   : [Consumer clientId=consumer-materia-service-group-12, groupId=materia-service-group] Node -1 disconnected.
2025-06-23T17:36:39.819-06:00  INFO 25632 --- [proyecto-access-1] [ntainer#8-0-C-1] org.apache.kafka.clients.NetworkClient   : [Consumer clientId=consumer-materia-service-group-3, groupId=materia-service-group] Node -1 disconnected.
2025-06-23T17:36:39.819-06:00  INFO 25632 --- [proyecto-access-1] [tainer#29-0-C-1] org.apache.kafka.clients.NetworkClient   : [Consumer clientId=consumer-materia-service-group-11, groupId=materia-service-group] Node -1 disconnected.
2025-06-23T17:36:39.819-06:00  INFO 25632 --- [proyecto-access-1] [tainer#30-0-C-1] org.apache.kafka.clients.NetworkClient   : [Consumer clientId=consumer-materia-service-group-7, groupId=materia-service-group] Node -1 disconnected.
2025-06-23T17:36:39.819-06:00  INFO 25632 --- [proyecto-access-1] [tainer#24-0-C-1] org.apache.kafka.clients.NetworkClient   : [Consumer clientId=consumer-materia-service-group-20, groupId=materia-service-group] Node -1 disconnected.
2025-06-23T17:36:39.819-06:00  INFO 25632 --- [proyecto-access-1] [tainer#10-0-C-1] org.apache.kafka.clients.NetworkClient   : [Consumer clientId=consumer-materia-service-group-28, groupId=materia-service-group] Node -1 disconnected.
2025-06-23T17:36:39.820-06:00  INFO 25632 --- [proyecto-access-1] [tainer#15-0-C-1] org.apache.kafka.clients.NetworkClient   : [Consumer clientId=consumer-materia-service-group-29, groupId=materia-service-group] Node -1 disconnected.
2025-06-23T17:36:39.820-06:00  INFO 25632 --- [proyecto-access-1] [tainer#18-0-C-1] org.apache.kafka.clients.NetworkClient   : [Consumer clientId=consumer-materia-service-group-24, groupId=materia-service-group] Node -1 disconnected.
2025-06-23T17:36:39.820-06:00  INFO 25632 --- [proyecto-access-1] [tainer#31-0-C-1] org.apache.kafka.clients.NetworkClient   : [Consumer clientId=consumer-materia-service-group-27, groupId=materia-service-group] Node -1 disconnected.
2025-06-23T17:36:39.820-06:00  INFO 25632 --- [proyecto-access-1] [tainer#12-0-C-1] org.apache.kafka.clients.NetworkClient   : [Consumer clientId=consumer-materia-service-group-26, groupId=materia-service-group] Node -1 disconnected.
2025-06-23T17:36:39.820-06:00  INFO 25632 --- [proyecto-access-1] [ntainer#3-0-C-1] org.apache.kafka.clients.NetworkClient   : [Consumer clientId=consumer-materia-service-group-6, groupId=materia-service-group] Node -1 disconnected.
2025-06-23T17:36:39.820-06:00  INFO 25632 --- [proyecto-access-1] [tainer#27-0-C-1] org.apache.kafka.clients.NetworkClient   : [Consumer clientId=consumer-materia-service-group-19, groupId=materia-service-group] Node -1 disconnected.
2025-06-23T17:36:39.820-06:00  INFO 25632 --- [proyecto-access-1] [tainer#23-0-C-1] org.apache.kafka.clients.NetworkClient   : [Consumer clientId=consumer-materia-service-group-13, groupId=materia-service-group] Node -1 disconnected.
2025-06-23T17:36:39.820-06:00  INFO 25632 --- [proyecto-access-1] [tainer#14-0-C-1] org.apache.kafka.clients.NetworkClient   : [Consumer clientId=consumer-materia-service-group-32, groupId=materia-service-group] Node -1 disconnected.
2025-06-23T17:36:39.823-06:00  WARN 25632 --- [proyecto-access-1] [tainer#28-0-C-1] org.apache.kafka.clients.NetworkClient   : [Consumer clientId=consumer-materia-service-group-10, groupId=materia-service-group] Connection to node -1 (localhost/127.0.0.1:9092) could not be established. Node may not be available.
2025-06-23T17:36:39.823-06:00  WARN 25632 --- [proyecto-access-1] [tainer#29-0-C-1] org.apache.kafka.clients.NetworkClient   : [Consumer clientId=consumer-materia-service-group-11, groupId=materia-service-group] Connection to node -1 (localhost/127.0.0.1:9092) could not be established. Node may not be available.
2025-06-23T17:36:39.823-06:00  WARN 25632 --- [proyecto-access-1] [ntainer#3-0-C-1] org.apache.kafka.clients.NetworkClient   : [Consumer clientId=consumer-materia-service-group-6, groupId=materia-service-group] Connection to node -1 (localhost/127.0.0.1:9092) could not be established. Node may not be available.
2025-06-23T17:36:39.823-06:00  WARN 25632 --- [proyecto-access-1] [ntainer#8-0-C-1] org.apache.kafka.clients.NetworkClient   : [Consumer clientId=consumer-materia-service-group-3, groupId=materia-service-group] Connection to node -1 (localhost/127.0.0.1:9092) could not be established. Node may not be available.
2025-06-23T17:36:39.825-06:00  WARN 25632 --- [proyecto-access-1] [tainer#31-0-C-1] org.apache.kafka.clients.NetworkClient   : [Consumer clientId=consumer-materia-service-group-27, groupId=materia-service-group] Connection to node -1 (localhost/127.0.0.1:9092) could not be established. Node may not be available.
2025-06-23T17:36:39.825-06:00  WARN 25632 --- [proyecto-access-1] [tainer#28-0-C-1] org.apache.kafka.clients.NetworkClient   : [Consumer clientId=consumer-materia-service-group-10, groupId=materia-service-group] Bootstrap broker localhost:9092 (id: -1 rack: null) disconnected
2025-06-23T17:36:39.825-06:00  WARN 25632 --- [proyecto-access-1] [ntainer#9-0-C-1] org.apache.kafka.clients.NetworkClient   : [Consumer clientId=consumer-materia-service-group-4, groupId=materia-service-group] Connection to node -1 (localhost/127.0.0.1:9092) could not be established. Node may not be available.
2025-06-23T17:36:39.823-06:00  WARN 25632 --- [proyecto-access-1] [ntainer#7-0-C-1] org.apache.kafka.clients.NetworkClient   : [Consumer clientId=consumer-materia-service-group-2, groupId=materia-service-group] Connection to node -1 (localhost/127.0.0.1:9092) could not be established. Node may not be available.
2025-06-23T17:36:39.825-06:00  WARN 25632 --- [proyecto-access-1] [ntainer#9-0-C-1] org.apache.kafka.clients.NetworkClient   : [Consumer clientId=consumer-materia-service-group-4, groupId=materia-service-group] Bootstrap broker localhost:9092 (id: -1 rack: null) disconnected
2025-06-23T17:36:39.825-06:00  WARN 25632 --- [proyecto-access-1] [ntainer#5-0-C-1] org.apache.kafka.clients.NetworkClient   : [Consumer clientId=consumer-materia-service-group-9, groupId=materia-service-group] Connection to node -1 (localhost/127.0.0.1:9092) could not be established. Node may not be available.
2025-06-23T17:36:39.823-06:00  WARN 25632 --- [proyecto-access-1] [tainer#26-0-C-1] org.apache.kafka.clients.NetworkClient   : [Consumer clientId=consumer-materia-service-group-18, groupId=materia-service-group] Connection to node -1 (localhost/127.0.0.1:9092) could not be established. Node may not be available.
2025-06-23T17:36:39.823-06:00  WARN 25632 --- [proyecto-access-1] [tainer#11-0-C-1] org.apache.kafka.clients.NetworkClient   : [Consumer clientId=consumer-materia-service-group-25, groupId=materia-service-group] Connection to node -1 (localhost/127.0.0.1:9092) could not be established. Node may not be available.
2025-06-23T17:36:39.823-06:00  WARN 25632 --- [proyecto-access-1] [tainer#21-0-C-1] org.apache.kafka.clients.NetworkClient   : [Consumer clientId=consumer-materia-service-group-17, groupId=materia-service-group] Connection to node -1 (localhost/127.0.0.1:9092) could not be established. Node may not be available.
2025-06-23T17:36:39.823-06:00  WARN 25632 --- [proyecto-access-1] [tainer#17-0-C-1] org.apache.kafka.clients.NetworkClient   : [Consumer clientId=consumer-materia-service-group-23, groupId=materia-service-group] Connection to node -1 (localhost/127.0.0.1:9092) could not be established. Node may not be available.
2025-06-23T17:36:39.823-06:00  WARN 25632 --- [proyecto-access-1] [ntainer#2-0-C-1] org.apache.kafka.clients.NetworkClient   : [Consumer clientId=consumer-materia-service-group-5, groupId=materia-service-group] Connection to node -1 (localhost/127.0.0.1:9092) could not be established. Node may not be available.
2025-06-23T17:36:39.825-06:00  WARN 25632 --- [proyecto-access-1] [tainer#17-0-C-1] org.apache.kafka.clients.NetworkClient   : [Consumer clientId=consumer-materia-service-group-23, groupId=materia-service-group] Bootstrap broker localhost:9092 (id: -1 rack: null) disconnected
2025-06-23T17:36:39.823-06:00  WARN 25632 --- [proyecto-access-1] [ntainer#4-0-C-1] org.apache.kafka.clients.NetworkClient   : [Consumer clientId=consumer-materia-service-group-8, groupId=materia-service-group] Connection to node -1 (localhost/127.0.0.1:9092) could not be established. Node may not be available.
2025-06-23T17:36:39.823-06:00  WARN 25632 --- [proyecto-access-1] [tainer#12-0-C-1] org.apache.kafka.clients.NetworkClient   : [Consumer clientId=consumer-materia-service-group-26, groupId=materia-service-group] Connection to node -1 (localhost/127.0.0.1:9092) could not be established. Node may not be available.
2025-06-23T17:36:39.825-06:00  WARN 25632 --- [proyecto-access-1] [ntainer#4-0-C-1] org.apache.kafka.clients.NetworkClient   : [Consumer clientId=consumer-materia-service-group-8, groupId=materia-service-group] Bootstrap broker localhost:9092 (id: -1 rack: null) disconnected
2025-06-23T17:36:39.825-06:00  WARN 25632 --- [proyecto-access-1] [tainer#12-0-C-1] org.apache.kafka.clients.NetworkClient   : [Consumer clientId=consumer-materia-service-group-26, groupId=materia-service-group] Bootstrap broker localhost:9092 (id: -1 rack: null) disconnected
2025-06-23T17:36:39.823-06:00  WARN 25632 --- [proyecto-access-1] [tainer#13-0-C-1] org.apache.kafka.clients.NetworkClient   : [Consumer clientId=consumer-materia-service-group-31, groupId=materia-service-group] Connection to node -1 (localhost/127.0.0.1:9092) could not be established. Node may not be available.
2025-06-23T17:36:39.823-06:00  WARN 25632 --- [proyecto-access-1] [ntainer#1-0-C-1] org.apache.kafka.clients.NetworkClient   : [Consumer clientId=consumer-materia-service-group-16, groupId=materia-service-group] Connection to node -1 (localhost/127.0.0.1:9092) could not be established. Node may not be available.
2025-06-23T17:36:39.823-06:00  WARN 25632 --- [proyecto-access-1] [tainer#22-0-C-1] org.apache.kafka.clients.NetworkClient   : [Consumer clientId=consumer-materia-service-group-12, groupId=materia-service-group] Connection to node -1 (localhost/127.0.0.1:9092) could not be established. Node may not be available.
2025-06-23T17:36:39.823-06:00  WARN 25632 --- [proyecto-access-1] [tainer#14-0-C-1] org.apache.kafka.clients.NetworkClient   : [Consumer clientId=consumer-materia-service-group-32, groupId=materia-service-group] Connection to node -1 (localhost/127.0.0.1:9092) could not be established. Node may not be available.
2025-06-23T17:36:39.826-06:00  WARN 25632 --- [proyecto-access-1] [tainer#22-0-C-1] org.apache.kafka.clients.NetworkClient   : [Consumer clientId=consumer-materia-service-group-12, groupId=materia-service-group] Bootstrap broker localhost:9092 (id: -1 rack: null) disconnected
2025-06-23T17:36:39.826-06:00  WARN 25632 --- [proyecto-access-1] [tainer#14-0-C-1] org.apache.kafka.clients.NetworkClient   : [Consumer clientId=consumer-materia-service-group-32, groupId=materia-service-group] Bootstrap broker localhost:9092 (id: -1 rack: null) disconnected
2025-06-23T17:36:39.823-06:00  WARN 25632 --- [proyecto-access-1] [tainer#25-0-C-1] org.apache.kafka.clients.NetworkClient   : [Consumer clientId=consumer-materia-service-group-21, groupId=materia-service-group] Connection to node -1 (localhost/127.0.0.1:9092) could not be established. Node may not be available.
2025-06-23T17:36:39.823-06:00  WARN 25632 --- [proyecto-access-1] [tainer#27-0-C-1] org.apache.kafka.clients.NetworkClient   : [Consumer clientId=consumer-materia-service-group-19, groupId=materia-service-group] Connection to node -1 (localhost/127.0.0.1:9092) could not be established. Node may not be available.
2025-06-23T17:36:39.825-06:00  WARN 25632 --- [proyecto-access-1] [tainer#18-0-C-1] org.apache.kafka.clients.NetworkClient   : [Consumer clientId=consumer-materia-service-group-24, groupId=materia-service-group] Connection to node -1 (localhost/127.0.0.1:9092) could not be established. Node may not be available.
2025-06-23T17:36:39.826-06:00  WARN 25632 --- [proyecto-access-1] [tainer#27-0-C-1] org.apache.kafka.clients.NetworkClient   : [Consumer clientId=consumer-materia-service-group-19, groupId=materia-service-group] Bootstrap broker localhost:9092 (id: -1 rack: null) disconnected
2025-06-23T17:36:39.826-06:00  WARN 25632 --- [proyecto-access-1] [tainer#18-0-C-1] org.apache.kafka.clients.NetworkClient   : [Consumer clientId=consumer-materia-service-group-24, groupId=materia-service-group] Bootstrap broker localhost:9092 (id: -1 rack: null) disconnected
2025-06-23T17:36:39.825-06:00  WARN 25632 --- [proyecto-access-1] [ntainer#6-0-C-1] org.apache.kafka.clients.NetworkClient   : [Consumer clientId=consumer-materia-service-group-1, groupId=materia-service-group] Connection to node -1 (localhost/127.0.0.1:9092) could not be established. Node may not be available.
2025-06-23T17:36:39.825-06:00  WARN 25632 --- [proyecto-access-1] [ntainer#0-0-C-1] org.apache.kafka.clients.NetworkClient   : [Consumer clientId=consumer-materia-service-group-14, groupId=materia-service-group] Connection to node -1 (localhost/127.0.0.1:9092) could not be established. Node may not be available.
2025-06-23T17:36:39.825-06:00  WARN 25632 --- [proyecto-access-1] [tainer#10-0-C-1] org.apache.kafka.clients.NetworkClient   : [Consumer clientId=consumer-materia-service-group-28, groupId=materia-service-group] Connection to node -1 (localhost/127.0.0.1:9092) could not be established. Node may not be available.
2025-06-23T17:36:39.826-06:00  WARN 25632 --- [proyecto-access-1] [ntainer#0-0-C-1] org.apache.kafka.clients.NetworkClient   : [Consumer clientId=consumer-materia-service-group-14, groupId=materia-service-group] Bootstrap broker localhost:9092 (id: -1 rack: null) disconnected
2025-06-23T17:36:39.825-06:00  WARN 25632 --- [proyecto-access-1] [tainer#24-0-C-1] org.apache.kafka.clients.NetworkClient   : [Consumer clientId=consumer-materia-service-group-20, groupId=materia-service-group] Connection to node -1 (localhost/127.0.0.1:9092) could not be established. Node may not be available.
2025-06-23T17:36:39.825-06:00  WARN 25632 --- [proyecto-access-1] [tainer#20-0-C-1] org.apache.kafka.clients.NetworkClient   : [Consumer clientId=consumer-materia-service-group-15, groupId=materia-service-group] Connection to node -1 (localhost/127.0.0.1:9092) could not be established. Node may not be available.
2025-06-23T17:36:39.826-06:00  WARN 25632 --- [proyecto-access-1] [tainer#24-0-C-1] org.apache.kafka.clients.NetworkClient   : [Consumer clientId=consumer-materia-service-group-20, groupId=materia-service-group] Bootstrap broker localhost:9092 (id: -1 rack: null) disconnected
2025-06-23T17:36:39.825-06:00  WARN 25632 --- [proyecto-access-1] [ntainer#8-0-C-1] org.apache.kafka.clients.NetworkClient   : [Consumer clientId=consumer-materia-service-group-3, groupId=materia-service-group] Bootstrap broker localhost:9092 (id: -1 rack: null) disconnected
2025-06-23T17:36:39.825-06:00  WARN 25632 --- [proyecto-access-1] [tainer#30-0-C-1] org.apache.kafka.clients.NetworkClient   : [Consumer clientId=consumer-materia-service-group-7, groupId=materia-service-group] Connection to node -1 (localhost/127.0.0.1:9092) could not be established. Node may not be available.
2025-06-23T17:36:39.825-06:00  WARN 25632 --- [proyecto-access-1] [tainer#31-0-C-1] org.apache.kafka.clients.NetworkClient   : [Consumer clientId=consumer-materia-service-group-27, groupId=materia-service-group] Bootstrap broker localhost:9092 (id: -1 rack: null) disconnected
2025-06-23T17:36:39.826-06:00  WARN 25632 --- [proyecto-access-1] [tainer#30-0-C-1] org.apache.kafka.clients.NetworkClient   : [Consumer clientId=consumer-materia-service-group-7, groupId=materia-service-group] Bootstrap broker localhost:9092 (id: -1 rack: null) disconnected
2025-06-23T17:36:39.825-06:00  WARN 25632 --- [proyecto-access-1] [tainer#15-0-C-1] org.apache.kafka.clients.NetworkClient   : [Consumer clientId=consumer-materia-service-group-29, groupId=materia-service-group] Connection to node -1 (localhost/127.0.0.1:9092) could not be established. Node may not be available.
2025-06-23T17:36:39.825-06:00  WARN 25632 --- [proyecto-access-1] [tainer#23-0-C-1] org.apache.kafka.clients.NetworkClient   : [Consumer clientId=consumer-materia-service-group-13, groupId=materia-service-group] Connection to node -1 (localhost/127.0.0.1:9092) could not be established. Node may not be available.
2025-06-23T17:36:39.826-06:00  WARN 25632 --- [proyecto-access-1] [tainer#15-0-C-1] org.apache.kafka.clients.NetworkClient   : [Consumer clientId=consumer-materia-service-group-29, groupId=materia-service-group] Bootstrap broker localhost:9092 (id: -1 rack: null) disconnected
2025-06-23T17:36:39.825-06:00  WARN 25632 --- [proyecto-access-1] [tainer#19-0-C-1] org.apache.kafka.clients.NetworkClient   : [Consumer clientId=consumer-materia-service-group-22, groupId=materia-service-group] Connection to node -1 (localhost/127.0.0.1:9092) could not be established. Node may not be available.
2025-06-23T17:36:39.826-06:00  WARN 25632 --- [proyecto-access-1] [tainer#23-0-C-1] org.apache.kafka.clients.NetworkClient   : [Consumer clientId=consumer-materia-service-group-13, groupId=materia-service-group] Bootstrap broker localhost:9092 (id: -1 rack: null) disconnected
2025-06-23T17:36:39.825-06:00  WARN 25632 --- [proyecto-access-1] [tainer#16-0-C-1] org.apache.kafka.clients.NetworkClient   : [Consumer clientId=consumer-materia-service-group-30, groupId=materia-service-group] Connection to node -1 (localhost/127.0.0.1:9092) could not be established. Node may not be available.
2025-06-23T17:36:39.825-06:00  WARN 25632 --- [proyecto-access-1] [tainer#29-0-C-1] org.apache.kafka.clients.NetworkClient   : [Consumer clientId=consumer-materia-service-group-11, groupId=materia-service-group] Bootstrap broker localhost:9092 (id: -1 rack: null) disconnected
2025-06-23T17:36:39.825-06:00  WARN 25632 --- [proyecto-access-1] [ntainer#7-0-C-1] org.apache.kafka.clients.NetworkClient   : [Consumer clientId=consumer-materia-service-group-2, groupId=materia-service-group] Bootstrap broker localhost:9092 (id: -1 rack: null) disconnected
2025-06-23T17:36:39.825-06:00  WARN 25632 --- [proyecto-access-1] [ntainer#3-0-C-1] org.apache.kafka.clients.NetworkClient   : [Consumer clientId=consumer-materia-service-group-6, groupId=materia-service-group] Bootstrap broker localhost:9092 (id: -1 rack: null) disconnected
2025-06-23T17:36:39.825-06:00  WARN 25632 --- [proyecto-access-1] [ntainer#5-0-C-1] org.apache.kafka.clients.NetworkClient   : [Consumer clientId=consumer-materia-service-group-9, groupId=materia-service-group] Bootstrap broker localhost:9092 (id: -1 rack: null) disconnected
2025-06-23T17:36:39.825-06:00  WARN 25632 --- [proyecto-access-1] [tainer#26-0-C-1] org.apache.kafka.clients.NetworkClient   : [Consumer clientId=consumer-materia-service-group-18, groupId=materia-service-group] Bootstrap broker localhost:9092 (id: -1 rack: null) disconnected
2025-06-23T17:36:39.825-06:00  WARN 25632 --- [proyecto-access-1] [tainer#11-0-C-1] org.apache.kafka.clients.NetworkClient   : [Consumer clientId=consumer-materia-service-group-25, groupId=materia-service-group] Bootstrap broker localhost:9092 (id: -1 rack: null) disconnected
2025-06-23T17:36:39.825-06:00  WARN 25632 --- [proyecto-access-1] [tainer#21-0-C-1] org.apache.kafka.clients.NetworkClient   : [Consumer clientId=consumer-materia-service-group-17, groupId=materia-service-group] Bootstrap broker localhost:9092 (id: -1 rack: null) disconnected
2025-06-23T17:36:39.825-06:00  WARN 25632 --- [proyecto-access-1] [ntainer#2-0-C-1] org.apache.kafka.clients.NetworkClient   : [Consumer clientId=consumer-materia-service-group-5, groupId=materia-service-group] Bootstrap broker localhost:9092 (id: -1 rack: null) disconnected
2025-06-23T17:36:39.826-06:00  WARN 25632 --- [proyecto-access-1] [tainer#13-0-C-1] org.apache.kafka.clients.NetworkClient   : [Consumer clientId=consumer-materia-service-group-31, groupId=materia-service-group] Bootstrap broker localhost:9092 (id: -1 rack: null) disconnected
2025-06-23T17:36:39.826-06:00  WARN 25632 --- [proyecto-access-1] [ntainer#1-0-C-1] org.apache.kafka.clients.NetworkClient   : [Consumer clientId=consumer-materia-service-group-16, groupId=materia-service-group] Bootstrap broker localhost:9092 (id: -1 rack: null) disconnected
2025-06-23T17:36:39.826-06:00  WARN 25632 --- [proyecto-access-1] [tainer#25-0-C-1] org.apache.kafka.clients.NetworkClient   : [Consumer clientId=consumer-materia-service-group-21, groupId=materia-service-group] Bootstrap broker localhost:9092 (id: -1 rack: null) disconnected
2025-06-23T17:36:39.826-06:00  WARN 25632 --- [proyecto-access-1] [ntainer#6-0-C-1] org.apache.kafka.clients.NetworkClient   : [Consumer clientId=consumer-materia-service-group-1, groupId=materia-service-group] Bootstrap broker localhost:9092 (id: -1 rack: null) disconnected
2025-06-23T17:36:39.826-06:00  WARN 25632 --- [proyecto-access-1] [tainer#10-0-C-1] org.apache.kafka.clients.NetworkClient   : [Consumer clientId=consumer-materia-service-group-28, groupId=materia-service-group] Bootstrap broker localhost:9092 (id: -1 rack: null) disconnected
2025-06-23T17:36:39.826-06:00  WARN 25632 --- [proyecto-access-1] [tainer#20-0-C-1] org.apache.kafka.clients.NetworkClient   : [Consumer clientId=consumer-materia-service-group-15, groupId=materia-service-group] Bootstrap broker localhost:9092 (id: -1 rack: null) disconnected
2025-06-23T17:36:39.826-06:00  WARN 25632 --- [proyecto-access-1] [tainer#19-0-C-1] org.apache.kafka.clients.NetworkClient   : [Consumer clientId=consumer-materia-service-group-22, groupId=materia-service-group] Bootstrap broker localhost:9092 (id: -1 rack: null) disconnected
2025-06-23T17:36:39.826-06:00  WARN 25632 --- [proyecto-access-1] [tainer#16-0-C-1] org.apache.kafka.clients.NetworkClient   : [Consumer clientId=consumer-materia-service-group-30, groupId=materia-service-group] Bootstrap broker localhost:9092 (id: -1 rack: null) disconnected
2025-06-23T17:36:39.933-06:00  INFO 25632 --- [proyecto-access-1] [tainer#25-0-C-1] org.apache.kafka.clients.NetworkClient   : [Consumer clientId=consumer-materia-service-group-21, groupId=materia-service-group] Node -1 disconnected.
2025-06-23T17:36:39.933-06:00  INFO 25632 --- [proyecto-access-1] [ntainer#2-0-C-1] org.apache.kafka.clients.NetworkClient   : [Consumer clientId=consumer-materia-service-group-5, groupId=materia-service-group] Node -1 disconnected.
2025-06-23T17:36:39.933-06:00  INFO 25632 --- [proyecto-access-1] [tainer#28-0-C-1] org.apache.kafka.clients.NetworkClient   : [Consumer clientId=consumer-materia-service-group-10, groupId=materia-service-group] Node -1 disconnected.
2025-06-23T17:36:39.933-06:00  INFO 25632 --- [proyecto-access-1] [ntainer#1-0-C-1] org.apache.kafka.clients.NetworkClient   : [Consumer clientId=consumer-materia-service-group-16, groupId=materia-service-group] Node -1 disconnected.
2025-06-23T17:36:39.933-06:00  WARN 25632 --- [proyecto-access-1] [tainer#25-0-C-1] org.apache.kafka.clients.NetworkClient   : [Consumer clientId=consumer-materia-service-group-21, groupId=materia-service-group] Connection to node -1 (localhost/127.0.0.1:9092) could not be established. Node may not be available.
2025-06-23T17:36:39.933-06:00  WARN 25632 --- [proyecto-access-1] [ntainer#2-0-C-1] org.apache.kafka.clients.NetworkClient   : [Consumer clientId=consumer-materia-service-group-5, groupId=materia-service-group] Connection to node -1 (localhost/127.0.0.1:9092) could not be established. Node may not be available.
2025-06-23T17:36:39.933-06:00  WARN 25632 --- [proyecto-access-1] [tainer#25-0-C-1] org.apache.kafka.clients.NetworkClient   : [Consumer clientId=consumer-materia-service-group-21, groupId=materia-service-group] Bootstrap broker localhost:9092 (id: -1 rack: null) disconnected
2025-06-23T17:36:39.933-06:00  WARN 25632 --- [proyecto-access-1] [tainer#28-0-C-1] org.apache.kafka.clients.NetworkClient   : [Consumer clientId=consumer-materia-service-group-10, groupId=materia-service-group] Connection to node -1 (localhost/127.0.0.1:9092) could not be established. Node may not be available.
2025-06-23T17:36:39.933-06:00  WARN 25632 --- [proyecto-access-1] [ntainer#1-0-C-1] org.apache.kafka.clients.NetworkClient   : [Consumer clientId=consumer-materia-service-group-16, groupId=materia-service-group] Connection to node -1 (localhost/127.0.0.1:9092) could not be established. Node may not be available.
2025-06-23T17:36:39.933-06:00  WARN 25632 --- [proyecto-access-1] [tainer#28-0-C-1] org.apache.kafka.clients.NetworkClient   : [Consumer clientId=consumer-materia-service-group-10, groupId=materia-service-group] Bootstrap broker localhost:9092 (id: -1 rack: null) disconnected
2025-06-23T17:36:39.933-06:00  WARN 25632 --- [proyecto-access-1] [ntainer#1-0-C-1] org.apache.kafka.clients.NetworkClient   : [Consumer clientId=consumer-materia-service-group-16, groupId=materia-service-group] Bootstrap broker localhost:9092 (id: -1 rack: null) disconnected
2025-06-23T17:36:39.933-06:00  WARN 25632 --- [proyecto-access-1] [ntainer#2-0-C-1] org.apache.kafka.clients.NetworkClient   : [Consumer clientId=consumer-materia-service-group-5, groupId=materia-service-group] Bootstrap broker localhost:9092 (id: -1 rack: null) disconnected
2025-06-23T17:36:39.933-06:00  INFO 25632 --- [proyecto-access-1] [tainer#27-0-C-1] org.apache.kafka.clients.NetworkClient   : [Consumer clientId=consumer-materia-service-group-19, groupId=materia-service-group] Node -1 disconnected.
2025-06-23T17:36:39.933-06:00  WARN 25632 --- [proyecto-access-1] [tainer#27-0-C-1] org.apache.kafka.clients.NetworkClient   : [Consumer clientId=consumer-materia-service-group-19, groupId=materia-service-group] Connection to node -1 (localhost/127.0.0.1:9092) could not be established. Node may not be available.
2025-06-23T17:36:39.934-06:00  WARN 25632 --- [proyecto-access-1] [tainer#27-0-C-1] org.apache.kafka.clients.NetworkClient   : [Consumer clientId=consumer-materia-service-group-19, groupId=materia-service-group] Bootstrap broker localhost:9092 (id: -1 rack: null) disconnected
2025-06-23T17:36:39.936-06:00  INFO 25632 --- [proyecto-access-1] [tainer#24-0-C-1] org.apache.kafka.clients.NetworkClient   : [Consumer clientId=consumer-materia-service-group-20, groupId=materia-service-group] Node -1 disconnected.
2025-06-23T17:36:39.936-06:00  WARN 25632 --- [proyecto-access-1] [tainer#24-0-C-1] org.apache.kafka.clients.NetworkClient   : [Consumer clientId=consumer-materia-service-group-20, groupId=materia-service-group] Connection to node -1 (localhost/127.0.0.1:9092) could not be established. Node may not be available.
2025-06-23T17:36:39.936-06:00  WARN 25632 --- [proyecto-access-1] [tainer#24-0-C-1] org.apache.kafka.clients.NetworkClient   : [Consumer clientId=consumer-materia-service-group-20, groupId=materia-service-group] Bootstrap broker localhost:9092 (id: -1 rack: null) disconnected
2025-06-23T17:36:39.936-06:00  INFO 25632 --- [proyecto-access-1] [tainer#18-0-C-1] org.apache.kafka.clients.NetworkClient   : [Consumer clientId=consumer-materia-service-group-24, groupId=materia-service-group] Node -1 disconnected.
2025-06-23T17:36:39.936-06:00  INFO 25632 --- [proyecto-access-1] [tainer#23-0-C-1] org.apache.kafka.clients.NetworkClient   : [Consumer clientId=consumer-materia-service-group-13, groupId=materia-service-group] Node -1 disconnected.
2025-06-23T17:36:39.937-06:00  WARN 25632 --- [proyecto-access-1] [tainer#23-0-C-1] org.apache.kafka.clients.NetworkClient   : [Consumer clientId=consumer-materia-service-group-13, groupId=materia-service-group] Connection to node -1 (localhost/127.0.0.1:9092) could not be established. Node may not be available.
2025-06-23T17:36:39.937-06:00  WARN 25632 --- [proyecto-access-1] [tainer#18-0-C-1] org.apache.kafka.clients.NetworkClient   : [Consumer clientId=consumer-materia-service-group-24, groupId=materia-service-group] Connection to node -1 (localhost/127.0.0.1:9092) could not be established. Node may not be available.
2025-06-23T17:36:39.937-06:00  WARN 25632 --- [proyecto-access-1] [tainer#23-0-C-1] org.apache.kafka.clients.NetworkClient   : [Consumer clientId=consumer-materia-service-group-13, groupId=materia-service-group] Bootstrap broker localhost:9092 (id: -1 rack: null) disconnected
2025-06-23T17:36:39.937-06:00  WARN 25632 --- [proyecto-access-1] [tainer#18-0-C-1] org.apache.kafka.clients.NetworkClient   : [Consumer clientId=consumer-materia-service-group-24, groupId=materia-service-group] Bootstrap broker localhost:9092 (id: -1 rack: null) disconnected
2025-06-23T17:36:39.937-06:00  INFO 25632 --- [proyecto-access-1] [ntainer#0-0-C-1] org.apache.kafka.clients.NetworkClient   : [Consumer clientId=consumer-materia-service-group-14, groupId=materia-service-group] Node -1 disconnected.
2025-06-23T17:36:39.937-06:00  WARN 25632 --- [proyecto-access-1] [ntainer#0-0-C-1] org.apache.kafka.clients.NetworkClient   : [Consumer clientId=consumer-materia-service-group-14, groupId=materia-service-group] Connection to node -1 (localhost/127.0.0.1:9092) could not be established. Node may not be available.
2025-06-23T17:36:39.938-06:00  WARN 25632 --- [proyecto-access-1] [ntainer#0-0-C-1] org.apache.kafka.clients.NetworkClient   : [Consumer clientId=consumer-materia-service-group-14, groupId=materia-service-group] Bootstrap broker localhost:9092 (id: -1 rack: null) disconnected
2025-06-23T17:36:39.941-06:00  INFO 25632 --- [proyecto-access-1] [ntainer#7-0-C-1] org.apache.kafka.clients.NetworkClient   : [Consumer clientId=consumer-materia-service-group-2, groupId=materia-service-group] Node -1 disconnected.
2025-06-23T17:36:39.941-06:00  WARN 25632 --- [proyecto-access-1] [ntainer#7-0-C-1] org.apache.kafka.clients.NetworkClient   : [Consumer clientId=consumer-materia-service-group-2, groupId=materia-service-group] Connection to node -1 (localhost/127.0.0.1:9092) could not be established. Node may not be available.
2025-06-23T17:36:39.941-06:00  WARN 25632 --- [proyecto-access-1] [ntainer#7-0-C-1] org.apache.kafka.clients.NetworkClient   : [Consumer clientId=consumer-materia-service-group-2, groupId=materia-service-group] Bootstrap broker localhost:9092 (id: -1 rack: null) disconnected
2025-06-23T17:36:39.942-06:00  INFO 25632 --- [proyecto-access-1] [ntainer#3-0-C-1] org.apache.kafka.clients.NetworkClient   : [Consumer clientId=consumer-materia-service-group-6, groupId=materia-service-group] Node -1 disconnected.
2025-06-23T17:36:39.942-06:00  INFO 25632 --- [proyecto-access-1] [tainer#20-0-C-1] org.apache.kafka.clients.NetworkClient   : [Consumer clientId=consumer-materia-service-group-15, groupId=materia-service-group] Node -1 disconnected.
2025-06-23T17:36:39.943-06:00  WARN 25632 --- [proyecto-access-1] [ntainer#3-0-C-1] org.apache.kafka.clients.NetworkClient   : [Consumer clientId=consumer-materia-service-group-6, groupId=materia-service-group] Connection to node -1 (localhost/127.0.0.1:9092) could not be established. Node may not be available.
2025-06-23T17:36:39.943-06:00  WARN 25632 --- [proyecto-access-1] [tainer#20-0-C-1] org.apache.kafka.clients.NetworkClient   : [Consumer clientId=consumer-materia-service-group-15, groupId=materia-service-group] Connection to node -1 (localhost/127.0.0.1:9092) could not be established. Node may not be available.
2025-06-23T17:36:39.943-06:00  WARN 25632 --- [proyecto-access-1] [ntainer#3-0-C-1] org.apache.kafka.clients.NetworkClient   : [Consumer clientId=consumer-materia-service-group-6, groupId=materia-service-group] Bootstrap broker localhost:9092 (id: -1 rack: null) disconnected
2025-06-23T17:36:39.943-06:00  WARN 25632 --- [proyecto-access-1] [tainer#20-0-C-1] org.apache.kafka.clients.NetworkClient   : [Consumer clientId=consumer-materia-service-group-15, groupId=materia-service-group] Bootstrap broker localhost:9092 (id: -1 rack: null) disconnected
2025-06-23T17:36:39.943-06:00  INFO 25632 --- [proyecto-access-1] [tainer#16-0-C-1] org.apache.kafka.clients.NetworkClient   : [Consumer clientId=consumer-materia-service-group-30, groupId=materia-service-group] Node -1 disconnected.
2025-06-23T17:36:39.943-06:00  INFO 25632 --- [proyecto-access-1] [tainer#31-0-C-1] org.apache.kafka.clients.NetworkClient   : [Consumer clientId=consumer-materia-service-group-27, groupId=materia-service-group] Node -1 disconnected.
2025-06-23T17:36:39.943-06:00  WARN 25632 --- [proyecto-access-1] [tainer#16-0-C-1] org.apache.kafka.clients.NetworkClient   : [Consumer clientId=consumer-materia-service-group-30, groupId=materia-service-group] Connection to node -1 (localhost/127.0.0.1:9092) could not be established. Node may not be available.
2025-06-23T17:36:39.943-06:00  WARN 25632 --- [proyecto-access-1] [tainer#31-0-C-1] org.apache.kafka.clients.NetworkClient   : [Consumer clientId=consumer-materia-service-group-27, groupId=materia-service-group] Connection to node -1 (localhost/127.0.0.1:9092) could not be established. Node may not be available.
2025-06-23T17:36:39.943-06:00  INFO 25632 --- [proyecto-access-1] [tainer#22-0-C-1] org.apache.kafka.clients.NetworkClient   : [Consumer clientId=consumer-materia-service-group-12, groupId=materia-service-group] Node -1 disconnected.
2025-06-23T17:36:39.943-06:00  WARN 25632 --- [proyecto-access-1] [tainer#16-0-C-1] org.apache.kafka.clients.NetworkClient   : [Consumer clientId=consumer-materia-service-group-30, groupId=materia-service-group] Bootstrap broker localhost:9092 (id: -1 rack: null) disconnected
2025-06-23T17:36:39.943-06:00  WARN 25632 --- [proyecto-access-1] [tainer#31-0-C-1] org.apache.kafka.clients.NetworkClient   : [Consumer clientId=consumer-materia-service-group-27, groupId=materia-service-group] Bootstrap broker localhost:9092 (id: -1 rack: null) disconnected
2025-06-23T17:36:39.943-06:00  WARN 25632 --- [proyecto-access-1] [tainer#22-0-C-1] org.apache.kafka.clients.NetworkClient   : [Consumer clientId=consumer-materia-service-group-12, groupId=materia-service-group] Connection to node -1 (localhost/127.0.0.1:9092) could not be established. Node may not be available.
2025-06-23T17:36:39.944-06:00  WARN 25632 --- [proyecto-access-1] [tainer#22-0-C-1] org.apache.kafka.clients.NetworkClient   : [Consumer clientId=consumer-materia-service-group-12, groupId=materia-service-group] Bootstrap broker localhost:9092 (id: -1 rack: null) disconnected
2025-06-23T17:36:39.945-06:00  INFO 25632 --- [proyecto-access-1] [tainer#29-0-C-1] org.apache.kafka.clients.NetworkClient   : [Consumer clientId=consumer-materia-service-group-11, groupId=materia-service-group] Node -1 disconnected.
2025-06-23T17:36:39.946-06:00  WARN 25632 --- [proyecto-access-1] [tainer#29-0-C-1] org.apache.kafka.clients.NetworkClient   : [Consumer clientId=consumer-materia-service-group-11, groupId=materia-service-group] Connection to node -1 (localhost/127.0.0.1:9092) could not be established. Node may not be available.
2025-06-23T17:36:39.946-06:00  WARN 25632 --- [proyecto-access-1] [tainer#29-0-C-1] org.apache.kafka.clients.NetworkClient   : [Consumer clientId=consumer-materia-service-group-11, groupId=materia-service-group] Bootstrap broker localhost:9092 (id: -1 rack: null) disconnected
2025-06-23T17:36:39.946-06:00  INFO 25632 --- [proyecto-access-1] [ntainer#6-0-C-1] org.apache.kafka.clients.NetworkClient   : [Consumer clientId=consumer-materia-service-group-1, groupId=materia-service-group] Node -1 disconnected.
2025-06-23T17:36:39.946-06:00  WARN 25632 --- [proyecto-access-1] [ntainer#6-0-C-1] org.apache.kafka.clients.NetworkClient   : [Consumer clientId=consumer-materia-service-group-1, groupId=materia-service-group] Connection to node -1 (localhost/127.0.0.1:9092) could not be established. Node may not be available.
2025-06-23T17:36:39.947-06:00  WARN 25632 --- [proyecto-access-1] [ntainer#6-0-C-1] org.apache.kafka.clients.NetworkClient   : [Consumer clientId=consumer-materia-service-group-1, groupId=materia-service-group] Bootstrap broker localhost:9092 (id: -1 rack: null) disconnected
2025-06-23T17:36:39.949-06:00  INFO 25632 --- [proyecto-access-1] [ntainer#4-0-C-1] org.apache.kafka.clients.NetworkClient   : [Consumer clientId=consumer-materia-service-group-8, groupId=materia-service-group] Node -1 disconnected.
2025-06-23T17:36:39.949-06:00  WARN 25632 --- [proyecto-access-1] [ntainer#4-0-C-1] org.apache.kafka.clients.NetworkClient   : [Consumer clientId=consumer-materia-service-group-8, groupId=materia-service-group] Connection to node -1 (localhost/127.0.0.1:9092) could not be established. Node may not be available.
2025-06-23T17:36:39.949-06:00  WARN 25632 --- [proyecto-access-1] [ntainer#4-0-C-1] org.apache.kafka.clients.NetworkClient   : [Consumer clientId=consumer-materia-service-group-8, groupId=materia-service-group] Bootstrap broker localhost:9092 (id: -1 rack: null) disconnected
2025-06-23T17:36:39.950-06:00  INFO 25632 --- [proyecto-access-1] [tainer#30-0-C-1] org.apache.kafka.clients.NetworkClient   : [Consumer clientId=consumer-materia-service-group-7, groupId=materia-service-group] Node -1 disconnected.
2025-06-23T17:36:39.950-06:00  INFO 25632 --- [proyecto-access-1] [tainer#15-0-C-1] org.apache.kafka.clients.NetworkClient   : [Consumer clientId=consumer-materia-service-group-29, groupId=materia-service-group] Node -1 disconnected.
2025-06-23T17:36:39.950-06:00  WARN 25632 --- [proyecto-access-1] [tainer#30-0-C-1] org.apache.kafka.clients.NetworkClient   : [Consumer clientId=consumer-materia-service-group-7, groupId=materia-service-group] Connection to node -1 (localhost/127.0.0.1:9092) could not be established. Node may not be available.
2025-06-23T17:36:39.950-06:00  WARN 25632 --- [proyecto-access-1] [tainer#15-0-C-1] org.apache.kafka.clients.NetworkClient   : [Consumer clientId=consumer-materia-service-group-29, groupId=materia-service-group] Connection to node -1 (localhost/127.0.0.1:9092) could not be established. Node may not be available.
2025-06-23T17:36:39.950-06:00  WARN 25632 --- [proyecto-access-1] [tainer#30-0-C-1] org.apache.kafka.clients.NetworkClient   : [Consumer clientId=consumer-materia-service-group-7, groupId=materia-service-group] Bootstrap broker localhost:9092 (id: -1 rack: null) disconnected
2025-06-23T17:36:39.950-06:00  WARN 25632 --- [proyecto-access-1] [tainer#15-0-C-1] org.apache.kafka.clients.NetworkClient   : [Consumer clientId=consumer-materia-service-group-29, groupId=materia-service-group] Bootstrap broker localhost:9092 (id: -1 rack: null) disconnected
2025-06-23T17:36:39.952-06:00  INFO 25632 --- [proyecto-access-1] [tainer#12-0-C-1] org.apache.kafka.clients.NetworkClient   : [Consumer clientId=consumer-materia-service-group-26, groupId=materia-service-group] Node -1 disconnected.
2025-06-23T17:36:39.952-06:00  INFO 25632 --- [proyecto-access-1] [tainer#11-0-C-1] org.apache.kafka.clients.NetworkClient   : [Consumer clientId=consumer-materia-service-group-25, groupId=materia-service-group] Node -1 disconnected.
2025-06-23T17:36:39.952-06:00  WARN 25632 --- [proyecto-access-1] [tainer#12-0-C-1] org.apache.kafka.clients.NetworkClient   : [Consumer clientId=consumer-materia-service-group-26, groupId=materia-service-group] Connection to node -1 (localhost/127.0.0.1:9092) could not be established. Node may not be available.
2025-06-23T17:36:39.952-06:00  WARN 25632 --- [proyecto-access-1] [tainer#11-0-C-1] org.apache.kafka.clients.NetworkClient   : [Consumer clientId=consumer-materia-service-group-25, groupId=materia-service-group] Connection to node -1 (localhost/127.0.0.1:9092) could not be established. Node may not be available.
2025-06-23T17:36:39.952-06:00  WARN 25632 --- [proyecto-access-1] [tainer#12-0-C-1] org.apache.kafka.clients.NetworkClient   : [Consumer clientId=consumer-materia-service-group-26, groupId=materia-service-group] Bootstrap broker localhost:9092 (id: -1 rack: null) disconnected
2025-06-23T17:36:39.952-06:00  WARN 25632 --- [proyecto-access-1] [tainer#11-0-C-1] org.apache.kafka.clients.NetworkClient   : [Consumer clientId=consumer-materia-service-group-25, groupId=materia-service-group] Bootstrap broker localhost:9092 (id: -1 rack: null) disconnected
2025-06-23T17:36:39.954-06:00  INFO 25632 --- [proyecto-access-1] [tainer#13-0-C-1] org.apache.kafka.clients.NetworkClient   : [Consumer clientId=consumer-materia-service-group-31, groupId=materia-service-group] Node -1 disconnected.
2025-06-23T17:36:39.954-06:00  INFO 25632 --- [proyecto-access-1] [tainer#14-0-C-1] org.apache.kafka.clients.NetworkClient   : [Consumer clientId=consumer-materia-service-group-32, groupId=materia-service-group] Node -1 disconnected.
2025-06-23T17:36:39.954-06:00  WARN 25632 --- [proyecto-access-1] [tainer#13-0-C-1] org.apache.kafka.clients.NetworkClient   : [Consumer clientId=consumer-materia-service-group-31, groupId=materia-service-group] Connection to node -1 (localhost/127.0.0.1:9092) could not be established. Node may not be available.
2025-06-23T17:36:39.954-06:00  WARN 25632 --- [proyecto-access-1] [tainer#13-0-C-1] org.apache.kafka.clients.NetworkClient   : [Consumer clientId=consumer-materia-service-group-31, groupId=materia-service-group] Bootstrap broker localhost:9092 (id: -1 rack: null) disconnected
2025-06-23T17:36:39.954-06:00  WARN 25632 --- [proyecto-access-1] [tainer#14-0-C-1] org.apache.kafka.clients.NetworkClient   : [Consumer clientId=consumer-materia-service-group-32, groupId=materia-service-group] Connection to node -1 (localhost/127.0.0.1:9092) could not be established. Node may not be available.
2025-06-23T17:36:39.954-06:00  WARN 25632 --- [proyecto-access-1] [tainer#14-0-C-1] org.apache.kafka.clients.NetworkClient   : [Consumer clientId=consumer-materia-service-group-32, groupId=materia-service-group] Bootstrap broker localhost:9092 (id: -1 rack: null) disconnected
2025-06-23T17:36:39.955-06:00  INFO 25632 --- [proyecto-access-1] [ntainer#5-0-C-1] org.apache.kafka.clients.NetworkClient   : [Consumer clientId=consumer-materia-service-group-9, groupId=materia-service-group] Node -1 disconnected.
2025-06-23T17:36:39.955-06:00  INFO 25632 --- [proyecto-access-1] [tainer#21-0-C-1] org.apache.kafka.clients.NetworkClient   : [Consumer clientId=consumer-materia-service-group-17, groupId=materia-service-group] Node -1 disconnected.
2025-06-23T17:36:39.955-06:00  WARN 25632 --- [proyecto-access-1] [ntainer#5-0-C-1] org.apache.kafka.clients.NetworkClient   : [Consumer clientId=consumer-materia-service-group-9, groupId=materia-service-group] Connection to node -1 (localhost/127.0.0.1:9092) could not be established. Node may not be available.
2025-06-23T17:36:39.955-06:00  INFO 25632 --- [proyecto-access-1] [tainer#26-0-C-1] org.apache.kafka.clients.NetworkClient   : [Consumer clientId=consumer-materia-service-group-18, groupId=materia-service-group] Node -1 disconnected.
2025-06-23T17:36:39.955-06:00  WARN 25632 --- [proyecto-access-1] [ntainer#5-0-C-1] org.apache.kafka.clients.NetworkClient   : [Consumer clientId=consumer-materia-service-group-9, groupId=materia-service-group] Bootstrap broker localhost:9092 (id: -1 rack: null) disconnected
2025-06-23T17:36:39.955-06:00  INFO 25632 --- [proyecto-access-1] [tainer#10-0-C-1] org.apache.kafka.clients.NetworkClient   : [Consumer clientId=consumer-materia-service-group-28, groupId=materia-service-group] Node -1 disconnected.
2025-06-23T17:36:39.955-06:00  WARN 25632 --- [proyecto-access-1] [tainer#21-0-C-1] org.apache.kafka.clients.NetworkClient   : [Consumer clientId=consumer-materia-service-group-17, groupId=materia-service-group] Connection to node -1 (localhost/127.0.0.1:9092) could not be established. Node may not be available.
2025-06-23T17:36:39.955-06:00  WARN 25632 --- [proyecto-access-1] [tainer#26-0-C-1] org.apache.kafka.clients.NetworkClient   : [Consumer clientId=consumer-materia-service-group-18, groupId=materia-service-group] Connection to node -1 (localhost/127.0.0.1:9092) could not be established. Node may not be available.
2025-06-23T17:36:39.955-06:00  WARN 25632 --- [proyecto-access-1] [tainer#10-0-C-1] org.apache.kafka.clients.NetworkClient   : [Consumer clientId=consumer-materia-service-group-28, groupId=materia-service-group] Connection to node -1 (localhost/127.0.0.1:9092) could not be established. Node may not be available.
2025-06-23T17:36:39.956-06:00  WARN 25632 --- [proyecto-access-1] [tainer#21-0-C-1] org.apache.kafka.clients.NetworkClient   : [Consumer clientId=consumer-materia-service-group-17, groupId=materia-service-group] Bootstrap broker localhost:9092 (id: -1 rack: null) disconnected
2025-06-23T17:36:39.956-06:00  WARN 25632 --- [proyecto-access-1] [tainer#26-0-C-1] org.apache.kafka.clients.NetworkClient   : [Consumer clientId=consumer-materia-service-group-18, groupId=materia-service-group] Bootstrap broker localhost:9092 (id: -1 rack: null) disconnected
2025-06-23T17:36:39.956-06:00  WARN 25632 --- [proyecto-access-1] [tainer#10-0-C-1] org.apache.kafka.clients.NetworkClient   : [Consumer clientId=consumer-materia-service-group-28, groupId=materia-service-group] Bootstrap broker localhost:9092 (id: -1 rack: null) disconnected
2025-06-23T17:36:39.957-06:00  INFO 25632 --- [proyecto-access-1] [ntainer#8-0-C-1] org.apache.kafka.clients.NetworkClient   : [Consumer clientId=consumer-materia-service-group-3, groupId=materia-service-group] Node -1 disconnected.
2025-06-23T17:36:39.958-06:00  WARN 25632 --- [proyecto-access-1] [ntainer#8-0-C-1] org.apache.kafka.clients.NetworkClient   : [Consumer clientId=consumer-materia-service-group-3, groupId=materia-service-group] Connection to node -1 (localhost/127.0.0.1:9092) could not be established. Node may not be available.
2025-06-23T17:36:39.958-06:00  WARN 25632 --- [proyecto-access-1] [ntainer#8-0-C-1] org.apache.kafka.clients.NetworkClient   : [Consumer clientId=consumer-materia-service-group-3, groupId=materia-service-group] Bootstrap broker localhost:9092 (id: -1 rack: null) disconnected
2025-06-23T17:36:39.959-06:00  INFO 25632 --- [proyecto-access-1] [ntainer#9-0-C-1] org.apache.kafka.clients.NetworkClient   : [Consumer clientId=consumer-materia-service-group-4, groupId=materia-service-group] Node -1 disconnected.
2025-06-23T17:36:39.959-06:00  WARN 25632 --- [proyecto-access-1] [ntainer#9-0-C-1] org.apache.kafka.clients.NetworkClient   : [Consumer clientId=consumer-materia-service-group-4, groupId=materia-service-group] Connection to node -1 (localhost/127.0.0.1:9092) could not be established. Node may not be available.
2025-06-23T17:36:39.960-06:00  WARN 25632 --- [proyecto-access-1] [ntainer#9-0-C-1] org.apache.kafka.clients.NetworkClient   : [Consumer clientId=consumer-materia-service-group-4, groupId=materia-service-group] Bootstrap broker localhost:9092 (id: -1 rack: null) disconnected
2025-06-23T17:36:39.964-06:00  INFO 25632 --- [proyecto-access-1] [tainer#19-0-C-1] org.apache.kafka.clients.NetworkClient   : [Consumer clientId=consumer-materia-service-group-22, groupId=materia-service-group] Node -1 disconnected.
2025-06-23T17:36:39.964-06:00  INFO 25632 --- [proyecto-access-1] [tainer#17-0-C-1] org.apache.kafka.clients.NetworkClient   : [Consumer clientId=consumer-materia-service-group-23, groupId=materia-service-group] Node -1 disconnected.
2025-06-23T17:36:39.965-06:00  WARN 25632 --- [proyecto-access-1] [tainer#19-0-C-1] org.apache.kafka.clients.NetworkClient   : [Consumer clientId=consumer-materia-service-group-22, groupId=materia-service-group] Connection to node -1 (localhost/127.0.0.1:9092) could not be established. Node may not be available.
2025-06-23T17:36:39.965-06:00  WARN 25632 --- [proyecto-access-1] [tainer#17-0-C-1] org.apache.kafka.clients.NetworkClient   : [Consumer clientId=consumer-materia-service-group-23, groupId=materia-service-group] Connection to node -1 (localhost/127.0.0.1:9092) could not be established. Node may not be available.
2025-06-23T17:36:39.965-06:00  WARN 25632 --- [proyecto-access-1] [tainer#19-0-C-1] org.apache.kafka.clients.NetworkClient   : [Consumer clientId=consumer-materia-service-group-22, groupId=materia-service-group] Bootstrap broker localhost:9092 (id: -1 rack: null) disconnected
2025-06-23T17:36:39.965-06:00  WARN 25632 --- [proyecto-access-1] [tainer#17-0-C-1] org.apache.kafka.clients.NetworkClient   : [Consumer clientId=consumer-materia-service-group-23, groupId=materia-service-group] Bootstrap broker localhost:9092 (id: -1 rack: null) disconnected
2025-06-23T17:36:40.049-06:00  INFO 25632 --- [proyecto-access-1] [ntainer#1-0-C-1] org.apache.kafka.clients.NetworkClient   : [Consumer clientId=consumer-materia-service-group-16, groupId=materia-service-group] Node -1 disconnected.
2025-06-23T17:36:40.049-06:00  INFO 25632 --- [proyecto-access-1] [ntainer#7-0-C-1] org.apache.kafka.clients.NetworkClient   : [Consumer clientId=consumer-materia-service-group-2, groupId=materia-service-group] Node -1 disconnected.
2025-06-23T17:36:40.049-06:00  INFO 25632 --- [proyecto-access-1] [tainer#16-0-C-1] org.apache.kafka.clients.NetworkClient   : [Consumer clientId=consumer-materia-service-group-30, groupId=materia-service-group] Node -1 disconnected.
2025-06-23T17:36:40.049-06:00  WARN 25632 --- [proyecto-access-1] [ntainer#7-0-C-1] org.apache.kafka.clients.NetworkClient   : [Consumer clientId=consumer-materia-service-group-2, groupId=materia-service-group] Connection to node -1 (localhost/127.0.0.1:9092) could not be established. Node may not be available.
2025-06-23T17:36:40.049-06:00  INFO 25632 --- [proyecto-access-1] [tainer#24-0-C-1] org.apache.kafka.clients.NetworkClient   : [Consumer clientId=consumer-materia-service-group-20, groupId=materia-service-group] Node -1 disconnected.
2025-06-23T17:36:40.049-06:00  WARN 25632 --- [proyecto-access-1] [ntainer#7-0-C-1] org.apache.kafka.clients.NetworkClient   : [Consumer clientId=consumer-materia-service-group-2, groupId=materia-service-group] Bootstrap broker localhost:9092 (id: -1 rack: null) disconnected
2025-06-23T17:36:40.049-06:00  INFO 25632 --- [proyecto-access-1] [ntainer#0-0-C-1] org.apache.kafka.clients.NetworkClient   : [Consumer clientId=consumer-materia-service-group-14, groupId=materia-service-group] Node -1 disconnected.
2025-06-23T17:36:40.049-06:00  WARN 25632 --- [proyecto-access-1] [tainer#24-0-C-1] org.apache.kafka.clients.NetworkClient   : [Consumer clientId=consumer-materia-service-group-20, groupId=materia-service-group] Connection to node -1 (localhost/127.0.0.1:9092) could not be established. Node may not be available.
2025-06-23T17:36:40.049-06:00  INFO 25632 --- [proyecto-access-1] [tainer#28-0-C-1] org.apache.kafka.clients.NetworkClient   : [Consumer clientId=consumer-materia-service-group-10, groupId=materia-service-group] Node -1 disconnected.
2025-06-23T17:36:40.049-06:00  WARN 25632 --- [proyecto-access-1] [ntainer#1-0-C-1] org.apache.kafka.clients.NetworkClient   : [Consumer clientId=consumer-materia-service-group-16, groupId=materia-service-group] Connection to node -1 (localhost/127.0.0.1:9092) could not be established. Node may not be available.
2025-06-23T17:36:40.049-06:00  WARN 25632 --- [proyecto-access-1] [tainer#28-0-C-1] org.apache.kafka.clients.NetworkClient   : [Consumer clientId=consumer-materia-service-group-10, groupId=materia-service-group] Connection to node -1 (localhost/127.0.0.1:9092) could not be established. Node may not be available.
2025-06-23T17:36:40.049-06:00  WARN 25632 --- [proyecto-access-1] [ntainer#1-0-C-1] org.apache.kafka.clients.NetworkClient   : [Consumer clientId=consumer-materia-service-group-16, groupId=materia-service-group] Bootstrap broker localhost:9092 (id: -1 rack: null) disconnected
2025-06-23T17:36:40.049-06:00  WARN 25632 --- [proyecto-access-1] [tainer#28-0-C-1] org.apache.kafka.clients.NetworkClient   : [Consumer clientId=consumer-materia-service-group-10, groupId=materia-service-group] Bootstrap broker localhost:9092 (id: -1 rack: null) disconnected
2025-06-23T17:36:40.049-06:00  INFO 25632 --- [proyecto-access-1] [tainer#22-0-C-1] org.apache.kafka.clients.NetworkClient   : [Consumer clientId=consumer-materia-service-group-12, groupId=materia-service-group] Node -1 disconnected.
2025-06-23T17:36:40.049-06:00  INFO 25632 --- [proyecto-access-1] [tainer#31-0-C-1] org.apache.kafka.clients.NetworkClient   : [Consumer clientId=consumer-materia-service-group-27, groupId=materia-service-group] Node -1 disconnected.
2025-06-23T17:36:40.049-06:00  WARN 25632 --- [proyecto-access-1] [tainer#16-0-C-1] org.apache.kafka.clients.NetworkClient   : [Consumer clientId=consumer-materia-service-group-30, groupId=materia-service-group] Connection to node -1 (localhost/127.0.0.1:9092) could not be established. Node may not be available.
2025-06-23T17:36:40.049-06:00  WARN 25632 --- [proyecto-access-1] [tainer#31-0-C-1] org.apache.kafka.clients.NetworkClient   : [Consumer clientId=consumer-materia-service-group-27, groupId=materia-service-group] Connection to node -1 (localhost/127.0.0.1:9092) could not be established. Node may not be available.
2025-06-23T17:36:40.049-06:00  WARN 25632 --- [proyecto-access-1] [ntainer#0-0-C-1] org.apache.kafka.clients.NetworkClient   : [Consumer clientId=consumer-materia-service-group-14, groupId=materia-service-group] Connection to node -1 (localhost/127.0.0.1:9092) could not be established. Node may not be available.
2025-06-23T17:36:40.049-06:00  WARN 25632 --- [proyecto-access-1] [tainer#24-0-C-1] org.apache.kafka.clients.NetworkClient   : [Consumer clientId=consumer-materia-service-group-20, groupId=materia-service-group] Bootstrap broker localhost:9092 (id: -1 rack: null) disconnected
2025-06-23T17:36:40.049-06:00  WARN 25632 --- [proyecto-access-1] [ntainer#0-0-C-1] org.apache.kafka.clients.NetworkClient   : [Consumer clientId=consumer-materia-service-group-14, groupId=materia-service-group] Bootstrap broker localhost:9092 (id: -1 rack: null) disconnected
2025-06-23T17:36:40.049-06:00  INFO 25632 --- [proyecto-access-1] [tainer#20-0-C-1] org.apache.kafka.clients.NetworkClient   : [Consumer clientId=consumer-materia-service-group-15, groupId=materia-service-group] Node -1 disconnected.
2025-06-23T17:36:40.049-06:00  INFO 25632 --- [proyecto-access-1] [ntainer#2-0-C-1] org.apache.kafka.clients.NetworkClient   : [Consumer clientId=consumer-materia-service-group-5, groupId=materia-service-group] Node -1 disconnected.
2025-06-23T17:36:40.049-06:00  WARN 25632 --- [proyecto-access-1] [tainer#22-0-C-1] org.apache.kafka.clients.NetworkClient   : [Consumer clientId=consumer-materia-service-group-12, groupId=materia-service-group] Connection to node -1 (localhost/127.0.0.1:9092) could not be established. Node may not be available.
2025-06-23T17:36:40.049-06:00  INFO 25632 --- [proyecto-access-1] [tainer#23-0-C-1] org.apache.kafka.clients.NetworkClient   : [Consumer clientId=consumer-materia-service-group-13, groupId=materia-service-group] Node -1 disconnected.
2025-06-23T17:36:40.049-06:00  WARN 25632 --- [proyecto-access-1] [tainer#16-0-C-1] org.apache.kafka.clients.NetworkClient   : [Consumer clientId=consumer-materia-service-group-30, groupId=materia-service-group] Bootstrap broker localhost:9092 (id: -1 rack: null) disconnected
2025-06-23T17:36:40.049-06:00  WARN 25632 --- [proyecto-access-1] [tainer#31-0-C-1] org.apache.kafka.clients.NetworkClient   : [Consumer clientId=consumer-materia-service-group-27, groupId=materia-service-group] Bootstrap broker localhost:9092 (id: -1 rack: null) disconnected
2025-06-23T17:36:40.049-06:00  INFO 25632 --- [proyecto-access-1] [ntainer#3-0-C-1] org.apache.kafka.clients.NetworkClient   : [Consumer clientId=consumer-materia-service-group-6, groupId=materia-service-group] Node -1 disconnected.
2025-06-23T17:36:40.050-06:00  INFO 25632 --- [proyecto-access-1] [tainer#25-0-C-1] org.apache.kafka.clients.NetworkClient   : [Consumer clientId=consumer-materia-service-group-21, groupId=materia-service-group] Node -1 disconnected.
2025-06-23T17:36:40.050-06:00  WARN 25632 --- [proyecto-access-1] [tainer#20-0-C-1] org.apache.kafka.clients.NetworkClient   : [Consumer clientId=consumer-materia-service-group-15, groupId=materia-service-group] Connection to node -1 (localhost/127.0.0.1:9092) could not be established. Node may not be available.
2025-06-23T17:36:40.050-06:00  WARN 25632 --- [proyecto-access-1] [ntainer#2-0-C-1] org.apache.kafka.clients.NetworkClient   : [Consumer clientId=consumer-materia-service-group-5, groupId=materia-service-group] Connection to node -1 (localhost/127.0.0.1:9092) could not be established. Node may not be available.
2025-06-23T17:36:40.050-06:00  WARN 25632 --- [proyecto-access-1] [tainer#20-0-C-1] org.apache.kafka.clients.NetworkClient   : [Consumer clientId=consumer-materia-service-group-15, groupId=materia-service-group] Bootstrap broker localhost:9092 (id: -1 rack: null) disconnected
2025-06-23T17:36:40.050-06:00  WARN 25632 --- [proyecto-access-1] [tainer#22-0-C-1] org.apache.kafka.clients.NetworkClient   : [Consumer clientId=consumer-materia-service-group-12, groupId=materia-service-group] Bootstrap broker localhost:9092 (id: -1 rack: null) disconnected
2025-06-23T17:36:40.050-06:00  WARN 25632 --- [proyecto-access-1] [tainer#23-0-C-1] org.apache.kafka.clients.NetworkClient   : [Consumer clientId=consumer-materia-service-group-13, groupId=materia-service-group] Connection to node -1 (localhost/127.0.0.1:9092) could not be established. Node may not be available.
2025-06-23T17:36:40.050-06:00  WARN 25632 --- [proyecto-access-1] [tainer#23-0-C-1] org.apache.kafka.clients.NetworkClient   : [Consumer clientId=consumer-materia-service-group-13, groupId=materia-service-group] Bootstrap broker localhost:9092 (id: -1 rack: null) disconnected
2025-06-23T17:36:40.050-06:00  WARN 25632 --- [proyecto-access-1] [ntainer#3-0-C-1] org.apache.kafka.clients.NetworkClient   : [Consumer clientId=consumer-materia-service-group-6, groupId=materia-service-group] Connection to node -1 (localhost/127.0.0.1:9092) could not be established. Node may not be available.
2025-06-23T17:36:40.050-06:00  WARN 25632 --- [proyecto-access-1] [tainer#25-0-C-1] org.apache.kafka.clients.NetworkClient   : [Consumer clientId=consumer-materia-service-group-21, groupId=materia-service-group] Connection to node -1 (localhost/127.0.0.1:9092) could not be established. Node may not be available.
2025-06-23T17:36:40.050-06:00  WARN 25632 --- [proyecto-access-1] [ntainer#2-0-C-1] org.apache.kafka.clients.NetworkClient   : [Consumer clientId=consumer-materia-service-group-5, groupId=materia-service-group] Bootstrap broker localhost:9092 (id: -1 rack: null) disconnected
2025-06-23T17:36:40.050-06:00  WARN 25632 --- [proyecto-access-1] [ntainer#3-0-C-1] org.apache.kafka.clients.NetworkClient   : [Consumer clientId=consumer-materia-service-group-6, groupId=materia-service-group] Bootstrap broker localhost:9092 (id: -1 rack: null) disconnected
2025-06-23T17:36:40.050-06:00  WARN 25632 --- [proyecto-access-1] [tainer#25-0-C-1] org.apache.kafka.clients.NetworkClient   : [Consumer clientId=consumer-materia-service-group-21, groupId=materia-service-group] Bootstrap broker localhost:9092 (id: -1 rack: null) disconnected
2025-06-23T17:36:40.064-06:00  INFO 25632 --- [proyecto-access-1] [tainer#12-0-C-1] org.apache.kafka.clients.NetworkClient   : [Consumer clientId=consumer-materia-service-group-26, groupId=materia-service-group] Node -1 disconnected.
2025-06-23T17:36:40.064-06:00  INFO 25632 --- [proyecto-access-1] [tainer#10-0-C-1] org.apache.kafka.clients.NetworkClient   : [Consumer clientId=consumer-materia-service-group-28, groupId=materia-service-group] Node -1 disconnected.
2025-06-23T17:36:40.064-06:00  INFO 25632 --- [proyecto-access-1] [tainer#26-0-C-1] org.apache.kafka.clients.NetworkClient   : [Consumer clientId=consumer-materia-service-group-18, groupId=materia-service-group] Node -1 disconnected.
2025-06-23T17:36:40.065-06:00  WARN 25632 --- [proyecto-access-1] [tainer#10-0-C-1] org.apache.kafka.clients.NetworkClient   : [Consumer clientId=consumer-materia-service-group-28, groupId=materia-service-group] Connection to node -1 (localhost/127.0.0.1:9092) could not be established. Node may not be available.
2025-06-23T17:36:40.065-06:00  INFO 25632 --- [proyecto-access-1] [ntainer#8-0-C-1] org.apache.kafka.clients.NetworkClient   : [Consumer clientId=consumer-materia-service-group-3, groupId=materia-service-group] Node -1 disconnected.
2025-06-23T17:36:40.064-06:00  INFO 25632 --- [proyecto-access-1] [tainer#11-0-C-1] org.apache.kafka.clients.NetworkClient   : [Consumer clientId=consumer-materia-service-group-25, groupId=materia-service-group] Node -1 disconnected.
2025-06-23T17:36:40.065-06:00  WARN 25632 --- [proyecto-access-1] [ntainer#8-0-C-1] org.apache.kafka.clients.NetworkClient   : [Consumer clientId=consumer-materia-service-group-3, groupId=materia-service-group] Connection to node -1 (localhost/127.0.0.1:9092) could not be established. Node may not be available.
2025-06-23T17:36:40.064-06:00  INFO 25632 --- [proyecto-access-1] [tainer#30-0-C-1] org.apache.kafka.clients.NetworkClient   : [Consumer clientId=consumer-materia-service-group-7, groupId=materia-service-group] Node -1 disconnected.
2025-06-23T17:36:40.065-06:00  WARN 25632 --- [proyecto-access-1] [ntainer#8-0-C-1] org.apache.kafka.clients.NetworkClient   : [Consumer clientId=consumer-materia-service-group-3, groupId=materia-service-group] Bootstrap broker localhost:9092 (id: -1 rack: null) disconnected
2025-06-23T17:36:40.064-06:00  INFO 25632 --- [proyecto-access-1] [tainer#14-0-C-1] org.apache.kafka.clients.NetworkClient   : [Consumer clientId=consumer-materia-service-group-32, groupId=materia-service-group] Node -1 disconnected.
2025-06-23T17:36:40.065-06:00  WARN 25632 --- [proyecto-access-1] [tainer#30-0-C-1] org.apache.kafka.clients.NetworkClient   : [Consumer clientId=consumer-materia-service-group-7, groupId=materia-service-group] Connection to node -1 (localhost/127.0.0.1:9092) could not be established. Node may not be available.
2025-06-23T17:36:40.065-06:00  WARN 25632 --- [proyecto-access-1] [tainer#12-0-C-1] org.apache.kafka.clients.NetworkClient   : [Consumer clientId=consumer-materia-service-group-26, groupId=materia-service-group] Connection to node -1 (localhost/127.0.0.1:9092) could not be established. Node may not be available.
2025-06-23T17:36:40.065-06:00  INFO 25632 --- [proyecto-access-1] [ntainer#4-0-C-1] org.apache.kafka.clients.NetworkClient   : [Consumer clientId=consumer-materia-service-group-8, groupId=materia-service-group] Node -1 disconnected.
2025-06-23T17:36:40.065-06:00  WARN 25632 --- [proyecto-access-1] [tainer#12-0-C-1] org.apache.kafka.clients.NetworkClient   : [Consumer clientId=consumer-materia-service-group-26, groupId=materia-service-group] Bootstrap broker localhost:9092 (id: -1 rack: null) disconnected
2025-06-23T17:36:40.065-06:00  WARN 25632 --- [proyecto-access-1] [tainer#10-0-C-1] org.apache.kafka.clients.NetworkClient   : [Consumer clientId=consumer-materia-service-group-28, groupId=materia-service-group] Bootstrap broker localhost:9092 (id: -1 rack: null) disconnected
2025-06-23T17:36:40.065-06:00  WARN 25632 --- [proyecto-access-1] [tainer#26-0-C-1] org.apache.kafka.clients.NetworkClient   : [Consumer clientId=consumer-materia-service-group-18, groupId=materia-service-group] Connection to node -1 (localhost/127.0.0.1:9092) could not be established. Node may not be available.
2025-06-23T17:36:40.065-06:00  WARN 25632 --- [proyecto-access-1] [tainer#26-0-C-1] org.apache.kafka.clients.NetworkClient   : [Consumer clientId=consumer-materia-service-group-18, groupId=materia-service-group] Bootstrap broker localhost:9092 (id: -1 rack: null) disconnected
2025-06-23T17:36:40.065-06:00  INFO 25632 --- [proyecto-access-1] [ntainer#9-0-C-1] org.apache.kafka.clients.NetworkClient   : [Consumer clientId=consumer-materia-service-group-4, groupId=materia-service-group] Node -1 disconnected.
2025-06-23T17:36:40.065-06:00  WARN 25632 --- [proyecto-access-1] [tainer#11-0-C-1] org.apache.kafka.clients.NetworkClient   : [Consumer clientId=consumer-materia-service-group-25, groupId=materia-service-group] Connection to node -1 (localhost/127.0.0.1:9092) could not be established. Node may not be available.
2025-06-23T17:36:40.065-06:00  WARN 25632 --- [proyecto-access-1] [tainer#14-0-C-1] org.apache.kafka.clients.NetworkClient   : [Consumer clientId=consumer-materia-service-group-32, groupId=materia-service-group] Connection to node -1 (localhost/127.0.0.1:9092) could not be established. Node may not be available.
2025-06-23T17:36:40.065-06:00  WARN 25632 --- [proyecto-access-1] [tainer#30-0-C-1] org.apache.kafka.clients.NetworkClient   : [Consumer clientId=consumer-materia-service-group-7, groupId=materia-service-group] Bootstrap broker localhost:9092 (id: -1 rack: null) disconnected
2025-06-23T17:36:40.065-06:00  WARN 25632 --- [proyecto-access-1] [tainer#14-0-C-1] org.apache.kafka.clients.NetworkClient   : [Consumer clientId=consumer-materia-service-group-32, groupId=materia-service-group] Bootstrap broker localhost:9092 (id: -1 rack: null) disconnected
2025-06-23T17:36:40.065-06:00  INFO 25632 --- [proyecto-access-1] [tainer#15-0-C-1] org.apache.kafka.clients.NetworkClient   : [Consumer clientId=consumer-materia-service-group-29, groupId=materia-service-group] Node -1 disconnected.
2025-06-23T17:36:40.065-06:00  WARN 25632 --- [proyecto-access-1] [ntainer#4-0-C-1] org.apache.kafka.clients.NetworkClient   : [Consumer clientId=consumer-materia-service-group-8, groupId=materia-service-group] Connection to node -1 (localhost/127.0.0.1:9092) could not be established. Node may not be available.
2025-06-23T17:36:40.065-06:00  WARN 25632 --- [proyecto-access-1] [ntainer#9-0-C-1] org.apache.kafka.clients.NetworkClient   : [Consumer clientId=consumer-materia-service-group-4, groupId=materia-service-group] Connection to node -1 (localhost/127.0.0.1:9092) could not be established. Node may not be available.
2025-06-23T17:36:40.065-06:00  WARN 25632 --- [proyecto-access-1] [tainer#15-0-C-1] org.apache.kafka.clients.NetworkClient   : [Consumer clientId=consumer-materia-service-group-29, groupId=materia-service-group] Connection to node -1 (localhost/127.0.0.1:9092) could not be established. Node may not be available.
2025-06-23T17:36:40.065-06:00  WARN 25632 --- [proyecto-access-1] [tainer#11-0-C-1] org.apache.kafka.clients.NetworkClient   : [Consumer clientId=consumer-materia-service-group-25, groupId=materia-service-group] Bootstrap broker localhost:9092 (id: -1 rack: null) disconnected
2025-06-23T17:36:40.065-06:00  WARN 25632 --- [proyecto-access-1] [ntainer#4-0-C-1] org.apache.kafka.clients.NetworkClient   : [Consumer clientId=consumer-materia-service-group-8, groupId=materia-service-group] Bootstrap broker localhost:9092 (id: -1 rack: null) disconnected
2025-06-23T17:36:40.065-06:00  WARN 25632 --- [proyecto-access-1] [ntainer#9-0-C-1] org.apache.kafka.clients.NetworkClient   : [Consumer clientId=consumer-materia-service-group-4, groupId=materia-service-group] Bootstrap broker localhost:9092 (id: -1 rack: null) disconnected
2025-06-23T17:36:40.065-06:00  WARN 25632 --- [proyecto-access-1] [tainer#15-0-C-1] org.apache.kafka.clients.NetworkClient   : [Consumer clientId=consumer-materia-service-group-29, groupId=materia-service-group] Bootstrap broker localhost:9092 (id: -1 rack: null) disconnected
2025-06-23T17:36:40.079-06:00  INFO 25632 --- [proyecto-access-1] [tainer#19-0-C-1] org.apache.kafka.clients.NetworkClient   : [Consumer clientId=consumer-materia-service-group-22, groupId=materia-service-group] Node -1 disconnected.
2025-06-23T17:36:40.079-06:00  INFO 25632 --- [proyecto-access-1] [tainer#17-0-C-1] org.apache.kafka.clients.NetworkClient   : [Consumer clientId=consumer-materia-service-group-23, groupId=materia-service-group] Node -1 disconnected.
2025-06-23T17:36:40.080-06:00  WARN 25632 --- [proyecto-access-1] [tainer#19-0-C-1] org.apache.kafka.clients.NetworkClient   : [Consumer clientId=consumer-materia-service-group-22, groupId=materia-service-group] Connection to node -1 (localhost/127.0.0.1:9092) could not be established. Node may not be available.
2025-06-23T17:36:40.080-06:00  WARN 25632 --- [proyecto-access-1] [tainer#17-0-C-1] org.apache.kafka.clients.NetworkClient   : [Consumer clientId=consumer-materia-service-group-23, groupId=materia-service-group] Connection to node -1 (localhost/127.0.0.1:9092) could not be established. Node may not be available.
2025-06-23T17:36:40.080-06:00  WARN 25632 --- [proyecto-access-1] [tainer#19-0-C-1] org.apache.kafka.clients.NetworkClient   : [Consumer clientId=consumer-materia-service-group-22, groupId=materia-service-group] Bootstrap broker localhost:9092 (id: -1 rack: null) disconnected
2025-06-23T17:36:40.080-06:00  WARN 25632 --- [proyecto-access-1] [tainer#17-0-C-1] org.apache.kafka.clients.NetworkClient   : [Consumer clientId=consumer-materia-service-group-23, groupId=materia-service-group] Bootstrap broker localhost:9092 (id: -1 rack: null) disconnected
2025-06-23T17:36:40.110-06:00  INFO 25632 --- [proyecto-access-1] [ntainer#6-0-C-1] org.apache.kafka.clients.NetworkClient   : [Consumer clientId=consumer-materia-service-group-1, groupId=materia-service-group] Node -1 disconnected.
2025-06-23T17:36:40.110-06:00  INFO 25632 --- [proyecto-access-1] [tainer#29-0-C-1] org.apache.kafka.clients.NetworkClient   : [Consumer clientId=consumer-materia-service-group-11, groupId=materia-service-group] Node -1 disconnected.
2025-06-23T17:36:40.110-06:00  INFO 25632 --- [proyecto-access-1] [tainer#27-0-C-1] org.apache.kafka.clients.NetworkClient   : [Consumer clientId=consumer-materia-service-group-19, groupId=materia-service-group] Node -1 disconnected.
2025-06-23T17:36:40.110-06:00  INFO 25632 --- [proyecto-access-1] [tainer#18-0-C-1] org.apache.kafka.clients.NetworkClient   : [Consumer clientId=consumer-materia-service-group-24, groupId=materia-service-group] Node -1 disconnected.
2025-06-23T17:36:40.111-06:00  WARN 25632 --- [proyecto-access-1] [ntainer#6-0-C-1] org.apache.kafka.clients.NetworkClient   : [Consumer clientId=consumer-materia-service-group-1, groupId=materia-service-group] Connection to node -1 (localhost/127.0.0.1:9092) could not be established. Node may not be available.
2025-06-23T17:36:40.111-06:00  WARN 25632 --- [proyecto-access-1] [tainer#29-0-C-1] org.apache.kafka.clients.NetworkClient   : [Consumer clientId=consumer-materia-service-group-11, groupId=materia-service-group] Connection to node -1 (localhost/127.0.0.1:9092) could not be established. Node may not be available.
2025-06-23T17:36:40.111-06:00  WARN 25632 --- [proyecto-access-1] [ntainer#6-0-C-1] org.apache.kafka.clients.NetworkClient   : [Consumer clientId=consumer-materia-service-group-1, groupId=materia-service-group] Bootstrap broker localhost:9092 (id: -1 rack: null) disconnected
2025-06-23T17:36:40.111-06:00  WARN 25632 --- [proyecto-access-1] [tainer#27-0-C-1] org.apache.kafka.clients.NetworkClient   : [Consumer clientId=consumer-materia-service-group-19, groupId=materia-service-group] Connection to node -1 (localhost/127.0.0.1:9092) could not be established. Node may not be available.
2025-06-23T17:36:40.111-06:00  WARN 25632 --- [proyecto-access-1] [tainer#29-0-C-1] org.apache.kafka.clients.NetworkClient   : [Consumer clientId=consumer-materia-service-group-11, groupId=materia-service-group] Bootstrap broker localhost:9092 (id: -1 rack: null) disconnected
2025-06-23T17:36:40.111-06:00  WARN 25632 --- [proyecto-access-1] [tainer#18-0-C-1] org.apache.kafka.clients.NetworkClient   : [Consumer clientId=consumer-materia-service-group-24, groupId=materia-service-group] Connection to node -1 (localhost/127.0.0.1:9092) could not be established. Node may not be available.
2025-06-23T17:36:40.111-06:00  WARN 25632 --- [proyecto-access-1] [tainer#27-0-C-1] org.apache.kafka.clients.NetworkClient   : [Consumer clientId=consumer-materia-service-group-19, groupId=materia-service-group] Bootstrap broker localhost:9092 (id: -1 rack: null) disconnected
2025-06-23T17:36:40.111-06:00  WARN 25632 --- [proyecto-access-1] [tainer#18-0-C-1] org.apache.kafka.clients.NetworkClient   : [Consumer clientId=consumer-materia-service-group-24, groupId=materia-service-group] Bootstrap broker localhost:9092 (id: -1 rack: null) disconnected
2025-06-23T17:36:40.127-06:00  INFO 25632 --- [proyecto-access-1] [tainer#13-0-C-1] org.apache.kafka.clients.NetworkClient   : [Consumer clientId=consumer-materia-service-group-31, groupId=materia-service-group] Node -1 disconnected.
2025-06-23T17:36:40.127-06:00  INFO 25632 --- [proyecto-access-1] [tainer#21-0-C-1] org.apache.kafka.clients.NetworkClient   : [Consumer clientId=consumer-materia-service-group-17, groupId=materia-service-group] Node -1 disconnected.
2025-06-23T17:36:40.127-06:00  INFO 25632 --- [proyecto-access-1] [ntainer#5-0-C-1] org.apache.kafka.clients.NetworkClient   : [Consumer clientId=consumer-materia-service-group-9, groupId=materia-service-group] Node -1 disconnected.
2025-06-23T17:36:40.127-06:00  WARN 25632 --- [proyecto-access-1] [tainer#21-0-C-1] org.apache.kafka.clients.NetworkClient   : [Consumer clientId=consumer-materia-service-group-17, groupId=materia-service-group] Connection to node -1 (localhost/127.0.0.1:9092) could not be established. Node may not be available.
2025-06-23T17:36:40.127-06:00  WARN 25632 --- [proyecto-access-1] [ntainer#5-0-C-1] org.apache.kafka.clients.NetworkClient   : [Consumer clientId=consumer-materia-service-group-9, groupId=materia-service-group] Connection to node -1 (localhost/127.0.0.1:9092) could not be established. Node may not be available.
2025-06-23T17:36:40.127-06:00  WARN 25632 --- [proyecto-access-1] [tainer#13-0-C-1] org.apache.kafka.clients.NetworkClient   : [Consumer clientId=consumer-materia-service-group-31, groupId=materia-service-group] Connection to node -1 (localhost/127.0.0.1:9092) could not be established. Node may not be available.
2025-06-23T17:36:40.127-06:00  WARN 25632 --- [proyecto-access-1] [tainer#21-0-C-1] org.apache.kafka.clients.NetworkClient   : [Consumer clientId=consumer-materia-service-group-17, groupId=materia-service-group] Bootstrap broker localhost:9092 (id: -1 rack: null) disconnected
2025-06-23T17:36:40.127-06:00  WARN 25632 --- [proyecto-access-1] [tainer#13-0-C-1] org.apache.kafka.clients.NetworkClient   : [Consumer clientId=consumer-materia-service-group-31, groupId=materia-service-group] Bootstrap broker localhost:9092 (id: -1 rack: null) disconnected
2025-06-23T17:36:40.127-06:00  WARN 25632 --- [proyecto-access-1] [ntainer#5-0-C-1] org.apache.kafka.clients.NetworkClient   : [Consumer clientId=consumer-materia-service-group-9, groupId=materia-service-group] Bootstrap broker localhost:9092 (id: -1 rack: null) disconnected
2025-06-23T17:36:40.234-06:00  INFO 25632 --- [proyecto-access-1] [tainer#23-0-C-1] org.apache.kafka.clients.NetworkClient   : [Consumer clientId=consumer-materia-service-group-13, groupId=materia-service-group] Node -1 disconnected.
2025-06-23T17:36:40.234-06:00  INFO 25632 --- [proyecto-access-1] [tainer#31-0-C-1] org.apache.kafka.clients.NetworkClient   : [Consumer clientId=consumer-materia-service-group-27, groupId=materia-service-group] Node -1 disconnected.
2025-06-23T17:36:40.234-06:00  INFO 25632 --- [proyecto-access-1] [tainer#16-0-C-1] org.apache.kafka.clients.NetworkClient   : [Consumer clientId=consumer-materia-service-group-30, groupId=materia-service-group] Node -1 disconnected.
2025-06-23T17:36:40.234-06:00  INFO 25632 --- [proyecto-access-1] [tainer#22-0-C-1] org.apache.kafka.clients.NetworkClient   : [Consumer clientId=consumer-materia-service-group-12, groupId=materia-service-group] Node -1 disconnected.
2025-06-23T17:36:40.235-06:00  WARN 25632 --- [proyecto-access-1] [tainer#23-0-C-1] org.apache.kafka.clients.NetworkClient   : [Consumer clientId=consumer-materia-service-group-13, groupId=materia-service-group] Connection to node -1 (localhost/127.0.0.1:9092) could not be established. Node may not be available.
2025-06-23T17:36:40.235-06:00  WARN 25632 --- [proyecto-access-1] [tainer#31-0-C-1] org.apache.kafka.clients.NetworkClient   : [Consumer clientId=consumer-materia-service-group-27, groupId=materia-service-group] Connection to node -1 (localhost/127.0.0.1:9092) could not be established. Node may not be available.
2025-06-23T17:36:40.235-06:00  WARN 25632 --- [proyecto-access-1] [tainer#16-0-C-1] org.apache.kafka.clients.NetworkClient   : [Consumer clientId=consumer-materia-service-group-30, groupId=materia-service-group] Connection to node -1 (localhost/127.0.0.1:9092) could not be established. Node may not be available.
2025-06-23T17:36:40.235-06:00  WARN 25632 --- [proyecto-access-1] [tainer#22-0-C-1] org.apache.kafka.clients.NetworkClient   : [Consumer clientId=consumer-materia-service-group-12, groupId=materia-service-group] Connection to node -1 (localhost/127.0.0.1:9092) could not be established. Node may not be available.
2025-06-23T17:36:40.235-06:00  WARN 25632 --- [proyecto-access-1] [tainer#31-0-C-1] org.apache.kafka.clients.NetworkClient   : [Consumer clientId=consumer-materia-service-group-27, groupId=materia-service-group] Bootstrap broker localhost:9092 (id: -1 rack: null) disconnected
2025-06-23T17:36:40.235-06:00  WARN 25632 --- [proyecto-access-1] [tainer#23-0-C-1] org.apache.kafka.clients.NetworkClient   : [Consumer clientId=consumer-materia-service-group-13, groupId=materia-service-group] Bootstrap broker localhost:9092 (id: -1 rack: null) disconnected
2025-06-23T17:36:40.235-06:00  WARN 25632 --- [proyecto-access-1] [tainer#16-0-C-1] org.apache.kafka.clients.NetworkClient   : [Consumer clientId=consumer-materia-service-group-30, groupId=materia-service-group] Bootstrap broker localhost:9092 (id: -1 rack: null) disconnected
2025-06-23T17:36:40.235-06:00  WARN 25632 --- [proyecto-access-1] [tainer#22-0-C-1] org.apache.kafka.clients.NetworkClient   : [Consumer clientId=consumer-materia-service-group-12, groupId=materia-service-group] Bootstrap broker localhost:9092 (id: -1 rack: null) disconnected
2025-06-23T17:36:40.250-06:00  INFO 25632 --- [proyecto-access-1] [ntainer#4-0-C-1] org.apache.kafka.clients.NetworkClient   : [Consumer clientId=consumer-materia-service-group-8, groupId=materia-service-group] Node -1 disconnected.
2025-06-23T17:36:40.250-06:00  INFO 25632 --- [proyecto-access-1] [tainer#20-0-C-1] org.apache.kafka.clients.NetworkClient   : [Consumer clientId=consumer-materia-service-group-15, groupId=materia-service-group] Node -1 disconnected.
2025-06-23T17:36:40.250-06:00  WARN 25632 --- [proyecto-access-1] [ntainer#4-0-C-1] org.apache.kafka.clients.NetworkClient   : [Consumer clientId=consumer-materia-service-group-8, groupId=materia-service-group] Connection to node -1 (localhost/127.0.0.1:9092) could not be established. Node may not be available.
2025-06-23T17:36:40.250-06:00  INFO 25632 --- [proyecto-access-1] [ntainer#3-0-C-1] org.apache.kafka.clients.NetworkClient   : [Consumer clientId=consumer-materia-service-group-6, groupId=materia-service-group] Node -1 disconnected.
2025-06-23T17:36:40.250-06:00  WARN 25632 --- [proyecto-access-1] [ntainer#4-0-C-1] org.apache.kafka.clients.NetworkClient   : [Consumer clientId=consumer-materia-service-group-8, groupId=materia-service-group] Bootstrap broker localhost:9092 (id: -1 rack: null) disconnected
2025-06-23T17:36:40.250-06:00  WARN 25632 --- [proyecto-access-1] [tainer#20-0-C-1] org.apache.kafka.clients.NetworkClient   : [Consumer clientId=consumer-materia-service-group-15, groupId=materia-service-group] Connection to node -1 (localhost/127.0.0.1:9092) could not be established. Node may not be available.
2025-06-23T17:36:40.251-06:00  WARN 25632 --- [proyecto-access-1] [ntainer#3-0-C-1] org.apache.kafka.clients.NetworkClient   : [Consumer clientId=consumer-materia-service-group-6, groupId=materia-service-group] Connection to node -1 (localhost/127.0.0.1:9092) could not be established. Node may not be available.
2025-06-23T17:36:40.251-06:00  WARN 25632 --- [proyecto-access-1] [ntainer#3-0-C-1] org.apache.kafka.clients.NetworkClient   : [Consumer clientId=consumer-materia-service-group-6, groupId=materia-service-group] Bootstrap broker localhost:9092 (id: -1 rack: null) disconnected
2025-06-23T17:36:40.251-06:00  WARN 25632 --- [proyecto-access-1] [tainer#20-0-C-1] org.apache.kafka.clients.NetworkClient   : [Consumer clientId=consumer-materia-service-group-15, groupId=materia-service-group] Bootstrap broker localhost:9092 (id: -1 rack: null) disconnected
2025-06-23T17:36:40.267-06:00  INFO 25632 --- [proyecto-access-1] [ntainer#1-0-C-1] org.apache.kafka.clients.NetworkClient   : [Consumer clientId=consumer-materia-service-group-16, groupId=materia-service-group] Node -1 disconnected.
2025-06-23T17:36:40.267-06:00  INFO 25632 --- [proyecto-access-1] [tainer#26-0-C-1] org.apache.kafka.clients.NetworkClient   : [Consumer clientId=consumer-materia-service-group-18, groupId=materia-service-group] Node -1 disconnected.
2025-06-23T17:36:40.267-06:00  WARN 25632 --- [proyecto-access-1] [ntainer#1-0-C-1] org.apache.kafka.clients.NetworkClient   : [Consumer clientId=consumer-materia-service-group-16, groupId=materia-service-group] Connection to node -1 (localhost/127.0.0.1:9092) could not be established. Node may not be available.
2025-06-23T17:36:40.267-06:00  WARN 25632 --- [proyecto-access-1] [ntainer#1-0-C-1] org.apache.kafka.clients.NetworkClient   : [Consumer clientId=consumer-materia-service-group-16, groupId=materia-service-group] Bootstrap broker localhost:9092 (id: -1 rack: null) disconnected
2025-06-23T17:36:40.267-06:00  INFO 25632 --- [proyecto-access-1] [ntainer#9-0-C-1] org.apache.kafka.clients.NetworkClient   : [Consumer clientId=consumer-materia-service-group-4, groupId=materia-service-group] Node -1 disconnected.
2025-06-23T17:36:40.267-06:00  WARN 25632 --- [proyecto-access-1] [ntainer#9-0-C-1] org.apache.kafka.clients.NetworkClient   : [Consumer clientId=consumer-materia-service-group-4, groupId=materia-service-group] Connection to node -1 (localhost/127.0.0.1:9092) could not be established. Node may not be available.
2025-06-23T17:36:40.267-06:00  WARN 25632 --- [proyecto-access-1] [ntainer#9-0-C-1] org.apache.kafka.clients.NetworkClient   : [Consumer clientId=consumer-materia-service-group-4, groupId=materia-service-group] Bootstrap broker localhost:9092 (id: -1 rack: null) disconnected
2025-06-23T17:36:40.267-06:00  WARN 25632 --- [proyecto-access-1] [tainer#26-0-C-1] org.apache.kafka.clients.NetworkClient   : [Consumer clientId=consumer-materia-service-group-18, groupId=materia-service-group] Connection to node -1 (localhost/127.0.0.1:9092) could not be established. Node may not be available.
2025-06-23T17:36:40.267-06:00  WARN 25632 --- [proyecto-access-1] [tainer#26-0-C-1] org.apache.kafka.clients.NetworkClient   : [Consumer clientId=consumer-materia-service-group-18, groupId=materia-service-group] Bootstrap broker localhost:9092 (id: -1 rack: null) disconnected
2025-06-23T17:36:40.281-06:00  INFO 25632 --- [proyecto-access-1] [tainer#14-0-C-1] org.apache.kafka.clients.NetworkClient   : [Consumer clientId=consumer-materia-service-group-32, groupId=materia-service-group] Node -1 disconnected.
2025-06-23T17:36:40.281-06:00  INFO 25632 --- [proyecto-access-1] [tainer#28-0-C-1] org.apache.kafka.clients.NetworkClient   : [Consumer clientId=consumer-materia-service-group-10, groupId=materia-service-group] Node -1 disconnected.
2025-06-23T17:36:40.282-06:00  WARN 25632 --- [proyecto-access-1] [tainer#14-0-C-1] org.apache.kafka.clients.NetworkClient   : [Consumer clientId=consumer-materia-service-group-32, groupId=materia-service-group] Connection to node -1 (localhost/127.0.0.1:9092) could not be established. Node may not be available.
2025-06-23T17:36:40.282-06:00  WARN 25632 --- [proyecto-access-1] [tainer#28-0-C-1] org.apache.kafka.clients.NetworkClient   : [Consumer clientId=consumer-materia-service-group-10, groupId=materia-service-group] Connection to node -1 (localhost/127.0.0.1:9092) could not be established. Node may not be available.
2025-06-23T17:36:40.282-06:00  WARN 25632 --- [proyecto-access-1] [tainer#14-0-C-1] org.apache.kafka.clients.NetworkClient   : [Consumer clientId=consumer-materia-service-group-32, groupId=materia-service-group] Bootstrap broker localhost:9092 (id: -1 rack: null) disconnected
2025-06-23T17:36:40.282-06:00  WARN 25632 --- [proyecto-access-1] [tainer#28-0-C-1] org.apache.kafka.clients.NetworkClient   : [Consumer clientId=consumer-materia-service-group-10, groupId=materia-service-group] Bootstrap broker localhost:9092 (id: -1 rack: null) disconnected
2025-06-23T17:36:40.296-06:00  INFO 25632 --- [proyecto-access-1] [tainer#15-0-C-1] org.apache.kafka.clients.NetworkClient   : [Consumer clientId=consumer-materia-service-group-29, groupId=materia-service-group] Node -1 disconnected.
2025-06-23T17:36:40.296-06:00  INFO 25632 --- [proyecto-access-1] [tainer#18-0-C-1] org.apache.kafka.clients.NetworkClient   : [Consumer clientId=consumer-materia-service-group-24, groupId=materia-service-group] Node -1 disconnected.
2025-06-23T17:36:40.296-06:00  WARN 25632 --- [proyecto-access-1] [tainer#15-0-C-1] org.apache.kafka.clients.NetworkClient   : [Consumer clientId=consumer-materia-service-group-29, groupId=materia-service-group] Connection to node -1 (localhost/127.0.0.1:9092) could not be established. Node may not be available.
2025-06-23T17:36:40.296-06:00  INFO 25632 --- [proyecto-access-1] [tainer#17-0-C-1] org.apache.kafka.clients.NetworkClient   : [Consumer clientId=consumer-materia-service-group-23, groupId=materia-service-group] Node -1 disconnected.
2025-06-23T17:36:40.296-06:00  WARN 25632 --- [proyecto-access-1] [tainer#15-0-C-1] org.apache.kafka.clients.NetworkClient   : [Consumer clientId=consumer-materia-service-group-29, groupId=materia-service-group] Bootstrap broker localhost:9092 (id: -1 rack: null) disconnected
2025-06-23T17:36:40.296-06:00  INFO 25632 --- [proyecto-access-1] [ntainer#0-0-C-1] org.apache.kafka.clients.NetworkClient   : [Consumer clientId=consumer-materia-service-group-14, groupId=materia-service-group] Node -1 disconnected.
2025-06-23T17:36:40.296-06:00  WARN 25632 --- [proyecto-access-1] [tainer#18-0-C-1] org.apache.kafka.clients.NetworkClient   : [Consumer clientId=consumer-materia-service-group-24, groupId=materia-service-group] Connection to node -1 (localhost/127.0.0.1:9092) could not be established. Node may not be available.
2025-06-23T17:36:40.296-06:00  INFO 25632 --- [proyecto-access-1] [tainer#10-0-C-1] org.apache.kafka.clients.NetworkClient   : [Consumer clientId=consumer-materia-service-group-28, groupId=materia-service-group] Node -1 disconnected.
2025-06-23T17:36:40.296-06:00  INFO 25632 --- [proyecto-access-1] [ntainer#2-0-C-1] org.apache.kafka.clients.NetworkClient   : [Consumer clientId=consumer-materia-service-group-5, groupId=materia-service-group] Node -1 disconnected.
2025-06-23T17:36:40.296-06:00  WARN 25632 --- [proyecto-access-1] [tainer#18-0-C-1] org.apache.kafka.clients.NetworkClient   : [Consumer clientId=consumer-materia-service-group-24, groupId=materia-service-group] Bootstrap broker localhost:9092 (id: -1 rack: null) disconnected
2025-06-23T17:36:40.296-06:00  WARN 25632 --- [proyecto-access-1] [tainer#17-0-C-1] org.apache.kafka.clients.NetworkClient   : [Consumer clientId=consumer-materia-service-group-23, groupId=materia-service-group] Connection to node -1 (localhost/127.0.0.1:9092) could not be established. Node may not be available.
2025-06-23T17:36:40.296-06:00  WARN 25632 --- [proyecto-access-1] [ntainer#0-0-C-1] org.apache.kafka.clients.NetworkClient   : [Consumer clientId=consumer-materia-service-group-14, groupId=materia-service-group] Connection to node -1 (localhost/127.0.0.1:9092) could not be established. Node may not be available.
2025-06-23T17:36:40.296-06:00  WARN 25632 --- [proyecto-access-1] [tainer#17-0-C-1] org.apache.kafka.clients.NetworkClient   : [Consumer clientId=consumer-materia-service-group-23, groupId=materia-service-group] Bootstrap broker localhost:9092 (id: -1 rack: null) disconnected
2025-06-23T17:36:40.296-06:00  WARN 25632 --- [proyecto-access-1] [ntainer#0-0-C-1] org.apache.kafka.clients.NetworkClient   : [Consumer clientId=consumer-materia-service-group-14, groupId=materia-service-group] Bootstrap broker localhost:9092 (id: -1 rack: null) disconnected
2025-06-23T17:36:40.296-06:00  WARN 25632 --- [proyecto-access-1] [tainer#10-0-C-1] org.apache.kafka.clients.NetworkClient   : [Consumer clientId=consumer-materia-service-group-28, groupId=materia-service-group] Connection to node -1 (localhost/127.0.0.1:9092) could not be established. Node may not be available.
2025-06-23T17:36:40.296-06:00  WARN 25632 --- [proyecto-access-1] [tainer#10-0-C-1] org.apache.kafka.clients.NetworkClient   : [Consumer clientId=consumer-materia-service-group-28, groupId=materia-service-group] Bootstrap broker localhost:9092 (id: -1 rack: null) disconnected
2025-06-23T17:36:40.296-06:00  WARN 25632 --- [proyecto-access-1] [ntainer#2-0-C-1] org.apache.kafka.clients.NetworkClient   : [Consumer clientId=consumer-materia-service-group-5, groupId=materia-service-group] Connection to node -1 (localhost/127.0.0.1:9092) could not be established. Node may not be available.
2025-06-23T17:36:40.296-06:00  WARN 25632 --- [proyecto-access-1] [ntainer#2-0-C-1] org.apache.kafka.clients.NetworkClient   : [Consumer clientId=consumer-materia-service-group-5, groupId=materia-service-group] Bootstrap broker localhost:9092 (id: -1 rack: null) disconnected
2025-06-23T17:36:40.312-06:00  INFO 25632 --- [proyecto-access-1] [tainer#30-0-C-1] org.apache.kafka.clients.NetworkClient   : [Consumer clientId=consumer-materia-service-group-7, groupId=materia-service-group] Node -1 disconnected.
2025-06-23T17:36:40.312-06:00  INFO 25632 --- [proyecto-access-1] [tainer#29-0-C-1] org.apache.kafka.clients.NetworkClient   : [Consumer clientId=consumer-materia-service-group-11, groupId=materia-service-group] Node -1 disconnected.
2025-06-23T17:36:40.312-06:00  INFO 25632 --- [proyecto-access-1] [ntainer#8-0-C-1] org.apache.kafka.clients.NetworkClient   : [Consumer clientId=consumer-materia-service-group-3, groupId=materia-service-group] Node -1 disconnected.
2025-06-23T17:36:40.312-06:00  INFO 25632 --- [proyecto-access-1] [tainer#12-0-C-1] org.apache.kafka.clients.NetworkClient   : [Consumer clientId=consumer-materia-service-group-26, groupId=materia-service-group] Node -1 disconnected.
2025-06-23T17:36:40.312-06:00  INFO 25632 --- [proyecto-access-1] [tainer#11-0-C-1] org.apache.kafka.clients.NetworkClient   : [Consumer clientId=consumer-materia-service-group-25, groupId=materia-service-group] Node -1 disconnected.
2025-06-23T17:36:40.312-06:00  INFO 25632 --- [proyecto-access-1] [tainer#24-0-C-1] org.apache.kafka.clients.NetworkClient   : [Consumer clientId=consumer-materia-service-group-20, groupId=materia-service-group] Node -1 disconnected.
2025-06-23T17:36:40.313-06:00  WARN 25632 --- [proyecto-access-1] [tainer#12-0-C-1] org.apache.kafka.clients.NetworkClient   : [Consumer clientId=consumer-materia-service-group-26, groupId=materia-service-group] Connection to node -1 (localhost/127.0.0.1:9092) could not be established. Node may not be available.
2025-06-23T17:36:40.313-06:00  WARN 25632 --- [proyecto-access-1] [tainer#30-0-C-1] org.apache.kafka.clients.NetworkClient   : [Consumer clientId=consumer-materia-service-group-7, groupId=materia-service-group] Connection to node -1 (localhost/127.0.0.1:9092) could not be established. Node may not be available.
2025-06-23T17:36:40.313-06:00  WARN 25632 --- [proyecto-access-1] [tainer#12-0-C-1] org.apache.kafka.clients.NetworkClient   : [Consumer clientId=consumer-materia-service-group-26, groupId=materia-service-group] Bootstrap broker localhost:9092 (id: -1 rack: null) disconnected
2025-06-23T17:36:40.313-06:00  WARN 25632 --- [proyecto-access-1] [tainer#29-0-C-1] org.apache.kafka.clients.NetworkClient   : [Consumer clientId=consumer-materia-service-group-11, groupId=materia-service-group] Connection to node -1 (localhost/127.0.0.1:9092) could not be established. Node may not be available.
2025-06-23T17:36:40.313-06:00  WARN 25632 --- [proyecto-access-1] [tainer#30-0-C-1] org.apache.kafka.clients.NetworkClient   : [Consumer clientId=consumer-materia-service-group-7, groupId=materia-service-group] Bootstrap broker localhost:9092 (id: -1 rack: null) disconnected
2025-06-23T17:36:40.313-06:00  WARN 25632 --- [proyecto-access-1] [tainer#29-0-C-1] org.apache.kafka.clients.NetworkClient   : [Consumer clientId=consumer-materia-service-group-11, groupId=materia-service-group] Bootstrap broker localhost:9092 (id: -1 rack: null) disconnected
2025-06-23T17:36:40.313-06:00  WARN 25632 --- [proyecto-access-1] [ntainer#8-0-C-1] org.apache.kafka.clients.NetworkClient   : [Consumer clientId=consumer-materia-service-group-3, groupId=materia-service-group] Connection to node -1 (localhost/127.0.0.1:9092) could not be established. Node may not be available.
2025-06-23T17:36:40.313-06:00  WARN 25632 --- [proyecto-access-1] [tainer#11-0-C-1] org.apache.kafka.clients.NetworkClient   : [Consumer clientId=consumer-materia-service-group-25, groupId=materia-service-group] Connection to node -1 (localhost/127.0.0.1:9092) could not be established. Node may not be available.
2025-06-23T17:36:40.313-06:00  WARN 25632 --- [proyecto-access-1] [ntainer#8-0-C-1] org.apache.kafka.clients.NetworkClient   : [Consumer clientId=consumer-materia-service-group-3, groupId=materia-service-group] Bootstrap broker localhost:9092 (id: -1 rack: null) disconnected
2025-06-23T17:36:40.313-06:00  WARN 25632 --- [proyecto-access-1] [tainer#24-0-C-1] org.apache.kafka.clients.NetworkClient   : [Consumer clientId=consumer-materia-service-group-20, groupId=materia-service-group] Connection to node -1 (localhost/127.0.0.1:9092) could not be established. Node may not be available.
2025-06-23T17:36:40.313-06:00  WARN 25632 --- [proyecto-access-1] [tainer#11-0-C-1] org.apache.kafka.clients.NetworkClient   : [Consumer clientId=consumer-materia-service-group-25, groupId=materia-service-group] Bootstrap broker localhost:9092 (id: -1 rack: null) disconnected
2025-06-23T17:36:40.313-06:00  WARN 25632 --- [proyecto-access-1] [tainer#24-0-C-1] org.apache.kafka.clients.NetworkClient   : [Consumer clientId=consumer-materia-service-group-20, groupId=materia-service-group] Bootstrap broker localhost:9092 (id: -1 rack: null) disconnected
2025-06-23T17:36:40.328-06:00  INFO 25632 --- [proyecto-access-1] [tainer#27-0-C-1] org.apache.kafka.clients.NetworkClient   : [Consumer clientId=consumer-materia-service-group-19, groupId=materia-service-group] Node -1 disconnected.
2025-06-23T17:36:40.328-06:00  INFO 25632 --- [proyecto-access-1] [tainer#25-0-C-1] org.apache.kafka.clients.NetworkClient   : [Consumer clientId=consumer-materia-service-group-21, groupId=materia-service-group] Node -1 disconnected.
2025-06-23T17:36:40.329-06:00  WARN 25632 --- [proyecto-access-1] [tainer#27-0-C-1] org.apache.kafka.clients.NetworkClient   : [Consumer clientId=consumer-materia-service-group-19, groupId=materia-service-group] Connection to node -1 (localhost/127.0.0.1:9092) could not be established. Node may not be available.
2025-06-23T17:36:40.328-06:00  INFO 25632 --- [proyecto-access-1] [ntainer#7-0-C-1] org.apache.kafka.clients.NetworkClient   : [Consumer clientId=consumer-materia-service-group-2, groupId=materia-service-group] Node -1 disconnected.
2025-06-23T17:36:40.328-06:00  INFO 25632 --- [proyecto-access-1] [tainer#19-0-C-1] org.apache.kafka.clients.NetworkClient   : [Consumer clientId=consumer-materia-service-group-22, groupId=materia-service-group] Node -1 disconnected.
2025-06-23T17:36:40.329-06:00  WARN 25632 --- [proyecto-access-1] [ntainer#7-0-C-1] org.apache.kafka.clients.NetworkClient   : [Consumer clientId=consumer-materia-service-group-2, groupId=materia-service-group] Connection to node -1 (localhost/127.0.0.1:9092) could not be established. Node may not be available.
2025-06-23T17:36:40.329-06:00  WARN 25632 --- [proyecto-access-1] [tainer#25-0-C-1] org.apache.kafka.clients.NetworkClient   : [Consumer clientId=consumer-materia-service-group-21, groupId=materia-service-group] Connection to node -1 (localhost/127.0.0.1:9092) could not be established. Node may not be available.
2025-06-23T17:36:40.329-06:00  WARN 25632 --- [proyecto-access-1] [tainer#27-0-C-1] org.apache.kafka.clients.NetworkClient   : [Consumer clientId=consumer-materia-service-group-19, groupId=materia-service-group] Bootstrap broker localhost:9092 (id: -1 rack: null) disconnected
2025-06-23T17:36:40.329-06:00  WARN 25632 --- [proyecto-access-1] [ntainer#7-0-C-1] org.apache.kafka.clients.NetworkClient   : [Consumer clientId=consumer-materia-service-group-2, groupId=materia-service-group] Bootstrap broker localhost:9092 (id: -1 rack: null) disconnected
2025-06-23T17:36:40.329-06:00  WARN 25632 --- [proyecto-access-1] [tainer#19-0-C-1] org.apache.kafka.clients.NetworkClient   : [Consumer clientId=consumer-materia-service-group-22, groupId=materia-service-group] Connection to node -1 (localhost/127.0.0.1:9092) could not be established. Node may not be available.
2025-06-23T17:36:40.329-06:00  WARN 25632 --- [proyecto-access-1] [tainer#25-0-C-1] org.apache.kafka.clients.NetworkClient   : [Consumer clientId=consumer-materia-service-group-21, groupId=materia-service-group] Bootstrap broker localhost:9092 (id: -1 rack: null) disconnected
2025-06-23T17:36:40.329-06:00  WARN 25632 --- [proyecto-access-1] [tainer#19-0-C-1] org.apache.kafka.clients.NetworkClient   : [Consumer clientId=consumer-materia-service-group-22, groupId=materia-service-group] Bootstrap broker localhost:9092 (id: -1 rack: null) disconnected
2025-06-23T17:36:40.344-06:00  INFO 25632 --- [proyecto-access-1] [ntainer#5-0-C-1] org.apache.kafka.clients.NetworkClient   : [Consumer clientId=consumer-materia-service-group-9, groupId=materia-service-group] Node -1 disconnected.
2025-06-23T17:36:40.345-06:00  WARN 25632 --- [proyecto-access-1] [ntainer#5-0-C-1] org.apache.kafka.clients.NetworkClient   : [Consumer clientId=consumer-materia-service-group-9, groupId=materia-service-group] Connection to node -1 (localhost/127.0.0.1:9092) could not be established. Node may not be available.
2025-06-23T17:36:40.345-06:00  WARN 25632 --- [proyecto-access-1] [ntainer#5-0-C-1] org.apache.kafka.clients.NetworkClient   : [Consumer clientId=consumer-materia-service-group-9, groupId=materia-service-group] Bootstrap broker localhost:9092 (id: -1 rack: null) disconnected
2025-06-23T17:36:40.360-06:00  INFO 25632 --- [proyecto-access-1] [ntainer#6-0-C-1] org.apache.kafka.clients.NetworkClient   : [Consumer clientId=consumer-materia-service-group-1, groupId=materia-service-group] Node -1 disconnected.
2025-06-23T17:36:40.360-06:00  WARN 25632 --- [proyecto-access-1] [ntainer#6-0-C-1] org.apache.kafka.clients.NetworkClient   : [Consumer clientId=consumer-materia-service-group-1, groupId=materia-service-group] Connection to node -1 (localhost/127.0.0.1:9092) could not be established. Node may not be available.
2025-06-23T17:36:40.360-06:00  WARN 25632 --- [proyecto-access-1] [ntainer#6-0-C-1] org.apache.kafka.clients.NetworkClient   : [Consumer clientId=consumer-materia-service-group-1, groupId=materia-service-group] Bootstrap broker localhost:9092 (id: -1 rack: null) disconnected
2025-06-23T17:36:40.376-06:00  INFO 25632 --- [proyecto-access-1] [tainer#13-0-C-1] org.apache.kafka.clients.NetworkClient   : [Consumer clientId=consumer-materia-service-group-31, groupId=materia-service-group] Node -1 disconnected.
2025-06-23T17:36:40.375-06:00  INFO 25632 --- [proyecto-access-1] [tainer#21-0-C-1] org.apache.kafka.clients.NetworkClient   : [Consumer clientId=consumer-materia-service-group-17, groupId=materia-service-group] Node -1 disconnected.
2025-06-23T17:36:40.376-06:00  WARN 25632 --- [proyecto-access-1] [tainer#21-0-C-1] org.apache.kafka.clients.NetworkClient   : [Consumer clientId=consumer-materia-service-group-17, groupId=materia-service-group] Connection to node -1 (localhost/127.0.0.1:9092) could not be established. Node may not be available.
2025-06-23T17:36:40.376-06:00  WARN 25632 --- [proyecto-access-1] [tainer#13-0-C-1] org.apache.kafka.clients.NetworkClient   : [Consumer clientId=consumer-materia-service-group-31, groupId=materia-service-group] Connection to node -1 (localhost/127.0.0.1:9092) could not be established. Node may not be available.
2025-06-23T17:36:40.376-06:00  WARN 25632 --- [proyecto-access-1] [tainer#21-0-C-1] org.apache.kafka.clients.NetworkClient   : [Consumer clientId=consumer-materia-service-group-17, groupId=materia-service-group] Bootstrap broker localhost:9092 (id: -1 rack: null) disconnected
2025-06-23T17:36:40.376-06:00  WARN 25632 --- [proyecto-access-1] [tainer#13-0-C-1] org.apache.kafka.clients.NetworkClient   : [Consumer clientId=consumer-materia-service-group-31, groupId=materia-service-group] Bootstrap broker localhost:9092 (id: -1 rack: null) disconnected
]]></system-out>
    <system-err><![CDATA[WARNING: Unknown driver property functionsHsqldb with value false
Mockito is currently self-attaching to enable the inline-mock-maker. This will no longer work in future releases of the JDK. Please add Mockito as an agent to your build what is described in Mockito's documentation: https://javadoc.io/doc/org.mockito/mockito-core/latest/org/mockito/Mockito.html#0.3
WARNING: A Java agent has been loaded dynamically (C:\Users\Tadeo\.m2\repository\net\bytebuddy\byte-buddy-agent\1.15.11\byte-buddy-agent-1.15.11.jar)
WARNING: If a serviceability tool is in use, please run with -XX:+EnableDynamicAgentLoading to hide this warning
WARNING: If a serviceability tool is not in use, please run with -Djdk.instrument.traceUsage for more information
WARNING: Dynamic loading of agents will be disallowed by default in a future release
]]></system-err>
  </testcase>
</testsuite>